dss/dss_print.c: In function 'opal_dss_print_byte':
dss/dss_print.c:51: warning: ignoring return value of 'asprintf', declared with attribute warn_unused_result
dss/dss_print.c:56: warning: ignoring return value of 'asprintf', declared with attribute warn_unused_result
dss/dss_print.c:60: warning: ignoring return value of 'asprintf', declared with attribute warn_unused_result
dss/dss_print.c: In function 'opal_dss_print_string':
dss/dss_print.c:70: warning: ignoring return value of 'asprintf', declared with attribute warn_unused_result
dss/dss_print.c:75: warning: ignoring return value of 'asprintf', declared with attribute warn_unused_result
dss/dss_print.c:79: warning: ignoring return value of 'asprintf', declared with attribute warn_unused_result
dss/dss_print.c: In function 'opal_dss_print_size':
dss/dss_print.c:89: warning: ignoring return value of 'asprintf', declared with attribute warn_unused_result
dss/dss_print.c:94: warning: ignoring return value of 'asprintf', declared with attribute warn_unused_result
dss/dss_print.c:98: warning: ignoring return value of 'asprintf', declared with attribute warn_unused_result
dss/dss_print.c: In function 'opal_dss_print_pid':
dss/dss_print.c:108: warning: ignoring return value of 'asprintf', declared with attribute warn_unused_result
dss/dss_print.c:113: warning: ignoring return value of 'asprintf', declared with attribute warn_unused_result
dss/dss_print.c:117: warning: ignoring return value of 'asprintf', declared with attribute warn_unused_result
dss/dss_print.c: In function 'opal_dss_print_bool':
dss/dss_print.c:127: warning: ignoring return value of 'asprintf', declared with attribute warn_unused_result
dss/dss_print.c:132: warning: ignoring return value of 'asprintf', declared with attribute warn_unused_result
dss/dss_print.c:136: warning: ignoring return value of 'asprintf', declared with attribute warn_unused_result
dss/dss_print.c: In function 'opal_dss_print_int':
dss/dss_print.c:146: warning: ignoring return value of 'asprintf', declared with attribute warn_unused_result
dss/dss_print.c:151: warning: ignoring return value of 'asprintf', declared with attribute warn_unused_result
dss/dss_print.c:155: warning: ignoring return value of 'asprintf', declared with attribute warn_unused_result
dss/dss_print.c: In function 'opal_dss_print_uint':
dss/dss_print.c:165: warning: ignoring return value of 'asprintf', declared with attribute warn_unused_result
dss/dss_print.c:170: warning: ignoring return value of 'asprintf', declared with attribute warn_unused_result
dss/dss_print.c:174: warning: ignoring return value of 'asprintf', declared with attribute warn_unused_result
dss/dss_print.c: In function 'opal_dss_print_uint8':
dss/dss_print.c:184: warning: ignoring return value of 'asprintf', declared with attribute warn_unused_result
dss/dss_print.c:189: warning: ignoring return value of 'asprintf', declared with attribute warn_unused_result
dss/dss_print.c:193: warning: ignoring return value of 'asprintf', declared with attribute warn_unused_result
dss/dss_print.c: In function 'opal_dss_print_uint16':
dss/dss_print.c:203: warning: ignoring return value of 'asprintf', declared with attribute warn_unused_result
dss/dss_print.c:208: warning: ignoring return value of 'asprintf', declared with attribute warn_unused_result
dss/dss_print.c:212: warning: ignoring return value of 'asprintf', declared with attribute warn_unused_result
dss/dss_print.c: In function 'opal_dss_print_uint32':
dss/dss_print.c:222: warning: ignoring return value of 'asprintf', declared with attribute warn_unused_result
dss/dss_print.c:227: warning: ignoring return value of 'asprintf', declared with attribute warn_unused_result
dss/dss_print.c:231: warning: ignoring return value of 'asprintf', declared with attribute warn_unused_result
dss/dss_print.c: In function 'opal_dss_print_int8':
dss/dss_print.c:241: warning: ignoring return value of 'asprintf', declared with attribute warn_unused_result
dss/dss_print.c:246: warning: ignoring return value of 'asprintf', declared with attribute warn_unused_result
dss/dss_print.c:250: warning: ignoring return value of 'asprintf', declared with attribute warn_unused_result
dss/dss_print.c: In function 'opal_dss_print_int16':
dss/dss_print.c:260: warning: ignoring return value of 'asprintf', declared with attribute warn_unused_result
dss/dss_print.c:265: warning: ignoring return value of 'asprintf', declared with attribute warn_unused_result
dss/dss_print.c:269: warning: ignoring return value of 'asprintf', declared with attribute warn_unused_result
dss/dss_print.c: In function 'opal_dss_print_int32':
dss/dss_print.c:279: warning: ignoring return value of 'asprintf', declared with attribute warn_unused_result
dss/dss_print.c:284: warning: ignoring return value of 'asprintf', declared with attribute warn_unused_result
dss/dss_print.c:288: warning: ignoring return value of 'asprintf', declared with attribute warn_unused_result
dss/dss_print.c: In function 'opal_dss_print_uint64':
dss/dss_print.c:303: warning: ignoring return value of 'asprintf', declared with attribute warn_unused_result
dss/dss_print.c:308: warning: ignoring return value of 'asprintf', declared with attribute warn_unused_result
dss/dss_print.c:313: warning: ignoring return value of 'asprintf', declared with attribute warn_unused_result
dss/dss_print.c: In function 'opal_dss_print_int64':
dss/dss_print.c:332: warning: ignoring return value of 'asprintf', declared with attribute warn_unused_result
dss/dss_print.c:337: warning: ignoring return value of 'asprintf', declared with attribute warn_unused_result
dss/dss_print.c:342: warning: ignoring return value of 'asprintf', declared with attribute warn_unused_result
dss/dss_print.c: In function 'opal_dss_print_null':
dss/dss_print.c:355: warning: ignoring return value of 'asprintf', declared with attribute warn_unused_result
dss/dss_print.c:360: warning: ignoring return value of 'asprintf', declared with attribute warn_unused_result
dss/dss_print.c:364: warning: ignoring return value of 'asprintf', declared with attribute warn_unused_result
dss/dss_print.c: In function 'opal_dss_print_data_type':
dss/dss_print.c:380: warning: ignoring return value of 'asprintf', declared with attribute warn_unused_result
dss/dss_print.c:385: warning: ignoring return value of 'asprintf', declared with attribute warn_unused_result
dss/dss_print.c:389: warning: ignoring return value of 'asprintf', declared with attribute warn_unused_result
dss/dss_print.c: In function 'opal_dss_print_data_value':
dss/dss_print.c:404: warning: ignoring return value of 'asprintf', declared with attribute warn_unused_result
dss/dss_print.c:406: warning: ignoring return value of 'asprintf', declared with attribute warn_unused_result
dss/dss_print.c:412: warning: ignoring return value of 'asprintf', declared with attribute warn_unused_result
dss/dss_print.c:413: warning: ignoring return value of 'asprintf', declared with attribute warn_unused_result
dss/dss_print.c:415: warning: ignoring return value of 'asprintf', declared with attribute warn_unused_result
dss/dss_print.c:416: warning: ignoring return value of 'asprintf', declared with attribute warn_unused_result
dss/dss_print.c:421: warning: ignoring return value of 'asprintf', declared with attribute warn_unused_result
dss/dss_print.c:430: warning: ignoring return value of 'asprintf', declared with attribute warn_unused_result
dss/dss_print.c:433: warning: ignoring return value of 'asprintf', declared with attribute warn_unused_result
dss/dss_print.c: In function 'opal_dss_print_byte_object':
dss/dss_print.c:449: warning: ignoring return value of 'asprintf', declared with attribute warn_unused_result
dss/dss_print.c:454: warning: ignoring return value of 'asprintf', declared with attribute warn_unused_result
dss/dss_print.c:458: warning: ignoring return value of 'asprintf', declared with attribute warn_unused_result
