dtestx.c: In function 'do_fetch_add':
dtestx.c:1211: warning: dereferencing pointer 'ext_event' does break strict-aliasing rules
dtestx.c:1210: warning: dereferencing pointer 'ext_event' does break strict-aliasing rules
dtestx.c:1168: warning: dereferencing pointer 'ext_event' does break strict-aliasing rules
dtestx.c:1167: warning: dereferencing pointer 'ext_event' does break strict-aliasing rules
dtestx.c:1122: note: initialized from here
dtestx.c: In function 'do_cmp_swap':
dtestx.c:1076: warning: dereferencing pointer 'ext_event' does break strict-aliasing rules
dtestx.c:1075: warning: dereferencing pointer 'ext_event' does break strict-aliasing rules
dtestx.c:1025: note: initialized from here
dtestx.c: In function 'do_immediate':
dtestx.c:987: warning: dereferencing pointer 'ext_event' does break strict-aliasing rules
dtestx.c:984: warning: dereferencing pointer 'ext_event' does break strict-aliasing rules
dtestx.c:971: warning: dereferencing pointer 'ext_event' does break strict-aliasing rules
dtestx.c:962: warning: dereferencing pointer 'ext_event' does break strict-aliasing rules
dtestx.c:946: warning: dereferencing pointer 'ext_event' does break strict-aliasing rules
dtestx.c:943: warning: dereferencing pointer 'ext_event' does break strict-aliasing rules
dtestx.c:930: warning: dereferencing pointer 'ext_event' does break strict-aliasing rules
dtestx.c:921: warning: dereferencing pointer 'ext_event' does break strict-aliasing rules
dtestx.c:877: note: initialized from here
dtestx.c: In function 'process_conn':
dtestx.c:417: warning: dereferencing pointer 'ext_event' does break strict-aliasing rules
dtestx.c:416: warning: dereferencing pointer 'ext_event' does break strict-aliasing rules
dtestx.c:407: warning: dereferencing pointer 'ext_event' does break strict-aliasing rules
dtestx.c:408: warning: dereferencing pointer 'ext_event' does break strict-aliasing rules
dtestx.c:361: note: initialized from here
dtestx.c:409: warning: dereferencing pointer '({anonymous})' does break strict-aliasing rules
dtestx.c:412: note: initialized from here
dtestx.c: In function 'send_msg':
dtestx.c:263: warning: dereferencing pointer '({anonymous})' does break strict-aliasing rules
dtestx.c:268: note: initialized from here
