In file included from cm_user.h:19,
                 from cm.c:18:
nfr.h: In function 'nfr_try_to_release_rndv_start':
nfr.h:350: warning: left-hand operand of comma expression has no effect
nfr.h:351: warning: left-hand operand of comma expression has no effect
nfr.h:351: warning: value computed is not used
nfr.h:351: warning: value computed is not used
nfr.h:351: warning: value computed is not used
nfr.h:351: warning: value computed is not used
nfr.h:350: warning: value computed is not used
In file included from cm_user.h:19,
                 from cm.c:18:
nfr.h:353: warning: left-hand operand of comma expression has no effect
nfr.h:353: warning: left-hand operand of comma expression has no effect
nfr.h:353: warning: statement with no effect
nfr.h:357: warning: left-hand operand of comma expression has no effect
nfr.h:357: warning: statement with no effect
nfr.h:360: warning: left-hand operand of comma expression has no effect
nfr.h:360: warning: statement with no effect
In file included from cm_user.h:19,
                 from cm.c:18:
nfr.h: In function 'nfr_add_to_list':
nfr.h:407: warning: left-hand operand of comma expression has no effect
nfr.h:408: warning: left-hand operand of comma expression has no effect
nfr.h:408: warning: value computed is not used
nfr.h:408: warning: value computed is not used
nfr.h:408: warning: value computed is not used
nfr.h:407: warning: value computed is not used
In file included from cm_user.h:19,
                 from cm.c:18:
nfr.h:410: warning: left-hand operand of comma expression has no effect
nfr.h:411: warning: left-hand operand of comma expression has no effect
nfr.h:410: warning: statement with no effect
nfr.h: In function 'nfr_release_acked':
nfr.h:423: warning: left-hand operand of comma expression has no effect
nfr.h:424: warning: left-hand operand of comma expression has no effect
nfr.h:424: warning: left-hand operand of comma expression has no effect
nfr.h:423: warning: statement with no effect
In file included from cm_user.h:19,
                 from cm.c:18:
nfr.h:448: warning: left-hand operand of comma expression has no effect
nfr.h:449: warning: left-hand operand of comma expression has no effect
nfr.h:449: warning: value computed is not used
nfr.h:449: warning: value computed is not used
nfr.h:449: warning: value computed is not used
nfr.h:448: warning: value computed is not used
In file included from cm.c:18:
cm_user.h: In function 'odu_test_new_connection':
cm_user.h:35: warning: left-hand operand of comma expression has no effect
cm_user.h:35: warning: statement with no effect
cm_user.h:43: warning: left-hand operand of comma expression has no effect
cm_user.h:43: warning: left-hand operand of comma expression has no effect
cm_user.h:44: warning: left-hand operand of comma expression has no effect
cm_user.h:44: warning: left-hand operand of comma expression has no effect
cm_user.h:45: warning: left-hand operand of comma expression has no effect
cm_user.h:45: warning: value computed is not used
cm_user.h:43: warning: value computed is not used
cm_user.h:49: warning: left-hand operand of comma expression has no effect
cm_user.h:49: warning: left-hand operand of comma expression has no effect
cm_user.h:50: warning: left-hand operand of comma expression has no effect
cm_user.h:50: warning: left-hand operand of comma expression has no effect
cm_user.h:51: warning: value computed is not used
cm_user.h:49: warning: value computed is not used
cm_user.h:55: warning: left-hand operand of comma expression has no effect
cm_user.h:55: warning: statement with no effect
cm.c: In function 'cm_enable_qp_init_to_rts':
cm.c:389: warning: implicit declaration of function 'reload_alternate_path'
cm.c: In function 'cm_handle_msg':
cm.c:912: warning: unused variable 'pending'
cm.c: In function 'MPICM_Init_UD':
cm.c:1365: warning: suggest parentheses around assignment used as truth value
cm.c: In function 'MPICM_Finalize_UD':
cm.c:1444: warning: unused variable 'wc'
cm.c: In function 'cm_nfr_update_udqp':
cm.c:855: warning: control reaches end of non-void function
cm.c: In function 'MPICM_Init_lock':
cm.c:110: warning: control reaches end of non-void function
