In file included from cm_user.h:19,
                 from nfr.c:19:
nfr.h: In function 'nfr_try_to_release_rndv_start':
nfr.h:350: warning: left-hand operand of comma expression has no effect
nfr.h:351: warning: left-hand operand of comma expression has no effect
nfr.h:351: warning: value computed is not used
nfr.h:351: warning: value computed is not used
nfr.h:351: warning: value computed is not used
nfr.h:351: warning: value computed is not used
nfr.h:350: warning: value computed is not used
In file included from cm_user.h:19,
                 from nfr.c:19:
nfr.h:353: warning: left-hand operand of comma expression has no effect
nfr.h:353: warning: left-hand operand of comma expression has no effect
nfr.h:353: warning: statement with no effect
nfr.h:357: warning: left-hand operand of comma expression has no effect
nfr.h:357: warning: statement with no effect
nfr.h:360: warning: left-hand operand of comma expression has no effect
nfr.h:360: warning: statement with no effect
In file included from cm_user.h:19,
                 from nfr.c:19:
nfr.h: In function 'nfr_add_to_list':
nfr.h:407: warning: left-hand operand of comma expression has no effect
nfr.h:408: warning: left-hand operand of comma expression has no effect
nfr.h:408: warning: value computed is not used
nfr.h:408: warning: value computed is not used
nfr.h:408: warning: value computed is not used
nfr.h:407: warning: value computed is not used
In file included from cm_user.h:19,
                 from nfr.c:19:
nfr.h:410: warning: left-hand operand of comma expression has no effect
nfr.h:411: warning: left-hand operand of comma expression has no effect
nfr.h:410: warning: statement with no effect
nfr.h: In function 'nfr_release_acked':
nfr.h:423: warning: left-hand operand of comma expression has no effect
nfr.h:424: warning: left-hand operand of comma expression has no effect
nfr.h:424: warning: left-hand operand of comma expression has no effect
nfr.h:423: warning: statement with no effect
In file included from cm_user.h:19,
                 from nfr.c:19:
nfr.h:448: warning: left-hand operand of comma expression has no effect
nfr.h:449: warning: left-hand operand of comma expression has no effect
nfr.h:449: warning: value computed is not used
nfr.h:449: warning: value computed is not used
nfr.h:449: warning: value computed is not used
nfr.h:448: warning: value computed is not used
In file included from nfr.c:19:
cm_user.h: In function 'odu_test_new_connection':
cm_user.h:35: warning: left-hand operand of comma expression has no effect
cm_user.h:35: warning: statement with no effect
cm_user.h:43: warning: left-hand operand of comma expression has no effect
cm_user.h:43: warning: left-hand operand of comma expression has no effect
cm_user.h:44: warning: left-hand operand of comma expression has no effect
cm_user.h:44: warning: left-hand operand of comma expression has no effect
cm_user.h:45: warning: left-hand operand of comma expression has no effect
cm_user.h:45: warning: value computed is not used
cm_user.h:43: warning: value computed is not used
cm_user.h:49: warning: left-hand operand of comma expression has no effect
cm_user.h:49: warning: left-hand operand of comma expression has no effect
cm_user.h:50: warning: left-hand operand of comma expression has no effect
cm_user.h:50: warning: left-hand operand of comma expression has no effect
cm_user.h:51: warning: value computed is not used
cm_user.h:49: warning: value computed is not used
cm_user.h:55: warning: left-hand operand of comma expression has no effect
cm_user.h:55: warning: statement with no effect
nfr.c: In function 'send_reconnect_req':
nfr.c:35: warning: left-hand operand of comma expression has no effect
nfr.c:35: warning: left-hand operand of comma expression has no effect
nfr.c:35: warning: statement with no effect
nfr.c: In function 'send_reconnect_rep':
nfr.c:45: warning: left-hand operand of comma expression has no effect
nfr.c:45: warning: left-hand operand of comma expression has no effect
nfr.c:45: warning: statement with no effect
nfr.c: In function 'send_reconnect_fin':
nfr.c:55: warning: left-hand operand of comma expression has no effect
nfr.c:55: warning: left-hand operand of comma expression has no effect
nfr.c:55: warning: statement with no effect
nfr.c: In function 'restore_cached':
nfr.c:73: warning: left-hand operand of comma expression has no effect
nfr.c:73: warning: left-hand operand of comma expression has no effect
nfr.c:73: warning: statement with no effect
nfr.c:138: warning: left-hand operand of comma expression has no effect
nfr.c:138: warning: left-hand operand of comma expression has no effect
nfr.c:138: warning: left-hand operand of comma expression has no effect
nfr.c:138: warning: left-hand operand of comma expression has no effect
nfr.c:138: warning: value computed is not used
nfr.c:139: warning: value computed is not used
nfr.c:139: warning: value computed is not used
nfr.c:137: warning: value computed is not used
nfr.c: In function 're_post_send':
nfr.c:151: warning: left-hand operand of comma expression has no effect
nfr.c:151: warning: left-hand operand of comma expression has no effect
nfr.c:151: warning: left-hand operand of comma expression has no effect
nfr.c:151: warning: statement with no effect
nfr.c:157: warning: left-hand operand of comma expression has no effect
nfr.c:157: warning: left-hand operand of comma expression has no effect
nfr.c:157: warning: statement with no effect
nfr.c:180: warning: left-hand operand of comma expression has no effect
nfr.c:180: warning: left-hand operand of comma expression has no effect
nfr.c:180: warning: left-hand operand of comma expression has no effect
nfr.c:180: warning: left-hand operand of comma expression has no effect
nfr.c:180: warning: left-hand operand of comma expression has no effect
nfr.c:180: warning: statement with no effect
nfr.c: In function 'drop_or_resend_rndv_start':
nfr.c:267: warning: left-hand operand of comma expression has no effect
nfr.c:268: warning: left-hand operand of comma expression has no effect
nfr.c:268: warning: value computed is not used
nfr.c:268: warning: value computed is not used
nfr.c:268: warning: value computed is not used
nfr.c:267: warning: value computed is not used
nfr.c:283: warning: left-hand operand of comma expression has no effect
nfr.c:283: warning: left-hand operand of comma expression has no effect
nfr.c:283: warning: statement with no effect
nfr.c:288: warning: left-hand operand of comma expression has no effect
nfr.c:289: warning: left-hand operand of comma expression has no effect
nfr.c:289: warning: value computed is not used
nfr.c:289: warning: value computed is not used
nfr.c:289: warning: value computed is not used
nfr.c:288: warning: value computed is not used
nfr.c: In function 'send_lost_data':
nfr.c:307: warning: left-hand operand of comma expression has no effect
nfr.c:307: warning: statement with no effect
nfr.c:308: warning: left-hand operand of comma expression has no effect
nfr.c:309: warning: left-hand operand of comma expression has no effect
nfr.c:309: warning: left-hand operand of comma expression has no effect
nfr.c:309: warning: left-hand operand of comma expression has no effect
nfr.c:308: warning: statement with no effect
nfr.c:313: warning: left-hand operand of comma expression has no effect
nfr.c:313: warning: left-hand operand of comma expression has no effect
nfr.c:313: warning: left-hand operand of comma expression has no effect
nfr.c:313: warning: statement with no effect
nfr.c:314: warning: left-hand operand of comma expression has no effect
nfr.c:314: warning: left-hand operand of comma expression has no effect
nfr.c:314: warning: left-hand operand of comma expression has no effect
nfr.c:314: warning: statement with no effect
nfr.c:320: warning: left-hand operand of comma expression has no effect
nfr.c:320: warning: statement with no effect
nfr.c:337: warning: left-hand operand of comma expression has no effect
nfr.c:338: warning: left-hand operand of comma expression has no effect
nfr.c:338: warning: left-hand operand of comma expression has no effect
nfr.c:338: warning: left-hand operand of comma expression has no effect
nfr.c:338: warning: left-hand operand of comma expression has no effect
nfr.c:337: warning: statement with no effect
nfr.c:368: warning: left-hand operand of comma expression has no effect
nfr.c:368: warning: left-hand operand of comma expression has no effect
nfr.c:368: warning: left-hand operand of comma expression has no effect
nfr.c:368: warning: statement with no effect
nfr.c:371: warning: left-hand operand of comma expression has no effect
nfr.c:371: warning: left-hand operand of comma expression has no effect
nfr.c:371: warning: left-hand operand of comma expression has no effect
nfr.c:371: warning: statement with no effect
nfr.c:382: warning: left-hand operand of comma expression has no effect
nfr.c:382: warning: statement with no effect
nfr.c:300: warning: unused variable 'stop'
nfr.c: In function 'reconnect':
nfr.c:389: warning: left-hand operand of comma expression has no effect
nfr.c:390: warning: left-hand operand of comma expression has no effect
nfr.c:390: warning: left-hand operand of comma expression has no effect
nfr.c:389: warning: statement with no effect
nfr.c: In function 'process_bad_completion':
nfr.c:421: warning: left-hand operand of comma expression has no effect
nfr.c:421: warning: left-hand operand of comma expression has no effect
nfr.c:421: warning: left-hand operand of comma expression has no effect
nfr.c:421: warning: statement with no effect
nfr.c: In function 'poll4data':
nfr.c:440: warning: unused variable 'rc'
nfr.c: In function 'reregister_lists':
nfr.c:542: warning: left-hand operand of comma expression has no effect
nfr.c:542: warning: left-hand operand of comma expression has no effect
nfr.c:542: warning: left-hand operand of comma expression has no effect
nfr.c:542: warning: statement with no effect
nfr.c:528: warning: unused variable 'header'
nfr.c: In function 'deregister_lists':
nfr.c:585: warning: left-hand operand of comma expression has no effect
nfr.c:586: warning: left-hand operand of comma expression has no effect
nfr.c:587: warning: left-hand operand of comma expression has no effect
nfr.c:585: warning: statement with no effect
nfr.c:579: warning: unused variable 'header'
nfr.c:597: warning: left-hand operand of comma expression has no effect
nfr.c:598: warning: left-hand operand of comma expression has no effect
nfr.c:599: warning: left-hand operand of comma expression has no effect
nfr.c:597: warning: statement with no effect
nfr.c: In function 'stop_hca':
nfr.c:650: warning: implicit declaration of function 'MPID_Is_local'
nfr.c: In function 'nfr_finalize':
nfr.c:980: warning: format '%d' expects type 'int', but argument 4 has type 'ack_list'
nfr.c: In function 'nfr_process_retransmit':
nfr.c:1026: warning: left-hand operand of comma expression has no effect
nfr.c:1026: warning: left-hand operand of comma expression has no effect
nfr.c:1027: warning: left-hand operand of comma expression has no effect
nfr.c:1027: warning: value computed is not used
nfr.c:1026: warning: value computed is not used
nfr.c:1030: warning: implicit declaration of function 'MPID_nfr_search_rndv_start'
nfr.c:1034: warning: left-hand operand of comma expression has no effect
nfr.c:1034: warning: statement with no effect
nfr.c:1050: warning: left-hand operand of comma expression has no effect
nfr.c:1050: warning: statement with no effect
nfr.c:1067: warning: left-hand operand of comma expression has no effect
nfr.c:1067: warning: statement with no effect
nfr.c:1092: warning: left-hand operand of comma expression has no effect
nfr.c:1092: warning: left-hand operand of comma expression has no effect
nfr.c:1092: warning: statement with no effect
nfr.c:1019: warning: unused variable 'lh'
nfr.c: In function 'nfr_incoming_nfr_req':
nfr.c:1100: warning: left-hand operand of comma expression has no effect
nfr.c:1100: warning: left-hand operand of comma expression has no effect
nfr.c:1100: warning: statement with no effect
nfr.c:1109: warning: left-hand operand of comma expression has no effect
nfr.c:1110: warning: left-hand operand of comma expression has no effect
nfr.c:1110: warning: left-hand operand of comma expression has no effect
nfr.c:1109: warning: statement with no effect
nfr.c:1116: warning: left-hand operand of comma expression has no effect
nfr.c:1117: warning: left-hand operand of comma expression has no effect
nfr.c:1116: warning: value computed is not used
nfr.c:1132: warning: left-hand operand of comma expression has no effect
nfr.c:1132: warning: statement with no effect
nfr.c: In function 'nfr_incoming_nfr_rep':
nfr.c:1138: warning: left-hand operand of comma expression has no effect
nfr.c:1138: warning: left-hand operand of comma expression has no effect
nfr.c:1138: warning: statement with no effect
nfr.c: In function 'nfr_incoming_nfr_fin':
nfr.c:1171: warning: left-hand operand of comma expression has no effect
nfr.c:1171: warning: left-hand operand of comma expression has no effect
nfr.c:1171: warning: statement with no effect
nfr.c:1179: warning: left-hand operand of comma expression has no effect
nfr.c:1179: warning: left-hand operand of comma expression has no effect
nfr.c:1179: warning: statement with no effect
nfr.c: In function 'pool_for_recovery':
nfr.c:1229: warning: left-hand operand of comma expression has no effect
nfr.c:1229: warning: left-hand operand of comma expression has no effect
nfr.c:1229: warning: statement with no effect
nfr.c: In function 'nfr_restart_hca':
nfr.c:1323: warning: left-hand operand of comma expression has no effect
nfr.c:1323: warning: left-hand operand of comma expression has no effect
nfr.c:1323: warning: left-hand operand of comma expression has no effect
nfr.c:1323: warning: statement with no effect
nfr.c:1325: warning: left-hand operand of comma expression has no effect
nfr.c:1325: warning: left-hand operand of comma expression has no effect
nfr.c:1325: warning: statement with no effect
nfr.c: In function 'send_lost_data':
nfr.c:301: warning: 'id' may be used uninitialized in this function
