src/acm.c: In function 'acm_process_timeouts':
src/acm.c:1518: warning: dereferencing type-punned pointer will break strict-aliasing rules
src/acm.c: In function 'acm_open_lock_file':
src/acm.c:2764: warning: ignoring return value of 'write', declared with attribute warn_unused_result
src/acm.c: In function 'daemonize':
src/acm.c:2785: warning: ignoring return value of 'freopen', declared with attribute warn_unused_result
src/acm.c:2786: warning: ignoring return value of 'freopen', declared with attribute warn_unused_result
src/acm.c:2787: warning: ignoring return value of 'freopen', declared with attribute warn_unused_result
src/acm.c: In function 'acm_client_resolve_resp':
src/acm.c:904: warning: dereferencing pointer 'resp_msg' does break strict-aliasing rules
src/acm.c:903: warning: dereferencing pointer 'resp_msg' does break strict-aliasing rules
src/acm.c:897: warning: dereferencing pointer 'resp_msg' does break strict-aliasing rules
src/acm.c:897: warning: dereferencing pointer 'resp_msg' does break strict-aliasing rules
src/acm.c:894: warning: dereferencing pointer 'resp_msg' does break strict-aliasing rules
src/acm.c:893: warning: dereferencing pointer 'resp_msg' does break strict-aliasing rules
src/acm.c:891: warning: dereferencing pointer 'resp_msg' does break strict-aliasing rules
src/acm.c:890: warning: dereferencing pointer 'resp_msg' does break strict-aliasing rules
src/acm.c:890: warning: dereferencing pointer 'resp_msg' does break strict-aliasing rules
src/acm.c:886: warning: dereferencing pointer 'resp_msg' does break strict-aliasing rules
src/acm.c:885: warning: dereferencing pointer 'resp_msg' does break strict-aliasing rules
src/acm.c:884: warning: dereferencing pointer 'resp_msg' does break strict-aliasing rules
src/acm.c:884: warning: dereferencing pointer 'resp_msg' does break strict-aliasing rules
src/acm.c:883: warning: dereferencing pointer 'resp_msg' does break strict-aliasing rules
src/acm.c:870: note: initialized from here
src/acm.c: In function 'acm_server':
src/acm.c:2087: warning: dereferencing pointer 'resolve_msg' does break strict-aliasing rules
src/acm.c:1765: warning: dereferencing pointer 'resolve_msg' does break strict-aliasing rules
src/acm.c:1766: warning: dereferencing pointer 'resolve_msg' does break strict-aliasing rules
src/acm.c:1771: warning: dereferencing pointer 'resolve_msg' does break strict-aliasing rules
src/acm.c:1772: warning: dereferencing pointer 'resolve_msg' does break strict-aliasing rules
src/acm.c:1916: warning: dereferencing pointer 'resolve_msg' does break strict-aliasing rules
src/acm.c:1917: warning: dereferencing pointer 'resolve_msg' does break strict-aliasing rules
src/acm.c:1921: warning: dereferencing pointer 'resolve_msg' does break strict-aliasing rules
src/acm.c:1953: warning: dereferencing pointer 'resolve_msg' does break strict-aliasing rules
src/acm.c:1939: warning: dereferencing pointer 'resolve_msg' does break strict-aliasing rules
src/acm.c:1934: warning: dereferencing pointer 'resolve_msg' does break strict-aliasing rules
src/acm.c:1928: warning: dereferencing pointer 'resolve_msg' does break strict-aliasing rules
src/acm.c:1923: warning: dereferencing pointer 'resolve_msg' does break strict-aliasing rules
src/acm.c:2066: note: initialized from here
src/acm.c:1856: warning: dereferencing pointer 'addr.100' does break strict-aliasing rules
src/acm.c:1856: note: initialized from here
