src/srp-dm.c: In function 'check_sm_cap':
src/srp-dm.c:251: warning: dereferencing pointer 'out_sa_mad' does break strict-aliasing rules
src/srp-dm.c:250: warning: dereferencing pointer 'out_sa_mad' does break strict-aliasing rules
src/srp-dm.c:246: note: initialized from here
src/srp-dm.c:258: warning: dereferencing pointer 'cpi' does break strict-aliasing rules
src/srp-dm.c:256: note: initialized from here
src/srp-dm.c: In function 'do_port':
src/srp-dm.c:274: warning: dereferencing pointer 'out_dm_mad' does break strict-aliasing rules
src/srp-dm.c:273: note: initialized from here
src/srp-dm.c:283: warning: dereferencing pointer 'cpi' does break strict-aliasing rules
src/srp-dm.c:276: note: initialized from here
src/srp-dm.c: In function 'do_dm_port_list':
src/srp-dm.c:567: warning: dereferencing pointer 'out_sa_mad' does break strict-aliasing rules
src/srp-dm.c:566: warning: dereferencing pointer 'out_sa_mad' does break strict-aliasing rules
src/srp-dm.c:564: warning: dereferencing pointer 'out_sa_mad' does break strict-aliasing rules
src/srp-dm.c:563: warning: dereferencing pointer 'out_sa_mad' does break strict-aliasing rules
src/srp-dm.c:562: warning: dereferencing pointer 'out_sa_mad' does break strict-aliasing rules
src/srp-dm.c:565: warning: dereferencing pointer 'out_sa_mad' does break strict-aliasing rules
src/srp-dm.c:557: note: initialized from here
src/srp-dm.c:569: warning: dereferencing pointer 'port_info' does break strict-aliasing rules
src/srp-dm.c:568: note: initialized from here
src/srp-dm.c:502: warning: dereferencing pointer 'out_sa_mad' does break strict-aliasing rules
src/srp-dm.c:501: warning: dereferencing pointer 'out_sa_mad' does break strict-aliasing rules
src/srp-dm.c:503: warning: dereferencing pointer 'out_sa_mad' does break strict-aliasing rules
src/srp-dm.c:497: note: initialized from here
src/srp-dm.c:505: warning: dereferencing pointer 'node' does break strict-aliasing rules
src/srp-dm.c:504: note: initialized from here
src/srp-dm.c:511: warning: dereferencing pointer 'node' does break strict-aliasing rules
src/srp-dm.c:510: note: initialized from here
src/srp-dm.c: In function 'do_full_port_list':
src/srp-dm.c:613: warning: dereferencing pointer 'out_sa_mad' does break strict-aliasing rules
src/srp-dm.c:612: warning: dereferencing pointer 'out_sa_mad' does break strict-aliasing rules
src/srp-dm.c:611: warning: dereferencing pointer 'out_sa_mad' does break strict-aliasing rules
src/srp-dm.c:610: warning: dereferencing pointer 'out_sa_mad' does break strict-aliasing rules
src/srp-dm.c:609: warning: dereferencing pointer 'out_sa_mad' does break strict-aliasing rules
src/srp-dm.c:608: warning: dereferencing pointer 'out_sa_mad' does break strict-aliasing rules
src/srp-dm.c:604: note: initialized from here
src/srp-dm.c:529: warning: dereferencing pointer 'out_sa_mad' does break strict-aliasing rules
src/srp-dm.c:528: warning: dereferencing pointer 'out_sa_mad' does break strict-aliasing rules
src/srp-dm.c:530: warning: dereferencing pointer 'out_sa_mad' does break strict-aliasing rules
src/srp-dm.c:524: note: initialized from here
src/srp-dm.c:532: warning: dereferencing pointer 'port_info' does break strict-aliasing rules
src/srp-dm.c:531: note: initialized from here
src/srp-dm.c:539: warning: dereferencing pointer 'port_info' does break strict-aliasing rules
src/srp-dm.c:538: warning: dereferencing pointer 'port_info' does break strict-aliasing rules
src/srp-dm.c:537: note: initialized from here
