21:34:58 INFO    : kernel command line: initrd=initrd.img stage2=hd:LABEL="Fedora" xdriver=vesa nomodeset BOOT_IMAGE=vmlinuz 

21:34:58 DEBUG   : no ifcfg files found in /etc/sysconfig/network-scripts
21:34:58 INFO    : anaconda version 12.46 on x86_64 starting
21:34:58 INFO    : 16448756 kB are available
21:35:01 DEBUG   : probing buses
21:35:01 DEBUG   : waiting for hardware to initialize
21:35:02 ERROR   : got to setupCdrom without a CD device
21:35:06 DEBUG   : going to set language to en_US.UTF-8
21:35:06 INFO    : setting language to en_US.UTF-8
21:35:06 INFO    : 53 keymaps are available
21:35:07 INFO    : starting STEP_STAGE2
21:35:07 INFO    : partition is LABEL=Fedora, dir is (null)
21:35:07 ERROR   : missing partition or directory specification
21:35:43 INFO    : trying to mount sr0
21:35:49 ERROR   : cannot find /tmp/drivers/modinfo, bad driver disk
21:36:09 INFO    : starting STEP_STAGE2
21:36:09 INFO    : trying to mount CD device /dev/sr0 on /mnt/stage2
21:36:09 INFO    : drive status is CDS_DISC_OK
21:36:19 INFO    : mounted loopback device /mnt/runtime on /dev/loop0 as /mnt/stage2/images/install.img
21:36:19 INFO    : Looking for updates in /mnt/stage2/images/updates.img
21:36:19 INFO    : Looking for product in /mnt/stage2/images/product.img
21:36:19 INFO    : got stage2 at url cdrom:///dev/sr0:/mnt/stage2
21:36:20 INFO    : Loading SELinux policy
21:36:21 INFO    : getting ready to spawn shell now
21:36:21 INFO    : Running anaconda script /usr/bin/anaconda
21:36:21 DEBUG   : adding extraArg --xdriver=vesa
21:36:33 INFO    : using only installclass _Fedora
21:36:33 INFO    : anaconda called with cmdline = ['/usr/bin/anaconda', '--stage2', 'cdrom:///dev/sr0:/mnt/stage2', '--xdriver', 'vesa', '--graphical', '--selinux', '--lang', 'en_US.UTF-8', '--keymap', 'us']
21:36:33 INFO    : Display mode = g
21:36:38 INFO    : Started mini-wm
21:36:39 INFO    : Starting graphical installation.
21:36:39 INFO    : Detected 16064M of memory
21:36:39 INFO    : Swap attempt of 1024M to 18112M
21:36:39 WARNING : step installtype does not exist
21:36:39 WARNING : step confirminstall does not exist
21:36:39 WARNING : step complete does not exist
21:36:40 INFO    : moving (1) to step welcome
21:36:46 INFO    : moving (1) to step storageinit
21:36:46 INFO    : ISCSID is /usr/sbin/iscsid
21:36:46 INFO    : no initiator set
21:36:46 INFO    : no /tmp/fcpconfig; not configuring zfcp
21:36:49 DEBUG   : DeviceTree.addUdevDevice: name: sda ;
21:36:49 DEBUG   : DeviceTree.addUdevDiskDevice: name: sda ;
21:36:49 DEBUG   : DiskDevice._setFormat: sda ; current: None ; type: None ;
21:36:49 DEBUG   : DeviceTree.handleUdevDiskLabelFormat: device: sda ;
21:36:49 DEBUG   : DiskDevice.setup: sda ; status: True ;
21:36:49 DEBUG   : DiskLabel.__init__: device: /dev/sda ; exists: True ;
21:36:49 DEBUG   : DiskDevice._setFormat: sda ; current: None ; type: disklabel ;
21:36:49 DEBUG   : DeviceTree.addUdevDevice: name: sda1 ;
21:36:49 DEBUG   : DeviceTree.addUdevPartitionDevice: name: sda1 ;
21:36:49 DEBUG   : DiskDevice.addChild: kids: 0 ; name: sda ;
21:36:49 DEBUG   : PartitionDevice._setFormat: sda1 ;
21:36:49 DEBUG   : PartitionDevice._setFormat: sda1 ; current: None ; type: None ;
21:36:49 DEBUG   : PartitionDevice.probe: sda1 ; exists: True ;
21:36:49 DEBUG   : PartitionDevice._computeResize: sda1 ; status: True ;
21:36:49 DEBUG   : PartitionDevice.getFlag: path: /dev/sda1 ; flag: 1 ; part: parted.Partition instance --
  disk: <parted.disk.Disk object at 0x7fd1f4000b90>  fileSystem: <parted.filesystem.FileSystem object at 0x7fd1f4007190>
  number: 1  path: /dev/sda1  type: 0
  name: None  active: True  busy: False
  geometry: <parted.geometry.Geometry object at 0x7fd1f4007110>  PedPartition: <_ped.Partition object at 0x7fd1f4006110> ;
21:36:49 DEBUG   : PartitionDevice.flagAvailable: path: /dev/sda1 ; flag: 1 ; part: parted.Partition instance --
  disk: <parted.disk.Disk object at 0x7fd1f4000b90>  fileSystem: <parted.filesystem.FileSystem object at 0x7fd1f4007190>
  number: 1  path: /dev/sda1  type: 0
  name: None  active: True  busy: False
  geometry: <parted.geometry.Geometry object at 0x7fd1f4007110>  PedPartition: <_ped.Partition object at 0x7fd1f4006110> ;
21:36:49 DEBUG   : PartitionDevice.getFlag: path: /dev/sda1 ; flag: 10 ; part: parted.Partition instance --
  disk: <parted.disk.Disk object at 0x7fd1f4000b90>  fileSystem: <parted.filesystem.FileSystem object at 0x7fd1f4007190>
  number: 1  path: /dev/sda1  type: 0
  name: None  active: True  busy: False
  geometry: <parted.geometry.Geometry object at 0x7fd1f4007110>  PedPartition: <_ped.Partition object at 0x7fd1f4006110> ;
21:36:49 DEBUG   : PartitionDevice.flagAvailable: path: /dev/sda1 ; flag: 10 ; part: parted.Partition instance --
  disk: <parted.disk.Disk object at 0x7fd1f4000b90>  fileSystem: <parted.filesystem.FileSystem object at 0x7fd1f4007190>
  number: 1  path: /dev/sda1  type: 0
  name: None  active: True  busy: False
  geometry: <parted.geometry.Geometry object at 0x7fd1f4007110>  PedPartition: <_ped.Partition object at 0x7fd1f4006110> ;
21:36:49 DEBUG   : DeviceTree.handleUdevDeviceFormat: name: sda1 ;
21:36:49 DEBUG   : Ext3FS.supported: supported: True ;
21:36:49 DEBUG   : PartitionDevice._setFormat: sda1 ;
21:36:49 DEBUG   : PartitionDevice._setFormat: sda1 ; current: None ; type: ext3 ;
21:36:49 DEBUG   : DeviceTree.addUdevDevice: name: sda2 ;
21:36:49 DEBUG   : DeviceTree.addUdevPartitionDevice: name: sda2 ;
21:36:49 DEBUG   : DiskDevice.addChild: kids: 1 ; name: sda ;
21:36:49 DEBUG   : PartitionDevice._setFormat: sda2 ;
21:36:49 DEBUG   : PartitionDevice._setFormat: sda2 ; current: None ; type: None ;
21:36:49 DEBUG   : PartitionDevice.probe: sda2 ; exists: True ;
21:36:49 DEBUG   : PartitionDevice.getFlag: path: /dev/sda2 ; flag: 1 ; part: parted.Partition instance --
  disk: <parted.disk.Disk object at 0x7fd1f4000b90>  fileSystem: <parted.filesystem.FileSystem object at 0x7fd1f40071d0>
  number: 2  path: /dev/sda2  type: 0
  name: None  active: True  busy: False
  geometry: <parted.geometry.Geometry object at 0x7fd1f4000f50>  PedPartition: <_ped.Partition object at 0x7fd1f40060b0> ;
21:36:49 DEBUG   : PartitionDevice.flagAvailable: path: /dev/sda2 ; flag: 1 ; part: parted.Partition instance --
  disk: <parted.disk.Disk object at 0x7fd1f4000b90>  fileSystem: <parted.filesystem.FileSystem object at 0x7fd1f40071d0>
  number: 2  path: /dev/sda2  type: 0
  name: None  active: True  busy: False
  geometry: <parted.geometry.Geometry object at 0x7fd1f4000f50>  PedPartition: <_ped.Partition object at 0x7fd1f40060b0> ;
21:36:49 DEBUG   : PartitionDevice.getFlag: path: /dev/sda2 ; flag: 10 ; part: parted.Partition instance --
  disk: <parted.disk.Disk object at 0x7fd1f4000b90>  fileSystem: <parted.filesystem.FileSystem object at 0x7fd1f40071d0>
  number: 2  path: /dev/sda2  type: 0
  name: None  active: True  busy: False
  geometry: <parted.geometry.Geometry object at 0x7fd1f4000f50>  PedPartition: <_ped.Partition object at 0x7fd1f40060b0> ;
21:36:49 DEBUG   : PartitionDevice.flagAvailable: path: /dev/sda2 ; flag: 10 ; part: parted.Partition instance --
  disk: <parted.disk.Disk object at 0x7fd1f4000b90>  fileSystem: <parted.filesystem.FileSystem object at 0x7fd1f40071d0>
  number: 2  path: /dev/sda2  type: 0
  name: None  active: True  busy: False
  geometry: <parted.geometry.Geometry object at 0x7fd1f4000f50>  PedPartition: <_ped.Partition object at 0x7fd1f40060b0> ;
21:36:49 DEBUG   : DeviceTree.handleUdevDeviceFormat: name: sda2 ;
21:36:49 DEBUG   : SwapSpace.__init__: device: /dev/sda2 ; serial: CVPO0426026E080JGN ; uuid: None ; exists: True ; label: SWAP-sda2 ;
21:36:49 DEBUG   : PartitionDevice._setFormat: sda2 ;
21:36:49 DEBUG   : PartitionDevice._setFormat: sda2 ; current: None ; type: swap ;
21:36:49 DEBUG   : DeviceTree.addUdevDevice: name: sda3 ;
21:36:49 DEBUG   : DeviceTree.addUdevPartitionDevice: name: sda3 ;
21:36:49 DEBUG   : DiskDevice.addChild: kids: 2 ; name: sda ;
21:36:49 DEBUG   : PartitionDevice._setFormat: sda3 ;
21:36:49 DEBUG   : PartitionDevice._setFormat: sda3 ; current: None ; type: None ;
21:36:49 DEBUG   : PartitionDevice.probe: sda3 ; exists: True ;
21:36:49 DEBUG   : PartitionDevice.getFlag: path: /dev/sda3 ; flag: 1 ; part: parted.Partition instance --
  disk: <parted.disk.Disk object at 0x7fd1f4000b90>  fileSystem: <parted.filesystem.FileSystem object at 0x7fd1f4007390>
  number: 3  path: /dev/sda3  type: 0
  name: None  active: True  busy: False
  geometry: <parted.geometry.Geometry object at 0x7fd1f4007310>  PedPartition: <_ped.Partition object at 0x7fd1f4006170> ;
21:36:49 DEBUG   : PartitionDevice.flagAvailable: path: /dev/sda3 ; flag: 1 ; part: parted.Partition instance --
  disk: <parted.disk.Disk object at 0x7fd1f4000b90>  fileSystem: <parted.filesystem.FileSystem object at 0x7fd1f4007390>
  number: 3  path: /dev/sda3  type: 0
  name: None  active: True  busy: False
  geometry: <parted.geometry.Geometry object at 0x7fd1f4007310>  PedPartition: <_ped.Partition object at 0x7fd1f4006170> ;
21:36:49 DEBUG   : PartitionDevice.getFlag: path: /dev/sda3 ; flag: 10 ; part: parted.Partition instance --
  disk: <parted.disk.Disk object at 0x7fd1f4000b90>  fileSystem: <parted.filesystem.FileSystem object at 0x7fd1f4007390>
  number: 3  path: /dev/sda3  type: 0
  name: None  active: True  busy: False
  geometry: <parted.geometry.Geometry object at 0x7fd1f4007310>  PedPartition: <_ped.Partition object at 0x7fd1f4006170> ;
21:36:49 DEBUG   : PartitionDevice.flagAvailable: path: /dev/sda3 ; flag: 10 ; part: parted.Partition instance --
  disk: <parted.disk.Disk object at 0x7fd1f4000b90>  fileSystem: <parted.filesystem.FileSystem object at 0x7fd1f4007390>
  number: 3  path: /dev/sda3  type: 0
  name: None  active: True  busy: False
  geometry: <parted.geometry.Geometry object at 0x7fd1f4007310>  PedPartition: <_ped.Partition object at 0x7fd1f4006170> ;
21:36:49 DEBUG   : DeviceTree.handleUdevDeviceFormat: name: sda3 ;
21:36:49 DEBUG   : Ext3FS.supported: supported: True ;
21:36:49 DEBUG   : PartitionDevice._setFormat: sda3 ;
21:36:49 DEBUG   : PartitionDevice._setFormat: sda3 ; current: None ; type: ext3 ;
21:36:49 DEBUG   : DeviceTree.addUdevDevice: name: sr0 ;
21:36:49 DEBUG   : DeviceTree.addUdevOpticalDevice:
21:36:49 DEBUG   : OpticalDevice._setFormat: sr0 ; current: None ; type: None ;
21:36:49 DEBUG   : OpticalDevice.mediaPresent: sr0 ; status: True ;
21:36:49 DEBUG   : DeviceTree.handleUdevDeviceFormat: name: sr0 ;
21:36:49 DEBUG   : Iso9660FS.supported: supported: True ;
21:36:49 DEBUG   : OpticalDevice._setFormat: sr0 ; current: None ; type: iso9660 ;
21:36:50 DEBUG   : PartitionDevice.teardown: sda1 ; status: True ;
21:36:50 DEBUG   : DiskDevice.teardown: sda ; status: True ;
21:36:50 DEBUG   : DiskLabel.teardown: device: /dev/sda ; status: parted.Disk instance --
  type: msdos  primaryPartitionCount: 3
  lastPartitionNumber: 3  maxPrimaryPartitionCount: 4
  partitions: [<parted.partition.Partition object at 0x7fd1f40070d0>, <parted.partition.Partition object at 0x7fd1f4000e90>, <parted.partition.Partition object at 0x7fd1f40072d0>]
  device: <parted.device.Device object at 0x7fd1f4000b10>
  PedDisk: <_ped.Disk object at 0x7fd1f4005560> ; type: disklabel ;
21:36:50 DEBUG   : PartitionDevice.teardown: sda2 ; status: True ;
21:36:50 DEBUG   : SwapSpace.teardown: device: /dev/sda2 ; status: False ; type: swap ;
21:36:50 DEBUG   : DiskDevice.teardown: sda ; status: True ;
21:36:50 DEBUG   : DiskLabel.teardown: device: /dev/sda ; status: parted.Disk instance --
  type: msdos  primaryPartitionCount: 3
  lastPartitionNumber: 3  maxPrimaryPartitionCount: 4
  partitions: [<parted.partition.Partition object at 0x7fd1f40070d0>, <parted.partition.Partition object at 0x7fd1f4000e90>, <parted.partition.Partition object at 0x7fd1f40072d0>]
  device: <parted.device.Device object at 0x7fd1f4000b10>
  PedDisk: <_ped.Disk object at 0x7fd1f4005560> ; type: disklabel ;
21:36:50 DEBUG   : PartitionDevice.teardown: sda3 ; status: True ;
21:36:50 DEBUG   : DiskDevice.teardown: sda ; status: True ;
21:36:50 DEBUG   : DiskLabel.teardown: device: /dev/sda ; status: parted.Disk instance --
  type: msdos  primaryPartitionCount: 3
  lastPartitionNumber: 3  maxPrimaryPartitionCount: 4
  partitions: [<parted.partition.Partition object at 0x7fd1f40070d0>, <parted.partition.Partition object at 0x7fd1f4000e90>, <parted.partition.Partition object at 0x7fd1f40072d0>]
  device: <parted.device.Device object at 0x7fd1f4000b10>
  PedDisk: <_ped.Disk object at 0x7fd1f4005560> ; type: disklabel ;
21:36:50 DEBUG   : OpticalDevice.teardown: sr0 ; status: True ;
21:36:50 INFO    : moving (1) to step findrootparts
21:36:50 DEBUG   : PartitionDevice.setup: sda1 ; status: True ;
21:36:50 DEBUG   : DiskDevice.setup: sda ; status: True ;
21:36:50 DEBUG   : DiskLabel.setup: device: /dev/sda ; status: parted.Disk instance --
  type: msdos  primaryPartitionCount: 3
  lastPartitionNumber: 3  maxPrimaryPartitionCount: 4
  partitions: [<parted.partition.Partition object at 0x7fd1f40070d0>, <parted.partition.Partition object at 0x7fd1f4000e90>, <parted.partition.Partition object at 0x7fd1f40072d0>]
  device: <parted.device.Device object at 0x7fd1f4000b10>
  PedDisk: <_ped.Disk object at 0x7fd1f4005560> ; type: disklabel ;
21:36:50 DEBUG   : isys.py:mount()- going to mount /dev/sda1 on /mnt/sysimage as ext3 with options ro
21:36:50 DEBUG   : PartitionDevice.teardown: sda1 ; status: True ;
21:36:50 DEBUG   : isys.py:umount()- going to unmount /mnt/sysimage, removeDir = False
21:36:50 DEBUG   : DiskDevice.teardown: sda ; status: True ;
21:36:50 DEBUG   : DiskLabel.teardown: device: /dev/sda ; status: parted.Disk instance --
  type: msdos  primaryPartitionCount: 3
  lastPartitionNumber: 3  maxPrimaryPartitionCount: 4
  partitions: [<parted.partition.Partition object at 0x7fd1f40070d0>, <parted.partition.Partition object at 0x7fd1f4000e90>, <parted.partition.Partition object at 0x7fd1f40072d0>]
  device: <parted.device.Device object at 0x7fd1f4000b10>
  PedDisk: <_ped.Disk object at 0x7fd1f4005560> ; type: disklabel ;
21:36:50 DEBUG   : PartitionDevice.setup: sda3 ; status: True ;
21:36:50 DEBUG   : DiskDevice.setup: sda ; status: True ;
21:36:50 DEBUG   : DiskLabel.setup: device: /dev/sda ; status: parted.Disk instance --
  type: msdos  primaryPartitionCount: 3
  lastPartitionNumber: 3  maxPrimaryPartitionCount: 4
  partitions: [<parted.partition.Partition object at 0x7fd1f40070d0>, <parted.partition.Partition object at 0x7fd1f4000e90>, <parted.partition.Partition object at 0x7fd1f40072d0>]
  device: <parted.device.Device object at 0x7fd1f4000b10>
  PedDisk: <_ped.Disk object at 0x7fd1f4005560> ; type: disklabel ;
21:36:50 DEBUG   : isys.py:mount()- going to mount /dev/sda3 on /mnt/sysimage as ext3 with options ro
21:36:50 DEBUG   : PartitionDevice.teardown: sda3 ; status: True ;
21:36:50 DEBUG   : isys.py:umount()- going to unmount /mnt/sysimage, removeDir = False
21:36:50 DEBUG   : DiskDevice.teardown: sda ; status: True ;
21:36:50 DEBUG   : DiskLabel.teardown: device: /dev/sda ; status: parted.Disk instance --
  type: msdos  primaryPartitionCount: 3
  lastPartitionNumber: 3  maxPrimaryPartitionCount: 4
  partitions: [<parted.partition.Partition object at 0x7fd1f40070d0>, <parted.partition.Partition object at 0x7fd1f4000e90>, <parted.partition.Partition object at 0x7fd1f40072d0>]
  device: <parted.device.Device object at 0x7fd1f4000b10>
  PedDisk: <_ped.Disk object at 0x7fd1f4005560> ; type: disklabel ;
21:36:50 WARNING : step complete does not exist
21:36:50 INFO    : moving (1) to step network
21:36:56 INFO    : moving (1) to step timezone
21:37:08 INFO    : moving (1) to step accounts
21:37:18 INFO    : moving (1) to step setuptime
21:37:19 INFO    : moving (1) to step parttype
21:37:19 INFO    : ISCSID is /usr/sbin/iscsid
21:37:25 INFO    : moving (1) to step partition
21:37:25 DEBUG   : PartitionDevice.getFlag: path: /dev/sda1 ; flag: 3 ; part: parted.Partition instance --
  disk: <parted.disk.Disk object at 0x7fd1f4000b90>  fileSystem: <parted.filesystem.FileSystem object at 0x7fd1f4007190>
  number: 1  path: /dev/sda1  type: 0
  name: None  active: True  busy: False
  geometry: <parted.geometry.Geometry object at 0x7fd1f4007110>  PedPartition: <_ped.Partition object at 0x7fd1f4006110> ;
21:37:25 DEBUG   : PartitionDevice.flagAvailable: path: /dev/sda1 ; flag: 3 ; part: parted.Partition instance --
  disk: <parted.disk.Disk object at 0x7fd1f4000b90>  fileSystem: <parted.filesystem.FileSystem object at 0x7fd1f4007190>
  number: 1  path: /dev/sda1  type: 0
  name: None  active: True  busy: False
  geometry: <parted.geometry.Geometry object at 0x7fd1f4007110>  PedPartition: <_ped.Partition object at 0x7fd1f4006110> ;
21:37:25 DEBUG   : PartitionDevice.getFlag: path: /dev/sda2 ; flag: 3 ; part: parted.Partition instance --
  disk: <parted.disk.Disk object at 0x7fd1f4000b90>  fileSystem: <parted.filesystem.FileSystem object at 0x7fd1f40071d0>
  number: 2  path: /dev/sda2  type: 0
  name: None  active: True  busy: False
  geometry: <parted.geometry.Geometry object at 0x7fd1f4000f50>  PedPartition: <_ped.Partition object at 0x7fd1f40060b0> ;
21:37:25 DEBUG   : PartitionDevice.flagAvailable: path: /dev/sda2 ; flag: 3 ; part: parted.Partition instance --
  disk: <parted.disk.Disk object at 0x7fd1f4000b90>  fileSystem: <parted.filesystem.FileSystem object at 0x7fd1f40071d0>
  number: 2  path: /dev/sda2  type: 0
  name: None  active: True  busy: False
  geometry: <parted.geometry.Geometry object at 0x7fd1f4000f50>  PedPartition: <_ped.Partition object at 0x7fd1f40060b0> ;
21:37:25 DEBUG   : PartitionDevice.getFlag: path: /dev/sda3 ; flag: 3 ; part: parted.Partition instance --
  disk: <parted.disk.Disk object at 0x7fd1f4000b90>  fileSystem: <parted.filesystem.FileSystem object at 0x7fd1f4007390>
  number: 3  path: /dev/sda3  type: 0
  name: None  active: True  busy: False
  geometry: <parted.geometry.Geometry object at 0x7fd1f4007310>  PedPartition: <_ped.Partition object at 0x7fd1f4006170> ;
21:37:25 DEBUG   : PartitionDevice.flagAvailable: path: /dev/sda3 ; flag: 3 ; part: parted.Partition instance --
  disk: <parted.disk.Disk object at 0x7fd1f4000b90>  fileSystem: <parted.filesystem.FileSystem object at 0x7fd1f4007390>
  number: 3  path: /dev/sda3  type: 0
  name: None  active: True  busy: False
  geometry: <parted.geometry.Geometry object at 0x7fd1f4007310>  PedPartition: <_ped.Partition object at 0x7fd1f4006170> ;
21:37:29 DEBUG   : Ext3FS.supported: supported: True ;
21:37:29 DEBUG   : BindFS.supported: supported: False ;
21:37:29 DEBUG   : BindFS.supported: supported: False ;
21:37:29 DEBUG   : DevPtsFS.supported: supported: False ;
21:37:29 DEBUG   : DevPtsFS.supported: supported: False ;
21:37:29 DEBUG   : DiskLabel.__init__:
21:37:29 DEBUG   : DMRaidMember.__init__:
21:37:29 DEBUG   : Ext2FS.supported: supported: True ;
21:37:29 DEBUG   : Ext2FS.supported: supported: True ;
21:37:29 DEBUG   : Ext3FS.supported: supported: True ;
21:37:29 DEBUG   : Ext3FS.supported: supported: True ;
21:37:29 DEBUG   : Ext4FS.supported: supported: True ;
21:37:29 DEBUG   : Ext4FS.supported: supported: True ;
21:37:29 DEBUG   : HFS.supported: supported: False ;
21:37:29 DEBUG   : HFS.supported: supported: False ;
21:37:29 DEBUG   : HFSPlus.supported: supported: False ;
21:37:29 DEBUG   : HFSPlus.supported: supported: False ;
21:37:29 DEBUG   : Iso9660FS.supported: supported: True ;
21:37:29 DEBUG   : Iso9660FS.supported: supported: True ;
21:37:29 DEBUG   : LUKS.__init__:
21:37:29 DEBUG   : LVMPhysicalVolume.__init__:
21:37:29 DEBUG   : MDRaidMember.__init__:
21:37:29 DEBUG   : MultipathMember.__init__:
21:37:29 DEBUG   : NFS.supported: supported: False ;
21:37:29 DEBUG   : NFS.supported: supported: False ;
21:37:29 DEBUG   : NFSv4.supported: supported: False ;
21:37:29 DEBUG   : NFSv4.supported: supported: False ;
21:37:29 DEBUG   : NoDevFS.supported: supported: False ;
21:37:29 DEBUG   : NoDevFS.supported: supported: False ;
21:37:29 DEBUG   : NTFS.supported: supported: False ;
21:37:29 DEBUG   : NTFS.supported: supported: False ;
21:37:29 DEBUG   : ProcFS.supported: supported: False ;
21:37:29 DEBUG   : ProcFS.supported: supported: False ;
21:37:29 DEBUG   : SwapSpace.__init__:
21:37:29 DEBUG   : SysFS.supported: supported: False ;
21:37:29 DEBUG   : SysFS.supported: supported: False ;
21:37:29 DEBUG   : TmpFS.supported: supported: False ;
21:37:29 DEBUG   : TmpFS.supported: supported: False ;
21:37:29 DEBUG   : FATFS.supported: supported: True ;
21:37:29 DEBUG   : FATFS.supported: supported: True ;
21:37:29 DEBUG   : XFS.supported: supported: True ;
21:37:29 DEBUG   : XFS.supported: supported: True ;
21:37:29 DEBUG   : Ext3FS.supported: supported: True ;
21:37:31 DEBUG   : Ext4FS.supported: supported: True ;
21:37:32 DEBUG   : Ext4FS.supported: supported: True ;
21:37:34 DEBUG   : Ext3FS.supported: supported: True ;
21:37:35 DEBUG   : Ext3FS.supported: supported: True ;
21:37:35 DEBUG   : PartitionDevice._setFormat: sda1 ;
21:37:35 DEBUG   : PartitionDevice._setFormat: sda1 ; current: ext3 ; type: ext3 ;
21:37:35 DEBUG   : refresh: justRedraw=False
21:37:35 DEBUG   : DiskDevice.setup: sda ; status: True ;
21:37:38 DEBUG   : BindFS.supported: supported: False ;
21:37:38 DEBUG   : BindFS.supported: supported: False ;
21:37:38 DEBUG   : DevPtsFS.supported: supported: False ;
21:37:38 DEBUG   : DevPtsFS.supported: supported: False ;
21:37:38 DEBUG   : DiskLabel.__init__:
21:37:38 DEBUG   : DMRaidMember.__init__:
21:37:38 DEBUG   : Ext2FS.supported: supported: True ;
21:37:38 DEBUG   : Ext2FS.supported: supported: True ;
21:37:38 DEBUG   : Ext3FS.supported: supported: True ;
21:37:38 DEBUG   : Ext3FS.supported: supported: True ;
21:37:38 DEBUG   : Ext4FS.supported: supported: True ;
21:37:38 DEBUG   : Ext4FS.supported: supported: True ;
21:37:38 DEBUG   : HFS.supported: supported: False ;
21:37:38 DEBUG   : HFS.supported: supported: False ;
21:37:38 DEBUG   : HFSPlus.supported: supported: False ;
21:37:38 DEBUG   : HFSPlus.supported: supported: False ;
21:37:38 DEBUG   : Iso9660FS.supported: supported: True ;
21:37:38 DEBUG   : Iso9660FS.supported: supported: True ;
21:37:38 DEBUG   : LUKS.__init__:
21:37:38 DEBUG   : LVMPhysicalVolume.__init__:
21:37:38 DEBUG   : MDRaidMember.__init__:
21:37:38 DEBUG   : MultipathMember.__init__:
21:37:38 DEBUG   : NFS.supported: supported: False ;
21:37:38 DEBUG   : NFS.supported: supported: False ;
21:37:38 DEBUG   : NFSv4.supported: supported: False ;
21:37:38 DEBUG   : NFSv4.supported: supported: False ;
21:37:38 DEBUG   : NoDevFS.supported: supported: False ;
21:37:38 DEBUG   : NoDevFS.supported: supported: False ;
21:37:38 DEBUG   : NTFS.supported: supported: False ;
21:37:38 DEBUG   : NTFS.supported: supported: False ;
21:37:38 DEBUG   : ProcFS.supported: supported: False ;
21:37:38 DEBUG   : ProcFS.supported: supported: False ;
21:37:38 DEBUG   : SwapSpace.__init__:
21:37:38 DEBUG   : SysFS.supported: supported: False ;
21:37:38 DEBUG   : SysFS.supported: supported: False ;
21:37:38 DEBUG   : TmpFS.supported: supported: False ;
21:37:38 DEBUG   : TmpFS.supported: supported: False ;
21:37:38 DEBUG   : FATFS.supported: supported: True ;
21:37:38 DEBUG   : FATFS.supported: supported: True ;
21:37:38 DEBUG   : XFS.supported: supported: True ;
21:37:38 DEBUG   : XFS.supported: supported: True ;
21:37:38 DEBUG   : SwapSpace.__init__:
21:37:40 DEBUG   : SwapSpace.__init__:
21:37:42 DEBUG   : SwapSpace.__init__: device: /dev/sda2 ; mountpoint: <Not Applicable> ;
21:37:42 DEBUG   : SwapSpace.teardown: device: /dev/sda2 ; status: False ; type: swap ;
21:37:42 DEBUG   : PartitionDevice._setFormat: sda2 ;
21:37:42 DEBUG   : PartitionDevice._setFormat: sda2 ; current: swap ; type: swap ;
21:37:42 DEBUG   : refresh: justRedraw=False
21:37:42 DEBUG   : DiskDevice.setup: sda ; status: True ;
21:37:44 DEBUG   : Ext3FS.supported: supported: True ;
21:37:44 DEBUG   : BindFS.supported: supported: False ;
21:37:44 DEBUG   : BindFS.supported: supported: False ;
21:37:44 DEBUG   : DevPtsFS.supported: supported: False ;
21:37:44 DEBUG   : DevPtsFS.supported: supported: False ;
21:37:44 DEBUG   : DiskLabel.__init__:
21:37:44 DEBUG   : DMRaidMember.__init__:
21:37:44 DEBUG   : Ext2FS.supported: supported: True ;
21:37:44 DEBUG   : Ext2FS.supported: supported: True ;
21:37:44 DEBUG   : Ext3FS.supported: supported: True ;
21:37:44 DEBUG   : Ext3FS.supported: supported: True ;
21:37:44 DEBUG   : Ext4FS.supported: supported: True ;
21:37:44 DEBUG   : Ext4FS.supported: supported: True ;
21:37:44 DEBUG   : HFS.supported: supported: False ;
21:37:44 DEBUG   : HFS.supported: supported: False ;
21:37:44 DEBUG   : HFSPlus.supported: supported: False ;
21:37:44 DEBUG   : HFSPlus.supported: supported: False ;
21:37:44 DEBUG   : Iso9660FS.supported: supported: True ;
21:37:44 DEBUG   : Iso9660FS.supported: supported: True ;
21:37:44 DEBUG   : LUKS.__init__:
21:37:44 DEBUG   : LVMPhysicalVolume.__init__:
21:37:44 DEBUG   : MDRaidMember.__init__:
21:37:44 DEBUG   : MultipathMember.__init__:
21:37:44 DEBUG   : NFS.supported: supported: False ;
21:37:44 DEBUG   : NFS.supported: supported: False ;
21:37:44 DEBUG   : NFSv4.supported: supported: False ;
21:37:44 DEBUG   : NFSv4.supported: supported: False ;
21:37:44 DEBUG   : NoDevFS.supported: supported: False ;
21:37:44 DEBUG   : NoDevFS.supported: supported: False ;
21:37:44 DEBUG   : NTFS.supported: supported: False ;
21:37:44 DEBUG   : NTFS.supported: supported: False ;
21:37:44 DEBUG   : ProcFS.supported: supported: False ;
21:37:44 DEBUG   : ProcFS.supported: supported: False ;
21:37:44 DEBUG   : SwapSpace.__init__:
21:37:44 DEBUG   : SysFS.supported: supported: False ;
21:37:44 DEBUG   : SysFS.supported: supported: False ;
21:37:44 DEBUG   : TmpFS.supported: supported: False ;
21:37:44 DEBUG   : TmpFS.supported: supported: False ;
21:37:44 DEBUG   : FATFS.supported: supported: True ;
21:37:44 DEBUG   : FATFS.supported: supported: True ;
21:37:44 DEBUG   : XFS.supported: supported: True ;
21:37:44 DEBUG   : XFS.supported: supported: True ;
21:37:44 DEBUG   : Ext3FS.supported: supported: True ;
21:37:47 DEBUG   : Ext3FS.supported: supported: True ;
21:37:50 DEBUG   : Ext3FS.supported: supported: True ;
21:37:50 DEBUG   : PartitionDevice._setFormat: sda3 ;
21:37:50 DEBUG   : PartitionDevice._setFormat: sda3 ; current: ext3 ; type: ext3 ;
21:37:50 DEBUG   : refresh: justRedraw=False
21:37:50 DEBUG   : DiskDevice.setup: sda ; status: True ;
21:37:54 INFO    : moving (1) to step storagedone
21:37:55 DEBUG   : DiskDevice.teardown: sda ; status: True ;
21:37:55 DEBUG   : DiskLabel.teardown: device: /dev/sda ; status: parted.Disk instance --
  type: msdos  primaryPartitionCount: 3
  lastPartitionNumber: 3  maxPrimaryPartitionCount: 4
  partitions: [<parted.partition.Partition object at 0x7fd1f40070d0>, <parted.partition.Partition object at 0x7fd1f4000e90>, <parted.partition.Partition object at 0x7fd1f40072d0>]
  device: <parted.device.Device object at 0x7fd1f4000b10>
  PedDisk: <_ped.Disk object at 0x7fd1f4005560> ; type: disklabel ;
21:37:55 INFO    : moving (1) to step enablefilesystems
21:37:57 DEBUG   : PartitionDevice.teardown: sda1 ; status: True ;
21:37:57 DEBUG   : DiskDevice.teardown: sda ; status: True ;
21:37:57 DEBUG   : DiskLabel.teardown: device: /dev/sda ; status: parted.Disk instance --
  type: msdos  primaryPartitionCount: 3
  lastPartitionNumber: 3  maxPrimaryPartitionCount: 4
  partitions: [<parted.partition.Partition object at 0x7fd1f40070d0>, <parted.partition.Partition object at 0x7fd1f4000e90>, <parted.partition.Partition object at 0x7fd1f40072d0>]
  device: <parted.device.Device object at 0x7fd1f4000b10>
  PedDisk: <_ped.Disk object at 0x7fd1f4005560> ; type: disklabel ;
21:37:57 DEBUG   : PartitionDevice.teardown: sda2 ; status: True ;
21:37:57 DEBUG   : DiskDevice.teardown: sda ; status: True ;
21:37:57 DEBUG   : DiskLabel.teardown: device: /dev/sda ; status: parted.Disk instance --
  type: msdos  primaryPartitionCount: 3
  lastPartitionNumber: 3  maxPrimaryPartitionCount: 4
  partitions: [<parted.partition.Partition object at 0x7fd1f40070d0>, <parted.partition.Partition object at 0x7fd1f4000e90>, <parted.partition.Partition object at 0x7fd1f40072d0>]
  device: <parted.device.Device object at 0x7fd1f4000b10>
  PedDisk: <_ped.Disk object at 0x7fd1f4005560> ; type: disklabel ;
21:37:57 DEBUG   : PartitionDevice.teardown: sda3 ; status: True ;
21:37:57 DEBUG   : DiskDevice.teardown: sda ; status: True ;
21:37:57 DEBUG   : DiskLabel.teardown: device: /dev/sda ; status: parted.Disk instance --
  type: msdos  primaryPartitionCount: 3
  lastPartitionNumber: 3  maxPrimaryPartitionCount: 4
  partitions: [<parted.partition.Partition object at 0x7fd1f40070d0>, <parted.partition.Partition object at 0x7fd1f4000e90>, <parted.partition.Partition object at 0x7fd1f40072d0>]
  device: <parted.device.Device object at 0x7fd1f4000b10>
  PedDisk: <_ped.Disk object at 0x7fd1f4005560> ; type: disklabel ;
21:37:57 DEBUG   : OpticalDevice.teardown: sr0 ; status: True ;
21:37:57 DEBUG   : DiskLabel.resetPartedDisk: device: /dev/sda ;
21:37:57 DEBUG   : PartitionDevice.setup: sda1 ; status: True ;
21:37:57 DEBUG   : DiskDevice.setup: sda ; status: True ;
21:37:57 DEBUG   : DiskLabel.setup: device: /dev/sda ; status: parted.Disk instance --
  type: msdos  primaryPartitionCount: 3
  lastPartitionNumber: 3  maxPrimaryPartitionCount: 4
  partitions: [<parted.partition.Partition object at 0x7fd1ec2b7250>, <parted.partition.Partition object at 0x7fd1ec2b7090>, <parted.partition.Partition object at 0x7fd1ec2b7450>]
  device: <parted.device.Device object at 0x7fd1f4000d50>
  PedDisk: <_ped.Disk object at 0x7fd1f40055a8> ; type: disklabel ;
21:37:57 DEBUG   : PartitionDevice.unsetFlag: path: /dev/sda1 ; flag: 2 ; part: parted.Partition instance --
  disk: <parted.disk.Disk object at 0x7fd1f4000d10>  fileSystem: <parted.filesystem.FileSystem object at 0x7fd1ec2b7310>
  number: 1  path: /dev/sda1  type: 0
  name: None  active: True  busy: False
  geometry: <parted.geometry.Geometry object at 0x7fd1ec2b7290>  PedPartition: <_ped.Partition object at 0x7fd1ec2b56b0> ;
21:37:57 DEBUG   : PartitionDevice.flagAvailable: path: /dev/sda1 ; flag: 2 ; part: parted.Partition instance --
  disk: <parted.disk.Disk object at 0x7fd1f4000d10>  fileSystem: <parted.filesystem.FileSystem object at 0x7fd1ec2b7310>
  number: 1  path: /dev/sda1  type: 0
  name: None  active: True  busy: False
  geometry: <parted.geometry.Geometry object at 0x7fd1ec2b7290>  PedPartition: <_ped.Partition object at 0x7fd1ec2b56b0> ;
21:37:57 DEBUG   : PartitionDevice.unsetFlag: path: /dev/sda1 ; flag: 3 ; part: parted.Partition instance --
  disk: <parted.disk.Disk object at 0x7fd1f4000d10>  fileSystem: <parted.filesystem.FileSystem object at 0x7fd1ec2b7310>
  number: 1  path: /dev/sda1  type: 0
  name: None  active: True  busy: False
  geometry: <parted.geometry.Geometry object at 0x7fd1ec2b7290>  PedPartition: <_ped.Partition object at 0x7fd1ec2b56b0> ;
21:37:57 DEBUG   : PartitionDevice.flagAvailable: path: /dev/sda1 ; flag: 3 ; part: parted.Partition instance --
  disk: <parted.disk.Disk object at 0x7fd1f4000d10>  fileSystem: <parted.filesystem.FileSystem object at 0x7fd1ec2b7310>
  number: 1  path: /dev/sda1  type: 0
  name: None  active: True  busy: False
  geometry: <parted.geometry.Geometry object at 0x7fd1ec2b7290>  PedPartition: <_ped.Partition object at 0x7fd1ec2b56b0> ;
21:37:57 DEBUG   : PartitionDevice.unsetFlag: path: /dev/sda1 ; flag: 4 ; part: parted.Partition instance --
  disk: <parted.disk.Disk object at 0x7fd1f4000d10>  fileSystem: <parted.filesystem.FileSystem object at 0x7fd1ec2b7310>
  number: 1  path: /dev/sda1  type: 0
  name: None  active: True  busy: False
  geometry: <parted.geometry.Geometry object at 0x7fd1ec2b7290>  PedPartition: <_ped.Partition object at 0x7fd1ec2b56b0> ;
21:37:57 DEBUG   : PartitionDevice.flagAvailable: path: /dev/sda1 ; flag: 4 ; part: parted.Partition instance --
  disk: <parted.disk.Disk object at 0x7fd1f4000d10>  fileSystem: <parted.filesystem.FileSystem object at 0x7fd1ec2b7310>
  number: 1  path: /dev/sda1  type: 0
  name: None  active: True  busy: False
  geometry: <parted.geometry.Geometry object at 0x7fd1ec2b7290>  PedPartition: <_ped.Partition object at 0x7fd1ec2b56b0> ;
21:37:57 DEBUG   : PartitionDevice.unsetFlag: path: /dev/sda1 ; flag: 5 ; part: parted.Partition instance --
  disk: <parted.disk.Disk object at 0x7fd1f4000d10>  fileSystem: <parted.filesystem.FileSystem object at 0x7fd1ec2b7310>
  number: 1  path: /dev/sda1  type: 0
  name: None  active: True  busy: False
  geometry: <parted.geometry.Geometry object at 0x7fd1ec2b7290>  PedPartition: <_ped.Partition object at 0x7fd1ec2b56b0> ;
21:37:57 DEBUG   : PartitionDevice.flagAvailable: path: /dev/sda1 ; flag: 5 ; part: parted.Partition instance --
  disk: <parted.disk.Disk object at 0x7fd1f4000d10>  fileSystem: <parted.filesystem.FileSystem object at 0x7fd1ec2b7310>
  number: 1  path: /dev/sda1  type: 0
  name: None  active: True  busy: False
  geometry: <parted.geometry.Geometry object at 0x7fd1ec2b7290>  PedPartition: <_ped.Partition object at 0x7fd1ec2b56b0> ;
21:37:57 DEBUG   : PartitionDevice.unsetFlag: path: /dev/sda1 ; flag: 6 ; part: parted.Partition instance --
  disk: <parted.disk.Disk object at 0x7fd1f4000d10>  fileSystem: <parted.filesystem.FileSystem object at 0x7fd1ec2b7310>
  number: 1  path: /dev/sda1  type: 0
  name: None  active: True  busy: False
  geometry: <parted.geometry.Geometry object at 0x7fd1ec2b7290>  PedPartition: <_ped.Partition object at 0x7fd1ec2b56b0> ;
21:37:57 DEBUG   : PartitionDevice.flagAvailable: path: /dev/sda1 ; flag: 6 ; part: parted.Partition instance --
  disk: <parted.disk.Disk object at 0x7fd1f4000d10>  fileSystem: <parted.filesystem.FileSystem object at 0x7fd1ec2b7310>
  number: 1  path: /dev/sda1  type: 0
  name: None  active: True  busy: False
  geometry: <parted.geometry.Geometry object at 0x7fd1ec2b7290>  PedPartition: <_ped.Partition object at 0x7fd1ec2b56b0> ;
21:37:57 DEBUG   : PartitionDevice.unsetFlag: path: /dev/sda1 ; flag: 8 ; part: parted.Partition instance --
  disk: <parted.disk.Disk object at 0x7fd1f4000d10>  fileSystem: <parted.filesystem.FileSystem object at 0x7fd1ec2b7310>
  number: 1  path: /dev/sda1  type: 0
  name: None  active: True  busy: False
  geometry: <parted.geometry.Geometry object at 0x7fd1ec2b7290>  PedPartition: <_ped.Partition object at 0x7fd1ec2b56b0> ;
21:37:57 DEBUG   : PartitionDevice.flagAvailable: path: /dev/sda1 ; flag: 8 ; part: parted.Partition instance --
  disk: <parted.disk.Disk object at 0x7fd1f4000d10>  fileSystem: <parted.filesystem.FileSystem object at 0x7fd1ec2b7310>
  number: 1  path: /dev/sda1  type: 0
  name: None  active: True  busy: False
  geometry: <parted.geometry.Geometry object at 0x7fd1ec2b7290>  PedPartition: <_ped.Partition object at 0x7fd1ec2b56b0> ;
21:37:57 DEBUG   : PartitionDevice.unsetFlag: path: /dev/sda1 ; flag: 9 ; part: parted.Partition instance --
  disk: <parted.disk.Disk object at 0x7fd1f4000d10>  fileSystem: <parted.filesystem.FileSystem object at 0x7fd1ec2b7310>
  number: 1  path: /dev/sda1  type: 0
  name: None  active: True  busy: False
  geometry: <parted.geometry.Geometry object at 0x7fd1ec2b7290>  PedPartition: <_ped.Partition object at 0x7fd1ec2b56b0> ;
21:37:57 DEBUG   : PartitionDevice.flagAvailable: path: /dev/sda1 ; flag: 9 ; part: parted.Partition instance --
  disk: <parted.disk.Disk object at 0x7fd1f4000d10>  fileSystem: <parted.filesystem.FileSystem object at 0x7fd1ec2b7310>
  number: 1  path: /dev/sda1  type: 0
  name: None  active: True  busy: False
  geometry: <parted.geometry.Geometry object at 0x7fd1ec2b7290>  PedPartition: <_ped.Partition object at 0x7fd1ec2b56b0> ;
21:37:57 DEBUG   : PartitionDevice.unsetFlag: path: /dev/sda1 ; flag: 10 ; part: parted.Partition instance --
  disk: <parted.disk.Disk object at 0x7fd1f4000d10>  fileSystem: <parted.filesystem.FileSystem object at 0x7fd1ec2b7310>
  number: 1  path: /dev/sda1  type: 0
  name: None  active: True  busy: False
  geometry: <parted.geometry.Geometry object at 0x7fd1ec2b7290>  PedPartition: <_ped.Partition object at 0x7fd1ec2b56b0> ;
21:37:57 DEBUG   : PartitionDevice.flagAvailable: path: /dev/sda1 ; flag: 10 ; part: parted.Partition instance --
  disk: <parted.disk.Disk object at 0x7fd1f4000d10>  fileSystem: <parted.filesystem.FileSystem object at 0x7fd1ec2b7310>
  number: 1  path: /dev/sda1  type: 0
  name: None  active: True  busy: False
  geometry: <parted.geometry.Geometry object at 0x7fd1ec2b7290>  PedPartition: <_ped.Partition object at 0x7fd1ec2b56b0> ;
21:37:57 DEBUG   : PartitionDevice.unsetFlag: path: /dev/sda1 ; flag: 11 ; part: parted.Partition instance --
  disk: <parted.disk.Disk object at 0x7fd1f4000d10>  fileSystem: <parted.filesystem.FileSystem object at 0x7fd1ec2b7310>
  number: 1  path: /dev/sda1  type: 0
  name: None  active: True  busy: False
  geometry: <parted.geometry.Geometry object at 0x7fd1ec2b7290>  PedPartition: <_ped.Partition object at 0x7fd1ec2b56b0> ;
21:37:57 DEBUG   : PartitionDevice.flagAvailable: path: /dev/sda1 ; flag: 11 ; part: parted.Partition instance --
  disk: <parted.disk.Disk object at 0x7fd1f4000d10>  fileSystem: <parted.filesystem.FileSystem object at 0x7fd1ec2b7310>
  number: 1  path: /dev/sda1  type: 0
  name: None  active: True  busy: False
  geometry: <parted.geometry.Geometry object at 0x7fd1ec2b7290>  PedPartition: <_ped.Partition object at 0x7fd1ec2b56b0> ;
21:37:57 DEBUG   : PartitionDevice.unsetFlag: path: /dev/sda1 ; flag: 12 ; part: parted.Partition instance --
  disk: <parted.disk.Disk object at 0x7fd1f4000d10>  fileSystem: <parted.filesystem.FileSystem object at 0x7fd1ec2b7310>
  number: 1  path: /dev/sda1  type: 0
  name: None  active: True  busy: False
  geometry: <parted.geometry.Geometry object at 0x7fd1ec2b7290>  PedPartition: <_ped.Partition object at 0x7fd1ec2b56b0> ;
21:37:57 DEBUG   : PartitionDevice.flagAvailable: path: /dev/sda1 ; flag: 12 ; part: parted.Partition instance --
  disk: <parted.disk.Disk object at 0x7fd1f4000d10>  fileSystem: <parted.filesystem.FileSystem object at 0x7fd1ec2b7310>
  number: 1  path: /dev/sda1  type: 0
  name: None  active: True  busy: False
  geometry: <parted.geometry.Geometry object at 0x7fd1ec2b7290>  PedPartition: <_ped.Partition object at 0x7fd1ec2b56b0> ;
21:37:57 DEBUG   : PartitionDevice.unsetFlag: path: /dev/sda1 ; flag: 13 ; part: parted.Partition instance --
  disk: <parted.disk.Disk object at 0x7fd1f4000d10>  fileSystem: <parted.filesystem.FileSystem object at 0x7fd1ec2b7310>
  number: 1  path: /dev/sda1  type: 0
  name: None  active: True  busy: False
  geometry: <parted.geometry.Geometry object at 0x7fd1ec2b7290>  PedPartition: <_ped.Partition object at 0x7fd1ec2b56b0> ;
21:37:57 DEBUG   : PartitionDevice.flagAvailable: path: /dev/sda1 ; flag: 13 ; part: parted.Partition instance --
  disk: <parted.disk.Disk object at 0x7fd1f4000d10>  fileSystem: <parted.filesystem.FileSystem object at 0x7fd1ec2b7310>
  number: 1  path: /dev/sda1  type: 0
  name: None  active: True  busy: False
  geometry: <parted.geometry.Geometry object at 0x7fd1ec2b7290>  PedPartition: <_ped.Partition object at 0x7fd1ec2b56b0> ;
21:37:57 DEBUG   : Ext3FS.create: device: /dev/sda1 ; status: False ; type: ext3 ;
21:37:57 DEBUG   : Ext3FS.doFormat: device: /dev/sda1 ; mountpoint: /boot ; type: ext3 ;
21:37:58 DEBUG   : Ext3FS.notifyKernel: device: /dev/sda1 ; type: ext3 ;
21:37:58 DEBUG   : notifying kernel of 'change' event on device /sys/class/block/sda1
21:37:58 DEBUG   : PartitionDevice.updateSysfsPath: sda1 ; status: True ;
21:37:58 DEBUG   : PartitionDevice.updateSysfsPath: sda1 ; status: True ;
21:37:58 DEBUG   : PartitionDevice.setup: sda2 ; status: True ;
21:37:58 DEBUG   : DiskDevice.setup: sda ; status: True ;
21:37:58 DEBUG   : DiskLabel.setup: device: /dev/sda ; status: parted.Disk instance --
  type: msdos  primaryPartitionCount: 3
  lastPartitionNumber: 3  maxPrimaryPartitionCount: 4
  partitions: [<parted.partition.Partition object at 0x7fd1ec2b7610>, <parted.partition.Partition object at 0x7fd1ec2b7550>, <parted.partition.Partition object at 0x7fd1ec2b7990>]
  device: <parted.device.Device object at 0x7fd1f4000d50>
  PedDisk: <_ped.Disk object at 0x7fd1f40055a8> ; type: disklabel ;
21:37:58 DEBUG   : PartitionDevice.unsetFlag: path: /dev/sda2 ; flag: 2 ; part: parted.Partition instance --
  disk: <parted.disk.Disk object at 0x7fd1f4000d10>  fileSystem: <parted.filesystem.FileSystem object at 0x7fd1ec2b7890>
  number: 2  path: /dev/sda2  type: 0
  name: None  active: True  busy: False
  geometry: <parted.geometry.Geometry object at 0x7fd1ec2b7590>  PedPartition: <_ped.Partition object at 0x7fd1ec2b5770> ;
21:37:58 DEBUG   : PartitionDevice.flagAvailable: path: /dev/sda2 ; flag: 2 ; part: parted.Partition instance --
  disk: <parted.disk.Disk object at 0x7fd1f4000d10>  fileSystem: <parted.filesystem.FileSystem object at 0x7fd1ec2b7890>
  number: 2  path: /dev/sda2  type: 0
  name: None  active: True  busy: False
  geometry: <parted.geometry.Geometry object at 0x7fd1ec2b7590>  PedPartition: <_ped.Partition object at 0x7fd1ec2b5770> ;
21:37:58 DEBUG   : PartitionDevice.unsetFlag: path: /dev/sda2 ; flag: 4 ; part: parted.Partition instance --
  disk: <parted.disk.Disk object at 0x7fd1f4000d10>  fileSystem: <parted.filesystem.FileSystem object at 0x7fd1ec2b7890>
  number: 2  path: /dev/sda2  type: 0
  name: None  active: True  busy: False
  geometry: <parted.geometry.Geometry object at 0x7fd1ec2b7590>  PedPartition: <_ped.Partition object at 0x7fd1ec2b5770> ;
21:37:58 DEBUG   : PartitionDevice.flagAvailable: path: /dev/sda2 ; flag: 4 ; part: parted.Partition instance --
  disk: <parted.disk.Disk object at 0x7fd1f4000d10>  fileSystem: <parted.filesystem.FileSystem object at 0x7fd1ec2b7890>
  number: 2  path: /dev/sda2  type: 0
  name: None  active: True  busy: False
  geometry: <parted.geometry.Geometry object at 0x7fd1ec2b7590>  PedPartition: <_ped.Partition object at 0x7fd1ec2b5770> ;
21:37:58 DEBUG   : PartitionDevice.unsetFlag: path: /dev/sda2 ; flag: 5 ; part: parted.Partition instance --
  disk: <parted.disk.Disk object at 0x7fd1f4000d10>  fileSystem: <parted.filesystem.FileSystem object at 0x7fd1ec2b7890>
  number: 2  path: /dev/sda2  type: 0
  name: None  active: True  busy: False
  geometry: <parted.geometry.Geometry object at 0x7fd1ec2b7590>  PedPartition: <_ped.Partition object at 0x7fd1ec2b5770> ;
21:37:58 DEBUG   : PartitionDevice.flagAvailable: path: /dev/sda2 ; flag: 5 ; part: parted.Partition instance --
  disk: <parted.disk.Disk object at 0x7fd1f4000d10>  fileSystem: <parted.filesystem.FileSystem object at 0x7fd1ec2b7890>
  number: 2  path: /dev/sda2  type: 0
  name: None  active: True  busy: False
  geometry: <parted.geometry.Geometry object at 0x7fd1ec2b7590>  PedPartition: <_ped.Partition object at 0x7fd1ec2b5770> ;
21:37:58 DEBUG   : PartitionDevice.unsetFlag: path: /dev/sda2 ; flag: 6 ; part: parted.Partition instance --
  disk: <parted.disk.Disk object at 0x7fd1f4000d10>  fileSystem: <parted.filesystem.FileSystem object at 0x7fd1ec2b7890>
  number: 2  path: /dev/sda2  type: 0
  name: None  active: True  busy: False
  geometry: <parted.geometry.Geometry object at 0x7fd1ec2b7590>  PedPartition: <_ped.Partition object at 0x7fd1ec2b5770> ;
21:37:58 DEBUG   : PartitionDevice.flagAvailable: path: /dev/sda2 ; flag: 6 ; part: parted.Partition instance --
  disk: <parted.disk.Disk object at 0x7fd1f4000d10>  fileSystem: <parted.filesystem.FileSystem object at 0x7fd1ec2b7890>
  number: 2  path: /dev/sda2  type: 0
  name: None  active: True  busy: False
  geometry: <parted.geometry.Geometry object at 0x7fd1ec2b7590>  PedPartition: <_ped.Partition object at 0x7fd1ec2b5770> ;
21:37:58 DEBUG   : PartitionDevice.unsetFlag: path: /dev/sda2 ; flag: 8 ; part: parted.Partition instance --
  disk: <parted.disk.Disk object at 0x7fd1f4000d10>  fileSystem: <parted.filesystem.FileSystem object at 0x7fd1ec2b7890>
  number: 2  path: /dev/sda2  type: 0
  name: None  active: True  busy: False
  geometry: <parted.geometry.Geometry object at 0x7fd1ec2b7590>  PedPartition: <_ped.Partition object at 0x7fd1ec2b5770> ;
21:37:58 DEBUG   : PartitionDevice.flagAvailable: path: /dev/sda2 ; flag: 8 ; part: parted.Partition instance --
  disk: <parted.disk.Disk object at 0x7fd1f4000d10>  fileSystem: <parted.filesystem.FileSystem object at 0x7fd1ec2b7890>
  number: 2  path: /dev/sda2  type: 0
  name: None  active: True  busy: False
  geometry: <parted.geometry.Geometry object at 0x7fd1ec2b7590>  PedPartition: <_ped.Partition object at 0x7fd1ec2b5770> ;
21:37:58 DEBUG   : PartitionDevice.unsetFlag: path: /dev/sda2 ; flag: 9 ; part: parted.Partition instance --
  disk: <parted.disk.Disk object at 0x7fd1f4000d10>  fileSystem: <parted.filesystem.FileSystem object at 0x7fd1ec2b7890>
  number: 2  path: /dev/sda2  type: 0
  name: None  active: True  busy: False
  geometry: <parted.geometry.Geometry object at 0x7fd1ec2b7590>  PedPartition: <_ped.Partition object at 0x7fd1ec2b5770> ;
21:37:58 DEBUG   : PartitionDevice.flagAvailable: path: /dev/sda2 ; flag: 9 ; part: parted.Partition instance --
  disk: <parted.disk.Disk object at 0x7fd1f4000d10>  fileSystem: <parted.filesystem.FileSystem object at 0x7fd1ec2b7890>
  number: 2  path: /dev/sda2  type: 0
  name: None  active: True  busy: False
  geometry: <parted.geometry.Geometry object at 0x7fd1ec2b7590>  PedPartition: <_ped.Partition object at 0x7fd1ec2b5770> ;
21:37:58 DEBUG   : PartitionDevice.unsetFlag: path: /dev/sda2 ; flag: 10 ; part: parted.Partition instance --
  disk: <parted.disk.Disk object at 0x7fd1f4000d10>  fileSystem: <parted.filesystem.FileSystem object at 0x7fd1ec2b7890>
  number: 2  path: /dev/sda2  type: 0
  name: None  active: True  busy: False
  geometry: <parted.geometry.Geometry object at 0x7fd1ec2b7590>  PedPartition: <_ped.Partition object at 0x7fd1ec2b5770> ;
21:37:58 DEBUG   : PartitionDevice.flagAvailable: path: /dev/sda2 ; flag: 10 ; part: parted.Partition instance --
  disk: <parted.disk.Disk object at 0x7fd1f4000d10>  fileSystem: <parted.filesystem.FileSystem object at 0x7fd1ec2b7890>
  number: 2  path: /dev/sda2  type: 0
  name: None  active: True  busy: False
  geometry: <parted.geometry.Geometry object at 0x7fd1ec2b7590>  PedPartition: <_ped.Partition object at 0x7fd1ec2b5770> ;
21:37:58 DEBUG   : PartitionDevice.unsetFlag: path: /dev/sda2 ; flag: 11 ; part: parted.Partition instance --
  disk: <parted.disk.Disk object at 0x7fd1f4000d10>  fileSystem: <parted.filesystem.FileSystem object at 0x7fd1ec2b7890>
  number: 2  path: /dev/sda2  type: 0
  name: None  active: True  busy: False
  geometry: <parted.geometry.Geometry object at 0x7fd1ec2b7590>  PedPartition: <_ped.Partition object at 0x7fd1ec2b5770> ;
21:37:58 DEBUG   : PartitionDevice.flagAvailable: path: /dev/sda2 ; flag: 11 ; part: parted.Partition instance --
  disk: <parted.disk.Disk object at 0x7fd1f4000d10>  fileSystem: <parted.filesystem.FileSystem object at 0x7fd1ec2b7890>
  number: 2  path: /dev/sda2  type: 0
  name: None  active: True  busy: False
  geometry: <parted.geometry.Geometry object at 0x7fd1ec2b7590>  PedPartition: <_ped.Partition object at 0x7fd1ec2b5770> ;
21:37:58 DEBUG   : PartitionDevice.unsetFlag: path: /dev/sda2 ; flag: 12 ; part: parted.Partition instance --
  disk: <parted.disk.Disk object at 0x7fd1f4000d10>  fileSystem: <parted.filesystem.FileSystem object at 0x7fd1ec2b7890>
  number: 2  path: /dev/sda2  type: 0
  name: None  active: True  busy: False
  geometry: <parted.geometry.Geometry object at 0x7fd1ec2b7590>  PedPartition: <_ped.Partition object at 0x7fd1ec2b5770> ;
21:37:58 DEBUG   : PartitionDevice.flagAvailable: path: /dev/sda2 ; flag: 12 ; part: parted.Partition instance --
  disk: <parted.disk.Disk object at 0x7fd1f4000d10>  fileSystem: <parted.filesystem.FileSystem object at 0x7fd1ec2b7890>
  number: 2  path: /dev/sda2  type: 0
  name: None  active: True  busy: False
  geometry: <parted.geometry.Geometry object at 0x7fd1ec2b7590>  PedPartition: <_ped.Partition object at 0x7fd1ec2b5770> ;
21:37:58 DEBUG   : PartitionDevice.unsetFlag: path: /dev/sda2 ; flag: 13 ; part: parted.Partition instance --
  disk: <parted.disk.Disk object at 0x7fd1f4000d10>  fileSystem: <parted.filesystem.FileSystem object at 0x7fd1ec2b7890>
  number: 2  path: /dev/sda2  type: 0
  name: None  active: True  busy: False
  geometry: <parted.geometry.Geometry object at 0x7fd1ec2b7590>  PedPartition: <_ped.Partition object at 0x7fd1ec2b5770> ;
21:37:58 DEBUG   : PartitionDevice.flagAvailable: path: /dev/sda2 ; flag: 13 ; part: parted.Partition instance --
  disk: <parted.disk.Disk object at 0x7fd1f4000d10>  fileSystem: <parted.filesystem.FileSystem object at 0x7fd1ec2b7890>
  number: 2  path: /dev/sda2  type: 0
  name: None  active: True  busy: False
  geometry: <parted.geometry.Geometry object at 0x7fd1ec2b7590>  PedPartition: <_ped.Partition object at 0x7fd1ec2b5770> ;
21:37:58 DEBUG   : PartitionDevice.setFlag: path: /dev/sda2 ; flag: 3 ; part: parted.Partition instance --
  disk: <parted.disk.Disk object at 0x7fd1f4000d10>  fileSystem: <parted.filesystem.FileSystem object at 0x7fd1ec2b7890>
  number: 2  path: /dev/sda2  type: 0
  name: None  active: True  busy: False
  geometry: <parted.geometry.Geometry object at 0x7fd1ec2b7590>  PedPartition: <_ped.Partition object at 0x7fd1ec2b5770> ;
21:37:58 DEBUG   : PartitionDevice.flagAvailable: path: /dev/sda2 ; flag: 3 ; part: parted.Partition instance --
  disk: <parted.disk.Disk object at 0x7fd1f4000d10>  fileSystem: <parted.filesystem.FileSystem object at 0x7fd1ec2b7890>
  number: 2  path: /dev/sda2  type: 0
  name: None  active: True  busy: False
  geometry: <parted.geometry.Geometry object at 0x7fd1ec2b7590>  PedPartition: <_ped.Partition object at 0x7fd1ec2b5770> ;
21:37:58 DEBUG   : SwapSpace.create: device: /dev/sda2 ; status: None ; type: swap ;
21:37:58 DEBUG   : SwapSpace.create: device: /dev/sda2 ; status: None ; type: swap ;
21:37:58 DEBUG   : PartitionDevice.updateSysfsPath: sda2 ; status: True ;
21:37:58 DEBUG   : PartitionDevice.updateSysfsPath: sda2 ; status: True ;
21:37:58 DEBUG   : PartitionDevice.setup: sda3 ; status: True ;
21:37:58 DEBUG   : DiskDevice.setup: sda ; status: True ;
21:37:58 DEBUG   : DiskLabel.setup: device: /dev/sda ; status: parted.Disk instance --
  type: msdos  primaryPartitionCount: 3
  lastPartitionNumber: 3  maxPrimaryPartitionCount: 4
  partitions: [<parted.partition.Partition object at 0x7fd1ec2b7510>, <parted.partition.Partition object at 0x7fd1ec2b7490>, <parted.partition.Partition object at 0x7fd1ec2b7ad0>]
  device: <parted.device.Device object at 0x7fd1f4000d50>
  PedDisk: <_ped.Disk object at 0x7fd1f40055a8> ; type: disklabel ;
21:37:58 DEBUG   : PartitionDevice.unsetFlag: path: /dev/sda3 ; flag: 2 ; part: parted.Partition instance --
  disk: <parted.disk.Disk object at 0x7fd1f4000d10>  fileSystem: <parted.filesystem.FileSystem object at 0x7fd1ec2b7c10>
  number: 3  path: /dev/sda3  type: 0
  name: None  active: True  busy: False
  geometry: <parted.geometry.Geometry object at 0x7fd1ec2b7b90>  PedPartition: <_ped.Partition object at 0x7fd1ec2b5890> ;
21:37:58 DEBUG   : PartitionDevice.flagAvailable: path: /dev/sda3 ; flag: 2 ; part: parted.Partition instance --
  disk: <parted.disk.Disk object at 0x7fd1f4000d10>  fileSystem: <parted.filesystem.FileSystem object at 0x7fd1ec2b7c10>
  number: 3  path: /dev/sda3  type: 0
  name: None  active: True  busy: False
  geometry: <parted.geometry.Geometry object at 0x7fd1ec2b7b90>  PedPartition: <_ped.Partition object at 0x7fd1ec2b5890> ;
21:37:58 DEBUG   : PartitionDevice.unsetFlag: path: /dev/sda3 ; flag: 3 ; part: parted.Partition instance --
  disk: <parted.disk.Disk object at 0x7fd1f4000d10>  fileSystem: <parted.filesystem.FileSystem object at 0x7fd1ec2b7c10>
  number: 3  path: /dev/sda3  type: 0
  name: None  active: True  busy: False
  geometry: <parted.geometry.Geometry object at 0x7fd1ec2b7b90>  PedPartition: <_ped.Partition object at 0x7fd1ec2b5890> ;
21:37:58 DEBUG   : PartitionDevice.flagAvailable: path: /dev/sda3 ; flag: 3 ; part: parted.Partition instance --
  disk: <parted.disk.Disk object at 0x7fd1f4000d10>  fileSystem: <parted.filesystem.FileSystem object at 0x7fd1ec2b7c10>
  number: 3  path: /dev/sda3  type: 0
  name: None  active: True  busy: False
  geometry: <parted.geometry.Geometry object at 0x7fd1ec2b7b90>  PedPartition: <_ped.Partition object at 0x7fd1ec2b5890> ;
21:37:58 DEBUG   : PartitionDevice.unsetFlag: path: /dev/sda3 ; flag: 4 ; part: parted.Partition instance --
  disk: <parted.disk.Disk object at 0x7fd1f4000d10>  fileSystem: <parted.filesystem.FileSystem object at 0x7fd1ec2b7c10>
  number: 3  path: /dev/sda3  type: 0
  name: None  active: True  busy: False
  geometry: <parted.geometry.Geometry object at 0x7fd1ec2b7b90>  PedPartition: <_ped.Partition object at 0x7fd1ec2b5890> ;
21:37:58 DEBUG   : PartitionDevice.flagAvailable: path: /dev/sda3 ; flag: 4 ; part: parted.Partition instance --
  disk: <parted.disk.Disk object at 0x7fd1f4000d10>  fileSystem: <parted.filesystem.FileSystem object at 0x7fd1ec2b7c10>
  number: 3  path: /dev/sda3  type: 0
  name: None  active: True  busy: False
  geometry: <parted.geometry.Geometry object at 0x7fd1ec2b7b90>  PedPartition: <_ped.Partition object at 0x7fd1ec2b5890> ;
21:37:58 DEBUG   : PartitionDevice.unsetFlag: path: /dev/sda3 ; flag: 5 ; part: parted.Partition instance --
  disk: <parted.disk.Disk object at 0x7fd1f4000d10>  fileSystem: <parted.filesystem.FileSystem object at 0x7fd1ec2b7c10>
  number: 3  path: /dev/sda3  type: 0
  name: None  active: True  busy: False
  geometry: <parted.geometry.Geometry object at 0x7fd1ec2b7b90>  PedPartition: <_ped.Partition object at 0x7fd1ec2b5890> ;
21:37:58 DEBUG   : PartitionDevice.flagAvailable: path: /dev/sda3 ; flag: 5 ; part: parted.Partition instance --
  disk: <parted.disk.Disk object at 0x7fd1f4000d10>  fileSystem: <parted.filesystem.FileSystem object at 0x7fd1ec2b7c10>
  number: 3  path: /dev/sda3  type: 0
  name: None  active: True  busy: False
  geometry: <parted.geometry.Geometry object at 0x7fd1ec2b7b90>  PedPartition: <_ped.Partition object at 0x7fd1ec2b5890> ;
21:37:58 DEBUG   : PartitionDevice.unsetFlag: path: /dev/sda3 ; flag: 6 ; part: parted.Partition instance --
  disk: <parted.disk.Disk object at 0x7fd1f4000d10>  fileSystem: <parted.filesystem.FileSystem object at 0x7fd1ec2b7c10>
  number: 3  path: /dev/sda3  type: 0
  name: None  active: True  busy: False
  geometry: <parted.geometry.Geometry object at 0x7fd1ec2b7b90>  PedPartition: <_ped.Partition object at 0x7fd1ec2b5890> ;
21:37:58 DEBUG   : PartitionDevice.flagAvailable: path: /dev/sda3 ; flag: 6 ; part: parted.Partition instance --
  disk: <parted.disk.Disk object at 0x7fd1f4000d10>  fileSystem: <parted.filesystem.FileSystem object at 0x7fd1ec2b7c10>
  number: 3  path: /dev/sda3  type: 0
  name: None  active: True  busy: False
  geometry: <parted.geometry.Geometry object at 0x7fd1ec2b7b90>  PedPartition: <_ped.Partition object at 0x7fd1ec2b5890> ;
21:37:58 DEBUG   : PartitionDevice.unsetFlag: path: /dev/sda3 ; flag: 8 ; part: parted.Partition instance --
  disk: <parted.disk.Disk object at 0x7fd1f4000d10>  fileSystem: <parted.filesystem.FileSystem object at 0x7fd1ec2b7c10>
  number: 3  path: /dev/sda3  type: 0
  name: None  active: True  busy: False
  geometry: <parted.geometry.Geometry object at 0x7fd1ec2b7b90>  PedPartition: <_ped.Partition object at 0x7fd1ec2b5890> ;
21:37:58 DEBUG   : PartitionDevice.flagAvailable: path: /dev/sda3 ; flag: 8 ; part: parted.Partition instance --
  disk: <parted.disk.Disk object at 0x7fd1f4000d10>  fileSystem: <parted.filesystem.FileSystem object at 0x7fd1ec2b7c10>
  number: 3  path: /dev/sda3  type: 0
  name: None  active: True  busy: False
  geometry: <parted.geometry.Geometry object at 0x7fd1ec2b7b90>  PedPartition: <_ped.Partition object at 0x7fd1ec2b5890> ;
21:37:58 DEBUG   : PartitionDevice.unsetFlag: path: /dev/sda3 ; flag: 9 ; part: parted.Partition instance --
  disk: <parted.disk.Disk object at 0x7fd1f4000d10>  fileSystem: <parted.filesystem.FileSystem object at 0x7fd1ec2b7c10>
  number: 3  path: /dev/sda3  type: 0
  name: None  active: True  busy: False
  geometry: <parted.geometry.Geometry object at 0x7fd1ec2b7b90>  PedPartition: <_ped.Partition object at 0x7fd1ec2b5890> ;
21:37:58 DEBUG   : PartitionDevice.flagAvailable: path: /dev/sda3 ; flag: 9 ; part: parted.Partition instance --
  disk: <parted.disk.Disk object at 0x7fd1f4000d10>  fileSystem: <parted.filesystem.FileSystem object at 0x7fd1ec2b7c10>
  number: 3  path: /dev/sda3  type: 0
  name: None  active: True  busy: False
  geometry: <parted.geometry.Geometry object at 0x7fd1ec2b7b90>  PedPartition: <_ped.Partition object at 0x7fd1ec2b5890> ;
21:37:58 DEBUG   : PartitionDevice.unsetFlag: path: /dev/sda3 ; flag: 10 ; part: parted.Partition instance --
  disk: <parted.disk.Disk object at 0x7fd1f4000d10>  fileSystem: <parted.filesystem.FileSystem object at 0x7fd1ec2b7c10>
  number: 3  path: /dev/sda3  type: 0
  name: None  active: True  busy: False
  geometry: <parted.geometry.Geometry object at 0x7fd1ec2b7b90>  PedPartition: <_ped.Partition object at 0x7fd1ec2b5890> ;
21:37:58 DEBUG   : PartitionDevice.flagAvailable: path: /dev/sda3 ; flag: 10 ; part: parted.Partition instance --
  disk: <parted.disk.Disk object at 0x7fd1f4000d10>  fileSystem: <parted.filesystem.FileSystem object at 0x7fd1ec2b7c10>
  number: 3  path: /dev/sda3  type: 0
  name: None  active: True  busy: False
  geometry: <parted.geometry.Geometry object at 0x7fd1ec2b7b90>  PedPartition: <_ped.Partition object at 0x7fd1ec2b5890> ;
21:37:58 DEBUG   : PartitionDevice.unsetFlag: path: /dev/sda3 ; flag: 11 ; part: parted.Partition instance --
  disk: <parted.disk.Disk object at 0x7fd1f4000d10>  fileSystem: <parted.filesystem.FileSystem object at 0x7fd1ec2b7c10>
  number: 3  path: /dev/sda3  type: 0
  name: None  active: True  busy: False
  geometry: <parted.geometry.Geometry object at 0x7fd1ec2b7b90>  PedPartition: <_ped.Partition object at 0x7fd1ec2b5890> ;
21:37:58 DEBUG   : PartitionDevice.flagAvailable: path: /dev/sda3 ; flag: 11 ; part: parted.Partition instance --
  disk: <parted.disk.Disk object at 0x7fd1f4000d10>  fileSystem: <parted.filesystem.FileSystem object at 0x7fd1ec2b7c10>
  number: 3  path: /dev/sda3  type: 0
  name: None  active: True  busy: False
  geometry: <parted.geometry.Geometry object at 0x7fd1ec2b7b90>  PedPartition: <_ped.Partition object at 0x7fd1ec2b5890> ;
21:37:58 DEBUG   : PartitionDevice.unsetFlag: path: /dev/sda3 ; flag: 12 ; part: parted.Partition instance --
  disk: <parted.disk.Disk object at 0x7fd1f4000d10>  fileSystem: <parted.filesystem.FileSystem object at 0x7fd1ec2b7c10>
  number: 3  path: /dev/sda3  type: 0
  name: None  active: True  busy: False
  geometry: <parted.geometry.Geometry object at 0x7fd1ec2b7b90>  PedPartition: <_ped.Partition object at 0x7fd1ec2b5890> ;
21:37:58 DEBUG   : PartitionDevice.flagAvailable: path: /dev/sda3 ; flag: 12 ; part: parted.Partition instance --
  disk: <parted.disk.Disk object at 0x7fd1f4000d10>  fileSystem: <parted.filesystem.FileSystem object at 0x7fd1ec2b7c10>
  number: 3  path: /dev/sda3  type: 0
  name: None  active: True  busy: False
  geometry: <parted.geometry.Geometry object at 0x7fd1ec2b7b90>  PedPartition: <_ped.Partition object at 0x7fd1ec2b5890> ;
21:37:58 DEBUG   : PartitionDevice.unsetFlag: path: /dev/sda3 ; flag: 13 ; part: parted.Partition instance --
  disk: <parted.disk.Disk object at 0x7fd1f4000d10>  fileSystem: <parted.filesystem.FileSystem object at 0x7fd1ec2b7c10>
  number: 3  path: /dev/sda3  type: 0
  name: None  active: True  busy: False
  geometry: <parted.geometry.Geometry object at 0x7fd1ec2b7b90>  PedPartition: <_ped.Partition object at 0x7fd1ec2b5890> ;
21:37:58 DEBUG   : PartitionDevice.flagAvailable: path: /dev/sda3 ; flag: 13 ; part: parted.Partition instance --
  disk: <parted.disk.Disk object at 0x7fd1f4000d10>  fileSystem: <parted.filesystem.FileSystem object at 0x7fd1ec2b7c10>
  number: 3  path: /dev/sda3  type: 0
  name: None  active: True  busy: False
  geometry: <parted.geometry.Geometry object at 0x7fd1ec2b7b90>  PedPartition: <_ped.Partition object at 0x7fd1ec2b5890> ;
21:37:58 DEBUG   : Ext3FS.create: device: /dev/sda3 ; status: False ; type: ext3 ;
21:37:58 DEBUG   : Ext3FS.doFormat: device: /dev/sda3 ; mountpoint: / ; type: ext3 ;
21:38:16 DEBUG   : Ext3FS.notifyKernel: device: /dev/sda3 ; type: ext3 ;
21:38:16 DEBUG   : notifying kernel of 'change' event on device /sys/class/block/sda3
21:38:16 DEBUG   : PartitionDevice.updateSysfsPath: sda3 ; status: True ;
21:38:16 DEBUG   : PartitionDevice.updateSysfsPath: sda3 ; status: True ;
21:38:16 DEBUG   : PartitionDevice.flagAvailable: path: /dev/sda1 ; flag: 1 ; part: parted.Partition instance --
  disk: <parted.disk.Disk object at 0x7fd1f4000d10>  fileSystem: <parted.filesystem.FileSystem object at 0x7fd1ec2b7310>
  number: 1  path: /dev/sda1  type: 0
  name: None  active: True  busy: False
  geometry: <parted.geometry.Geometry object at 0x7fd1ec2b7290>  PedPartition: <_ped.Partition object at 0x7fd1ec2b56b0> ;
21:38:16 DEBUG   : PartitionDevice.setFlag: path: /dev/sda1 ; flag: 1 ; part: parted.Partition instance --
  disk: <parted.disk.Disk object at 0x7fd1f4000d10>  fileSystem: <parted.filesystem.FileSystem object at 0x7fd1ec2b7310>
  number: 1  path: /dev/sda1  type: 0
  name: None  active: True  busy: False
  geometry: <parted.geometry.Geometry object at 0x7fd1ec2b7290>  PedPartition: <_ped.Partition object at 0x7fd1ec2b56b0> ;
21:38:16 DEBUG   : PartitionDevice.flagAvailable: path: /dev/sda1 ; flag: 1 ; part: parted.Partition instance --
  disk: <parted.disk.Disk object at 0x7fd1f4000d10>  fileSystem: <parted.filesystem.FileSystem object at 0x7fd1ec2b7310>
  number: 1  path: /dev/sda1  type: 0
  name: None  active: True  busy: False
  geometry: <parted.geometry.Geometry object at 0x7fd1ec2b7290>  PedPartition: <_ped.Partition object at 0x7fd1ec2b56b0> ;
21:38:16 DEBUG   : DiskDevice.setup: sda ; status: True ;
21:38:16 DEBUG   : PartitionDevice.setup: sda2 ; status: True ;
21:38:16 DEBUG   : DiskDevice.setup: sda ; status: True ;
21:38:16 DEBUG   : DiskLabel.setup: device: /dev/sda ; status: parted.Disk instance --
  type: msdos  primaryPartitionCount: 3
  lastPartitionNumber: 3  maxPrimaryPartitionCount: 4
  partitions: [<parted.partition.Partition object at 0x7fd1ec2b7610>, <parted.partition.Partition object at 0x7fd1ec2b7790>, <parted.partition.Partition object at 0x7fd1ec2b7c90>]
  device: <parted.device.Device object at 0x7fd1f4000d50>
  PedDisk: <_ped.Disk object at 0x7fd1f40055a8> ; type: disklabel ;
21:38:16 DEBUG   : SwapSpace.setup: device: /dev/sda2 ; status: False ; type: swap ;
21:38:16 DEBUG   : SwapSpace.setup: device: /dev/sda2 ; status: False ; type: swap ;
21:38:16 DEBUG   : BindFS.supported: supported: False ;
21:38:16 DEBUG   : DirectoryDevice._setFormat: /dev ; current: None ; type: bind ;
21:38:16 DEBUG   : TmpFS.supported: supported: False ;
21:38:16 DEBUG   : NoDevice._setFormat: tmpfs ; current: None ; type: tmpfs ;
21:38:16 DEBUG   : DevPtsFS.supported: supported: False ;
21:38:16 DEBUG   : NoDevice._setFormat: devpts ; current: None ; type: devpts ;
21:38:16 DEBUG   : SysFS.supported: supported: False ;
21:38:16 DEBUG   : NoDevice._setFormat: sysfs ; current: None ; type: sysfs ;
21:38:16 DEBUG   : ProcFS.supported: supported: False ;
21:38:16 DEBUG   : NoDevice._setFormat: proc ; current: None ; type: proc ;
21:38:16 DEBUG   : PartitionDevice.setup: sda3 ; status: True ;
21:38:16 DEBUG   : DiskDevice.setup: sda ; status: True ;
21:38:16 DEBUG   : DiskLabel.setup: device: /dev/sda ; status: parted.Disk instance --
  type: msdos  primaryPartitionCount: 3
  lastPartitionNumber: 3  maxPrimaryPartitionCount: 4
  partitions: [<parted.partition.Partition object at 0x7fd1ec2b7610>, <parted.partition.Partition object at 0x7fd1ec2b7790>, <parted.partition.Partition object at 0x7fd1ec2b7c90>]
  device: <parted.device.Device object at 0x7fd1f4000d50>
  PedDisk: <_ped.Disk object at 0x7fd1f40055a8> ; type: disklabel ;
21:38:16 DEBUG   : isys.py:mount()- going to mount /dev/sda3 on /mnt/sysimage as ext3 with options defaults
21:38:16 DEBUG   : PartitionDevice.setup: sda1 ; status: True ;
21:38:16 DEBUG   : DiskDevice.setup: sda ; status: True ;
21:38:16 DEBUG   : DiskLabel.setup: device: /dev/sda ; status: parted.Disk instance --
  type: msdos  primaryPartitionCount: 3
  lastPartitionNumber: 3  maxPrimaryPartitionCount: 4
  partitions: [<parted.partition.Partition object at 0x7fd1ec2b7610>, <parted.partition.Partition object at 0x7fd1ec2b7790>, <parted.partition.Partition object at 0x7fd1ec2b7c90>]
  device: <parted.device.Device object at 0x7fd1f4000d50>
  PedDisk: <_ped.Disk object at 0x7fd1f40055a8> ; type: disklabel ;
21:38:16 DEBUG   : isys.py:mount()- going to mount /dev/sda1 on /mnt/sysimage/boot as ext3 with options defaults
21:38:16 DEBUG   : DirectoryDevice.setup: /dev ; status: True ;
21:38:16 DEBUG   : isys.py:mount()- going to mount //dev on /mnt/sysimage/dev as bind with options defaults,bind
21:38:16 DEBUG   : NoDevice.setup: devpts ; status: False ;
21:38:16 DEBUG   : isys.py:mount()- going to mount devpts on /mnt/sysimage/dev/pts as devpts with options gid=5,mode=620
21:38:16 DEBUG   : NoDevice.setup: tmpfs ; status: False ;
21:38:16 DEBUG   : isys.py:mount()- going to mount tmpfs on /mnt/sysimage/dev/shm as tmpfs with options defaults
21:38:16 DEBUG   : NoDevice.setup: proc ; status: False ;
21:38:16 DEBUG   : isys.py:mount()- going to mount proc on /mnt/sysimage/proc as proc with options defaults
21:38:16 DEBUG   : NoDevice.setup: sysfs ; status: False ;
21:38:16 DEBUG   : isys.py:mount()- going to mount sysfs on /mnt/sysimage/sys as sysfs with options defaults
21:38:16 INFO    : moving (1) to step bootloadersetup
21:38:19 INFO    : moving (1) to step bootloader
21:38:26 INFO    : moving (1) to step reposetup
21:38:26 DEBUG   : isys.py:mount()- going to mount /dev/sr0 on /mnt/source as iso9660 with options ro
21:38:26 INFO    : found installation media on sr0
21:38:27 INFO    : set mediaid of repo InstallationRepo to: 1257725234.740991
21:38:30 INFO    : moving (1) to step tasksel
21:40:37 INFO    : added (UI) repository Fedora 12 - x86_64 with source URL https://mirrors.fedoraproject.org/metalink?repo=fedora-12&arch=x86_64, id:fedora
21:40:44 INFO    : added group information for repository Fedora 12 - x86_64
21:41:10 INFO    : added (UI) repository Fedora 12 - x86_64 - Updates with source URL https://mirrors.fedoraproject.org/metalink?repo=updates-released-f12&arch=x86_64, id:updates
21:41:10 INFO    : added group information for repository Fedora 12 - x86_64 - Updates
21:41:15 INFO    : moving (1) to step basepkgsel
21:41:17 INFO    : moving (1) to step group-selection
21:46:11 INFO    : moving (1) to step postselection
21:46:11 INFO    : selected kernel package for kernel
21:46:11 DEBUG   : selecting kernel-devel
21:50:22 INFO    : moving (1) to step reipl
21:50:22 INFO    : moving (1) to step install
21:50:22 INFO    : moving (1) to step preinstallconfig
21:50:22 DEBUG   : isys.py:mount()- going to mount /selinux on /mnt/sysimage/selinux as selinuxfs with options defaults
21:50:22 INFO    : moving (1) to step installpackages
21:50:22 INFO    : Preparing to install packages
21:56:09 WARNING : /usr/lib/anaconda/iw/progress_gui.py:67: GtkWarning: Failed to set text from markup due to error parsing markup: Error on line 2 char 32: Element 'markup' was closed, but the currently open element is 'NAME'
  self.infolabel.set_markup(txt)

22:07:54 WARNING : Try 1/10 for http://mirror.cse.iitk.ac.in/fedora-archive/fedora/linux/releases/12/Everything/x86_64/os/Packages/xorg-x11-docs-1.3-6.fc12.noarch.rpm failed: [Errno 14] HTTP Error 200 : http://mirror.cse.iitk.ac.in/fedora-archive/fedora/linux/releases/12/Everything/x86_64/os/Packages/xorg-x11-docs-1.3-6.fc12.noarch.rpm 
22:07:54 WARNING : Failed to get http://mirror.cse.iitk.ac.in/fedora-archive/fedora/linux/releases/12/Everything/x86_64/os/Packages/xorg-x11-docs-1.3-6.fc12.noarch.rpm from mirror 1/8, or downloaded file is corrupt
22:07:54 DEBUG   : OpticalDevice.mediaPresent: sr0 ; status: True ;
22:07:54 DEBUG   : isys.py:umount()- going to unmount /mnt/source, removeDir = False
22:07:58 INFO    : switching from media #None to #1 for Packages/ql2100-firmware-1.19.38-3.fc12.noarch.rpm
22:07:58 DEBUG   : OpticalDevice.mediaPresent: sr0 ; status: True ;
22:07:58 DEBUG   : isys.py:mount()- going to mount /dev/sr0 on /mnt/source as iso9660 with options ro
22:26:47 WARNING : /usr/lib/anaconda/iw/progress_gui.py:55: GtkWarning: gtk_progress_set_percentage: assertion `percentage >= 0 && percentage <= 1.0' failed
  self.progress.set_fraction(pct)

22:26:51 INFO    : moving (1) to step postinstallconfig
22:26:51 INFO    : moving (1) to step writeconfig
22:26:51 INFO    : Writing main configuration
22:26:54 INFO    : moving (1) to step firstboot
22:26:54 INFO    : moving (1) to step instbootloader
22:26:54 INFO    : moving (1) to step writeksconfig
22:26:54 INFO    : Writing autokickstart file
22:26:56 INFO    : moving (1) to step setfilecon
22:26:56 INFO    : setting SELinux contexts for anaconda created files
22:26:56 WARNING : /etc/rpm/macros doesn't exist
22:26:56 WARNING : /etc/lilo.conf.anaconda doesn't exist
22:26:56 INFO    : set fc of /lib64 to None
22:26:56 INFO    : set fc of /usr/lib64 to None
22:26:56 WARNING : /etc/blkid.tab doesn't exist
22:26:56 WARNING : /etc/blkid.tab.old doesn't exist
22:26:56 INFO    : set fc of /etc/mtab to None
22:26:56 INFO    : set fc of /etc/fstab to None
22:26:56 INFO    : set fc of /etc/resolv.conf to None
22:26:56 WARNING : /etc/modprobe.conf doesn't exist
22:26:56 WARNING : /etc/modprobe.conf~ doesn't exist
22:26:56 INFO    : set fc of /var/log/wtmp to None
22:26:56 INFO    : set fc of /var/run/utmp to None
22:26:56 INFO    : set fc of /etc/crypttab to None
22:26:56 INFO    : set fc of /dev/log to None
22:26:56 INFO    : set fc of /var/lib/rpm to None
22:26:56 INFO    : set fc of / to None
22:26:56 WARNING : /etc/raidtab doesn't exist
22:26:56 WARNING : /etc/mdadm.conf doesn't exist
22:26:56 INFO    : set fc of /etc/sysconfig/network to None
22:26:56 INFO    : set fc of /etc/udev/rules.d/70-persistent-net.rules to None
22:26:56 INFO    : set fc of /root/install.log to None
22:26:56 INFO    : set fc of /root/install.log.syslog to None
22:26:56 INFO    : set fc of /etc/shadow to None
22:26:56 INFO    : set fc of /etc/shadow- to None
22:26:56 INFO    : set fc of /etc/gshadow to None
22:26:56 INFO    : set fc of /etc/sysconfig/network-scripts/ifup-plusb to None
22:26:56 INFO    : set fc of /etc/sysconfig/network-scripts/ifup-ipsec to None
22:26:56 INFO    : set fc of /etc/sysconfig/network-scripts/ifup-ipv6 to None
22:26:56 INFO    : set fc of /etc/sysconfig/network-scripts/ifdown-post to None
22:26:56 INFO    : set fc of /etc/sysconfig/network-scripts/ifdown-bnep to None
22:26:56 INFO    : set fc of /etc/sysconfig/network-scripts/ifup-ppp to None
22:26:56 INFO    : set fc of /etc/sysconfig/network-scripts/ifup-ippp to None
22:26:56 INFO    : set fc of /etc/sysconfig/network-scripts/init.ipv6-global to None
22:26:56 INFO    : set fc of /etc/sysconfig/network-scripts/network-functions-ipv6 to None
22:26:56 INFO    : set fc of /etc/sysconfig/network-scripts/ifup-plip to None
22:26:56 INFO    : set fc of /etc/sysconfig/network-scripts/ifup-ipx to None
22:26:56 INFO    : set fc of /etc/sysconfig/network-scripts/ifup-aliases to None
22:26:56 INFO    : set fc of /etc/sysconfig/network-scripts/ifdown-ipsec to None
22:26:56 INFO    : set fc of /etc/sysconfig/network-scripts/ifup-wireless to None
22:26:56 INFO    : set fc of /etc/sysconfig/network-scripts/ifup-routes to None
22:26:56 INFO    : set fc of /etc/sysconfig/network-scripts/ifdown-ipv6 to None
22:26:56 INFO    : set fc of /etc/sysconfig/network-scripts/net.hotplug to None
22:26:56 INFO    : set fc of /etc/sysconfig/network-scripts/ifdown-isdn to None
22:26:56 INFO    : set fc of /etc/sysconfig/network-scripts/ifdown to None
22:26:56 INFO    : set fc of /etc/sysconfig/network-scripts/ifup to None
22:26:56 INFO    : set fc of /etc/sysconfig/network-scripts/ifup-sit to None
22:26:56 INFO    : set fc of /etc/sysconfig/network-scripts/ifcfg-lo to None
22:26:56 INFO    : set fc of /etc/sysconfig/network-scripts/network-functions to None
22:26:56 INFO    : set fc of /etc/sysconfig/network-scripts/ifup-bnep to None
22:26:56 INFO    : set fc of /etc/sysconfig/network-scripts/ifup-tunnel to None
22:26:56 INFO    : set fc of /etc/sysconfig/network-scripts/ifup-eth to None
22:26:56 INFO    : set fc of /etc/sysconfig/network-scripts/ifdown-eth to None
22:26:56 INFO    : set fc of /etc/sysconfig/network-scripts/ifdown-ippp to None
22:26:56 INFO    : set fc of /etc/sysconfig/network-scripts/ifcfg-eth0 to None
22:26:56 INFO    : set fc of /etc/sysconfig/network-scripts/ifup-post to None
22:26:56 INFO    : set fc of /etc/sysconfig/network-scripts/ifdown-tunnel to None
22:26:56 INFO    : set fc of /etc/sysconfig/network-scripts/ifup-isdn to None
22:26:56 INFO    : set fc of /etc/sysconfig/network-scripts/ifdown-sit to None
22:26:56 INFO    : set fc of /etc/sysconfig/network-scripts/ifdown-ppp to None
22:26:56 INFO    : set fc of /etc/sysconfig/network-scripts/ifdown-routes to None
22:26:56 INFO    : set fc of /etc/sysconfig/network-scripts to None
22:26:56 INFO    : set fc of /var/lib/rpm/Triggername to None
22:26:56 INFO    : set fc of /var/lib/rpm/Requirename to None
22:26:56 INFO    : set fc of /var/lib/rpm/Providename to None
22:26:56 INFO    : set fc of /var/lib/rpm/Provideversion to None
22:26:56 INFO    : set fc of /var/lib/rpm/Conflictname to None
22:26:56 INFO    : set fc of /var/lib/rpm/Installtid to None
22:26:56 INFO    : set fc of /var/lib/rpm/Requireversion to None
22:26:56 INFO    : set fc of /var/lib/rpm/Filedigests to None
22:26:56 INFO    : set fc of /var/lib/rpm/Sha1header to None
22:26:56 INFO    : set fc of /var/lib/rpm/Basenames to None
22:26:56 INFO    : set fc of /var/lib/rpm/Pubkeys to None
22:26:56 INFO    : set fc of /var/lib/rpm/Name to None
22:26:56 INFO    : set fc of /var/lib/rpm/Dirnames to None
22:26:56 INFO    : set fc of /var/lib/rpm/Packages to None
22:26:56 INFO    : set fc of /var/lib/rpm/Sigmd5 to None
22:26:56 INFO    : set fc of /var/lib/rpm/Group to None
22:26:56 INFO    : set fc of /var/lib/rpm/Obsoletename to None
22:26:56 INFO    : set fc of /var/lib/rpm to None
22:26:56 INFO    : set fc of /etc/lvm/cache to None
22:26:56 INFO    : set fc of /etc/lvm/backup to None
22:26:56 INFO    : set fc of /etc/lvm/archive to None
22:26:56 INFO    : set fc of /etc/lvm/lvm.conf to None
22:26:56 INFO    : set fc of /etc/lvm to None
22:26:56 INFO    : set fc of /dev/mapper/control to None
22:26:56 INFO    : set fc of /dev/mapper to None
22:26:56 INFO    : set fc of /root/.bash_logout to None
22:26:56 INFO    : set fc of /root/anaconda-ks.cfg to None
22:26:56 INFO    : set fc of /root/.bash_profile to None
22:26:56 INFO    : set fc of /root/install.log.syslog to None
22:26:56 INFO    : set fc of /root/.cshrc to None
22:26:56 INFO    : set fc of /root/install.log to None
22:26:56 INFO    : set fc of /root/.tcshrc to None
22:26:56 INFO    : set fc of /root/.bashrc to None
22:26:56 INFO    : set fc of /root to None
22:26:56 INFO    : set fc of /var/log/BackupPC to None
22:26:56 INFO    : set fc of /var/log/dirmngr to None
22:26:56 INFO    : set fc of /var/log/secure to None
22:26:56 INFO    : set fc of /var/log/prelink to None
22:26:56 INFO    : set fc of /var/log/setroubleshoot to None
22:26:56 INFO    : set fc of /var/log/audit to None
22:26:56 INFO    : set fc of /var/log/mail to None
22:26:56 INFO    : set fc of /var/log/bittorrent to None
22:26:56 INFO    : set fc of /var/log/httpd to None
22:26:56 INFO    : set fc of /var/log/maillog to None
22:26:56 INFO    : set fc of /var/log/tallylog to None
22:26:56 INFO    : set fc of /var/log/ConsoleKit to None
22:26:56 INFO    : set fc of /var/log/gdm to None
22:26:56 INFO    : set fc of /var/log/lastlog to None
22:26:56 INFO    : set fc of /var/log/messages to None
22:26:56 INFO    : set fc of /var/log/samba to None
22:26:56 INFO    : set fc of /var/log/btmp to None
22:26:56 INFO    : set fc of /var/log/spooler to None
22:26:56 INFO    : set fc of /var/log/ppp to None
22:26:56 INFO    : set fc of /var/log/wtmp to None
22:26:56 INFO    : set fc of /var/log/cups to None
22:26:56 INFO    : set fc of /var/log/ntpstats to None
22:26:56 INFO    : set fc of /var/log to None
22:26:56 INFO    : set fc of /etc/modprobe.d/blacklist-visor.conf to None
22:26:56 INFO    : set fc of /etc/modprobe.d/openfwwf.conf to None
22:26:56 INFO    : set fc of /etc/modprobe.d/dist.conf to None
22:26:56 INFO    : set fc of /etc/modprobe.d/blacklist.conf to None
22:26:56 INFO    : set fc of /etc/modprobe.d/dist-alsa.conf to None
22:26:56 INFO    : set fc of /etc/modprobe.d/anaconda.conf to None
22:26:56 INFO    : set fc of /etc/modprobe.d/dist-oss.conf to None
22:26:56 INFO    : set fc of /etc/modprobe.d to None
22:26:56 INFO    : set fc of /etc/sysconfig/readahead to None
22:26:56 INFO    : set fc of /etc/sysconfig/system-config-firewall.old to None
22:26:56 INFO    : set fc of /etc/sysconfig/udev to None
22:26:56 INFO    : set fc of /etc/sysconfig/prelink to None
22:26:56 INFO    : set fc of /etc/sysconfig/crond to None
22:26:56 INFO    : set fc of /etc/sysconfig/readonly-root to None
22:26:56 INFO    : set fc of /etc/sysconfig/sendmail to None
22:26:56 INFO    : set fc of /etc/sysconfig/keyboard to None
22:26:56 INFO    : set fc of /etc/sysconfig/clock to None
22:26:56 INFO    : set fc of /etc/sysconfig/system-config-firewall to None
22:26:56 INFO    : set fc of /etc/sysconfig/iptables-config to None
22:26:56 INFO    : set fc of /etc/sysconfig/kernel to None
22:26:56 INFO    : set fc of /etc/sysconfig/smartmontools to None
22:26:56 INFO    : set fc of /etc/sysconfig/init to None
22:26:56 INFO    : set fc of /etc/sysconfig/atd to None
22:26:56 INFO    : set fc of /etc/sysconfig/system-config-users to None
22:26:56 INFO    : set fc of /etc/sysconfig/bittorrent to None
22:26:56 INFO    : set fc of /etc/sysconfig/cbq to None
22:26:56 INFO    : set fc of /etc/sysconfig/httpd to None
22:26:56 INFO    : set fc of /etc/sysconfig/selinux to None
22:26:56 INFO    : set fc of /etc/sysconfig/ntpd to None
22:26:56 INFO    : set fc of /etc/sysconfig/i18n to None
22:26:56 INFO    : set fc of /etc/sysconfig/ntpdate to None
22:26:56 INFO    : set fc of /etc/sysconfig/network to None
22:26:56 INFO    : set fc of /etc/sysconfig/ip6tables.old to None
22:26:56 INFO    : set fc of /etc/sysconfig/ip6tables-config to None
22:26:56 INFO    : set fc of /etc/sysconfig/irda to None
22:26:56 INFO    : set fc of /etc/sysconfig/nspluginwrapper to None
22:26:56 INFO    : set fc of /etc/sysconfig/rsyslog to None
22:26:56 INFO    : set fc of /etc/sysconfig/samba to None
22:26:56 INFO    : set fc of /etc/sysconfig/auditd to None
22:26:56 INFO    : set fc of /etc/sysconfig/network-scripts to None
22:26:56 INFO    : set fc of /etc/sysconfig/irqbalance to None
22:26:56 INFO    : set fc of /etc/sysconfig/raid-check to None
22:26:56 INFO    : set fc of /etc/sysconfig/cpuspeed to None
22:26:56 INFO    : set fc of /etc/sysconfig/grub to None
22:26:56 INFO    : set fc of /etc/sysconfig/wpa_supplicant to None
22:26:56 INFO    : set fc of /etc/sysconfig/modules to None
22:26:56 INFO    : set fc of /etc/sysconfig/networking to None
22:26:56 INFO    : set fc of /etc/sysconfig/ip6tables to None
22:26:56 INFO    : set fc of /etc/sysconfig/authconfig to None
22:26:56 INFO    : set fc of /etc/sysconfig/iptables to None
22:26:56 INFO    : set fc of /etc/sysconfig/netconsole to None
22:26:56 INFO    : set fc of /etc/sysconfig/iptables.old to None
22:26:56 INFO    : set fc of /etc/sysconfig/saslauthd to None
22:26:56 INFO    : set fc of /etc/sysconfig/nfs to None
22:26:56 INFO    : set fc of /etc/sysconfig/console to None
22:26:56 INFO    : set fc of /etc/sysconfig to None
22:26:56 INFO    : moving (1) to step copylogs
22:26:56 INFO    : Copying anaconda logs
