[2011-04-28 21:36:29,512]    DEBUG: registered device format class DiskLabel as disklabel
[2011-04-28 21:36:29,688]    DEBUG: registered device format class DMRaidMember as dmraidmember
[2011-04-28 21:36:29,747]    DEBUG: registered device format class Ext2FS as ext2
[2011-04-28 21:36:29,748]    DEBUG: registered device format class Ext3FS as ext3
[2011-04-28 21:36:29,748]    DEBUG: registered device format class Ext4FS as ext4
[2011-04-28 21:36:29,748]    DEBUG: registered device format class FATFS as vfat
[2011-04-28 21:36:29,748]    DEBUG: registered device format class EFIFS as efi
[2011-04-28 21:36:29,748]    DEBUG: registered device format class BTRFS as btrfs
[2011-04-28 21:36:29,748]    DEBUG: registered device format class GFS2 as gfs2
[2011-04-28 21:36:29,749]    DEBUG: registered device format class JFS as jfs
[2011-04-28 21:36:29,749]    DEBUG: registered device format class ReiserFS as reiserfs
[2011-04-28 21:36:29,749]    DEBUG: registered device format class XFS as xfs
[2011-04-28 21:36:29,749]    DEBUG: registered device format class HFS as hfs
[2011-04-28 21:36:29,749]    DEBUG: registered device format class AppleBootstrapFS as appleboot
[2011-04-28 21:36:29,749]    DEBUG: registered device format class HFSPlus as hfs+
[2011-04-28 21:36:29,750]    DEBUG: registered device format class NTFS as ntfs
[2011-04-28 21:36:29,750]    DEBUG: registered device format class NFS as nfs
[2011-04-28 21:36:29,750]    DEBUG: registered device format class NFSv4 as nfs4
[2011-04-28 21:36:29,750]    DEBUG: registered device format class Iso9660FS as iso9660
[2011-04-28 21:36:29,750]    DEBUG: registered device format class NoDevFS as nodev
[2011-04-28 21:36:29,750]    DEBUG: registered device format class DevPtsFS as devpts
[2011-04-28 21:36:29,751]    DEBUG: registered device format class ProcFS as proc
[2011-04-28 21:36:29,751]    DEBUG: registered device format class SysFS as sysfs
[2011-04-28 21:36:29,751]    DEBUG: registered device format class TmpFS as tmpfs
[2011-04-28 21:36:29,751]    DEBUG: registered device format class BindFS as bind
[2011-04-28 21:36:29,967]    DEBUG: registered device format class LUKS as luks
[2011-04-28 21:36:29,968]    DEBUG: registered device format class LVMPhysicalVolume as lvmpv
[2011-04-28 21:36:29,969]    DEBUG: registered device format class MDRaidMember as mdmember
[2011-04-28 21:36:29,970]    DEBUG: registered device format class MultipathMember as multipath_member
[2011-04-28 21:36:29,971]    DEBUG: registered device format class PPCPRePBoot as prepboot
[2011-04-28 21:36:29,973]    DEBUG: registered device format class SwapSpace as swap
[2011-04-28 21:36:49,108]     INFO: devices to scan for multipath: ['sda', 'sda1', 'sda2', 'sda3', 'sr0']
[2011-04-28 21:36:49,108]     INFO: adding sda1 to non_disk_device list
[2011-04-28 21:36:49,108]     INFO: adding sda2 to non_disk_device list
[2011-04-28 21:36:49,109]     INFO: adding sda3 to non_disk_device list
[2011-04-28 21:36:49,109]     INFO: adding sr0 to non_disk_device list
[2011-04-28 21:36:49,109]     INFO: adding sda to singlepath_disks
[2011-04-28 21:36:49,109]     INFO: devices post multipath scan: ['sda', 'sda1', 'sda2', 'sda3', 'sr0']
[2011-04-28 21:36:49,109]     INFO: devices to scan: ['sda', 'sda1', 'sda2', 'sda3', 'sr0']
[2011-04-28 21:36:49,172]    DEBUG: scanning sda (/devices/pci0000:00/0000:00:1f.2/host0/target0:0:0/0:0:0:0/block/sda)...
[2011-04-28 21:36:49,172]    DEBUG: looking for device 'sda'...
[2011-04-28 21:36:49,172]    DEBUG: found None
[2011-04-28 21:36:49,174]    DEBUG: sda is a disk
[2011-04-28 21:36:49,174]    DEBUG: getFormat('None') returning DeviceFormat instance
[2011-04-28 21:36:49,176]    DEBUG: added disk sda (id 0) to device tree
[2011-04-28 21:36:49,176]    DEBUG: looking up parted Device: /dev/sda
[2011-04-28 21:36:49,328]    DEBUG: getFormat('disklabel') returning DiskLabel instance
[2011-04-28 21:36:49,330]    DEBUG: scanning sda1 (/devices/pci0000:00/0000:00:1f.2/host0/target0:0:0/0:0:0:0/block/sda/sda1)...
[2011-04-28 21:36:49,330]    DEBUG: looking for device 'sda1'...
[2011-04-28 21:36:49,330]    DEBUG: found None
[2011-04-28 21:36:49,330]    DEBUG: sda1 is a partition
[2011-04-28 21:36:49,332]    DEBUG: looking for device 'sda'...
[2011-04-28 21:36:49,332]    DEBUG: found DiskDevice instance (0x7fd20392c5d0) --
  name = sda  status = True  parents = []
  kids = 0
  id = 0
  uuid = None  format = <storage.formats.disklabel.DiskLabel object at 0x7fd1f3ff57d0>  size = 76316.5942383
  major = 8  minor = 0  exists = True
  sysfs path = /devices/pci0000:00/0000:00:1f.2/host0/target0:0:0/0:0:0:0/block/sda  partedDevice = <parted.device.Device object at 0x7fd1f3ff5710>
  target size = 0  path = /dev/sda
  format args = []  removable = False  partedDevice = <parted.device.Device object at 0x7fd1f3ff5710>
[2011-04-28 21:36:49,335]    DEBUG: getFormat('None') returning DeviceFormat instance
[2011-04-28 21:36:49,337]    DEBUG: looking up parted Partition: /dev/sda1
[2011-04-28 21:36:49,338]    DEBUG: looking up parted Device: /dev/sda1
[2011-04-28 21:36:49,348]    DEBUG: added partition sda1 (id 1) to device tree
[2011-04-28 21:36:49,349]    DEBUG: {'DEVNAME': 'sda1', 'ID_REVISION': '2CV102HD', 'ID_FS_VERSION': '1.0', 'ID_PATH': 'pci-0000:00:1f.2-scsi-0:0:0:0', 'ID_BUS': 'ata', 'ID_SERIAL': 'INTEL_SSDSA2M080G2GC_CVPO0426026E080JGN', 'DEVTYPE': 'partition', 'ID_FS_UUID': 'c1e29042-68b6-4885-ad2e-96f131b3d257', 'ID_FS_UUID_ENC': 'c1e29042-68b6-4885-ad2e-96f131b3d257', 'ID_FS_TYPE': 'ext3', 'ID_SCSI_COMPAT': 'SATA_INTEL_SSDSA2M08CVPO0426026E080JGN', 'ID_MODEL': 'INTEL_SSDSA2M080G2GC', 'MAJOR': '8', 'sysfs_path': '/devices/pci0000:00/0000:00:1f.2/host0/target0:0:0/0:0:0:0/block/sda/sda1', 'ID_FS_USAGE': 'filesystem', 'ID_TYPE': 'disk', 'MINOR': '1', 'ID_EDD': 'int13_dev80', 'symlinks': ['block/8:1', 'disk/by-id/ata-INTEL_SSDSA2M080G2GC_CVPO0426026E080JGN-part1', 'disk/by-id/scsi-SATA_INTEL_SSDSA2M08CVPO0426026E080JGN-part1', 'disk/by-path/pci-0000:00:1f.2-scsi-0:0:0:0-part1', 'disk/by-id/edd-int13_dev80-part1'], 'ID_SERIAL_SHORT': 'CVPO0426026E080JGN', 'name': 'sda1', 'ID_FS_SEC_TYPE': 'ext2', 'ANACBIN': '/usr/sbin', 'ID_MODEL_ENC': 'INTEL\\x20SSDSA2M080G2GC\\x20\\x20\\x20\\x20\\x20\\x20\\x20\\x20\\x20\\x20\\x20\\x20\\x20\\x20\\x20\\x20\\x20\\x20\\x20\\x20'}
[2011-04-28 21:36:49,349]    DEBUG: type detected on 'sda1' is 'ext3'
[2011-04-28 21:36:49,923]    DEBUG: getFormat('ext3') returning Ext3FS instance
[2011-04-28 21:36:49,927]    DEBUG: scanning sda2 (/devices/pci0000:00/0000:00:1f.2/host0/target0:0:0/0:0:0:0/block/sda/sda2)...
[2011-04-28 21:36:49,927]    DEBUG: looking for device 'sda2'...
[2011-04-28 21:36:49,927]    DEBUG: found None
[2011-04-28 21:36:49,927]    DEBUG: sda2 is a partition
[2011-04-28 21:36:49,928]    DEBUG: looking for device 'sda'...
[2011-04-28 21:36:49,929]    DEBUG: found DiskDevice instance (0x7fd20392c5d0) --
  name = sda  status = True  parents = []
  kids = 1
  id = 0
  uuid = None  format = <storage.formats.disklabel.DiskLabel object at 0x7fd1f3ff57d0>  size = 76316.5942383
  major = 8  minor = 0  exists = True
  sysfs path = /devices/pci0000:00/0000:00:1f.2/host0/target0:0:0/0:0:0:0/block/sda  partedDevice = <parted.device.Device object at 0x7fd1f3ff5710>
  target size = 0  path = /dev/sda
  format args = []  removable = False  partedDevice = <parted.device.Device object at 0x7fd1f3ff5710>
[2011-04-28 21:36:49,931]    DEBUG: getFormat('None') returning DeviceFormat instance
[2011-04-28 21:36:49,933]    DEBUG: looking up parted Partition: /dev/sda2
[2011-04-28 21:36:49,934]    DEBUG: looking up parted Device: /dev/sda2
[2011-04-28 21:36:49,941]    DEBUG: added partition sda2 (id 2) to device tree
[2011-04-28 21:36:49,942]    DEBUG: {'ID_REVISION': '2CV102HD', 'ID_FS_VERSION': '2', 'ID_PATH': 'pci-0000:00:1f.2-scsi-0:0:0:0', 'ANACBIN': '/usr/sbin', 'ID_FS_LABEL_ENC': 'SWAP-sda2', 'ID_SERIAL': 'INTEL_SSDSA2M080G2GC_CVPO0426026E080JGN', 'DEVTYPE': 'partition', 'ID_BUS': 'ata', 'ID_FS_TYPE': 'swap', 'ID_SCSI_COMPAT': 'SATA_INTEL_SSDSA2M08CVPO0426026E080JGN', 'ID_MODEL': 'INTEL_SSDSA2M080G2GC', 'MAJOR': '8', 'sysfs_path': '/devices/pci0000:00/0000:00:1f.2/host0/target0:0:0/0:0:0:0/block/sda/sda2', 'ID_FS_LABEL': 'SWAP-sda2', 'ID_FS_USAGE': 'other', 'ID_TYPE': 'disk', 'MINOR': '2', 'ID_EDD': 'int13_dev80', 'symlinks': ['block/8:2', 'disk/by-id/ata-INTEL_SSDSA2M080G2GC_CVPO0426026E080JGN-part2', 'disk/by-id/scsi-SATA_INTEL_SSDSA2M08CVPO0426026E080JGN-part2', 'disk/by-path/pci-0000:00:1f.2-scsi-0:0:0:0-part2', 'disk/by-id/edd-int13_dev80-part2'], 'ID_SERIAL_SHORT': 'CVPO0426026E080JGN', 'name': 'sda2', 'DEVNAME': 'sda2', 'ID_MODEL_ENC': 'INTEL\\x20SSDSA2M080G2GC\\x20\\x20\\x20\\x20\\x20\\x20\\x20\\x20\\x20\\x20\\x20\\x20\\x20\\x20\\x20\\x20\\x20\\x20\\x20\\x20'}
[2011-04-28 21:36:49,942]    DEBUG: type detected on 'sda2' is 'swap'
[2011-04-28 21:36:49,943]    DEBUG: getFormat('swap') returning SwapSpace instance
[2011-04-28 21:36:49,947]    DEBUG: scanning sda3 (/devices/pci0000:00/0000:00:1f.2/host0/target0:0:0/0:0:0:0/block/sda/sda3)...
[2011-04-28 21:36:49,947]    DEBUG: looking for device 'sda3'...
[2011-04-28 21:36:49,947]    DEBUG: found None
[2011-04-28 21:36:49,947]    DEBUG: sda3 is a partition
[2011-04-28 21:36:49,948]    DEBUG: looking for device 'sda'...
[2011-04-28 21:36:49,949]    DEBUG: found DiskDevice instance (0x7fd20392c5d0) --
  name = sda  status = True  parents = []
  kids = 2
  id = 0
  uuid = None  format = <storage.formats.disklabel.DiskLabel object at 0x7fd1f3ff57d0>  size = 76316.5942383
  major = 8  minor = 0  exists = True
  sysfs path = /devices/pci0000:00/0000:00:1f.2/host0/target0:0:0/0:0:0:0/block/sda  partedDevice = <parted.device.Device object at 0x7fd1f3ff5710>
  target size = 0  path = /dev/sda
  format args = []  removable = False  partedDevice = <parted.device.Device object at 0x7fd1f3ff5710>
[2011-04-28 21:36:49,951]    DEBUG: getFormat('None') returning DeviceFormat instance
[2011-04-28 21:36:49,952]    DEBUG: looking up parted Partition: /dev/sda3
[2011-04-28 21:36:49,954]    DEBUG: looking up parted Device: /dev/sda3
[2011-04-28 21:36:49,960]    DEBUG: added partition sda3 (id 3) to device tree
[2011-04-28 21:36:49,961]    DEBUG: {'DEVNAME': 'sda3', 'ID_REVISION': '2CV102HD', 'ID_FS_VERSION': '1.0', 'ID_PATH': 'pci-0000:00:1f.2-scsi-0:0:0:0', 'ID_BUS': 'ata', 'ID_SERIAL': 'INTEL_SSDSA2M080G2GC_CVPO0426026E080JGN', 'DEVTYPE': 'partition', 'ID_FS_UUID': 'f2f647b7-1e19-4b4d-9fbe-182388a48790', 'ID_FS_UUID_ENC': 'f2f647b7-1e19-4b4d-9fbe-182388a48790', 'ID_FS_TYPE': 'ext3', 'ID_SCSI_COMPAT': 'SATA_INTEL_SSDSA2M08CVPO0426026E080JGN', 'ID_MODEL': 'INTEL_SSDSA2M080G2GC', 'MAJOR': '8', 'sysfs_path': '/devices/pci0000:00/0000:00:1f.2/host0/target0:0:0/0:0:0:0/block/sda/sda3', 'ID_FS_USAGE': 'filesystem', 'ID_TYPE': 'disk', 'MINOR': '3', 'ID_EDD': 'int13_dev80', 'symlinks': ['block/8:3', 'disk/by-id/ata-INTEL_SSDSA2M080G2GC_CVPO0426026E080JGN-part3', 'disk/by-id/scsi-SATA_INTEL_SSDSA2M08CVPO0426026E080JGN-part3', 'disk/by-path/pci-0000:00:1f.2-scsi-0:0:0:0-part3', 'disk/by-id/edd-int13_dev80-part3'], 'ID_SERIAL_SHORT': 'CVPO0426026E080JGN', 'name': 'sda3', 'ID_FS_SEC_TYPE': 'ext2', 'ANACBIN': '/usr/sbin', 'ID_MODEL_ENC': 'INTEL\\x20SSDSA2M080G2GC\\x20\\x20\\x20\\x20\\x20\\x20\\x20\\x20\\x20\\x20\\x20\\x20\\x20\\x20\\x20\\x20\\x20\\x20\\x20\\x20'}
[2011-04-28 21:36:49,962]    DEBUG: type detected on 'sda3' is 'ext3'
[2011-04-28 21:36:49,978]    DEBUG: getFormat('ext3') returning Ext3FS instance
[2011-04-28 21:36:49,981]    DEBUG: scanning sr0 (/devices/pci0000:00/0000:00:1d.0/usb2/2-1/2-1.8/2-1.8:1.0/host6/target6:0:0/6:0:0:0/block/sr0)...
[2011-04-28 21:36:49,981]    DEBUG: looking for device 'sr0'...
[2011-04-28 21:36:49,982]    DEBUG: found None
[2011-04-28 21:36:49,982]    DEBUG: sr0 is a cdrom
[2011-04-28 21:36:49,983]    DEBUG: getFormat('None') returning DeviceFormat instance
[2011-04-28 21:36:49,984]    DEBUG: added cdrom sr0 (id 4) to device tree
[2011-04-28 21:36:49,992]    DEBUG: {'ID_VENDOR_ID': '04da', 'DEVNAME': 'sr0', 'ID_FS_USAGE': 'filesystem', 'ID_USB_INTERFACE_NUM': '00', 'ID_REVISION': '1.02', 'ID_MODEL_ID': '0d14', 'ID_PATH': 'pci-0000:00:1d.0-usb-0:1.8:1.0-scsi-0:0:0:0', 'ID_CDROM_DVD_PLUS_RW': '1', 'ID_VENDOR_ENC': 'MATSHITA', 'ID_MODEL_ENC': 'DVD-RAM\\x20LF-P968\\x20', 'ID_VENDOR': 'MATSHITA', 'ID_FS_LABEL_ENC': 'Fedora\\x2012\\x20x86_64\\x20DVD', 'ID_SERIAL': 'MATSHITA_DVD-RAM_LF-P968_0D14000065355-0:0', 'ID_CDROM_MEDIA_DVD': '1', 'ID_CDROM_MEDIA': '1', 'ID_CDROM_MEDIA_STATE': 'complete', 'DEVTYPE': 'disk', 'MINOR': '0', 'ID_FS_TYPE': 'iso9660', 'ID_CDROM_MEDIA_SESSION_COUNT': '1', 'ID_CDROM_DVD_R': '1', 'ID_CDROM': '1', 'ID_MODEL': 'DVD-RAM_LF-P968', 'MAJOR': '11', 'ID_CDROM_MEDIA_TRACK_COUNT_DATA': '1', 'ID_INSTANCE': '0:0', 'ID_CDROM_CD_RW': '1', 'ID_CDROM_MRW': '1', 'ID_FS_LABEL': 'Fedora_12_x86_64_DVD', 'ID_USB_INTERFACES': ':080250:', 'ID_CDROM_CD_R': '1', 'ID_CDROM_MRW_W': '1', 'ID_BUS': 'usb', 'symlinks': ['block/11:0', 'scd0', 'disk/by-id/usb-MATSHITA_DVD-RAM_LF-P968_0D14000065355-0:0', 'disk/by-path/pci-0000:00:1d.0-usb-0:1.8:1.0-scsi-0:0:0:0'], 'ID_CDROM_DVD_PLUS_R_DL': '1', 'ID_SERIAL_SHORT': '0D14000065355', 'ID_CDROM_DVD_PLUS_R': '1', 'name': 'sr0', 'ID_CDROM_DVD': '1', 'ACL_MANAGE': '1', 'ANACBIN': '/usr/sbin', 'sysfs_path': '/devices/pci0000:00/0000:00:1d.0/usb2/2-1/2-1.8/2-1.8:1.0/host6/target6:0:0/6:0:0:0/block/sr0', 'ID_CDROM_MEDIA_TRACK_COUNT': '1', 'ID_CDROM_DVD_RW': '1', 'ID_USB_DRIVER': 'usb-storage', 'ID_CDROM_DVD_RAM': '1', 'ID_TYPE': 'cd'}
[2011-04-28 21:36:49,992]    DEBUG: type detected on 'sr0' is 'iso9660'
[2011-04-28 21:36:49,994]    DEBUG: getFormat('iso9660') returning Iso9660FS instance
[2011-04-28 21:36:50,009]     INFO: devices to scan: []
[2011-04-28 21:36:50,124]     INFO: failed to unlink /etc/mdadm.conf
[2011-04-28 21:36:50,182]     INFO: set SELinux context for mountpoint /mnt/sysimage to system_u:object_r:mnt_t:s0
[2011-04-28 21:36:50,186]     INFO: set SELinux context for newly mounted filesystem root at /mnt/sysimage to system_u:object_r:mnt_t:s0
[2011-04-28 21:36:50,223]     INFO: set SELinux context for mountpoint /mnt/sysimage to system_u:object_r:mnt_t:s0
[2011-04-28 21:36:50,228]     INFO: set SELinux context for newly mounted filesystem root at /mnt/sysimage to system_u:object_r:mnt_t:s0
[2011-04-28 21:37:25,302]    DEBUG: looking for device 'sda1'...
[2011-04-28 21:37:25,302]    DEBUG: found PartitionDevice instance (0x7fd1f4007490) --
  name = sda1  status = True  parents = [<storage.devices.DiskDevice object at 0x7fd20392c5d0>]
  kids = 0
  id = 1
  uuid = None  format = <storage.formats.fs.Ext3FS object at 0x7fd1f4007590>  size = 101.944335938
  major = 8  minor = 1  exists = True
  sysfs path = /devices/pci0000:00/0000:00:1f.2/host0/target0:0:0/0:0:0:0/block/sda/sda1  partedDevice = <parted.device.Device object at 0x7fd1f4007410>
  target size = 101.944335938  path = /dev/sda1
  format args = []  grow = None  max size = 0  bootable = True
  part type = 0  primary = None
  partedPartition = <parted.partition.Partition object at 0x7fd1f40070d0>  disk = <storage.devices.DiskDevice object at 0x7fd20392c5d0>
[2011-04-28 21:37:25,304]    DEBUG: looking for device 'sda2'...
[2011-04-28 21:37:25,305]    DEBUG: found PartitionDevice instance (0x7fd1f40073d0) --
  name = sda2  status = True  parents = [<storage.devices.DiskDevice object at 0x7fd20392c5d0>]
  kids = 0
  id = 2
  uuid = None  format = <storage.formats.swap.SwapSpace object at 0x7fd1ed5bbed0>  size = 2000.28076172
  major = 8  minor = 2  exists = True
  sysfs path = /devices/pci0000:00/0000:00:1f.2/host0/target0:0:0/0:0:0:0/block/sda/sda2  partedDevice = <parted.device.Device object at 0x7fd1ed5bbdd0>
  target size = 0  path = /dev/sda2
  format args = []  grow = None  max size = 0  bootable = None
  part type = 0  primary = None
  partedPartition = <parted.partition.Partition object at 0x7fd1f4000e90>  disk = <storage.devices.DiskDevice object at 0x7fd20392c5d0>
[2011-04-28 21:37:25,305]    DEBUG: looking for device 'sda3'...
[2011-04-28 21:37:25,306]    DEBUG: found PartitionDevice instance (0x7fd1ed5bbd50) --
  name = sda3  status = True  parents = [<storage.devices.DiskDevice object at 0x7fd20392c5d0>]
  kids = 0
  id = 3
  uuid = None  format = <storage.formats.fs.Ext3FS object at 0x7fd1ed5bf410>  size = 74214.3383789
  major = 8  minor = 3  exists = True
  sysfs path = /devices/pci0000:00/0000:00:1f.2/host0/target0:0:0/0:0:0:0/block/sda/sda3  partedDevice = <parted.device.Device object at 0x7fd1ed5bf350>
  target size = 0  path = /dev/sda3
  format args = []  grow = None  max size = 0  bootable = None
  part type = 0  primary = None
  partedPartition = <parted.partition.Partition object at 0x7fd1f40072d0>  disk = <storage.devices.DiskDevice object at 0x7fd20392c5d0>
[2011-04-28 21:37:35,602]    DEBUG: registered action: Create Format ext3 on partition sda1 (id 1)
[2011-04-28 21:37:35,604]    DEBUG: allocatePartitions: disks=['sda'] ; partitions=[]
[2011-04-28 21:37:35,604]    DEBUG: removing all non-preexisting from disk(s)
[2011-04-28 21:37:35,604]    DEBUG: growPartitions: disks=['sda'], partitions=[]
[2011-04-28 21:37:35,606]    DEBUG: looking for device 'sda1'...
[2011-04-28 21:37:35,607]    DEBUG: found PartitionDevice instance (0x7fd1f4007490) --
  name = sda1  status = True  parents = [<storage.devices.DiskDevice object at 0x7fd20392c5d0>]
  kids = 0
  id = 1
  uuid = None  format = <storage.formats.fs.Ext3FS object at 0x7fd1ecf33110>  size = 101.944335938
  major = 8  minor = 1  exists = True
  sysfs path = /devices/pci0000:00/0000:00:1f.2/host0/target0:0:0/0:0:0:0/block/sda/sda1  partedDevice = <parted.device.Device object at 0x7fd1f4007410>
  target size = 101.944335938  path = /dev/sda1
  format args = []  grow = None  max size = 0  bootable = True
  part type = 0  primary = None
  partedPartition = <parted.partition.Partition object at 0x7fd1f40070d0>  disk = <storage.devices.DiskDevice object at 0x7fd20392c5d0>
[2011-04-28 21:37:35,608]    DEBUG: looking for device 'sda2'...
[2011-04-28 21:37:35,608]    DEBUG: found PartitionDevice instance (0x7fd1f40073d0) --
  name = sda2  status = True  parents = [<storage.devices.DiskDevice object at 0x7fd20392c5d0>]
  kids = 0
  id = 2
  uuid = None  format = <storage.formats.swap.SwapSpace object at 0x7fd1ed5bbed0>  size = 2000.28076172
  major = 8  minor = 2  exists = True
  sysfs path = /devices/pci0000:00/0000:00:1f.2/host0/target0:0:0/0:0:0:0/block/sda/sda2  partedDevice = <parted.device.Device object at 0x7fd1ed5bbdd0>
  target size = 0  path = /dev/sda2
  format args = []  grow = None  max size = 0  bootable = False
  part type = 0  primary = None
  partedPartition = <parted.partition.Partition object at 0x7fd1f4000e90>  disk = <storage.devices.DiskDevice object at 0x7fd20392c5d0>
[2011-04-28 21:37:35,609]    DEBUG: looking for device 'sda3'...
[2011-04-28 21:37:35,609]    DEBUG: found PartitionDevice instance (0x7fd1ed5bbd50) --
  name = sda3  status = True  parents = [<storage.devices.DiskDevice object at 0x7fd20392c5d0>]
  kids = 0
  id = 3
  uuid = None  format = <storage.formats.fs.Ext3FS object at 0x7fd1ed5bf410>  size = 74214.3383789
  major = 8  minor = 3  exists = True
  sysfs path = /devices/pci0000:00/0000:00:1f.2/host0/target0:0:0/0:0:0:0/block/sda/sda3  partedDevice = <parted.device.Device object at 0x7fd1ed5bf350>
  target size = 0  path = /dev/sda3
  format args = []  grow = None  max size = 0  bootable = False
  part type = 0  primary = None
  partedPartition = <parted.partition.Partition object at 0x7fd1f40072d0>  disk = <storage.devices.DiskDevice object at 0x7fd20392c5d0>
[2011-04-28 21:37:42,242]    DEBUG: registered action: Create Format swap on partition sda2 (id 2)
[2011-04-28 21:37:42,244]    DEBUG: allocatePartitions: disks=['sda'] ; partitions=[]
[2011-04-28 21:37:42,244]    DEBUG: removing all non-preexisting from disk(s)
[2011-04-28 21:37:42,244]    DEBUG: growPartitions: disks=['sda'], partitions=[]
[2011-04-28 21:37:42,246]    DEBUG: looking for device 'sda1'...
[2011-04-28 21:37:42,246]    DEBUG: found PartitionDevice instance (0x7fd1f4007490) --
  name = sda1  status = True  parents = [<storage.devices.DiskDevice object at 0x7fd20392c5d0>]
  kids = 0
  id = 1
  uuid = None  format = <storage.formats.fs.Ext3FS object at 0x7fd1ecf33110>  size = 101.944335938
  major = 8  minor = 1  exists = True
  sysfs path = /devices/pci0000:00/0000:00:1f.2/host0/target0:0:0/0:0:0:0/block/sda/sda1  partedDevice = <parted.device.Device object at 0x7fd1f4007410>
  target size = 101.944335938  path = /dev/sda1
  format args = []  grow = None  max size = 0  bootable = True
  part type = 0  primary = None
  partedPartition = <parted.partition.Partition object at 0x7fd1f40070d0>  disk = <storage.devices.DiskDevice object at 0x7fd20392c5d0>
[2011-04-28 21:37:42,247]    DEBUG: looking for device 'sda2'...
[2011-04-28 21:37:42,247]    DEBUG: found PartitionDevice instance (0x7fd1f40073d0) --
  name = sda2  status = True  parents = [<storage.devices.DiskDevice object at 0x7fd20392c5d0>]
  kids = 0
  id = 2
  uuid = None  format = <storage.formats.swap.SwapSpace object at 0x7fd1ecf33b10>  size = 2000.28076172
  major = 8  minor = 2  exists = True
  sysfs path = /devices/pci0000:00/0000:00:1f.2/host0/target0:0:0/0:0:0:0/block/sda/sda2  partedDevice = <parted.device.Device object at 0x7fd1ed5bbdd0>
  target size = 0  path = /dev/sda2
  format args = []  grow = None  max size = 0  bootable = False
  part type = 0  primary = None
  partedPartition = <parted.partition.Partition object at 0x7fd1f4000e90>  disk = <storage.devices.DiskDevice object at 0x7fd20392c5d0>
[2011-04-28 21:37:42,248]    DEBUG: looking for device 'sda3'...
[2011-04-28 21:37:42,249]    DEBUG: found PartitionDevice instance (0x7fd1ed5bbd50) --
  name = sda3  status = True  parents = [<storage.devices.DiskDevice object at 0x7fd20392c5d0>]
  kids = 0
  id = 3
  uuid = None  format = <storage.formats.fs.Ext3FS object at 0x7fd1ed5bf410>  size = 74214.3383789
  major = 8  minor = 3  exists = True
  sysfs path = /devices/pci0000:00/0000:00:1f.2/host0/target0:0:0/0:0:0:0/block/sda/sda3  partedDevice = <parted.device.Device object at 0x7fd1ed5bf350>
  target size = 0  path = /dev/sda3
  format args = []  grow = None  max size = 0  bootable = False
  part type = 0  primary = None
  partedPartition = <parted.partition.Partition object at 0x7fd1f40072d0>  disk = <storage.devices.DiskDevice object at 0x7fd20392c5d0>
[2011-04-28 21:37:50,586]    DEBUG: registered action: Create Format ext3 on partition sda3 (id 3)
[2011-04-28 21:37:50,587]    DEBUG: allocatePartitions: disks=['sda'] ; partitions=[]
[2011-04-28 21:37:50,587]    DEBUG: removing all non-preexisting from disk(s)
[2011-04-28 21:37:50,587]    DEBUG: growPartitions: disks=['sda'], partitions=[]
[2011-04-28 21:37:50,589]    DEBUG: looking for device 'sda1'...
[2011-04-28 21:37:50,589]    DEBUG: found PartitionDevice instance (0x7fd1f4007490) --
  name = sda1  status = True  parents = [<storage.devices.DiskDevice object at 0x7fd20392c5d0>]
  kids = 0
  id = 1
  uuid = None  format = <storage.formats.fs.Ext3FS object at 0x7fd1ecf33110>  size = 101.944335938
  major = 8  minor = 1  exists = True
  sysfs path = /devices/pci0000:00/0000:00:1f.2/host0/target0:0:0/0:0:0:0/block/sda/sda1  partedDevice = <parted.device.Device object at 0x7fd1f4007410>
  target size = 101.944335938  path = /dev/sda1
  format args = []  grow = None  max size = 0  bootable = True
  part type = 0  primary = None
  partedPartition = <parted.partition.Partition object at 0x7fd1f40070d0>  disk = <storage.devices.DiskDevice object at 0x7fd20392c5d0>
[2011-04-28 21:37:50,590]    DEBUG: looking for device 'sda2'...
[2011-04-28 21:37:50,591]    DEBUG: found PartitionDevice instance (0x7fd1f40073d0) --
  name = sda2  status = True  parents = [<storage.devices.DiskDevice object at 0x7fd20392c5d0>]
  kids = 0
  id = 2
  uuid = None  format = <storage.formats.swap.SwapSpace object at 0x7fd1ecf33b10>  size = 2000.28076172
  major = 8  minor = 2  exists = True
  sysfs path = /devices/pci0000:00/0000:00:1f.2/host0/target0:0:0/0:0:0:0/block/sda/sda2  partedDevice = <parted.device.Device object at 0x7fd1ed5bbdd0>
  target size = 0  path = /dev/sda2
  format args = []  grow = None  max size = 0  bootable = False
  part type = 0  primary = None
  partedPartition = <parted.partition.Partition object at 0x7fd1f4000e90>  disk = <storage.devices.DiskDevice object at 0x7fd20392c5d0>
[2011-04-28 21:37:50,592]    DEBUG: looking for device 'sda3'...
[2011-04-28 21:37:50,592]    DEBUG: found PartitionDevice instance (0x7fd1ed5bbd50) --
  name = sda3  status = True  parents = [<storage.devices.DiskDevice object at 0x7fd20392c5d0>]
  kids = 0
  id = 3
  uuid = None  format = <storage.formats.fs.Ext3FS object at 0x7fd1ec2ad610>  size = 74214.3383789
  major = 8  minor = 3  exists = True
  sysfs path = /devices/pci0000:00/0000:00:1f.2/host0/target0:0:0/0:0:0:0/block/sda/sda3  partedDevice = <parted.device.Device object at 0x7fd1ed5bf350>
  target size = 0  path = /dev/sda3
  format args = []  grow = None  max size = 0  bootable = False
  part type = 0  primary = None
  partedPartition = <parted.partition.Partition object at 0x7fd1f40072d0>  disk = <storage.devices.DiskDevice object at 0x7fd20392c5d0>
[2011-04-28 21:37:57,799]    DEBUG: action: Create Format ext3 on partition sda1 (id 1)
[2011-04-28 21:37:57,800]    DEBUG: action: Create Format swap on partition sda2 (id 2)
[2011-04-28 21:37:57,800]    DEBUG: action: Create Format ext3 on partition sda3 (id 3)
[2011-04-28 21:37:57,800]    DEBUG: pruning action queue...
[2011-04-28 21:37:57,800]    DEBUG: action 'Create Format ext3 on partition sda1 (id 1)' (140539600253392)
[2011-04-28 21:37:57,800]    DEBUG: action 'Create Format swap on partition sda2 (id 2)' (140539587123344)
[2011-04-28 21:37:57,800]    DEBUG: action 'Create Format ext3 on partition sda3 (id 3)' (140539587122768)
[2011-04-28 21:37:57,801]    DEBUG: action: Create Format ext3 on partition sda1 (id 1)
[2011-04-28 21:37:57,801]    DEBUG: action: Create Format swap on partition sda2 (id 2)
[2011-04-28 21:37:57,801]    DEBUG: action: Create Format ext3 on partition sda3 (id 3)
[2011-04-28 21:37:57,801]    DEBUG: sorting actions...
[2011-04-28 21:37:57,801]    DEBUG: cmp: 1 -- Create Format swap on partition sda2 (id 2) | Create Format ext3 on partition sda1 (id 1)
[2011-04-28 21:37:57,801]    DEBUG: cmp: 1 -- Create Format ext3 on partition sda3 (id 3) | Create Format swap on partition sda2 (id 2)
[2011-04-28 21:37:57,801]    DEBUG: action: Create Format ext3 on partition sda1 (id 1)
[2011-04-28 21:37:57,802]    DEBUG: action: Create Format swap on partition sda2 (id 2)
[2011-04-28 21:37:57,802]    DEBUG: action: Create Format ext3 on partition sda3 (id 3)
[2011-04-28 21:37:57,802]    DEBUG: resetting parted disks...
[2011-04-28 21:37:57,803]     INFO: executing action: Create Format ext3 on partition sda1 (id 1)
[2011-04-28 21:37:57,807]    DEBUG: regetting partedPartition for /dev/sda1 because of PartedDisk reset
[2011-04-28 21:37:58,070]    DEBUG: sda1 sysfsPath set to /devices/pci0000:00/0000:00:1f.2/host0/target0:0:0/0:0:0:0/block/sda/sda1
[2011-04-28 21:37:58,083]     INFO: executing action: Create Format swap on partition sda2 (id 2)
[2011-04-28 21:37:58,087]    DEBUG: regetting partedPartition for /dev/sda2 because of PartedDisk reset
[2011-04-28 21:37:58,169]    DEBUG: sda2 sysfsPath set to /devices/pci0000:00/0000:00:1f.2/host0/target0:0:0/0:0:0:0/block/sda/sda2
[2011-04-28 21:37:58,182]     INFO: executing action: Create Format ext3 on partition sda3 (id 3)
[2011-04-28 21:37:58,187]    DEBUG: regetting partedPartition for /dev/sda3 because of PartedDisk reset
[2011-04-28 21:38:16,614]    DEBUG: sda3 sysfsPath set to /devices/pci0000:00/0000:00:1f.2/host0/target0:0:0/0:0:0:0/block/sda/sda3
[2011-04-28 21:38:16,647]    DEBUG: getFormat('bind') returning BindFS instance
[2011-04-28 21:38:16,650]    DEBUG: getFormat('tmpfs') returning TmpFS instance
[2011-04-28 21:38:16,652]    DEBUG: getFormat('devpts') returning DevPtsFS instance
[2011-04-28 21:38:16,655]    DEBUG: getFormat('sysfs') returning SysFS instance
[2011-04-28 21:38:16,657]    DEBUG: getFormat('proc') returning ProcFS instance
[2011-04-28 21:38:16,662]     INFO: set SELinux context for mountpoint / to system_u:object_r:root_t:s0
[2011-04-28 21:38:16,668]     INFO: set SELinux context for newly mounted filesystem root at / to None
[2011-04-28 21:38:16,672]     INFO: set SELinux context for mountpoint /boot to None
[2011-04-28 21:38:16,677]     INFO: set SELinux context for newly mounted filesystem root at /boot to None
[2011-04-28 21:38:16,679]     INFO: set SELinux context for mountpoint /dev to None
[2011-04-28 21:38:16,682]     INFO: set SELinux context for newly mounted filesystem root at /dev to None
[2011-04-28 21:38:16,686]     INFO: set SELinux context for mountpoint /dev/pts to None
[2011-04-28 21:38:16,689]     INFO: set SELinux context for newly mounted filesystem root at /dev/pts to None
[2011-04-28 21:38:16,691]     INFO: set SELinux context for mountpoint /dev/shm to None
[2011-04-28 21:38:16,694]     INFO: set SELinux context for newly mounted filesystem root at /dev/shm to None
[2011-04-28 21:38:16,696]     INFO: set SELinux context for mountpoint /proc to None
[2011-04-28 21:38:16,700]     INFO: set SELinux context for newly mounted filesystem root at /proc to None
[2011-04-28 21:38:16,702]     INFO: set SELinux context for mountpoint /sys to None
[2011-04-28 21:38:16,707]     INFO: set SELinux context for newly mounted filesystem root at /sys to None
[2011-04-28 21:38:19,016]    DEBUG: looking for device 'sda'...
[2011-04-28 21:38:19,016]    DEBUG: found DiskDevice instance (0x7fd20392c5d0) --
  name = sda  status = True  parents = []
  kids = 3
  id = 0
  uuid = None  format = <storage.formats.disklabel.DiskLabel object at 0x7fd1f3ff57d0>  size = 76316.5942383
  major = 8  minor = 0  exists = True
  sysfs path = /devices/pci0000:00/0000:00:1f.2/host0/target0:0:0/0:0:0:0/block/sda  partedDevice = <parted.device.Device object at 0x7fd1f3ff5710>
  target size = 0  path = /dev/sda
  format args = []  removable = False  partedDevice = <parted.device.Device object at 0x7fd1f3ff5710>
[2011-04-28 21:38:19,029]    DEBUG: looking for device 'sda3'...
[2011-04-28 21:38:19,029]    DEBUG: found PartitionDevice instance (0x7fd1ed5bbd50) --
  name = sda3  status = True  parents = [<storage.devices.DiskDevice object at 0x7fd20392c5d0>]
  kids = 0
  id = 3
  uuid = None  format = <storage.formats.fs.Ext3FS object at 0x7fd1ec2ad610>  size = 74214.3383789
  major = 8  minor = 3  exists = True
  sysfs path = /devices/pci0000:00/0000:00:1f.2/host0/target0:0:0/0:0:0:0/block/sda/sda3  partedDevice = <parted.device.Device object at 0x7fd1ed5bf350>
  target size = 0  path = /dev/sda3
  format args = []  grow = None  max size = 0  bootable = False
  part type = 0  primary = None
  partedPartition = <parted.partition.Partition object at 0x7fd1ec2b7ad0>  disk = <storage.devices.DiskDevice object at 0x7fd20392c5d0>
[2011-04-28 21:38:26,262]    DEBUG: looking for device 'sda'...
[2011-04-28 21:38:26,262]    DEBUG: found DiskDevice instance (0x7fd20392c5d0) --
  name = sda  status = True  parents = []
  kids = 3
  id = 0
  uuid = None  format = <storage.formats.disklabel.DiskLabel object at 0x7fd1f3ff57d0>  size = 76316.5942383
  major = 8  minor = 0  exists = True
  sysfs path = /devices/pci0000:00/0000:00:1f.2/host0/target0:0:0/0:0:0:0/block/sda  partedDevice = <parted.device.Device object at 0x7fd1f3ff5710>
  target size = 0  path = /dev/sda
  format args = []  removable = False  partedDevice = <parted.device.Device object at 0x7fd1f3ff5710>
[2011-04-28 21:38:26,264]     INFO: set SELinux context for mountpoint /mnt/source to system_u:object_r:mnt_t:s0
[2011-04-28 21:38:26,274]     INFO: set SELinux context for newly mounted filesystem root at /mnt/source to system_u:object_r:mnt_t:s0
[2011-04-28 22:07:54,887]    DEBUG: looking for device 'sr0'...
[2011-04-28 22:07:54,901]    DEBUG: looking up parted Device: /dev/sr0
[2011-04-28 22:07:54,919]    DEBUG: found OpticalDevice instance (0x7fd1ed5bf590) --
  name = sr0  status = True  parents = []
  kids = 0
  id = 4
  uuid = None  format = <storage.formats.fs.Iso9660FS object at 0x7fd1ed5bf390>  size = 839.333496094
  major = 11  minor = 0  exists = True
  sysfs path = /devices/pci0000:00/0000:00:1d.0/usb2/2-1/2-1.8/2-1.8:1.0/host6/target6:0:0/6:0:0:0/block/sr0  partedDevice = <parted.device.Device object at 0x7fd1e6e597d0>
  target size = 0  path = /dev/sr0
  format args = []
[2011-04-28 22:07:58,576]    DEBUG: looking for device 'sr0'...
[2011-04-28 22:07:58,584]    DEBUG: found OpticalDevice instance (0x7fd1ed5bf590) --
  name = sr0  status = True  parents = []
  kids = 0
  id = 4
  uuid = None  format = <storage.formats.fs.Iso9660FS object at 0x7fd1ed5bf390>  size = 839.333496094
  major = 11  minor = 0  exists = True
  sysfs path = /devices/pci0000:00/0000:00:1d.0/usb2/2-1/2-1.8/2-1.8:1.0/host6/target6:0:0/6:0:0:0/block/sr0  partedDevice = <parted.device.Device object at 0x7fd1e6e597d0>
  target size = 0  path = /dev/sr0
  format args = []
[2011-04-28 22:07:58,585]     INFO: set SELinux context for mountpoint /mnt/source to system_u:object_r:mnt_t:s0
[2011-04-28 22:07:58,610]     INFO: set SELinux context for newly mounted filesystem root at /mnt/source to system_u:object_r:mnt_t:s0
[2011-04-28 22:26:54,041]    DEBUG: looking for device 'sda3'...
[2011-04-28 22:26:54,042]    DEBUG: found PartitionDevice instance (0x7fd1ed5bbd50) --
  name = sda3  status = True  parents = [<storage.devices.DiskDevice object at 0x7fd20392c5d0>]
  kids = 0
  id = 3
  uuid = None  format = <storage.formats.fs.Ext3FS object at 0x7fd1ec2ad610>  size = 74214.3383789
  major = 8  minor = 3  exists = True
  sysfs path = /devices/pci0000:00/0000:00:1f.2/host0/target0:0:0/0:0:0:0/block/sda/sda3  partedDevice = <parted.device.Device object at 0x7fd1ed5bf350>
  target size = 0  path = /dev/sda3
  format args = []  grow = None  max size = 0  bootable = False
  part type = 0  primary = None
  partedPartition = <parted.partition.Partition object at 0x7fd1ec2b7ad0>  disk = <storage.devices.DiskDevice object at 0x7fd20392c5d0>
[2011-04-28 22:26:54,274]    DEBUG: looking for device 'sda'...
[2011-04-28 22:26:54,275]    DEBUG: found DiskDevice instance (0x7fd20392c5d0) --
  name = sda  status = True  parents = []
  kids = 3
  id = 0
  uuid = None  format = <storage.formats.disklabel.DiskLabel object at 0x7fd1f3ff57d0>  size = 76316.5942383
  major = 8  minor = 0  exists = True
  sysfs path = /devices/pci0000:00/0000:00:1f.2/host0/target0:0:0/0:0:0:0/block/sda  partedDevice = <parted.device.Device object at 0x7fd1f3ff5710>
  target size = 0  path = /dev/sda
  format args = []  removable = False  partedDevice = <parted.device.Device object at 0x7fd1f3ff5710>
[2011-04-28 22:26:54,275]    DEBUG: looking for device 'sda1'...
[2011-04-28 22:26:54,276]    DEBUG: found PartitionDevice instance (0x7fd1f4007490) --
  name = sda1  status = True  parents = [<storage.devices.DiskDevice object at 0x7fd20392c5d0>]
  kids = 0
  id = 1
  uuid = None  format = <storage.formats.fs.Ext3FS object at 0x7fd1ecf33110>  size = 101.944335938
  major = 8  minor = 1  exists = True
  sysfs path = /devices/pci0000:00/0000:00:1f.2/host0/target0:0:0/0:0:0:0/block/sda/sda1  partedDevice = <parted.device.Device object at 0x7fd1f4007410>
  target size = 101.944335938  path = /dev/sda1
  format args = []  grow = None  max size = 0  bootable = True
  part type = 0  primary = None
  partedPartition = <parted.partition.Partition object at 0x7fd1ec2b7250>  disk = <storage.devices.DiskDevice object at 0x7fd20392c5d0>
[2011-04-28 22:26:54,276]    DEBUG: looking for device 'sda1'...
[2011-04-28 22:26:54,276]    DEBUG: found PartitionDevice instance (0x7fd1f4007490) --
  name = sda1  status = True  parents = [<storage.devices.DiskDevice object at 0x7fd20392c5d0>]
  kids = 0
  id = 1
  uuid = None  format = <storage.formats.fs.Ext3FS object at 0x7fd1ecf33110>  size = 101.944335938
  major = 8  minor = 1  exists = True
  sysfs path = /devices/pci0000:00/0000:00:1f.2/host0/target0:0:0/0:0:0:0/block/sda/sda1  partedDevice = <parted.device.Device object at 0x7fd1f4007410>
  target size = 101.944335938  path = /dev/sda1
  format args = []  grow = None  max size = 0  bootable = True
  part type = 0  primary = None
  partedPartition = <parted.partition.Partition object at 0x7fd1ec2b7250>  disk = <storage.devices.DiskDevice object at 0x7fd20392c5d0>
[2011-04-28 22:26:54,277]    DEBUG: looking for device 'sda1'...
[2011-04-28 22:26:54,277]    DEBUG: found PartitionDevice instance (0x7fd1f4007490) --
  name = sda1  status = True  parents = [<storage.devices.DiskDevice object at 0x7fd20392c5d0>]
  kids = 0
  id = 1
  uuid = None  format = <storage.formats.fs.Ext3FS object at 0x7fd1ecf33110>  size = 101.944335938
  major = 8  minor = 1  exists = True
  sysfs path = /devices/pci0000:00/0000:00:1f.2/host0/target0:0:0/0:0:0:0/block/sda/sda1  partedDevice = <parted.device.Device object at 0x7fd1f4007410>
  target size = 101.944335938  path = /dev/sda1
  format args = []  grow = None  max size = 0  bootable = True
  part type = 0  primary = None
  partedPartition = <parted.partition.Partition object at 0x7fd1ec2b7250>  disk = <storage.devices.DiskDevice object at 0x7fd20392c5d0>
[2011-04-28 22:26:54,277]    DEBUG: looking for device 'sda'...
[2011-04-28 22:26:54,277]    DEBUG: found DiskDevice instance (0x7fd20392c5d0) --
  name = sda  status = True  parents = []
  kids = 3
  id = 0
  uuid = None  format = <storage.formats.disklabel.DiskLabel object at 0x7fd1f3ff57d0>  size = 76316.5942383
  major = 8  minor = 0  exists = True
  sysfs path = /devices/pci0000:00/0000:00:1f.2/host0/target0:0:0/0:0:0:0/block/sda  partedDevice = <parted.device.Device object at 0x7fd1f3ff5710>
  target size = 0  path = /dev/sda
  format args = []  removable = False  partedDevice = <parted.device.Device object at 0x7fd1f3ff5710>
[2011-04-28 22:26:54,278]    DEBUG: looking for device 'sda1'...
[2011-04-28 22:26:54,278]    DEBUG: found PartitionDevice instance (0x7fd1f4007490) --
  name = sda1  status = True  parents = [<storage.devices.DiskDevice object at 0x7fd20392c5d0>]
  kids = 0
  id = 1
  uuid = None  format = <storage.formats.fs.Ext3FS object at 0x7fd1ecf33110>  size = 101.944335938
  major = 8  minor = 1  exists = True
  sysfs path = /devices/pci0000:00/0000:00:1f.2/host0/target0:0:0/0:0:0:0/block/sda/sda1  partedDevice = <parted.device.Device object at 0x7fd1f4007410>
  target size = 101.944335938  path = /dev/sda1
  format args = []  grow = None  max size = 0  bootable = True
  part type = 0  primary = None
  partedPartition = <parted.partition.Partition object at 0x7fd1ec2b7250>  disk = <storage.devices.DiskDevice object at 0x7fd20392c5d0>
[2011-04-28 22:26:54,279]    DEBUG: looking for device 'sda3'...
[2011-04-28 22:26:54,279]    DEBUG: found PartitionDevice instance (0x7fd1ed5bbd50) --
  name = sda3  status = True  parents = [<storage.devices.DiskDevice object at 0x7fd20392c5d0>]
  kids = 0
  id = 3
  uuid = None  format = <storage.formats.fs.Ext3FS object at 0x7fd1ec2ad610>  size = 74214.3383789
  major = 8  minor = 3  exists = True
  sysfs path = /devices/pci0000:00/0000:00:1f.2/host0/target0:0:0/0:0:0:0/block/sda/sda3  partedDevice = <parted.device.Device object at 0x7fd1ed5bf350>
  target size = 0  path = /dev/sda3
  format args = []  grow = None  max size = 0  bootable = False
  part type = 0  primary = None
  partedPartition = <parted.partition.Partition object at 0x7fd1ec2b7ad0>  disk = <storage.devices.DiskDevice object at 0x7fd20392c5d0>
[2011-04-28 22:26:54,280]    DEBUG: looking for device 'sda1'...
[2011-04-28 22:26:54,280]    DEBUG: found PartitionDevice instance (0x7fd1f4007490) --
  name = sda1  status = True  parents = [<storage.devices.DiskDevice object at 0x7fd20392c5d0>]
  kids = 0
  id = 1
  uuid = None  format = <storage.formats.fs.Ext3FS object at 0x7fd1ecf33110>  size = 101.944335938
  major = 8  minor = 1  exists = True
  sysfs path = /devices/pci0000:00/0000:00:1f.2/host0/target0:0:0/0:0:0:0/block/sda/sda1  partedDevice = <parted.device.Device object at 0x7fd1f4007410>
  target size = 101.944335938  path = /dev/sda1
  format args = []  grow = None  max size = 0  bootable = True
  part type = 0  primary = None
  partedPartition = <parted.partition.Partition object at 0x7fd1ec2b7250>  disk = <storage.devices.DiskDevice object at 0x7fd20392c5d0>
[2011-04-28 22:26:54,280]    DEBUG: looking for device 'sda'...
[2011-04-28 22:26:54,281]    DEBUG: found DiskDevice instance (0x7fd20392c5d0) --
  name = sda  status = True  parents = []
  kids = 3
  id = 0
  uuid = None  format = <storage.formats.disklabel.DiskLabel object at 0x7fd1f3ff57d0>  size = 76316.5942383
  major = 8  minor = 0  exists = True
  sysfs path = /devices/pci0000:00/0000:00:1f.2/host0/target0:0:0/0:0:0:0/block/sda  partedDevice = <parted.device.Device object at 0x7fd1f3ff5710>
  target size = 0  path = /dev/sda
  format args = []  removable = False  partedDevice = <parted.device.Device object at 0x7fd1f3ff5710>
[2011-04-28 22:26:54,281]    DEBUG: looking for device 'sda3'...
[2011-04-28 22:26:54,281]    DEBUG: found PartitionDevice instance (0x7fd1ed5bbd50) --
  name = sda3  status = True  parents = [<storage.devices.DiskDevice object at 0x7fd20392c5d0>]
  kids = 0
  id = 3
  uuid = None  format = <storage.formats.fs.Ext3FS object at 0x7fd1ec2ad610>  size = 74214.3383789
  major = 8  minor = 3  exists = True
  sysfs path = /devices/pci0000:00/0000:00:1f.2/host0/target0:0:0/0:0:0:0/block/sda/sda3  partedDevice = <parted.device.Device object at 0x7fd1ed5bf350>
  target size = 0  path = /dev/sda3
  format args = []  grow = None  max size = 0  bootable = False
  part type = 0  primary = None
  partedPartition = <parted.partition.Partition object at 0x7fd1ec2b7ad0>  disk = <storage.devices.DiskDevice object at 0x7fd20392c5d0>
[2011-04-28 22:26:54,281]    DEBUG: looking for device 'sda'...
[2011-04-28 22:26:54,282]    DEBUG: found DiskDevice instance (0x7fd20392c5d0) --
  name = sda  status = True  parents = []
  kids = 3
  id = 0
  uuid = None  format = <storage.formats.disklabel.DiskLabel object at 0x7fd1f3ff57d0>  size = 76316.5942383
  major = 8  minor = 0  exists = True
  sysfs path = /devices/pci0000:00/0000:00:1f.2/host0/target0:0:0/0:0:0:0/block/sda  partedDevice = <parted.device.Device object at 0x7fd1f3ff5710>
  target size = 0  path = /dev/sda
  format args = []  removable = False  partedDevice = <parted.device.Device object at 0x7fd1f3ff5710>
[2011-04-28 22:26:54,282]    DEBUG: looking for device 'sda1'...
[2011-04-28 22:26:54,282]    DEBUG: found PartitionDevice instance (0x7fd1f4007490) --
  name = sda1  status = True  parents = [<storage.devices.DiskDevice object at 0x7fd20392c5d0>]
  kids = 0
  id = 1
  uuid = None  format = <storage.formats.fs.Ext3FS object at 0x7fd1ecf33110>  size = 101.944335938
  major = 8  minor = 1  exists = True
  sysfs path = /devices/pci0000:00/0000:00:1f.2/host0/target0:0:0/0:0:0:0/block/sda/sda1  partedDevice = <parted.device.Device object at 0x7fd1f4007410>
  target size = 101.944335938  path = /dev/sda1
  format args = []  grow = None  max size = 0  bootable = True
  part type = 0  primary = None
  partedPartition = <parted.partition.Partition object at 0x7fd1ec2b7250>  disk = <storage.devices.DiskDevice object at 0x7fd20392c5d0>
[2011-04-28 22:26:54,282]    DEBUG: looking for device 'sda'...
[2011-04-28 22:26:54,283]    DEBUG: found DiskDevice instance (0x7fd20392c5d0) --
  name = sda  status = True  parents = []
  kids = 3
  id = 0
  uuid = None  format = <storage.formats.disklabel.DiskLabel object at 0x7fd1f3ff57d0>  size = 76316.5942383
  major = 8  minor = 0  exists = True
  sysfs path = /devices/pci0000:00/0000:00:1f.2/host0/target0:0:0/0:0:0:0/block/sda  partedDevice = <parted.device.Device object at 0x7fd1f3ff5710>
  target size = 0  path = /dev/sda
  format args = []  removable = False  partedDevice = <parted.device.Device object at 0x7fd1f3ff5710>
[2011-04-28 22:26:54,283]    DEBUG: looking for device 'sda'...
[2011-04-28 22:26:54,283]    DEBUG: found DiskDevice instance (0x7fd20392c5d0) --
  name = sda  status = True  parents = []
  kids = 3
  id = 0
  uuid = None  format = <storage.formats.disklabel.DiskLabel object at 0x7fd1f3ff57d0>  size = 76316.5942383
  major = 8  minor = 0  exists = True
  sysfs path = /devices/pci0000:00/0000:00:1f.2/host0/target0:0:0/0:0:0:0/block/sda  partedDevice = <parted.device.Device object at 0x7fd1f3ff5710>
  target size = 0  path = /dev/sda
  format args = []  removable = False  partedDevice = <parted.device.Device object at 0x7fd1f3ff5710>
[2011-04-28 22:26:54,283]    DEBUG: looking for device 'sda'...
[2011-04-28 22:26:54,284]    DEBUG: found DiskDevice instance (0x7fd20392c5d0) --
  name = sda  status = True  parents = []
  kids = 3
  id = 0
  uuid = None  format = <storage.formats.disklabel.DiskLabel object at 0x7fd1f3ff57d0>  size = 76316.5942383
  major = 8  minor = 0  exists = True
  sysfs path = /devices/pci0000:00/0000:00:1f.2/host0/target0:0:0/0:0:0:0/block/sda  partedDevice = <parted.device.Device object at 0x7fd1f3ff5710>
  target size = 0  path = /dev/sda
  format args = []  removable = False  partedDevice = <parted.device.Device object at 0x7fd1f3ff5710>
[2011-04-28 22:26:54,284]    DEBUG: looking for device 'sda'...
[2011-04-28 22:26:54,284]    DEBUG: found DiskDevice instance (0x7fd20392c5d0) --
  name = sda  status = True  parents = []
  kids = 3
  id = 0
  uuid = None  format = <storage.formats.disklabel.DiskLabel object at 0x7fd1f3ff57d0>  size = 76316.5942383
  major = 8  minor = 0  exists = True
  sysfs path = /devices/pci0000:00/0000:00:1f.2/host0/target0:0:0/0:0:0:0/block/sda  partedDevice = <parted.device.Device object at 0x7fd1f3ff5710>
  target size = 0  path = /dev/sda
  format args = []  removable = False  partedDevice = <parted.device.Device object at 0x7fd1f3ff5710>
[2011-04-28 22:26:54,284]    DEBUG: looking for device 'sda1'...
[2011-04-28 22:26:54,285]    DEBUG: found PartitionDevice instance (0x7fd1f4007490) --
  name = sda1  status = True  parents = [<storage.devices.DiskDevice object at 0x7fd20392c5d0>]
  kids = 0
  id = 1
  uuid = None  format = <storage.formats.fs.Ext3FS object at 0x7fd1ecf33110>  size = 101.944335938
  major = 8  minor = 1  exists = True
  sysfs path = /devices/pci0000:00/0000:00:1f.2/host0/target0:0:0/0:0:0:0/block/sda/sda1  partedDevice = <parted.device.Device object at 0x7fd1f4007410>
  target size = 101.944335938  path = /dev/sda1
  format args = []  grow = None  max size = 0  bootable = True
  part type = 0  primary = None
  partedPartition = <parted.partition.Partition object at 0x7fd1ec2b7250>  disk = <storage.devices.DiskDevice object at 0x7fd20392c5d0>
[2011-04-28 22:26:54,538]  WARNING: Storage.writeKS not completely implemented
