ibissh_wrap.cpp: In function 'int ibcr_read_global(uint16_t, uint32_t, char**)':
ibissh_wrap.cpp:489: warning: deprecated conversion from string constant to 'char*'
ibissh_wrap.cpp: In function 'int ibcr_write_global(uint16_t, uint32_t, uint32_t)':
ibissh_wrap.cpp:509: warning: deprecated conversion from string constant to 'char*'
ibissh_wrap.cpp: In function 'int ibcr_multi_read_global(uint8_t, uint16_t*, uint32_t, char**)':
ibissh_wrap.cpp:528: warning: deprecated conversion from string constant to 'char*'
ibissh_wrap.cpp: In function 'int ibcr_multi_write_global(uint8_t, uint16_t*, uint32_t, uint32_t)':
ibissh_wrap.cpp:548: warning: deprecated conversion from string constant to 'char*'
ibissh_wrap.cpp: In function 'int ibpm_get_counters_global(uint16_t, uint8_t, char**)':
ibissh_wrap.cpp:682: warning: deprecated conversion from string constant to 'char*'
ibissh_wrap.cpp: In function 'int ibpm_get_multi_counters_global(uint8_t, uint16_t*, uint8_t*, char**)':
ibissh_wrap.cpp:704: warning: deprecated conversion from string constant to 'char*'
ibissh_wrap.cpp: In function 'int ibpm_get_multi_counters_extended_global(uint8_t, uint16_t*, uint8_t*, char**)':
ibissh_wrap.cpp:728: warning: deprecated conversion from string constant to 'char*'
ibissh_wrap.cpp: In function 'int ibpm_clr_all_counters_global(uint16_t, uint8_t)':
ibissh_wrap.cpp:744: warning: deprecated conversion from string constant to 'char*'
ibissh_wrap.cpp: In function 'int ibpm_clr_all_multi_counters_global(uint8_t, uint16_t*, uint8_t*)':
ibissh_wrap.cpp:759: warning: deprecated conversion from string constant to 'char*'
ibissh_wrap.cpp: In function 'int ibvs_cpu_read_global(uint16_t, uint8_t, uint8_t, uint32_t, char**)':
ibissh_wrap.cpp:869: warning: deprecated conversion from string constant to 'char*'
ibissh_wrap.cpp: In function 'int ibvs_cpu_write_global(uint16_t, uint8_t, uint8_t, uint32_t*, uint32_t)':
ibissh_wrap.cpp:892: warning: deprecated conversion from string constant to 'char*'
ibissh_wrap.cpp: In function 'int ibvs_i2c_read_global(uint16_t, uint8_t, uint8_t, uint8_t, uint32_t, char**)':
ibissh_wrap.cpp:912: warning: deprecated conversion from string constant to 'char*'
ibissh_wrap.cpp: In function 'int ibvs_multi_i2c_read_global(uint8_t, uint16_t*, uint8_t, uint8_t, uint8_t, uint32_t, char**)':
ibissh_wrap.cpp:937: warning: deprecated conversion from string constant to 'char*'
ibissh_wrap.cpp: In function 'int ibvs_multi_i2c_write_global(uint8_t, uint16_t*, uint8_t, uint8_t, uint8_t, uint32_t, uint32_t*, char**)':
ibissh_wrap.cpp:965: warning: deprecated conversion from string constant to 'char*'
ibissh_wrap.cpp: In function 'int ibvs_i2c_write_global(uint16_t, uint8_t, uint8_t, uint8_t, uint32_t, uint32_t*)':
ibissh_wrap.cpp:988: warning: deprecated conversion from string constant to 'char*'
ibissh_wrap.cpp: In function 'int ibvs_gpio_read_global(uint16_t, char**)':
ibissh_wrap.cpp:1002: warning: deprecated conversion from string constant to 'char*'
ibissh_wrap.cpp: In function 'int ibvs_gpio_write_global(uint16_t, uint64_t, uint64_t)':
ibissh_wrap.cpp:1020: warning: deprecated conversion from string constant to 'char*'
ibissh_wrap.cpp: In function 'int ibvs_multi_sw_reset_global(uint8_t, uint16_t*)':
ibissh_wrap.cpp:1033: warning: deprecated conversion from string constant to 'char*'
ibissh_wrap.cpp: In function 'int ibvs_multi_flash_open_global(uint8_t, uint16_t*, uint32_t, uint8_t, uint32_t, uint32_t*, char**)':
ibissh_wrap.cpp:1055: warning: deprecated conversion from string constant to 'char*'
ibissh_wrap.cpp: In function 'int ibvs_multi_flash_close_global(uint8_t, uint16_t*, uint32_t, char**)':
ibissh_wrap.cpp:1079: warning: deprecated conversion from string constant to 'char*'
ibissh_wrap.cpp: In function 'int ibvs_multi_flash_set_bank_global(uint8_t, uint16_t*, uint32_t, char**)':
ibissh_wrap.cpp:1103: warning: deprecated conversion from string constant to 'char*'
ibissh_wrap.cpp: In function 'int ibvs_multi_flash_erase_global(uint8_t, uint16_t*, uint32_t, char**)':
ibissh_wrap.cpp:1126: warning: deprecated conversion from string constant to 'char*'
ibissh_wrap.cpp: In function 'int ibvs_multi_flash_read_global(uint8_t, uint16_t*, uint8_t, uint32_t, char**)':
ibissh_wrap.cpp:1151: warning: deprecated conversion from string constant to 'char*'
ibissh_wrap.cpp: In function 'int ibvs_multi_flash_write_global(uint8_t, uint16_t*, uint8_t, uint32_t, uint32_t*)':
ibissh_wrap.cpp:1175: warning: deprecated conversion from string constant to 'char*'
ibissh_wrap.cpp: In function 'int ibvs_mirror_read_global(uint16_t, char**)':
ibissh_wrap.cpp:1190: warning: deprecated conversion from string constant to 'char*'
ibissh_wrap.cpp: In function 'int ibvs_mirror_write_global(uint16_t, uint32_t, uint32_t)':
ibissh_wrap.cpp:1208: warning: deprecated conversion from string constant to 'char*'
ibissh_wrap.cpp: In function 'int ibvs_plft_map_get_global(uint16_t, uint8_t, char**)':
ibissh_wrap.cpp:1225: warning: deprecated conversion from string constant to 'char*'
ibissh_wrap.cpp: In function 'int ibvs_general_info_get_global(uint16_t, char**)':
ibissh_wrap.cpp:1330: warning: deprecated conversion from string constant to 'char*'
ibissh_wrap.cpp: In function 'int ibbbm_read_vpd_global(uint16_t, uint8_t, uint16_t, uint16_t, ib_bbm_vpd_t*)':
ibissh_wrap.cpp:1404: warning: deprecated conversion from string constant to 'char*'
ibissh_wrap.cpp: In function 'int ibbbm_write_vpd_global(uint16_t, uint8_t, uint16_t, uint16_t, uint8_t*)':
ibissh_wrap.cpp:1422: warning: deprecated conversion from string constant to 'char*'
ibissh_wrap.cpp: In function 'int ibbbm_read_vsd_vpd_global(uint16_t, ib_bbm_vsd_vpd_t*)':
ibissh_wrap.cpp:1438: warning: deprecated conversion from string constant to 'char*'
ibissh_wrap.cpp: In function 'int ibbbm_read_bsn_vpd_global(uint16_t, ib_bbm_bsn_vpd_t*)':
ibissh_wrap.cpp:1454: warning: deprecated conversion from string constant to 'char*'
ibissh_wrap.cpp: In function 'int ibbbm_read_mod_vpd_global(uint16_t, ib_bbm_mod_vpd_t*)':
ibissh_wrap.cpp:1471: warning: deprecated conversion from string constant to 'char*'
ibissh_wrap.cpp: In function 'int ibbbm_read_cha_vpd_global(uint16_t, ib_bbm_cha_vpd_t*)':
ibissh_wrap.cpp:1488: warning: deprecated conversion from string constant to 'char*'
ibissh_wrap.cpp: In function 'int ibbbm_read_fw_ver_vpd_global(uint16_t, ib_bbm_fw_ver_vpd_t*)':
ibissh_wrap.cpp:1506: warning: deprecated conversion from string constant to 'char*'
ibissh_wrap.cpp: At global scope:
ibissh_wrap.cpp:2475: warning: deprecated conversion from string constant to 'char*'
ibissh_wrap.cpp:2476: warning: deprecated conversion from string constant to 'char*'
ibissh_wrap.cpp:2477: warning: deprecated conversion from string constant to 'char*'
ibissh_wrap.cpp:2478: warning: deprecated conversion from string constant to 'char*'
ibissh_wrap.cpp:2506: warning: deprecated conversion from string constant to 'char*'
ibissh_wrap.cpp:2507: warning: deprecated conversion from string constant to 'char*'
ibissh_wrap.cpp:2508: warning: deprecated conversion from string constant to 'char*'
ibissh_wrap.cpp:2509: warning: deprecated conversion from string constant to 'char*'
ibissh_wrap.cpp:2510: warning: deprecated conversion from string constant to 'char*'
ibissh_wrap.cpp:2511: warning: deprecated conversion from string constant to 'char*'
ibissh_wrap.cpp:2512: warning: deprecated conversion from string constant to 'char*'
ibissh_wrap.cpp:2513: warning: deprecated conversion from string constant to 'char*'
ibissh_wrap.cpp:2514: warning: deprecated conversion from string constant to 'char*'
ibissh_wrap.cpp:2515: warning: deprecated conversion from string constant to 'char*'
ibissh_wrap.cpp:2516: warning: deprecated conversion from string constant to 'char*'
ibissh_wrap.cpp:2517: warning: deprecated conversion from string constant to 'char*'
ibissh_wrap.cpp:2518: warning: deprecated conversion from string constant to 'char*'
ibissh_wrap.cpp:2519: warning: deprecated conversion from string constant to 'char*'
ibissh_wrap.cpp:2520: warning: deprecated conversion from string constant to 'char*'
ibissh_wrap.cpp:2521: warning: deprecated conversion from string constant to 'char*'
ibissh_wrap.cpp:2522: warning: deprecated conversion from string constant to 'char*'
ibissh_wrap.cpp:2523: warning: deprecated conversion from string constant to 'char*'
ibissh_wrap.cpp:2524: warning: deprecated conversion from string constant to 'char*'
ibissh_wrap.cpp:2525: warning: deprecated conversion from string constant to 'char*'
ibissh_wrap.cpp:2526: warning: deprecated conversion from string constant to 'char*'
ibissh_wrap.cpp:2529: warning: deprecated conversion from string constant to 'char*'
ibissh_wrap.cpp:2530: warning: deprecated conversion from string constant to 'char*'
ibissh_wrap.cpp:2531: warning: deprecated conversion from string constant to 'char*'
ibissh_wrap.cpp:2532: warning: deprecated conversion from string constant to 'char*'
ibissh_wrap.cpp:2533: warning: deprecated conversion from string constant to 'char*'
ibissh_wrap.cpp:2534: warning: deprecated conversion from string constant to 'char*'
ibissh_wrap.cpp:2535: warning: deprecated conversion from string constant to 'char*'
ibissh_wrap.cpp:2536: warning: deprecated conversion from string constant to 'char*'
ibissh_wrap.cpp:2537: warning: deprecated conversion from string constant to 'char*'
ibissh_wrap.cpp:2538: warning: deprecated conversion from string constant to 'char*'
ibissh_wrap.cpp:2539: warning: deprecated conversion from string constant to 'char*'
ibissh_wrap.cpp:2540: warning: deprecated conversion from string constant to 'char*'
ibissh_wrap.cpp:2541: warning: deprecated conversion from string constant to 'char*'
ibissh_wrap.cpp:2566: warning: deprecated conversion from string constant to 'char*'
ibissh_wrap.cpp:2567: warning: deprecated conversion from string constant to 'char*'
ibissh_wrap.cpp:2568: warning: deprecated conversion from string constant to 'char*'
ibissh_wrap.cpp:2569: warning: deprecated conversion from string constant to 'char*'
ibissh_wrap.cpp:2570: warning: deprecated conversion from string constant to 'char*'
ibissh_wrap.cpp:2571: warning: deprecated conversion from string constant to 'char*'
ibissh_wrap.cpp:2572: warning: deprecated conversion from string constant to 'char*'
ibissh_wrap.cpp:2573: warning: deprecated conversion from string constant to 'char*'
ibissh_wrap.cpp:2574: warning: deprecated conversion from string constant to 'char*'
ibissh_wrap.cpp:2575: warning: deprecated conversion from string constant to 'char*'
ibissh_wrap.cpp:2576: warning: deprecated conversion from string constant to 'char*'
ibissh_wrap.cpp:2577: warning: deprecated conversion from string constant to 'char*'
ibissh_wrap.cpp:2578: warning: deprecated conversion from string constant to 'char*'
ibissh_wrap.cpp:2579: warning: deprecated conversion from string constant to 'char*'
ibissh_wrap.cpp:2580: warning: deprecated conversion from string constant to 'char*'
ibissh_wrap.cpp:2581: warning: deprecated conversion from string constant to 'char*'
ibissh_wrap.cpp:2582: warning: deprecated conversion from string constant to 'char*'
ibissh_wrap.cpp:2583: warning: deprecated conversion from string constant to 'char*'
ibissh_wrap.cpp:2584: warning: deprecated conversion from string constant to 'char*'
ibissh_wrap.cpp:2585: warning: deprecated conversion from string constant to 'char*'
ibissh_wrap.cpp:2586: warning: deprecated conversion from string constant to 'char*'
ibissh_wrap.cpp:2627: warning: deprecated conversion from string constant to 'char*'
ibissh_wrap.cpp:2628: warning: deprecated conversion from string constant to 'char*'
ibissh_wrap.cpp:2629: warning: deprecated conversion from string constant to 'char*'
ibissh_wrap.cpp:2630: warning: deprecated conversion from string constant to 'char*'
ibissh_wrap.cpp:2631: warning: deprecated conversion from string constant to 'char*'
ibissh_wrap.cpp:2632: warning: deprecated conversion from string constant to 'char*'
ibissh_wrap.cpp:2633: warning: deprecated conversion from string constant to 'char*'
ibissh_wrap.cpp:2634: warning: deprecated conversion from string constant to 'char*'
ibissh_wrap.cpp:2635: warning: deprecated conversion from string constant to 'char*'
ibissh_wrap.cpp:2636: warning: deprecated conversion from string constant to 'char*'
ibissh_wrap.cpp:2637: warning: deprecated conversion from string constant to 'char*'
ibissh_wrap.cpp:2638: warning: deprecated conversion from string constant to 'char*'
ibissh_wrap.cpp:2639: warning: deprecated conversion from string constant to 'char*'
ibissh_wrap.cpp:2640: warning: deprecated conversion from string constant to 'char*'
ibissh_wrap.cpp:2641: warning: deprecated conversion from string constant to 'char*'
ibissh_wrap.cpp:2642: warning: deprecated conversion from string constant to 'char*'
ibissh_wrap.cpp:2643: warning: deprecated conversion from string constant to 'char*'
ibissh_wrap.cpp:2644: warning: deprecated conversion from string constant to 'char*'
ibissh_wrap.cpp:2645: warning: deprecated conversion from string constant to 'char*'
ibissh_wrap.cpp:2646: warning: deprecated conversion from string constant to 'char*'
ibissh_wrap.cpp:2647: warning: deprecated conversion from string constant to 'char*'
ibissh_wrap.cpp:2648: warning: deprecated conversion from string constant to 'char*'
ibissh_wrap.cpp:2649: warning: deprecated conversion from string constant to 'char*'
ibissh_wrap.cpp:2650: warning: deprecated conversion from string constant to 'char*'
ibissh_wrap.cpp:2651: warning: deprecated conversion from string constant to 'char*'
ibissh_wrap.cpp:2652: warning: deprecated conversion from string constant to 'char*'
ibissh_wrap.cpp:2653: warning: deprecated conversion from string constant to 'char*'
ibissh_wrap.cpp:2654: warning: deprecated conversion from string constant to 'char*'
ibissh_wrap.cpp:2655: warning: deprecated conversion from string constant to 'char*'
ibissh_wrap.cpp:2656: warning: deprecated conversion from string constant to 'char*'
ibissh_wrap.cpp:2657: warning: deprecated conversion from string constant to 'char*'
ibissh_wrap.cpp:2658: warning: deprecated conversion from string constant to 'char*'
ibissh_wrap.cpp:2659: warning: deprecated conversion from string constant to 'char*'
ibissh_wrap.cpp:2660: warning: deprecated conversion from string constant to 'char*'
ibissh_wrap.cpp:2661: warning: deprecated conversion from string constant to 'char*'
ibissh_wrap.cpp:2662: warning: deprecated conversion from string constant to 'char*'
ibissh_wrap.cpp:2663: warning: deprecated conversion from string constant to 'char*'
ibissh_wrap.cpp:2664: warning: deprecated conversion from string constant to 'char*'
ibissh_wrap.cpp:2665: warning: deprecated conversion from string constant to 'char*'
ibissh_wrap.cpp:2666: warning: deprecated conversion from string constant to 'char*'
ibissh_wrap.cpp:2667: warning: deprecated conversion from string constant to 'char*'
ibissh_wrap.cpp:2668: warning: deprecated conversion from string constant to 'char*'
ibissh_wrap.cpp:2669: warning: deprecated conversion from string constant to 'char*'
ibissh_wrap.cpp:2672: warning: deprecated conversion from string constant to 'char*'
ibissh_wrap.cpp:2673: warning: deprecated conversion from string constant to 'char*'
ibissh_wrap.cpp:2674: warning: deprecated conversion from string constant to 'char*'
ibissh_wrap.cpp:2675: warning: deprecated conversion from string constant to 'char*'
ibissh_wrap.cpp:2676: warning: deprecated conversion from string constant to 'char*'
ibissh_wrap.cpp:2677: warning: deprecated conversion from string constant to 'char*'
ibissh_wrap.cpp:2678: warning: deprecated conversion from string constant to 'char*'
ibissh_wrap.cpp:2679: warning: deprecated conversion from string constant to 'char*'
ibissh_wrap.cpp:2680: warning: deprecated conversion from string constant to 'char*'
ibissh_wrap.cpp:2681: warning: deprecated conversion from string constant to 'char*'
ibissh_wrap.cpp:2682: warning: deprecated conversion from string constant to 'char*'
ibissh_wrap.cpp:2683: warning: deprecated conversion from string constant to 'char*'
ibissh_wrap.cpp:2684: warning: deprecated conversion from string constant to 'char*'
ibissh_wrap.cpp: In function 'int ibis_set_port(uint64_t)':
ibissh_wrap.cpp:3115: warning: deprecated conversion from string constant to 'char*'
ibissh_wrap.cpp: At global scope:
ibissh_wrap.cpp:3287: warning: deprecated conversion from string constant to 'char*'
ibissh_wrap.cpp: In function 'int _wrap_sacVlArbRec_vl_arb_tbl_set(void*, Tcl_Interp*, int, Tcl_Obj* const*)':
ibissh_wrap.cpp:31502: warning: deprecated conversion from string constant to 'char*'
ibissh_wrap.cpp: In function 'int _wrap_sacVlArbRec_vl_arb_tbl_get(void*, Tcl_Interp*, int, Tcl_Obj* const*)':
ibissh_wrap.cpp:31566: warning: deprecated conversion from string constant to 'char*'
ibissh_wrap.cpp: In function 'int Ibis_Init(Tcl_Interp*)':
ibissh_wrap.cpp:76487: warning: deprecated conversion from string constant to 'char*'
ibissh_wrap.cpp:76487: warning: deprecated conversion from string constant to 'char*'
ibissh_wrap.cpp:76488: warning: deprecated conversion from string constant to 'char*'
ibissh_wrap.cpp:76488: warning: deprecated conversion from string constant to 'char*'
ibissh_wrap.cpp:76489: warning: deprecated conversion from string constant to 'char*'
ibissh_wrap.cpp:76489: warning: deprecated conversion from string constant to 'char*'
ibissh_wrap.cpp:76490: warning: deprecated conversion from string constant to 'char*'
ibissh_wrap.cpp:76490: warning: deprecated conversion from string constant to 'char*'
ibissh_wrap.cpp:76491: warning: deprecated conversion from string constant to 'char*'
ibissh_wrap.cpp:76491: warning: deprecated conversion from string constant to 'char*'
ibissh_wrap.cpp:76492: warning: deprecated conversion from string constant to 'char*'
ibissh_wrap.cpp:76492: warning: deprecated conversion from string constant to 'char*'
ibissh_wrap.cpp:76493: warning: deprecated conversion from string constant to 'char*'
ibissh_wrap.cpp:76493: warning: deprecated conversion from string constant to 'char*'
ibissh_wrap.cpp:76494: warning: deprecated conversion from string constant to 'char*'
ibissh_wrap.cpp:76494: warning: deprecated conversion from string constant to 'char*'
ibissh_wrap.cpp:76495: warning: deprecated conversion from string constant to 'char*'
ibissh_wrap.cpp:76495: warning: deprecated conversion from string constant to 'char*'
ibissh_wrap.cpp:76496: warning: deprecated conversion from string constant to 'char*'
ibissh_wrap.cpp:76496: warning: deprecated conversion from string constant to 'char*'
ibissh_wrap.cpp:76497: warning: deprecated conversion from string constant to 'char*'
ibissh_wrap.cpp:76497: warning: deprecated conversion from string constant to 'char*'
ibissh_wrap.cpp:76498: warning: deprecated conversion from string constant to 'char*'
ibissh_wrap.cpp:76498: warning: deprecated conversion from string constant to 'char*'
ibissh_wrap.cpp:76499: warning: deprecated conversion from string constant to 'char*'
ibissh_wrap.cpp:76499: warning: deprecated conversion from string constant to 'char*'
ibissh_wrap.cpp:76500: warning: deprecated conversion from string constant to 'char*'
ibissh_wrap.cpp:76500: warning: deprecated conversion from string constant to 'char*'
ibissh_wrap.cpp:76501: warning: deprecated conversion from string constant to 'char*'
ibissh_wrap.cpp:76501: warning: deprecated conversion from string constant to 'char*'
ibissh_wrap.cpp:76502: warning: deprecated conversion from string constant to 'char*'
ibissh_wrap.cpp:76502: warning: deprecated conversion from string constant to 'char*'
ibissh_wrap.cpp:76503: warning: deprecated conversion from string constant to 'char*'
ibissh_wrap.cpp:76503: warning: deprecated conversion from string constant to 'char*'
ibissh_wrap.cpp:76504: warning: deprecated conversion from string constant to 'char*'
ibissh_wrap.cpp:76504: warning: deprecated conversion from string constant to 'char*'
ibissh_wrap.cpp:76505: warning: deprecated conversion from string constant to 'char*'
ibissh_wrap.cpp:76505: warning: deprecated conversion from string constant to 'char*'
ibissh_wrap.cpp:76506: warning: deprecated conversion from string constant to 'char*'
ibissh_wrap.cpp:76506: warning: deprecated conversion from string constant to 'char*'
ibissh_wrap.cpp:76507: warning: deprecated conversion from string constant to 'char*'
ibissh_wrap.cpp:76507: warning: deprecated conversion from string constant to 'char*'
ibissh_wrap.cpp:76508: warning: deprecated conversion from string constant to 'char*'
ibissh_wrap.cpp:76508: warning: deprecated conversion from string constant to 'char*'
ibissh_wrap.cpp:76509: warning: deprecated conversion from string constant to 'char*'
ibissh_wrap.cpp:76509: warning: deprecated conversion from string constant to 'char*'
ibissh_wrap.cpp:76510: warning: deprecated conversion from string constant to 'char*'
ibissh_wrap.cpp:76510: warning: deprecated conversion from string constant to 'char*'
ibissh_wrap.cpp:76511: warning: deprecated conversion from string constant to 'char*'
ibissh_wrap.cpp:76511: warning: deprecated conversion from string constant to 'char*'
ibissh_wrap.cpp:76512: warning: deprecated conversion from string constant to 'char*'
ibissh_wrap.cpp:76512: warning: deprecated conversion from string constant to 'char*'
ibissh_wrap.cpp:76513: warning: deprecated conversion from string constant to 'char*'
ibissh_wrap.cpp:76513: warning: deprecated conversion from string constant to 'char*'
ibissh_wrap.cpp:76514: warning: deprecated conversion from string constant to 'char*'
ibissh_wrap.cpp:76514: warning: deprecated conversion from string constant to 'char*'
ibissh_wrap.cpp:76515: warning: deprecated conversion from string constant to 'char*'
ibissh_wrap.cpp:76515: warning: deprecated conversion from string constant to 'char*'
ibissh_wrap.cpp:76516: warning: deprecated conversion from string constant to 'char*'
ibissh_wrap.cpp:76516: warning: deprecated conversion from string constant to 'char*'
ibissh_wrap.cpp:76517: warning: deprecated conversion from string constant to 'char*'
ibissh_wrap.cpp:76517: warning: deprecated conversion from string constant to 'char*'
ibissh_wrap.cpp:76518: warning: deprecated conversion from string constant to 'char*'
ibissh_wrap.cpp:76518: warning: deprecated conversion from string constant to 'char*'
ibissh_wrap.cpp:76519: warning: deprecated conversion from string constant to 'char*'
ibissh_wrap.cpp:76519: warning: deprecated conversion from string constant to 'char*'
ibissh_wrap.cpp:76520: warning: deprecated conversion from string constant to 'char*'
ibissh_wrap.cpp:76520: warning: deprecated conversion from string constant to 'char*'
ibissh_wrap.cpp:76521: warning: deprecated conversion from string constant to 'char*'
ibissh_wrap.cpp:76521: warning: deprecated conversion from string constant to 'char*'
ibissh_wrap.cpp:76522: warning: deprecated conversion from string constant to 'char*'
ibissh_wrap.cpp:76522: warning: deprecated conversion from string constant to 'char*'
ibissh_wrap.cpp:76523: warning: deprecated conversion from string constant to 'char*'
ibissh_wrap.cpp:76523: warning: deprecated conversion from string constant to 'char*'
ibissh_wrap.cpp:76524: warning: deprecated conversion from string constant to 'char*'
ibissh_wrap.cpp:76524: warning: deprecated conversion from string constant to 'char*'
ibissh_wrap.cpp:76525: warning: deprecated conversion from string constant to 'char*'
ibissh_wrap.cpp:76525: warning: deprecated conversion from string constant to 'char*'
ibissh_wrap.cpp:76526: warning: deprecated conversion from string constant to 'char*'
ibissh_wrap.cpp:76526: warning: deprecated conversion from string constant to 'char*'
ibissh_wrap.cpp:76527: warning: deprecated conversion from string constant to 'char*'
ibissh_wrap.cpp:76527: warning: deprecated conversion from string constant to 'char*'
ibissh_wrap.cpp:76528: warning: deprecated conversion from string constant to 'char*'
ibissh_wrap.cpp:76528: warning: deprecated conversion from string constant to 'char*'
ibissh_wrap.cpp:76529: warning: deprecated conversion from string constant to 'char*'
ibissh_wrap.cpp:76529: warning: deprecated conversion from string constant to 'char*'
ibissh_wrap.cpp:76530: warning: deprecated conversion from string constant to 'char*'
ibissh_wrap.cpp:76530: warning: deprecated conversion from string constant to 'char*'
ibissh_wrap.cpp:76531: warning: deprecated conversion from string constant to 'char*'
ibissh_wrap.cpp:76531: warning: deprecated conversion from string constant to 'char*'
ibissh_wrap.cpp:76532: warning: deprecated conversion from string constant to 'char*'
ibissh_wrap.cpp:76532: warning: deprecated conversion from string constant to 'char*'
ibissh_wrap.cpp:76533: warning: deprecated conversion from string constant to 'char*'
ibissh_wrap.cpp:76533: warning: deprecated conversion from string constant to 'char*'
ibissh_wrap.cpp:76534: warning: deprecated conversion from string constant to 'char*'
ibissh_wrap.cpp:76534: warning: deprecated conversion from string constant to 'char*'
ibissh_wrap.cpp:76535: warning: deprecated conversion from string constant to 'char*'
ibissh_wrap.cpp:76535: warning: deprecated conversion from string constant to 'char*'
ibissh_wrap.cpp:76536: warning: deprecated conversion from string constant to 'char*'
ibissh_wrap.cpp:76536: warning: deprecated conversion from string constant to 'char*'
ibissh_wrap.cpp:76537: warning: deprecated conversion from string constant to 'char*'
ibissh_wrap.cpp:76537: warning: deprecated conversion from string constant to 'char*'
ibissh_wrap.cpp:76538: warning: deprecated conversion from string constant to 'char*'
ibissh_wrap.cpp:76538: warning: deprecated conversion from string constant to 'char*'
ibissh_wrap.cpp:76539: warning: deprecated conversion from string constant to 'char*'
ibissh_wrap.cpp:76539: warning: deprecated conversion from string constant to 'char*'
ibissh_wrap.cpp:76540: warning: deprecated conversion from string constant to 'char*'
ibissh_wrap.cpp:76540: warning: deprecated conversion from string constant to 'char*'
ibissh_wrap.cpp:76541: warning: deprecated conversion from string constant to 'char*'
ibissh_wrap.cpp:76541: warning: deprecated conversion from string constant to 'char*'
ibissh_wrap.cpp:76542: warning: deprecated conversion from string constant to 'char*'
ibissh_wrap.cpp:76542: warning: deprecated conversion from string constant to 'char*'
ibissh_wrap.cpp:76543: warning: deprecated conversion from string constant to 'char*'
ibissh_wrap.cpp:76543: warning: deprecated conversion from string constant to 'char*'
ibissh_wrap.cpp:76544: warning: deprecated conversion from string constant to 'char*'
ibissh_wrap.cpp:76544: warning: deprecated conversion from string constant to 'char*'
ibissh_wrap.cpp:76545: warning: deprecated conversion from string constant to 'char*'
ibissh_wrap.cpp:76545: warning: deprecated conversion from string constant to 'char*'
ibissh_wrap.cpp:76546: warning: deprecated conversion from string constant to 'char*'
ibissh_wrap.cpp:76546: warning: deprecated conversion from string constant to 'char*'
ibissh_wrap.cpp:76547: warning: deprecated conversion from string constant to 'char*'
ibissh_wrap.cpp:76547: warning: deprecated conversion from string constant to 'char*'
ibissh_wrap.cpp:76548: warning: deprecated conversion from string constant to 'char*'
ibissh_wrap.cpp:76548: warning: deprecated conversion from string constant to 'char*'
ibissh_wrap.cpp:76549: warning: deprecated conversion from string constant to 'char*'
ibissh_wrap.cpp:76549: warning: deprecated conversion from string constant to 'char*'
ibissh_wrap.cpp:76550: warning: deprecated conversion from string constant to 'char*'
ibissh_wrap.cpp:76550: warning: deprecated conversion from string constant to 'char*'
ibissh_wrap.cpp:76551: warning: deprecated conversion from string constant to 'char*'
ibissh_wrap.cpp:76551: warning: deprecated conversion from string constant to 'char*'
ibissh_wrap.cpp:76552: warning: deprecated conversion from string constant to 'char*'
ibissh_wrap.cpp:76552: warning: deprecated conversion from string constant to 'char*'
ibissh_wrap.cpp:76553: warning: deprecated conversion from string constant to 'char*'
ibissh_wrap.cpp:76553: warning: deprecated conversion from string constant to 'char*'
ibissh_wrap.cpp:76554: warning: deprecated conversion from string constant to 'char*'
ibissh_wrap.cpp:76554: warning: deprecated conversion from string constant to 'char*'
ibissh_wrap.cpp:76555: warning: deprecated conversion from string constant to 'char*'
ibissh_wrap.cpp:76555: warning: deprecated conversion from string constant to 'char*'
ibissh_wrap.cpp:76556: warning: deprecated conversion from string constant to 'char*'
ibissh_wrap.cpp:76556: warning: deprecated conversion from string constant to 'char*'
ibissh_wrap.cpp:76557: warning: deprecated conversion from string constant to 'char*'
ibissh_wrap.cpp:76557: warning: deprecated conversion from string constant to 'char*'
ibissh_wrap.cpp:76558: warning: deprecated conversion from string constant to 'char*'
ibissh_wrap.cpp:76558: warning: deprecated conversion from string constant to 'char*'
ibissh_wrap.cpp:76559: warning: deprecated conversion from string constant to 'char*'
ibissh_wrap.cpp:76559: warning: deprecated conversion from string constant to 'char*'
ibissh_wrap.cpp:76560: warning: deprecated conversion from string constant to 'char*'
ibissh_wrap.cpp:76560: warning: deprecated conversion from string constant to 'char*'
ibissh_wrap.cpp:76561: warning: deprecated conversion from string constant to 'char*'
ibissh_wrap.cpp:76561: warning: deprecated conversion from string constant to 'char*'
ibissh_wrap.cpp:76562: warning: deprecated conversion from string constant to 'char*'
ibissh_wrap.cpp:76562: warning: deprecated conversion from string constant to 'char*'
ibissh_wrap.cpp:76563: warning: deprecated conversion from string constant to 'char*'
ibissh_wrap.cpp:76563: warning: deprecated conversion from string constant to 'char*'
ibissh_wrap.cpp:76564: warning: deprecated conversion from string constant to 'char*'
ibissh_wrap.cpp:76564: warning: deprecated conversion from string constant to 'char*'
ibissh_wrap.cpp:76565: warning: deprecated conversion from string constant to 'char*'
ibissh_wrap.cpp:76565: warning: deprecated conversion from string constant to 'char*'
ibissh_wrap.cpp:76566: warning: deprecated conversion from string constant to 'char*'
ibissh_wrap.cpp:76566: warning: deprecated conversion from string constant to 'char*'
ibissh_wrap.cpp:76567: warning: deprecated conversion from string constant to 'char*'
ibissh_wrap.cpp:76567: warning: deprecated conversion from string constant to 'char*'
ibissh_wrap.cpp:76568: warning: deprecated conversion from string constant to 'char*'
ibissh_wrap.cpp:76568: warning: deprecated conversion from string constant to 'char*'
ibissh_wrap.cpp:76569: warning: deprecated conversion from string constant to 'char*'
ibissh_wrap.cpp:76569: warning: deprecated conversion from string constant to 'char*'
ibissh_wrap.cpp:76570: warning: deprecated conversion from string constant to 'char*'
ibissh_wrap.cpp:76570: warning: deprecated conversion from string constant to 'char*'
ibissh_wrap.cpp:76571: warning: deprecated conversion from string constant to 'char*'
ibissh_wrap.cpp:76571: warning: deprecated conversion from string constant to 'char*'
ibissh_wrap.cpp:76572: warning: deprecated conversion from string constant to 'char*'
ibissh_wrap.cpp:76572: warning: deprecated conversion from string constant to 'char*'
ibissh_wrap.cpp:76573: warning: deprecated conversion from string constant to 'char*'
ibissh_wrap.cpp:76573: warning: deprecated conversion from string constant to 'char*'
ibissh_wrap.cpp:76574: warning: deprecated conversion from string constant to 'char*'
ibissh_wrap.cpp:76574: warning: deprecated conversion from string constant to 'char*'
ibissh_wrap.cpp:76575: warning: deprecated conversion from string constant to 'char*'
ibissh_wrap.cpp:76575: warning: deprecated conversion from string constant to 'char*'
ibissh_wrap.cpp:76576: warning: deprecated conversion from string constant to 'char*'
ibissh_wrap.cpp:76576: warning: deprecated conversion from string constant to 'char*'
ibissh_wrap.cpp:76577: warning: deprecated conversion from string constant to 'char*'
ibissh_wrap.cpp:76577: warning: deprecated conversion from string constant to 'char*'
ibissh_wrap.cpp:76578: warning: deprecated conversion from string constant to 'char*'
ibissh_wrap.cpp:76578: warning: deprecated conversion from string constant to 'char*'
ibissh_wrap.cpp:76579: warning: deprecated conversion from string constant to 'char*'
ibissh_wrap.cpp:76579: warning: deprecated conversion from string constant to 'char*'
ibissh_wrap.cpp:76580: warning: deprecated conversion from string constant to 'char*'
ibissh_wrap.cpp:76580: warning: deprecated conversion from string constant to 'char*'
ibissh_wrap.cpp:76581: warning: deprecated conversion from string constant to 'char*'
ibissh_wrap.cpp:76581: warning: deprecated conversion from string constant to 'char*'
ibissh_wrap.cpp:76582: warning: deprecated conversion from string constant to 'char*'
ibissh_wrap.cpp:76582: warning: deprecated conversion from string constant to 'char*'
ibissh_wrap.cpp:76583: warning: deprecated conversion from string constant to 'char*'
ibissh_wrap.cpp:76583: warning: deprecated conversion from string constant to 'char*'
ibissh_wrap.cpp:76584: warning: deprecated conversion from string constant to 'char*'
ibissh_wrap.cpp:76584: warning: deprecated conversion from string constant to 'char*'
ibissh_wrap.cpp:76585: warning: deprecated conversion from string constant to 'char*'
ibissh_wrap.cpp:76585: warning: deprecated conversion from string constant to 'char*'
ibissh_wrap.cpp:76586: warning: deprecated conversion from string constant to 'char*'
ibissh_wrap.cpp:76586: warning: deprecated conversion from string constant to 'char*'
ibissh_wrap.cpp:76587: warning: deprecated conversion from string constant to 'char*'
ibissh_wrap.cpp:76587: warning: deprecated conversion from string constant to 'char*'
ibissh_wrap.cpp:76588: warning: deprecated conversion from string constant to 'char*'
ibissh_wrap.cpp:76588: warning: deprecated conversion from string constant to 'char*'
ibissh_wrap.cpp:76589: warning: deprecated conversion from string constant to 'char*'
ibissh_wrap.cpp:76589: warning: deprecated conversion from string constant to 'char*'
ibissh_wrap.cpp:76590: warning: deprecated conversion from string constant to 'char*'
ibissh_wrap.cpp:76590: warning: deprecated conversion from string constant to 'char*'
ibissh_wrap.cpp:76591: warning: deprecated conversion from string constant to 'char*'
ibissh_wrap.cpp:76591: warning: deprecated conversion from string constant to 'char*'
ibissh_wrap.cpp:76592: warning: deprecated conversion from string constant to 'char*'
ibissh_wrap.cpp:76592: warning: deprecated conversion from string constant to 'char*'
ibissh_wrap.cpp:76593: warning: deprecated conversion from string constant to 'char*'
ibissh_wrap.cpp:76593: warning: deprecated conversion from string constant to 'char*'
ibissh_wrap.cpp:76594: warning: deprecated conversion from string constant to 'char*'
ibissh_wrap.cpp:76594: warning: deprecated conversion from string constant to 'char*'
ibissh_wrap.cpp:76595: warning: deprecated conversion from string constant to 'char*'
ibissh_wrap.cpp:76595: warning: deprecated conversion from string constant to 'char*'
ibissh_wrap.cpp:76596: warning: deprecated conversion from string constant to 'char*'
ibissh_wrap.cpp:76596: warning: deprecated conversion from string constant to 'char*'
ibissh_wrap.cpp:76597: warning: deprecated conversion from string constant to 'char*'
ibissh_wrap.cpp:76597: warning: deprecated conversion from string constant to 'char*'
ibissh_wrap.cpp:76598: warning: deprecated conversion from string constant to 'char*'
ibissh_wrap.cpp:76598: warning: deprecated conversion from string constant to 'char*'
ibissh_wrap.cpp:76599: warning: deprecated conversion from string constant to 'char*'
ibissh_wrap.cpp:76599: warning: deprecated conversion from string constant to 'char*'
ibissh_wrap.cpp:76600: warning: deprecated conversion from string constant to 'char*'
ibissh_wrap.cpp:76600: warning: deprecated conversion from string constant to 'char*'
ibissh_wrap.cpp:76601: warning: deprecated conversion from string constant to 'char*'
ibissh_wrap.cpp:76601: warning: deprecated conversion from string constant to 'char*'
ibissh_wrap.cpp:76602: warning: deprecated conversion from string constant to 'char*'
ibissh_wrap.cpp:76602: warning: deprecated conversion from string constant to 'char*'
ibissh_wrap.cpp:76603: warning: deprecated conversion from string constant to 'char*'
ibissh_wrap.cpp:76603: warning: deprecated conversion from string constant to 'char*'
ibissh_wrap.cpp:76604: warning: deprecated conversion from string constant to 'char*'
ibissh_wrap.cpp:76604: warning: deprecated conversion from string constant to 'char*'
ibissh_wrap.cpp:76605: warning: deprecated conversion from string constant to 'char*'
ibissh_wrap.cpp:76605: warning: deprecated conversion from string constant to 'char*'
ibissh_wrap.cpp:76606: warning: deprecated conversion from string constant to 'char*'
ibissh_wrap.cpp:76606: warning: deprecated conversion from string constant to 'char*'
ibissh_wrap.cpp:76607: warning: deprecated conversion from string constant to 'char*'
ibissh_wrap.cpp:76607: warning: deprecated conversion from string constant to 'char*'
ibissh_wrap.cpp:76608: warning: deprecated conversion from string constant to 'char*'
ibissh_wrap.cpp:76608: warning: deprecated conversion from string constant to 'char*'
ibissh_wrap.cpp:76609: warning: deprecated conversion from string constant to 'char*'
ibissh_wrap.cpp:76609: warning: deprecated conversion from string constant to 'char*'
ibissh_wrap.cpp:76610: warning: deprecated conversion from string constant to 'char*'
ibissh_wrap.cpp:76610: warning: deprecated conversion from string constant to 'char*'
ibissh_wrap.cpp:76611: warning: deprecated conversion from string constant to 'char*'
ibissh_wrap.cpp:76611: warning: deprecated conversion from string constant to 'char*'
ibissh_wrap.cpp:76612: warning: deprecated conversion from string constant to 'char*'
ibissh_wrap.cpp:76612: warning: deprecated conversion from string constant to 'char*'
ibissh_wrap.cpp:76613: warning: deprecated conversion from string constant to 'char*'
ibissh_wrap.cpp:76613: warning: deprecated conversion from string constant to 'char*'
ibissh_wrap.cpp:76614: warning: deprecated conversion from string constant to 'char*'
ibissh_wrap.cpp:76614: warning: deprecated conversion from string constant to 'char*'
ibissh_wrap.cpp:76615: warning: deprecated conversion from string constant to 'char*'
ibissh_wrap.cpp:76615: warning: deprecated conversion from string constant to 'char*'
ibissh_wrap.cpp:76616: warning: deprecated conversion from string constant to 'char*'
ibissh_wrap.cpp:76616: warning: deprecated conversion from string constant to 'char*'
ibissh_wrap.cpp:76617: warning: deprecated conversion from string constant to 'char*'
ibissh_wrap.cpp:76617: warning: deprecated conversion from string constant to 'char*'
ibissh_wrap.cpp:76618: warning: deprecated conversion from string constant to 'char*'
ibissh_wrap.cpp:76618: warning: deprecated conversion from string constant to 'char*'
ibissh_wrap.cpp:76619: warning: deprecated conversion from string constant to 'char*'
ibissh_wrap.cpp:76619: warning: deprecated conversion from string constant to 'char*'
ibissh_wrap.cpp:76620: warning: deprecated conversion from string constant to 'char*'
ibissh_wrap.cpp:76620: warning: deprecated conversion from string constant to 'char*'
ibissh_wrap.cpp:76621: warning: deprecated conversion from string constant to 'char*'
ibissh_wrap.cpp:76621: warning: deprecated conversion from string constant to 'char*'
ibissh_wrap.cpp:76622: warning: deprecated conversion from string constant to 'char*'
ibissh_wrap.cpp:76622: warning: deprecated conversion from string constant to 'char*'
ibissh_wrap.cpp:76623: warning: deprecated conversion from string constant to 'char*'
ibissh_wrap.cpp:76623: warning: deprecated conversion from string constant to 'char*'
ibissh_wrap.cpp:76624: warning: deprecated conversion from string constant to 'char*'
ibissh_wrap.cpp:76624: warning: deprecated conversion from string constant to 'char*'
ibissh_wrap.cpp:76625: warning: deprecated conversion from string constant to 'char*'
ibissh_wrap.cpp:76625: warning: deprecated conversion from string constant to 'char*'
ibissh_wrap.cpp:76626: warning: deprecated conversion from string constant to 'char*'
ibissh_wrap.cpp:76626: warning: deprecated conversion from string constant to 'char*'
ibissh_wrap.cpp:76627: warning: deprecated conversion from string constant to 'char*'
ibissh_wrap.cpp:76627: warning: deprecated conversion from string constant to 'char*'
ibissh_wrap.cpp:76628: warning: deprecated conversion from string constant to 'char*'
ibissh_wrap.cpp:76628: warning: deprecated conversion from string constant to 'char*'
ibissh_wrap.cpp:76629: warning: deprecated conversion from string constant to 'char*'
ibissh_wrap.cpp:76629: warning: deprecated conversion from string constant to 'char*'
ibissh_wrap.cpp:76630: warning: deprecated conversion from string constant to 'char*'
ibissh_wrap.cpp:76630: warning: deprecated conversion from string constant to 'char*'
ibissh_wrap.cpp:76631: warning: deprecated conversion from string constant to 'char*'
ibissh_wrap.cpp:76631: warning: deprecated conversion from string constant to 'char*'
ibissh_wrap.cpp:76632: warning: deprecated conversion from string constant to 'char*'
ibissh_wrap.cpp:76632: warning: deprecated conversion from string constant to 'char*'
ibissh_wrap.cpp:76633: warning: deprecated conversion from string constant to 'char*'
ibissh_wrap.cpp:76633: warning: deprecated conversion from string constant to 'char*'
ibissh_wrap.cpp:76634: warning: deprecated conversion from string constant to 'char*'
ibissh_wrap.cpp:76634: warning: deprecated conversion from string constant to 'char*'
ibissh_wrap.cpp:76635: warning: deprecated conversion from string constant to 'char*'
ibissh_wrap.cpp:76635: warning: deprecated conversion from string constant to 'char*'
ibissh_wrap.cpp:76636: warning: deprecated conversion from string constant to 'char*'
ibissh_wrap.cpp:76636: warning: deprecated conversion from string constant to 'char*'
ibissh_wrap.cpp:76637: warning: deprecated conversion from string constant to 'char*'
ibissh_wrap.cpp:76637: warning: deprecated conversion from string constant to 'char*'
ibissh_wrap.cpp:76638: warning: deprecated conversion from string constant to 'char*'
ibissh_wrap.cpp:76638: warning: deprecated conversion from string constant to 'char*'
ibissh_wrap.cpp:76639: warning: deprecated conversion from string constant to 'char*'
ibissh_wrap.cpp:76639: warning: deprecated conversion from string constant to 'char*'
ibissh_wrap.cpp:76640: warning: deprecated conversion from string constant to 'char*'
ibissh_wrap.cpp:76640: warning: deprecated conversion from string constant to 'char*'
ibissh_wrap.cpp:76641: warning: deprecated conversion from string constant to 'char*'
ibissh_wrap.cpp:76641: warning: deprecated conversion from string constant to 'char*'
ibissh_wrap.cpp:76642: warning: deprecated conversion from string constant to 'char*'
ibissh_wrap.cpp:76642: warning: deprecated conversion from string constant to 'char*'
ibissh_wrap.cpp:76643: warning: deprecated conversion from string constant to 'char*'
ibissh_wrap.cpp:76643: warning: deprecated conversion from string constant to 'char*'
ibissh_wrap.cpp:76644: warning: deprecated conversion from string constant to 'char*'
ibissh_wrap.cpp:76644: warning: deprecated conversion from string constant to 'char*'
ibissh_wrap.cpp:76645: warning: deprecated conversion from string constant to 'char*'
ibissh_wrap.cpp:76645: warning: deprecated conversion from string constant to 'char*'
ibissh_wrap.cpp:76646: warning: deprecated conversion from string constant to 'char*'
ibissh_wrap.cpp:76646: warning: deprecated conversion from string constant to 'char*'
ibissh_wrap.cpp:76647: warning: deprecated conversion from string constant to 'char*'
ibissh_wrap.cpp:76647: warning: deprecated conversion from string constant to 'char*'
ibissh_wrap.cpp:76648: warning: deprecated conversion from string constant to 'char*'
ibissh_wrap.cpp:76648: warning: deprecated conversion from string constant to 'char*'
ibissh_wrap.cpp:76649: warning: deprecated conversion from string constant to 'char*'
ibissh_wrap.cpp:76649: warning: deprecated conversion from string constant to 'char*'
ibissh_wrap.cpp:76650: warning: deprecated conversion from string constant to 'char*'
ibissh_wrap.cpp:76650: warning: deprecated conversion from string constant to 'char*'
ibissh_wrap.cpp:76651: warning: deprecated conversion from string constant to 'char*'
ibissh_wrap.cpp:76651: warning: deprecated conversion from string constant to 'char*'
ibissh_wrap.cpp:76652: warning: deprecated conversion from string constant to 'char*'
ibissh_wrap.cpp:76652: warning: deprecated conversion from string constant to 'char*'
ibissh_wrap.cpp:76653: warning: deprecated conversion from string constant to 'char*'
ibissh_wrap.cpp:76653: warning: deprecated conversion from string constant to 'char*'
ibissh_wrap.cpp:76654: warning: deprecated conversion from string constant to 'char*'
ibissh_wrap.cpp:76654: warning: deprecated conversion from string constant to 'char*'
ibissh_wrap.cpp:76655: warning: deprecated conversion from string constant to 'char*'
ibissh_wrap.cpp:76655: warning: deprecated conversion from string constant to 'char*'
ibissh_wrap.cpp:76656: warning: deprecated conversion from string constant to 'char*'
ibissh_wrap.cpp:76656: warning: deprecated conversion from string constant to 'char*'
ibissh_wrap.cpp:76657: warning: deprecated conversion from string constant to 'char*'
ibissh_wrap.cpp:76657: warning: deprecated conversion from string constant to 'char*'
ibissh_wrap.cpp:76658: warning: deprecated conversion from string constant to 'char*'
ibissh_wrap.cpp:76658: warning: deprecated conversion from string constant to 'char*'
ibissh_wrap.cpp:76659: warning: deprecated conversion from string constant to 'char*'
ibissh_wrap.cpp:76659: warning: deprecated conversion from string constant to 'char*'
ibissh_wrap.cpp:76660: warning: deprecated conversion from string constant to 'char*'
ibissh_wrap.cpp:76660: warning: deprecated conversion from string constant to 'char*'
ibissh_wrap.cpp:76661: warning: deprecated conversion from string constant to 'char*'
ibissh_wrap.cpp:76661: warning: deprecated conversion from string constant to 'char*'
ibissh_wrap.cpp:76662: warning: deprecated conversion from string constant to 'char*'
ibissh_wrap.cpp:76662: warning: deprecated conversion from string constant to 'char*'
ibissh_wrap.cpp:76663: warning: deprecated conversion from string constant to 'char*'
ibissh_wrap.cpp:76663: warning: deprecated conversion from string constant to 'char*'
ibissh_wrap.cpp:76664: warning: deprecated conversion from string constant to 'char*'
ibissh_wrap.cpp:76664: warning: deprecated conversion from string constant to 'char*'
ibissh_wrap.cpp:76665: warning: deprecated conversion from string constant to 'char*'
ibissh_wrap.cpp:76665: warning: deprecated conversion from string constant to 'char*'
ibissh_wrap.cpp:76666: warning: deprecated conversion from string constant to 'char*'
ibissh_wrap.cpp:76666: warning: deprecated conversion from string constant to 'char*'
ibissh_wrap.cpp:76667: warning: deprecated conversion from string constant to 'char*'
ibissh_wrap.cpp:76667: warning: deprecated conversion from string constant to 'char*'
ibissh_wrap.cpp:76668: warning: deprecated conversion from string constant to 'char*'
ibissh_wrap.cpp:76668: warning: deprecated conversion from string constant to 'char*'
ibissh_wrap.cpp:76669: warning: deprecated conversion from string constant to 'char*'
ibissh_wrap.cpp:76669: warning: deprecated conversion from string constant to 'char*'
ibissh_wrap.cpp:76670: warning: deprecated conversion from string constant to 'char*'
ibissh_wrap.cpp:76670: warning: deprecated conversion from string constant to 'char*'
ibissh_wrap.cpp:76671: warning: deprecated conversion from string constant to 'char*'
ibissh_wrap.cpp:76671: warning: deprecated conversion from string constant to 'char*'
ibissh_wrap.cpp:76672: warning: deprecated conversion from string constant to 'char*'
ibissh_wrap.cpp:76672: warning: deprecated conversion from string constant to 'char*'
ibissh_wrap.cpp:76673: warning: deprecated conversion from string constant to 'char*'
ibissh_wrap.cpp:76673: warning: deprecated conversion from string constant to 'char*'
ibissh_wrap.cpp:76674: warning: deprecated conversion from string constant to 'char*'
ibissh_wrap.cpp:76674: warning: deprecated conversion from string constant to 'char*'
ibissh_wrap.cpp:76675: warning: deprecated conversion from string constant to 'char*'
ibissh_wrap.cpp:76675: warning: deprecated conversion from string constant to 'char*'
ibissh_wrap.cpp:76676: warning: deprecated conversion from string constant to 'char*'
ibissh_wrap.cpp:76676: warning: deprecated conversion from string constant to 'char*'
ibissh_wrap.cpp:76677: warning: deprecated conversion from string constant to 'char*'
ibissh_wrap.cpp:76677: warning: deprecated conversion from string constant to 'char*'
ibissh_wrap.cpp:76678: warning: deprecated conversion from string constant to 'char*'
ibissh_wrap.cpp:76678: warning: deprecated conversion from string constant to 'char*'
ibissh_wrap.cpp:76679: warning: deprecated conversion from string constant to 'char*'
ibissh_wrap.cpp:76679: warning: deprecated conversion from string constant to 'char*'
ibissh_wrap.cpp:76680: warning: deprecated conversion from string constant to 'char*'
ibissh_wrap.cpp:76680: warning: deprecated conversion from string constant to 'char*'
ibissh_wrap.cpp:76681: warning: deprecated conversion from string constant to 'char*'
ibissh_wrap.cpp:76681: warning: deprecated conversion from string constant to 'char*'
ibissh_wrap.cpp:76682: warning: deprecated conversion from string constant to 'char*'
ibissh_wrap.cpp:76682: warning: deprecated conversion from string constant to 'char*'
ibissh_wrap.cpp:76683: warning: deprecated conversion from string constant to 'char*'
ibissh_wrap.cpp:76683: warning: deprecated conversion from string constant to 'char*'
ibissh_wrap.cpp:76684: warning: deprecated conversion from string constant to 'char*'
ibissh_wrap.cpp:76684: warning: deprecated conversion from string constant to 'char*'
ibissh_wrap.cpp:76685: warning: deprecated conversion from string constant to 'char*'
ibissh_wrap.cpp:76685: warning: deprecated conversion from string constant to 'char*'
ibissh_wrap.cpp:76686: warning: deprecated conversion from string constant to 'char*'
ibissh_wrap.cpp:76686: warning: deprecated conversion from string constant to 'char*'
ibissh_wrap.cpp:76687: warning: deprecated conversion from string constant to 'char*'
ibissh_wrap.cpp:76687: warning: deprecated conversion from string constant to 'char*'
ibissh_wrap.cpp:76688: warning: deprecated conversion from string constant to 'char*'
ibissh_wrap.cpp:76688: warning: deprecated conversion from string constant to 'char*'
ibissh_wrap.cpp:76689: warning: deprecated conversion from string constant to 'char*'
ibissh_wrap.cpp:76689: warning: deprecated conversion from string constant to 'char*'
ibissh_wrap.cpp:76690: warning: deprecated conversion from string constant to 'char*'
ibissh_wrap.cpp:76690: warning: deprecated conversion from string constant to 'char*'
ibissh_wrap.cpp:76691: warning: deprecated conversion from string constant to 'char*'
ibissh_wrap.cpp:76691: warning: deprecated conversion from string constant to 'char*'
ibissh_wrap.cpp:76692: warning: deprecated conversion from string constant to 'char*'
ibissh_wrap.cpp:76692: warning: deprecated conversion from string constant to 'char*'
ibissh_wrap.cpp:76693: warning: deprecated conversion from string constant to 'char*'
ibissh_wrap.cpp:76693: warning: deprecated conversion from string constant to 'char*'
ibissh_wrap.cpp:76694: warning: deprecated conversion from string constant to 'char*'
ibissh_wrap.cpp:76694: warning: deprecated conversion from string constant to 'char*'
ibissh_wrap.cpp:76695: warning: deprecated conversion from string constant to 'char*'
ibissh_wrap.cpp:76695: warning: deprecated conversion from string constant to 'char*'
ibissh_wrap.cpp:76696: warning: deprecated conversion from string constant to 'char*'
ibissh_wrap.cpp:76696: warning: deprecated conversion from string constant to 'char*'
ibissh_wrap.cpp:76697: warning: deprecated conversion from string constant to 'char*'
ibissh_wrap.cpp:76697: warning: deprecated conversion from string constant to 'char*'
ibissh_wrap.cpp:76698: warning: deprecated conversion from string constant to 'char*'
ibissh_wrap.cpp:76698: warning: deprecated conversion from string constant to 'char*'
ibissh_wrap.cpp:76699: warning: deprecated conversion from string constant to 'char*'
ibissh_wrap.cpp:76699: warning: deprecated conversion from string constant to 'char*'
ibissh_wrap.cpp:76700: warning: deprecated conversion from string constant to 'char*'
ibissh_wrap.cpp:76700: warning: deprecated conversion from string constant to 'char*'
ibissh_wrap.cpp:76701: warning: deprecated conversion from string constant to 'char*'
ibissh_wrap.cpp:76701: warning: deprecated conversion from string constant to 'char*'
ibissh_wrap.cpp:76702: warning: deprecated conversion from string constant to 'char*'
ibissh_wrap.cpp:76702: warning: deprecated conversion from string constant to 'char*'
ibissh_wrap.cpp:76703: warning: deprecated conversion from string constant to 'char*'
ibissh_wrap.cpp:76703: warning: deprecated conversion from string constant to 'char*'
ibissh_wrap.cpp:76704: warning: deprecated conversion from string constant to 'char*'
ibissh_wrap.cpp:76704: warning: deprecated conversion from string constant to 'char*'
ibissh_wrap.cpp:76705: warning: deprecated conversion from string constant to 'char*'
ibissh_wrap.cpp:76705: warning: deprecated conversion from string constant to 'char*'
ibissh_wrap.cpp:76706: warning: deprecated conversion from string constant to 'char*'
ibissh_wrap.cpp:76706: warning: deprecated conversion from string constant to 'char*'
ibissh_wrap.cpp:76707: warning: deprecated conversion from string constant to 'char*'
ibissh_wrap.cpp:76707: warning: deprecated conversion from string constant to 'char*'
ibissh_wrap.cpp:76708: warning: deprecated conversion from string constant to 'char*'
ibissh_wrap.cpp:76708: warning: deprecated conversion from string constant to 'char*'
ibissh_wrap.cpp:76709: warning: deprecated conversion from string constant to 'char*'
ibissh_wrap.cpp:76709: warning: deprecated conversion from string constant to 'char*'
ibissh_wrap.cpp:76710: warning: deprecated conversion from string constant to 'char*'
ibissh_wrap.cpp:76710: warning: deprecated conversion from string constant to 'char*'
ibissh_wrap.cpp:76711: warning: deprecated conversion from string constant to 'char*'
ibissh_wrap.cpp:76711: warning: deprecated conversion from string constant to 'char*'
ibissh_wrap.cpp:76712: warning: deprecated conversion from string constant to 'char*'
ibissh_wrap.cpp:76712: warning: deprecated conversion from string constant to 'char*'
ibissh_wrap.cpp:76713: warning: deprecated conversion from string constant to 'char*'
ibissh_wrap.cpp:76713: warning: deprecated conversion from string constant to 'char*'
ibissh_wrap.cpp:76714: warning: deprecated conversion from string constant to 'char*'
ibissh_wrap.cpp:76714: warning: deprecated conversion from string constant to 'char*'
ibissh_wrap.cpp:76715: warning: deprecated conversion from string constant to 'char*'
ibissh_wrap.cpp:76715: warning: deprecated conversion from string constant to 'char*'
ibissh_wrap.cpp:76716: warning: deprecated conversion from string constant to 'char*'
ibissh_wrap.cpp:76716: warning: deprecated conversion from string constant to 'char*'
ibissh_wrap.cpp:76717: warning: deprecated conversion from string constant to 'char*'
ibissh_wrap.cpp:76717: warning: deprecated conversion from string constant to 'char*'
ibissh_wrap.cpp:76718: warning: deprecated conversion from string constant to 'char*'
ibissh_wrap.cpp:76718: warning: deprecated conversion from string constant to 'char*'
ibissh_wrap.cpp:76719: warning: deprecated conversion from string constant to 'char*'
ibissh_wrap.cpp:76719: warning: deprecated conversion from string constant to 'char*'
ibissh_wrap.cpp:76720: warning: deprecated conversion from string constant to 'char*'
ibissh_wrap.cpp:76720: warning: deprecated conversion from string constant to 'char*'
ibissh_wrap.cpp:76721: warning: deprecated conversion from string constant to 'char*'
ibissh_wrap.cpp:76721: warning: deprecated conversion from string constant to 'char*'
ibissh_wrap.cpp:76722: warning: deprecated conversion from string constant to 'char*'
ibissh_wrap.cpp:76722: warning: deprecated conversion from string constant to 'char*'
ibissh_wrap.cpp:76723: warning: deprecated conversion from string constant to 'char*'
ibissh_wrap.cpp:76723: warning: deprecated conversion from string constant to 'char*'
ibissh_wrap.cpp:76724: warning: deprecated conversion from string constant to 'char*'
ibissh_wrap.cpp:76724: warning: deprecated conversion from string constant to 'char*'
ibissh_wrap.cpp:76725: warning: deprecated conversion from string constant to 'char*'
ibissh_wrap.cpp:76725: warning: deprecated conversion from string constant to 'char*'
ibissh_wrap.cpp:76726: warning: deprecated conversion from string constant to 'char*'
ibissh_wrap.cpp:76726: warning: deprecated conversion from string constant to 'char*'
ibissh_wrap.cpp:76727: warning: deprecated conversion from string constant to 'char*'
ibissh_wrap.cpp:76727: warning: deprecated conversion from string constant to 'char*'
ibissh_wrap.cpp:76728: warning: deprecated conversion from string constant to 'char*'
ibissh_wrap.cpp:76728: warning: deprecated conversion from string constant to 'char*'
ibissh_wrap.cpp:76729: warning: deprecated conversion from string constant to 'char*'
ibissh_wrap.cpp:76729: warning: deprecated conversion from string constant to 'char*'
ibissh_wrap.cpp:76730: warning: deprecated conversion from string constant to 'char*'
ibissh_wrap.cpp:76730: warning: deprecated conversion from string constant to 'char*'
ibissh_wrap.cpp:76731: warning: deprecated conversion from string constant to 'char*'
ibissh_wrap.cpp:76731: warning: deprecated conversion from string constant to 'char*'
ibissh_wrap.cpp:76732: warning: deprecated conversion from string constant to 'char*'
ibissh_wrap.cpp:76732: warning: deprecated conversion from string constant to 'char*'
ibissh_wrap.cpp:76733: warning: deprecated conversion from string constant to 'char*'
ibissh_wrap.cpp:76733: warning: deprecated conversion from string constant to 'char*'
ibissh_wrap.cpp:76734: warning: deprecated conversion from string constant to 'char*'
ibissh_wrap.cpp:76734: warning: deprecated conversion from string constant to 'char*'
ibissh_wrap.cpp:76735: warning: deprecated conversion from string constant to 'char*'
ibissh_wrap.cpp:76735: warning: deprecated conversion from string constant to 'char*'
ibissh_wrap.cpp:76736: warning: deprecated conversion from string constant to 'char*'
ibissh_wrap.cpp:76736: warning: deprecated conversion from string constant to 'char*'
ibissh_wrap.cpp:76737: warning: deprecated conversion from string constant to 'char*'
ibissh_wrap.cpp:76737: warning: deprecated conversion from string constant to 'char*'
ibissh_wrap.cpp:76738: warning: deprecated conversion from string constant to 'char*'
ibissh_wrap.cpp:76738: warning: deprecated conversion from string constant to 'char*'
ibissh_wrap.cpp:76739: warning: deprecated conversion from string constant to 'char*'
ibissh_wrap.cpp:76739: warning: deprecated conversion from string constant to 'char*'
ibissh_wrap.cpp:76740: warning: deprecated conversion from string constant to 'char*'
ibissh_wrap.cpp:76740: warning: deprecated conversion from string constant to 'char*'
ibissh_wrap.cpp:76741: warning: deprecated conversion from string constant to 'char*'
ibissh_wrap.cpp:76741: warning: deprecated conversion from string constant to 'char*'
ibissh_wrap.cpp:76742: warning: deprecated conversion from string constant to 'char*'
ibissh_wrap.cpp:76742: warning: deprecated conversion from string constant to 'char*'
ibissh_wrap.cpp:76743: warning: deprecated conversion from string constant to 'char*'
ibissh_wrap.cpp:76743: warning: deprecated conversion from string constant to 'char*'
ibissh_wrap.cpp:76744: warning: deprecated conversion from string constant to 'char*'
ibissh_wrap.cpp:76744: warning: deprecated conversion from string constant to 'char*'
ibissh_wrap.cpp:76745: warning: deprecated conversion from string constant to 'char*'
ibissh_wrap.cpp:76745: warning: deprecated conversion from string constant to 'char*'
ibissh_wrap.cpp:76746: warning: deprecated conversion from string constant to 'char*'
ibissh_wrap.cpp:76746: warning: deprecated conversion from string constant to 'char*'
ibissh_wrap.cpp:76747: warning: deprecated conversion from string constant to 'char*'
ibissh_wrap.cpp:76747: warning: deprecated conversion from string constant to 'char*'
ibissh_wrap.cpp:76748: warning: deprecated conversion from string constant to 'char*'
ibissh_wrap.cpp:76748: warning: deprecated conversion from string constant to 'char*'
ibissh_wrap.cpp:76749: warning: deprecated conversion from string constant to 'char*'
ibissh_wrap.cpp:76749: warning: deprecated conversion from string constant to 'char*'
ibissh_wrap.cpp:76750: warning: deprecated conversion from string constant to 'char*'
ibissh_wrap.cpp:76750: warning: deprecated conversion from string constant to 'char*'
ibissh_wrap.cpp:76751: warning: deprecated conversion from string constant to 'char*'
ibissh_wrap.cpp:76751: warning: deprecated conversion from string constant to 'char*'
ibissh_wrap.cpp:76752: warning: deprecated conversion from string constant to 'char*'
ibissh_wrap.cpp:76752: warning: deprecated conversion from string constant to 'char*'
ibissh_wrap.cpp:76753: warning: deprecated conversion from string constant to 'char*'
ibissh_wrap.cpp:76753: warning: deprecated conversion from string constant to 'char*'
ibissh_wrap.cpp:76754: warning: deprecated conversion from string constant to 'char*'
ibissh_wrap.cpp:76754: warning: deprecated conversion from string constant to 'char*'
ibissh_wrap.cpp:76755: warning: deprecated conversion from string constant to 'char*'
ibissh_wrap.cpp:76755: warning: deprecated conversion from string constant to 'char*'
ibissh_wrap.cpp:76756: warning: deprecated conversion from string constant to 'char*'
ibissh_wrap.cpp:76756: warning: deprecated conversion from string constant to 'char*'
ibissh_wrap.cpp:76757: warning: deprecated conversion from string constant to 'char*'
ibissh_wrap.cpp:76757: warning: deprecated conversion from string constant to 'char*'
ibissh_wrap.cpp:76758: warning: deprecated conversion from string constant to 'char*'
ibissh_wrap.cpp:76758: warning: deprecated conversion from string constant to 'char*'
ibissh_wrap.cpp:76759: warning: deprecated conversion from string constant to 'char*'
ibissh_wrap.cpp:76759: warning: deprecated conversion from string constant to 'char*'
ibissh_wrap.cpp:76760: warning: deprecated conversion from string constant to 'char*'
ibissh_wrap.cpp:76760: warning: deprecated conversion from string constant to 'char*'
ibissh_wrap.cpp:76761: warning: deprecated conversion from string constant to 'char*'
ibissh_wrap.cpp:76761: warning: deprecated conversion from string constant to 'char*'
ibissh_wrap.cpp:76762: warning: deprecated conversion from string constant to 'char*'
ibissh_wrap.cpp:76762: warning: deprecated conversion from string constant to 'char*'
ibissh_wrap.cpp:76763: warning: deprecated conversion from string constant to 'char*'
ibissh_wrap.cpp:76763: warning: deprecated conversion from string constant to 'char*'
ibissh_wrap.cpp:76764: warning: deprecated conversion from string constant to 'char*'
ibissh_wrap.cpp:76764: warning: deprecated conversion from string constant to 'char*'
ibissh_wrap.cpp:76765: warning: deprecated conversion from string constant to 'char*'
ibissh_wrap.cpp:76765: warning: deprecated conversion from string constant to 'char*'
ibissh_wrap.cpp:76766: warning: deprecated conversion from string constant to 'char*'
ibissh_wrap.cpp:76766: warning: deprecated conversion from string constant to 'char*'
ibissh_wrap.cpp:76767: warning: deprecated conversion from string constant to 'char*'
ibissh_wrap.cpp:76767: warning: deprecated conversion from string constant to 'char*'
ibissh_wrap.cpp:76768: warning: deprecated conversion from string constant to 'char*'
ibissh_wrap.cpp:76768: warning: deprecated conversion from string constant to 'char*'
ibissh_wrap.cpp:76769: warning: deprecated conversion from string constant to 'char*'
ibissh_wrap.cpp:76769: warning: deprecated conversion from string constant to 'char*'
ibissh_wrap.cpp:76770: warning: deprecated conversion from string constant to 'char*'
ibissh_wrap.cpp:76770: warning: deprecated conversion from string constant to 'char*'
ibissh_wrap.cpp:76771: warning: deprecated conversion from string constant to 'char*'
ibissh_wrap.cpp:76771: warning: deprecated conversion from string constant to 'char*'
ibissh_wrap.cpp:76772: warning: deprecated conversion from string constant to 'char*'
ibissh_wrap.cpp:76772: warning: deprecated conversion from string constant to 'char*'
ibissh_wrap.cpp:76773: warning: deprecated conversion from string constant to 'char*'
ibissh_wrap.cpp:76773: warning: deprecated conversion from string constant to 'char*'
ibissh_wrap.cpp:76774: warning: deprecated conversion from string constant to 'char*'
ibissh_wrap.cpp:76774: warning: deprecated conversion from string constant to 'char*'
ibissh_wrap.cpp:76775: warning: deprecated conversion from string constant to 'char*'
ibissh_wrap.cpp:76775: warning: deprecated conversion from string constant to 'char*'
ibissh_wrap.cpp:76776: warning: deprecated conversion from string constant to 'char*'
ibissh_wrap.cpp:76776: warning: deprecated conversion from string constant to 'char*'
ibissh_wrap.cpp:76777: warning: deprecated conversion from string constant to 'char*'
ibissh_wrap.cpp:76777: warning: deprecated conversion from string constant to 'char*'
ibissh_wrap.cpp:76778: warning: deprecated conversion from string constant to 'char*'
ibissh_wrap.cpp:76778: warning: deprecated conversion from string constant to 'char*'
ibissh_wrap.cpp:76779: warning: deprecated conversion from string constant to 'char*'
ibissh_wrap.cpp:76779: warning: deprecated conversion from string constant to 'char*'
ibissh_wrap.cpp:76780: warning: deprecated conversion from string constant to 'char*'
ibissh_wrap.cpp:76780: warning: deprecated conversion from string constant to 'char*'
ibissh_wrap.cpp:76781: warning: deprecated conversion from string constant to 'char*'
ibissh_wrap.cpp:76781: warning: deprecated conversion from string constant to 'char*'
ibissh_wrap.cpp:76782: warning: deprecated conversion from string constant to 'char*'
ibissh_wrap.cpp:76782: warning: deprecated conversion from string constant to 'char*'
ibissh_wrap.cpp:76783: warning: deprecated conversion from string constant to 'char*'
ibissh_wrap.cpp:76783: warning: deprecated conversion from string constant to 'char*'
ibissh_wrap.cpp:76784: warning: deprecated conversion from string constant to 'char*'
ibissh_wrap.cpp:76784: warning: deprecated conversion from string constant to 'char*'
ibissh_wrap.cpp:76785: warning: deprecated conversion from string constant to 'char*'
ibissh_wrap.cpp:76785: warning: deprecated conversion from string constant to 'char*'
ibissh_wrap.cpp:76786: warning: deprecated conversion from string constant to 'char*'
ibissh_wrap.cpp:76786: warning: deprecated conversion from string constant to 'char*'
ibissh_wrap.cpp:76787: warning: deprecated conversion from string constant to 'char*'
ibissh_wrap.cpp:76787: warning: deprecated conversion from string constant to 'char*'
ibissh_wrap.cpp:76788: warning: deprecated conversion from string constant to 'char*'
ibissh_wrap.cpp:76788: warning: deprecated conversion from string constant to 'char*'
ibissh_wrap.cpp:76789: warning: deprecated conversion from string constant to 'char*'
ibissh_wrap.cpp:76789: warning: deprecated conversion from string constant to 'char*'
ibissh_wrap.cpp:76790: warning: deprecated conversion from string constant to 'char*'
ibissh_wrap.cpp:76790: warning: deprecated conversion from string constant to 'char*'
ibissh_wrap.cpp:76791: warning: deprecated conversion from string constant to 'char*'
ibissh_wrap.cpp:76791: warning: deprecated conversion from string constant to 'char*'
ibissh_wrap.cpp:76792: warning: deprecated conversion from string constant to 'char*'
ibissh_wrap.cpp:76792: warning: deprecated conversion from string constant to 'char*'
ibissh_wrap.cpp:76793: warning: deprecated conversion from string constant to 'char*'
ibissh_wrap.cpp:76793: warning: deprecated conversion from string constant to 'char*'
ibissh_wrap.cpp:76794: warning: deprecated conversion from string constant to 'char*'
ibissh_wrap.cpp:76794: warning: deprecated conversion from string constant to 'char*'
ibissh_wrap.cpp:76795: warning: deprecated conversion from string constant to 'char*'
ibissh_wrap.cpp:76795: warning: deprecated conversion from string constant to 'char*'
ibissh_wrap.cpp:76796: warning: deprecated conversion from string constant to 'char*'
ibissh_wrap.cpp:76796: warning: deprecated conversion from string constant to 'char*'
ibissh_wrap.cpp:76797: warning: deprecated conversion from string constant to 'char*'
ibissh_wrap.cpp:76797: warning: deprecated conversion from string constant to 'char*'
ibissh_wrap.cpp:76798: warning: deprecated conversion from string constant to 'char*'
ibissh_wrap.cpp:76798: warning: deprecated conversion from string constant to 'char*'
ibissh_wrap.cpp:76799: warning: deprecated conversion from string constant to 'char*'
ibissh_wrap.cpp:76799: warning: deprecated conversion from string constant to 'char*'
ibissh_wrap.cpp:76800: warning: deprecated conversion from string constant to 'char*'
ibissh_wrap.cpp:76800: warning: deprecated conversion from string constant to 'char*'
ibissh_wrap.cpp:76801: warning: deprecated conversion from string constant to 'char*'
ibissh_wrap.cpp:76801: warning: deprecated conversion from string constant to 'char*'
ibissh_wrap.cpp:76802: warning: deprecated conversion from string constant to 'char*'
ibissh_wrap.cpp:76802: warning: deprecated conversion from string constant to 'char*'
ibissh_wrap.cpp:76803: warning: deprecated conversion from string constant to 'char*'
ibissh_wrap.cpp:76803: warning: deprecated conversion from string constant to 'char*'
ibissh_wrap.cpp:76804: warning: deprecated conversion from string constant to 'char*'
ibissh_wrap.cpp:76804: warning: deprecated conversion from string constant to 'char*'
