Fabric.cpp: In member function 'void IBNode::repHopTable()':
Fabric.cpp:367: warning: comparison between signed and unsigned integer expressions
Fabric.cpp:370: warning: comparison between signed and unsigned integer expressions
Fabric.cpp:373: warning: comparison between signed and unsigned integer expressions
Fabric.cpp:375: warning: comparison between signed and unsigned integer expressions
Fabric.cpp: In member function 'void IBNode::setSLVL(unsigned int, unsigned int, uint8_t, uint8_t)':
Fabric.cpp:480: warning: comparison between signed and unsigned integer expressions
Fabric.cpp:482: warning: comparison between signed and unsigned integer expressions
Fabric.cpp:484: warning: comparison between signed and unsigned integer expressions
Fabric.cpp: In member function 'list_int IBNode::getMFTPortsForMLid(unsigned int)':
Fabric.cpp:550: warning: comparison between signed and unsigned integer expressions
Fabric.cpp: In member function 'int IBSystem::dumpIBNL(const char*, std::string&)':
Fabric.cpp:891: warning: format '%x' expects type 'unsigned int', but argument 3 has type 'uint64_t'
Fabric.cpp: In member function 'int IBFabric::addLink(std::string, int, uint64_t, uint64_t, uint64_t, int, int, int, std::string, int, int, int, std::string, int, uint64_t, uint64_t, uint64_t, int, int, int, std::string, int, int, int, IBLinkWidth, IBLinkSpeed)':
Fabric.cpp:1506: warning: format '%d' expects type 'int', but argument 4 has type 'size_t'
Fabric.cpp:1523: warning: format '%d' expects type 'int', but argument 4 has type 'size_t'
Fabric.cpp: In member function 'int IBFabric::parsePSLFile(std::string)':
Fabric.cpp:1945: warning: comparison between signed and unsigned integer expressions
Fabric.cpp:1949: warning: comparison between signed and unsigned integer expressions
Fabric.cpp: In member function 'int IBFabric::parseMCFdbFile(std::string)':
Fabric.cpp:2132: warning: 'p_node' may be used uninitialized in this function
Fabric.cpp: In member function 'int IBFabric::parseFdbFile(std::string)':
Fabric.cpp:1866: warning: 'p_node' may be used uninitialized in this function
Fabric.cpp: In member function 'int IBFabric::parseSLVLFile(std::string)':
Fabric.cpp:2045: warning: 'guid' may be used uninitialized in this function
Fabric.cpp:2046: warning: 'p_node' may be used uninitialized in this function
