type=DAEMON_START msg=audit(1304019794.275:9236): auditd start, ver=2.0.4 format=raw kernel=2.6.32.26-175.fc12.x86_64 auid=4294967295 pid=2214 subj=system_u:system_r:auditd_t:s0 res=success
type=CONFIG_CHANGE msg=audit(1304019794.382:53873): audit_backlog_limit=320 old=256 auid=4294967295 ses=4294967295 subj=system_u:system_r:auditctl_t:s0 res=1
type=USER_AUTH msg=audit(1304019859.677:53874): user pid=2276 uid=500 auid=500 ses=1 subj=unconfined_u:unconfined_r:unconfined_t:s0-s0:c0.c1023 msg='op=PAM:authentication acct="root" exe="/bin/su" hostname=? addr=? terminal=pts/0 res=success'
type=USER_ACCT msg=audit(1304019859.678:53875): user pid=2276 uid=500 auid=500 ses=1 subj=unconfined_u:unconfined_r:unconfined_t:s0-s0:c0.c1023 msg='op=PAM:accounting acct="root" exe="/bin/su" hostname=? addr=? terminal=pts/0 res=success'
type=USER_START msg=audit(1304019859.752:53876): user pid=2276 uid=500 auid=500 ses=1 subj=unconfined_u:unconfined_r:unconfined_t:s0-s0:c0.c1023 msg='op=PAM:session_open acct="root" exe="/bin/su" hostname=? addr=? terminal=pts/0 res=success'
type=CRED_ACQ msg=audit(1304019859.753:53877): user pid=2276 uid=500 auid=500 ses=1 subj=unconfined_u:unconfined_r:unconfined_t:s0-s0:c0.c1023 msg='op=PAM:setcred acct="root" exe="/bin/su" hostname=? addr=? terminal=pts/0 res=success'
type=CRED_DISP msg=audit(1304019887.317:53878): user pid=2276 uid=500 auid=500 ses=1 subj=unconfined_u:unconfined_r:unconfined_t:s0-s0:c0.c1023 msg='op=PAM:setcred acct="root" exe="/bin/su" hostname=? addr=? terminal=pts/0 res=success'
type=USER_END msg=audit(1304019887.318:53879): user pid=2276 uid=500 auid=500 ses=1 subj=unconfined_u:unconfined_r:unconfined_t:s0-s0:c0.c1023 msg='op=PAM:session_close acct="root" exe="/bin/su" hostname=? addr=? terminal=pts/0 res=success'
type=USER_CMD msg=audit(1304019889.754:53880): user pid=2315 uid=0 auid=500 ses=1 subj=unconfined_u:unconfined_r:unconfined_t:s0-s0:c0.c1023 msg='cwd="/home/hamada" cmd=7375202D terminal=pts/0 res=success'
type=CRED_ACQ msg=audit(1304019889.757:53881): user pid=2316 uid=0 auid=500 ses=1 subj=unconfined_u:unconfined_r:unconfined_t:s0-s0:c0.c1023 msg='op=PAM:setcred acct="root" exe="/usr/bin/sudo" hostname=? addr=? terminal=/dev/pts/0 res=success'
type=USER_START msg=audit(1304019889.758:53882): user pid=2316 uid=0 auid=500 ses=1 subj=unconfined_u:unconfined_r:unconfined_t:s0-s0:c0.c1023 msg='op=PAM:session_open acct="root" exe="/usr/bin/sudo" hostname=? addr=? terminal=/dev/pts/0 res=success'
type=USER_AUTH msg=audit(1304019889.762:53883): user pid=2316 uid=0 auid=500 ses=1 subj=unconfined_u:unconfined_r:unconfined_t:s0-s0:c0.c1023 msg='op=PAM:authentication acct="root" exe="/bin/su" hostname=? addr=? terminal=pts/0 res=success'
type=USER_ACCT msg=audit(1304019889.762:53884): user pid=2316 uid=0 auid=500 ses=1 subj=unconfined_u:unconfined_r:unconfined_t:s0-s0:c0.c1023 msg='op=PAM:accounting acct="root" exe="/bin/su" hostname=? addr=? terminal=pts/0 res=success'
type=USER_START msg=audit(1304019889.832:53885): user pid=2316 uid=0 auid=500 ses=1 subj=unconfined_u:unconfined_r:unconfined_t:s0-s0:c0.c1023 msg='op=PAM:session_open acct="root" exe="/bin/su" hostname=? addr=? terminal=pts/0 res=success'
type=CRED_ACQ msg=audit(1304019889.832:53886): user pid=2316 uid=0 auid=500 ses=1 subj=unconfined_u:unconfined_r:unconfined_t:s0-s0:c0.c1023 msg='op=PAM:setcred acct="root" exe="/bin/su" hostname=? addr=? terminal=pts/0 res=success'
type=ADD_GROUP msg=audit(1304020012.090:53887): user pid=2367 uid=0 auid=500 ses=1 subj=unconfined_u:unconfined_r:unconfined_t:s0-s0:c0.c1023 msg='op=adding group to /etc/group id=600 exe="/usr/sbin/groupadd" hostname=? addr=? terminal=pts/0 res=success'
type=ADD_GROUP msg=audit(1304020012.092:53888): user pid=2367 uid=0 auid=500 ses=1 subj=unconfined_u:unconfined_r:unconfined_t:s0-s0:c0.c1023 msg='op=adding group to /etc/gshadow id=600 exe="/usr/sbin/groupadd" hostname=? addr=? terminal=pts/0 res=success'
type=ADD_GROUP msg=audit(1304020012.094:53889): user pid=2367 uid=0 auid=500 ses=1 subj=unconfined_u:unconfined_r:unconfined_t:s0-s0:c0.c1023 msg='op= id=600 exe="/usr/sbin/groupadd" hostname=? addr=? terminal=pts/0 res=success'
type=SYSTEM_SHUTDOWN msg=audit(1304020189.859:53890): user pid=2403 uid=0 auid=500 ses=1 subj=unconfined_u:unconfined_r:unconfined_t:s0-s0:c0.c1023 msg='init: exe="/sbin/shutdown" hostname=? addr=? terminal=pts/0 res=success'
type=CRED_DISP msg=audit(1304020189.877:53891): user pid=2316 uid=0 auid=500 ses=1 subj=unconfined_u:unconfined_r:unconfined_t:s0-s0:c0.c1023 msg='op=PAM:setcred acct="root" exe="/bin/su" hostname=? addr=? terminal=pts/0 res=success'
type=USER_END msg=audit(1304020189.878:53892): user pid=2316 uid=0 auid=500 ses=1 subj=unconfined_u:unconfined_r:unconfined_t:s0-s0:c0.c1023 msg='op=PAM:session_close acct="root" exe="/bin/su" hostname=? addr=? terminal=pts/0 res=success'
type=SYSTEM_RUNLEVEL msg=audit(1304020189.892:53893): user pid=2418 uid=0 auid=4294967295 ses=4294967295 subj=system_u:system_r:initrc_t:s0 msg='old-level=5 new-level=6: exe="/sbin/runlevel" hostname=? addr=? terminal=console res=success'
type=DAEMON_END msg=audit(1304020192.326:9237): auditd normal halt, sending auid=0 pid=2550 subj=system_u:system_r:initrc_t:s0 res=success
