ibdmsh_wrap.cpp:632: warning: deprecated conversion from string constant to 'char*'
ibdmsh_wrap.cpp: In function 'int _wrap_new_IBFabric(void*, Tcl_Interp*, int, Tcl_Obj* const*)':
ibdmsh_wrap.cpp:777: warning: deprecated conversion from string constant to 'char*'
ibdmsh_wrap.cpp: In function 'int _wrap_ibdmFindSymmetricalTreeRoots(void*, Tcl_Interp*, int, Tcl_Obj* const*)':
ibdmsh_wrap.cpp:2082: warning: deprecated conversion from string constant to 'char*'
ibdmsh_wrap.cpp: In function 'int _wrap_ibdmFindRootNodesByMinHop(void*, Tcl_Interp*, int, Tcl_Obj* const*)':
ibdmsh_wrap.cpp:2192: warning: deprecated conversion from string constant to 'char*'
ibdmsh_wrap.cpp: In function 'int _wrap_ibdmTraceDRPathRoute(void*, Tcl_Interp*, int, Tcl_Obj* const*)':
ibdmsh_wrap.cpp:3030: warning: deprecated conversion from string constant to 'char*'
ibdmsh_wrap.cpp: In function 'int _wrap_ibdmTraceRouteByLFT(void*, Tcl_Interp*, int, Tcl_Obj* const*)':
ibdmsh_wrap.cpp:3267: warning: deprecated conversion from string constant to 'char*'
ibdmsh_wrap.cpp: In function 'int _wrap_IBPort_p_remotePort_set(void*, Tcl_Interp*, int, Tcl_Obj* const*)':
ibdmsh_wrap.cpp:4630: warning: deprecated conversion from string constant to 'char*'
ibdmsh_wrap.cpp: In function 'int _wrap_IBPort_p_remotePort_get(void*, Tcl_Interp*, int, Tcl_Obj* const*)':
ibdmsh_wrap.cpp:4727: warning: deprecated conversion from string constant to 'char*'
ibdmsh_wrap.cpp: In function 'int _wrap_IBPort_p_sysPort_set(void*, Tcl_Interp*, int, Tcl_Obj* const*)':
ibdmsh_wrap.cpp:4894: warning: deprecated conversion from string constant to 'char*'
ibdmsh_wrap.cpp: In function 'int _wrap_IBPort_p_sysPort_get(void*, Tcl_Interp*, int, Tcl_Obj* const*)':
ibdmsh_wrap.cpp:4991: warning: deprecated conversion from string constant to 'char*'
ibdmsh_wrap.cpp: In function 'int _wrap_IBPort_p_node_set(void*, Tcl_Interp*, int, Tcl_Obj* const*)':
ibdmsh_wrap.cpp:5158: warning: deprecated conversion from string constant to 'char*'
ibdmsh_wrap.cpp: In function 'int _wrap_IBPort_p_node_get(void*, Tcl_Interp*, int, Tcl_Obj* const*)':
ibdmsh_wrap.cpp:5255: warning: deprecated conversion from string constant to 'char*'
ibdmsh_wrap.cpp: In function 'int _wrap_new_IBPort(void*, Tcl_Interp*, int, Tcl_Obj* const*)':
ibdmsh_wrap.cpp:6328: warning: deprecated conversion from string constant to 'char*'
ibdmsh_wrap.cpp: In function 'int TclIBPortMethodCmd(void*, Tcl_Interp*, int, Tcl_Obj* const*)':
ibdmsh_wrap.cpp:6919: warning: deprecated conversion from string constant to 'char*'
ibdmsh_wrap.cpp:6996: warning: deprecated conversion from string constant to 'char*'
ibdmsh_wrap.cpp: In function 'int TclIBPortCmd(void*, Tcl_Interp*, int, Tcl_Obj* const*)':
ibdmsh_wrap.cpp:7135: warning: deprecated conversion from string constant to 'char*'
ibdmsh_wrap.cpp:7142: warning: deprecated conversion from string constant to 'char*'
ibdmsh_wrap.cpp: In function 'int _wrap_IBNode_p_system_get(void*, Tcl_Interp*, int, Tcl_Obj* const*)':
ibdmsh_wrap.cpp:8669: warning: deprecated conversion from string constant to 'char*'
ibdmsh_wrap.cpp: In function 'int _wrap_IBNode_p_fabric_get(void*, Tcl_Interp*, int, Tcl_Obj* const*)':
ibdmsh_wrap.cpp:8766: warning: deprecated conversion from string constant to 'char*'
ibdmsh_wrap.cpp: In function 'int _wrap_IBNode_Ports_get(void*, Tcl_Interp*, int, Tcl_Obj* const*)':
ibdmsh_wrap.cpp:8962: warning: deprecated conversion from string constant to 'char*'
ibdmsh_wrap.cpp: In function 'int _wrap_new_IBNode(void*, Tcl_Interp*, int, Tcl_Obj* const*)':
ibdmsh_wrap.cpp:9553: warning: deprecated conversion from string constant to 'char*'
ibdmsh_wrap.cpp: In function 'int _wrap_IBNode_makePort(void*, Tcl_Interp*, int, Tcl_Obj* const*)':
ibdmsh_wrap.cpp:9746: warning: deprecated conversion from string constant to 'char*'
ibdmsh_wrap.cpp: In function 'int _wrap_IBNode_getPort(void*, Tcl_Interp*, int, Tcl_Obj* const*)':
ibdmsh_wrap.cpp:9847: warning: deprecated conversion from string constant to 'char*'
ibdmsh_wrap.cpp: In function 'int _wrap_IBNode_getFirstMinHopPort(void*, Tcl_Interp*, int, Tcl_Obj* const*)':
ibdmsh_wrap.cpp:10285: warning: deprecated conversion from string constant to 'char*'
ibdmsh_wrap.cpp: In function 'int TclIBNodeMethodCmd(void*, Tcl_Interp*, int, Tcl_Obj* const*)':
ibdmsh_wrap.cpp:10602: warning: deprecated conversion from string constant to 'char*'
ibdmsh_wrap.cpp:10697: warning: deprecated conversion from string constant to 'char*'
ibdmsh_wrap.cpp: In function 'int TclIBNodeCmd(void*, Tcl_Interp*, int, Tcl_Obj* const*)':
ibdmsh_wrap.cpp:10871: warning: deprecated conversion from string constant to 'char*'
ibdmsh_wrap.cpp:10878: warning: deprecated conversion from string constant to 'char*'
ibdmsh_wrap.cpp: In function 'int _wrap_IBSysPort_p_remoteSysPort_set(void*, Tcl_Interp*, int, Tcl_Obj* const*)':
ibdmsh_wrap.cpp:11272: warning: deprecated conversion from string constant to 'char*'
ibdmsh_wrap.cpp: In function 'int _wrap_IBSysPort_p_remoteSysPort_get(void*, Tcl_Interp*, int, Tcl_Obj* const*)':
ibdmsh_wrap.cpp:11369: warning: deprecated conversion from string constant to 'char*'
ibdmsh_wrap.cpp: In function 'int _wrap_IBSysPort_p_system_set(void*, Tcl_Interp*, int, Tcl_Obj* const*)':
ibdmsh_wrap.cpp:11536: warning: deprecated conversion from string constant to 'char*'
ibdmsh_wrap.cpp: In function 'int _wrap_IBSysPort_p_system_get(void*, Tcl_Interp*, int, Tcl_Obj* const*)':
ibdmsh_wrap.cpp:11633: warning: deprecated conversion from string constant to 'char*'
ibdmsh_wrap.cpp: In function 'int _wrap_IBSysPort_p_nodePort_set(void*, Tcl_Interp*, int, Tcl_Obj* const*)':
ibdmsh_wrap.cpp:11800: warning: deprecated conversion from string constant to 'char*'
ibdmsh_wrap.cpp: In function 'int _wrap_IBSysPort_p_nodePort_get(void*, Tcl_Interp*, int, Tcl_Obj* const*)':
ibdmsh_wrap.cpp:11897: warning: deprecated conversion from string constant to 'char*'
ibdmsh_wrap.cpp: In function 'int _wrap_new_IBSysPort(void*, Tcl_Interp*, int, Tcl_Obj* const*)':
ibdmsh_wrap.cpp:12001: warning: deprecated conversion from string constant to 'char*'
ibdmsh_wrap.cpp: In function 'int TclIBSysPortMethodCmd(void*, Tcl_Interp*, int, Tcl_Obj* const*)':
ibdmsh_wrap.cpp:12393: warning: deprecated conversion from string constant to 'char*'
ibdmsh_wrap.cpp:12448: warning: deprecated conversion from string constant to 'char*'
ibdmsh_wrap.cpp: In function 'int TclIBSysPortCmd(void*, Tcl_Interp*, int, Tcl_Obj* const*)':
ibdmsh_wrap.cpp:12559: warning: deprecated conversion from string constant to 'char*'
ibdmsh_wrap.cpp:12566: warning: deprecated conversion from string constant to 'char*'
ibdmsh_wrap.cpp: In function 'int _wrap_IBSystem_p_fabric_set(void*, Tcl_Interp*, int, Tcl_Obj* const*)':
ibdmsh_wrap.cpp:13163: warning: deprecated conversion from string constant to 'char*'
ibdmsh_wrap.cpp: In function 'int _wrap_IBSystem_p_fabric_get(void*, Tcl_Interp*, int, Tcl_Obj* const*)':
ibdmsh_wrap.cpp:13260: warning: deprecated conversion from string constant to 'char*'
ibdmsh_wrap.cpp: In function 'int _wrap_IBSystem_NodeByName_get(void*, Tcl_Interp*, int, Tcl_Obj* const*)':
ibdmsh_wrap.cpp:13362: warning: deprecated conversion from string constant to 'char*'
ibdmsh_wrap.cpp: In function 'int _wrap_IBSystem_PortByName_get(void*, Tcl_Interp*, int, Tcl_Obj* const*)':
ibdmsh_wrap.cpp:13473: warning: deprecated conversion from string constant to 'char*'
ibdmsh_wrap.cpp: In function 'int _wrap_new_IBSystem(void*, Tcl_Interp*, int, Tcl_Obj* const*)':
ibdmsh_wrap.cpp:13593: warning: deprecated conversion from string constant to 'char*'
ibdmsh_wrap.cpp: In function 'int _wrap_IBSystem_makeSysPort(void*, Tcl_Interp*, int, Tcl_Obj* const*)':
ibdmsh_wrap.cpp:13987: warning: deprecated conversion from string constant to 'char*'
ibdmsh_wrap.cpp: In function 'int _wrap_IBSystem_getSysPortNodePortByName(void*, Tcl_Interp*, int, Tcl_Obj* const*)':
ibdmsh_wrap.cpp:14091: warning: deprecated conversion from string constant to 'char*'
ibdmsh_wrap.cpp: In function 'int _wrap_IBSystem_getSysPort(void*, Tcl_Interp*, int, Tcl_Obj* const*)':
ibdmsh_wrap.cpp:14195: warning: deprecated conversion from string constant to 'char*'
ibdmsh_wrap.cpp: In function 'int TclIBSystemMethodCmd(void*, Tcl_Interp*, int, Tcl_Obj* const*)':
ibdmsh_wrap.cpp:14223: warning: deprecated conversion from string constant to 'char*'
ibdmsh_wrap.cpp:14284: warning: deprecated conversion from string constant to 'char*'
ibdmsh_wrap.cpp: In function 'int TclIBSystemCmd(void*, Tcl_Interp*, int, Tcl_Obj* const*)':
ibdmsh_wrap.cpp:14402: warning: deprecated conversion from string constant to 'char*'
ibdmsh_wrap.cpp:14409: warning: deprecated conversion from string constant to 'char*'
ibdmsh_wrap.cpp: In function 'int _wrap_IBFabric_NodeByName_get(void*, Tcl_Interp*, int, Tcl_Obj* const*)':
ibdmsh_wrap.cpp:14535: warning: deprecated conversion from string constant to 'char*'
ibdmsh_wrap.cpp: In function 'int _wrap_IBFabric_SystemByName_get(void*, Tcl_Interp*, int, Tcl_Obj* const*)':
ibdmsh_wrap.cpp:14646: warning: deprecated conversion from string constant to 'char*'
ibdmsh_wrap.cpp: In function 'int _wrap_IBFabric_PortByLid_get(void*, Tcl_Interp*, int, Tcl_Obj* const*)':
ibdmsh_wrap.cpp:14757: warning: deprecated conversion from string constant to 'char*'
ibdmsh_wrap.cpp: In function 'int _wrap_IBFabric_NodeByGuid_get(void*, Tcl_Interp*, int, Tcl_Obj* const*)':
ibdmsh_wrap.cpp:14867: warning: deprecated conversion from string constant to 'char*'
ibdmsh_wrap.cpp: In function 'int _wrap_IBFabric_SystemByGuid_get(void*, Tcl_Interp*, int, Tcl_Obj* const*)':
ibdmsh_wrap.cpp:14979: warning: deprecated conversion from string constant to 'char*'
ibdmsh_wrap.cpp: In function 'int _wrap_IBFabric_PortByGuid_get(void*, Tcl_Interp*, int, Tcl_Obj* const*)':
ibdmsh_wrap.cpp:15091: warning: deprecated conversion from string constant to 'char*'
ibdmsh_wrap.cpp: In function 'int _wrap_IBFabric_makeNode(void*, Tcl_Interp*, int, Tcl_Obj* const*)':
ibdmsh_wrap.cpp:15858: warning: deprecated conversion from string constant to 'char*'
ibdmsh_wrap.cpp: In function 'int _wrap_IBFabric_getNode(void*, Tcl_Interp*, int, Tcl_Obj* const*)':
ibdmsh_wrap.cpp:15962: warning: deprecated conversion from string constant to 'char*'
ibdmsh_wrap.cpp: In function 'int _wrap_IBFabric_getNodesByType(void*, Tcl_Interp*, int, Tcl_Obj* const*)':
ibdmsh_wrap.cpp:16068: warning: deprecated conversion from string constant to 'char*'
ibdmsh_wrap.cpp: In function 'int _wrap_IBFabric_makeGenericSystem(void*, Tcl_Interp*, int, Tcl_Obj* const*)':
ibdmsh_wrap.cpp:16181: warning: deprecated conversion from string constant to 'char*'
ibdmsh_wrap.cpp: In function 'int _wrap_IBFabric_makeSystem(void*, Tcl_Interp*, int, Tcl_Obj* const*)':
ibdmsh_wrap.cpp:16292: warning: deprecated conversion from string constant to 'char*'
ibdmsh_wrap.cpp: In function 'int _wrap_IBFabric_getSystem(void*, Tcl_Interp*, int, Tcl_Obj* const*)':
ibdmsh_wrap.cpp:16396: warning: deprecated conversion from string constant to 'char*'
ibdmsh_wrap.cpp: In function 'int _wrap_IBFabric_getSystemByGuid(void*, Tcl_Interp*, int, Tcl_Obj* const*)':
ibdmsh_wrap.cpp:16499: warning: deprecated conversion from string constant to 'char*'
ibdmsh_wrap.cpp: In function 'int _wrap_IBFabric_getNodeByGuid(void*, Tcl_Interp*, int, Tcl_Obj* const*)':
ibdmsh_wrap.cpp:16602: warning: deprecated conversion from string constant to 'char*'
ibdmsh_wrap.cpp: In function 'int _wrap_IBFabric_getPortByGuid(void*, Tcl_Interp*, int, Tcl_Obj* const*)':
ibdmsh_wrap.cpp:16705: warning: deprecated conversion from string constant to 'char*'
ibdmsh_wrap.cpp: In function 'int _wrap_IBFabric_getPortByLid(void*, Tcl_Interp*, int, Tcl_Obj* const*)':
ibdmsh_wrap.cpp:18046: warning: deprecated conversion from string constant to 'char*'
ibdmsh_wrap.cpp: In function 'int TclIBFabricMethodCmd(void*, Tcl_Interp*, int, Tcl_Obj* const*)':
ibdmsh_wrap.cpp:18361: warning: deprecated conversion from string constant to 'char*'
ibdmsh_wrap.cpp:18466: warning: deprecated conversion from string constant to 'char*'
ibdmsh_wrap.cpp: In function 'int TclIBFabricCmd(void*, Tcl_Interp*, int, Tcl_Obj* const*)':
ibdmsh_wrap.cpp:18612: warning: deprecated conversion from string constant to 'char*'
ibdmsh_wrap.cpp:18619: warning: deprecated conversion from string constant to 'char*'
ibdmsh_wrap.cpp: In function 'int Ibdm_Init(Tcl_Interp*)':
ibdmsh_wrap.cpp:18843: warning: deprecated conversion from string constant to 'char*'
ibdmsh_wrap.cpp:18843: warning: deprecated conversion from string constant to 'char*'
ibdmsh_wrap.cpp:18844: warning: deprecated conversion from string constant to 'char*'
ibdmsh_wrap.cpp:18844: warning: deprecated conversion from string constant to 'char*'
ibdmsh_wrap.cpp:18845: warning: deprecated conversion from string constant to 'char*'
ibdmsh_wrap.cpp:18845: warning: deprecated conversion from string constant to 'char*'
ibdmsh_wrap.cpp:18846: warning: deprecated conversion from string constant to 'char*'
ibdmsh_wrap.cpp:18846: warning: deprecated conversion from string constant to 'char*'
ibdmsh_wrap.cpp:18847: warning: deprecated conversion from string constant to 'char*'
ibdmsh_wrap.cpp:18847: warning: deprecated conversion from string constant to 'char*'
ibdmsh_wrap.cpp:18848: warning: deprecated conversion from string constant to 'char*'
ibdmsh_wrap.cpp:18848: warning: deprecated conversion from string constant to 'char*'
ibdmsh_wrap.cpp:18849: warning: deprecated conversion from string constant to 'char*'
ibdmsh_wrap.cpp:18849: warning: deprecated conversion from string constant to 'char*'
ibdmsh_wrap.cpp:18850: warning: deprecated conversion from string constant to 'char*'
ibdmsh_wrap.cpp:18850: warning: deprecated conversion from string constant to 'char*'
ibdmsh_wrap.cpp:18851: warning: deprecated conversion from string constant to 'char*'
ibdmsh_wrap.cpp:18851: warning: deprecated conversion from string constant to 'char*'
ibdmsh_wrap.cpp:18852: warning: deprecated conversion from string constant to 'char*'
ibdmsh_wrap.cpp:18852: warning: deprecated conversion from string constant to 'char*'
ibdmsh_wrap.cpp:18853: warning: deprecated conversion from string constant to 'char*'
ibdmsh_wrap.cpp:18853: warning: deprecated conversion from string constant to 'char*'
ibdmsh_wrap.cpp:18854: warning: deprecated conversion from string constant to 'char*'
ibdmsh_wrap.cpp:18854: warning: deprecated conversion from string constant to 'char*'
ibdmsh_wrap.cpp:18855: warning: deprecated conversion from string constant to 'char*'
ibdmsh_wrap.cpp:18855: warning: deprecated conversion from string constant to 'char*'
ibdmsh_wrap.cpp:18856: warning: deprecated conversion from string constant to 'char*'
ibdmsh_wrap.cpp:18856: warning: deprecated conversion from string constant to 'char*'
ibdmsh_wrap.cpp:18857: warning: deprecated conversion from string constant to 'char*'
ibdmsh_wrap.cpp:18857: warning: deprecated conversion from string constant to 'char*'
ibdmsh_wrap.cpp:18858: warning: deprecated conversion from string constant to 'char*'
ibdmsh_wrap.cpp:18858: warning: deprecated conversion from string constant to 'char*'
ibdmsh_wrap.cpp:18859: warning: deprecated conversion from string constant to 'char*'
ibdmsh_wrap.cpp:18859: warning: deprecated conversion from string constant to 'char*'
ibdmsh_wrap.cpp:18860: warning: deprecated conversion from string constant to 'char*'
ibdmsh_wrap.cpp:18860: warning: deprecated conversion from string constant to 'char*'
ibdmsh_wrap.cpp:18861: warning: deprecated conversion from string constant to 'char*'
ibdmsh_wrap.cpp:18861: warning: deprecated conversion from string constant to 'char*'
ibdmsh_wrap.cpp:18862: warning: deprecated conversion from string constant to 'char*'
ibdmsh_wrap.cpp:18862: warning: deprecated conversion from string constant to 'char*'
ibdmsh_wrap.cpp:18863: warning: deprecated conversion from string constant to 'char*'
ibdmsh_wrap.cpp:18863: warning: deprecated conversion from string constant to 'char*'
ibdmsh_wrap.cpp:18864: warning: deprecated conversion from string constant to 'char*'
ibdmsh_wrap.cpp:18864: warning: deprecated conversion from string constant to 'char*'
