Installing fontpackages-filesystem-1.41-1.fc12.noarch
warning: fontpackages-filesystem-1.41-1.fc12.noarch: Header V3 RSA/SHA256 signature: NOKEY, key ID 57bbccba
Installing kacst-fonts-common-2.0-5.fc12.noarch
Installing m17n-db-1.5.5-1.fc12.noarch
Installing setup-2.8.9-3.fc12.noarch
Installing xml-common-0.6.3-31.fc12.noarch
Installing iso-codes-3.11-1.fc12.noarch
Installing filesystem-2.4.30-2.fc12.x86_64
Installing telepathy-filesystem-0.0.2-1.fc12.noarch
Installing xkeyboard-config-1.7-5.fc12.noarch
Installing ca-certificates-2009-2.fc12.noarch
Installing dejavu-fonts-common-2.31-1.fc12.noarch
Installing liberation-fonts-common-1.05.1.20090721-2.fc12.noarch
Installing mozilla-filesystem-1.9-5.fc12.x86_64
Installing control-center-filesystem-2.28.1-18.fc12.x86_64
Installing mailcap-2.1.31-1.fc12.noarch
Installing basesystem-10.0-3.noarch
Installing paktype-fonts-common-2.0-5.fc12.noarch
Installing vlgothic-fonts-common-20100126-1.fc12.noarch
Installing tzdata-2010o-1.fc12.noarch
Installing kernel-headers-2.6.32.26-175.fc12.x86_64
Installing khmeros-fonts-common-5.0-7.fc12.noarch
Installing smc-fonts-common-04.2-2.fc12.noarch
Installing thai-scalable-fonts-common-0.4.12-2.fc12.noarch
Installing un-core-fonts-common-1.0.2-0.15.080608.fc12.noarch
Installing constantine-backgrounds-single-12.1.1-2.fc12.noarch
Installing constantine-backgrounds-12.1.1-2.fc12.noarch
Installing vim-filesystem-7.3.029-1.fc12.x86_64
Installing java_cup-0.11a-1.fc12.noarch
Installing pygobject2-doc-2.20.0-1.fc12.x86_64
Installing poppler-data-0.4.2-1.fc12.noarch
Installing ncurses-base-5.7-3.20090207.fc12.x86_64
Installing libX11-common-1.3-1.fc12.noarch
Installing comps-extras-17-1.noarch
Installing pygtk2-doc-2.16.0-1.fc12.noarch
Installing xorg-x11-drv-ati-firmware-6.13.0-0.21.20100219gite68d3a389.fc12.x86_64
Installing kernel-firmware-2.6.32.26-175.fc12.noarch
Installing tzdata-java-2010o-1.fc12.noarch
Installing fedora-bookmarks-11-2.noarch
Installing bluecurve-cursor-theme-8.0.2-5.fc12.noarch
Installing evolution-data-server-doc-2.28.3-2.fc12.noarch
Installing mobile-broadband-provider-info-1.20100122-1.fc12.noarch
Installing fedora-release-12-2.noarch
Installing m17n-db-thai-1.5.5-1.fc12.noarch
Installing man-pages-ja-20100115-1.fc12.noarch
Installing desktop-backgrounds-basic-9.0.0-11.noarch
Installing xorg-x11-docs-1.3-6.fc12.noarch
Installing ql2100-firmware-1.19.38-3.fc12.noarch
Installing iwl1000-firmware-128.50.3.1-1.fc12.noarch
Installing ql2400-firmware-5.03.07-1.fc12.noarch
Installing iwl5000-firmware-8.24.2.12-2.noarch
Installing atmel-firmware-1.3-6.noarch
Installing ivtv-firmware-20080701-20.noarch
Installing libertas-usb8388-firmware-5.110.22.p23-3.fc12.noarch
Installing iwl4965-firmware-228.61.2.24-2.fc12.noarch
Installing ql23xx-firmware-3.03.28-1.fc12.noarch
Installing iwl3945-firmware-15.32.2.9-2.noarch
Installing ipw2200-firmware-3.1-3.noarch
Installing ipw2100-firmware-1.3-10.noarch
Installing ql2500-firmware-5.03.07-1.fc12.noarch
Installing ql2200-firmware-2.02.08-3.fc12.noarch
Installing rt61pci-firmware-1.2-6.noarch
Installing zd1211-firmware-1.4-3.noarch
Installing rt73usb-firmware-1.8-6.noarch
Installing gnome-devel-docs-2.28.0-1.fc12.noarch
Installing gnome-backgrounds-2.28.0-1.fc12.noarch
Installing cjkuni-uming-fonts-0.2.20080216.1-30.fc12.noarch
Installing rootfiles-8.1-6.fc12.noarch
Installing man-pages-3.22-6.fc12.noarch
Installing words-3.0-16.fc12.noarch
Installing specspo-16-3.noarch
Installing libgcc-4.4.4-10.fc12.i686
Installing libgcc-4.4.4-10.fc12.x86_64
Installing glibc-2.11.2-3.x86_64
Installing compat-libstdc++-33-3.2.3-68.x86_64
Installing ncurses-libs-5.7-3.20090207.fc12.x86_64
Installing cracklib-dicts-2.8.13-6.x86_64
Installing glibc-2.11.2-3.i686
Installing bash-4.0.38-1.fc12.x86_64
Installing freetype-2.3.11-7.fc12.x86_64
Installing pkgconfig-0.23-9.fc12.x86_64
Installing zlib-1.2.3-23.fc12.x86_64
Installing libstdc++-4.4.4-10.fc12.x86_64
Installing libxml2-2.7.6-2.fc12.x86_64
Installing info-4.13a-9.fc12.x86_64
Installing libICE-1.0.6-1.fc12.x86_64
Installing popt-1.13-6.fc12.x86_64
Installing chkconfig-1.3.44-1.x86_64
Installing libcom_err-1.41.9-8.fc12.x86_64
Installing expat-2.0.1-8.2.fc12.x86_64
Installing nspr-4.8.6-1.fc12.x86_64
Installing libpng-1.2.44-1.fc12.x86_64
Installing bzip2-libs-1.0.6-1.fc12.x86_64
Installing libjpeg-6b-46.fc12.x86_64
Installing db4-4.7.25-13.fc12.x86_64
Installing audit-libs-2.0.4-1.fc12.x86_64
Installing readline-6.0-3.fc12.x86_64
Installing sqlite-3.6.20-1.fc12.x86_64
Installing libuuid-2.16.2-9.fc12.x86_64
Installing libSM-1.1.0-7.fc12.x86_64
Installing libart_lgpl-2.3.20-5.fc12.x86_64
Installing cyrus-sasl-lib-2.1.23-9.fc12.x86_64
Installing nss-util-3.12.8-1.fc12.x86_64
Installing tcp_wrappers-libs-7.6-56.fc12.x86_64
Installing libgpg-error-1.6-4.x86_64
Installing libgcrypt-1.4.4-8.fc12.x86_64
Installing libusb-0.1.12-22.fc12.x86_64
Installing libsepol-2.0.41-3.fc12.x86_64
Installing libselinux-2.0.90-5.fc12.x86_64
Installing shadow-utils-4.1.4.2-3.fc12.x86_64
Installing libsigc++20-2.2.4.2-1.fc12.x86_64
Installing libogg-1.1.4-2.fc12.x86_64
Installing libidn-1.9-5.x86_64
Installing gawk-3.1.7-3.fc12.x86_64
Installing elfutils-libelf-0.148-1.fc12.x86_64
Installing xz-libs-4.999.9-0.2.beta.20091007git.fc12.x86_64
Installing sed-4.2.1-5.fc12.x86_64
Installing gmp-4.3.1-5.fc12.x86_64
Installing libattr-2.4.44-1.fc12.x86_64
Installing libcap-2.16-5.fc12.x86_64
Installing libacl-2.2.49-3.fc12.x86_64
Installing libvorbis-1.2.3-4.fc12.x86_64
Installing libxslt-1.1.26-1.fc12.x86_64
Installing speex-1.2-0.12.rc1.fc12.x86_64
Installing libblkid-2.16.2-9.fc12.x86_64
Installing libtiff-3.9.4-1.fc12.x86_64
Installing which-2.19-5.fc12.x86_64
Installing libcap-ng-0.6.2-3.fc12.x86_64
Installing libasyncns-0.8-1.fc12.x86_64
Installing libudev-145-21.fc12.x86_64
Installing findutils-4.4.2-8.fc12.x86_64
Installing lua-5.1.4-4.fc12.x86_64
Installing libtdb-1.2.1-1.fc12.x86_64
Installing nss-softokn-freebl-3.12.8-1.fc12.x86_64
Installing nss-softokn-3.12.8-1.fc12.x86_64
Installing libXau-1.0.5-1.fc12.x86_64
Installing libtool-ltdl-2.2.6-18.fc12.1.x86_64
Installing bluez-libs-4.58-1.fc12.x86_64
Installing apr-1.3.9-3.fc12.x86_64
Installing e2fsprogs-libs-1.41.9-8.fc12.x86_64
Installing pcre-7.8-3.fc12.x86_64
Installing grep-2.6.3-1.fc12.x86_64
Installing file-libs-5.03-14.fc12.x86_64
Installing libnl-1.1-8.fc12.x86_64
Installing glibc-common-2.11.2-3.x86_64
Installing keyutils-libs-1.2-6.fc12.x86_64
Installing krb5-libs-1.7.1-14.fc12.x86_64
Installing pixman-0.16.6-1.fc12.x86_64
Installing apr-util-1.3.10-1.fc12.x86_64
Installing bzip2-1.0.6-1.fc12.x86_64
Installing xmlrpc-c-1.16.6-3.1582.fc12.x86_64
Installing hunspell-1.2.8-14.fc12.x86_64
Installing libtalloc-2.0.0-0.fc12.x86_64
Installing SDL-1.2.13-12.fc12.x86_64
Installing pciutils-libs-3.1.7-1.fc12.x86_64
Installing lcms-libs-1.19-1.fc12.x86_64
Installing libexif-0.6.19-1.fc12.x86_64
Installing gdbm-1.8.0-33.fc12.x86_64
Installing libxcb-1.5-1.fc12.x86_64
Installing libX11-1.3-1.fc12.x86_64
Installing libXext-1.1-2.fc12.x86_64
Installing libXrender-0.9.5-1.fc12.x86_64
Installing libXfixes-4.0.4-1.fc12.x86_64
Installing libXi-1.3-2.fc12.x86_64
Installing libXtst-1.0.99.2-3.fc12.x86_64
Installing libXrandr-1.3.0-5.fc12.x86_64
Installing libXdamage-1.1.2-1.fc12.x86_64
Installing libXcomposite-0.4.1-2.fc12.x86_64
Installing libXt-1.0.7-1.fc12.x86_64
Installing libXinerama-1.1-1.fc12.x86_64
Installing libXmu-1.0.5-1.fc12.x86_64
Installing libXcursor-1.1.10-1.fc12.x86_64
Installing libXv-1.0.5-1.fc12.x86_64
Installing libXxf86vm-1.1.0-1.fc12.x86_64
Installing libXpm-3.5.8-2.fc12.x86_64
Installing libXxf86misc-1.0.2-1.fc12.x86_64
Installing libtheora-1.1.0-1.fc12.x86_64
Installing iptables-1.4.5-1.fc12.x86_64
Installing binutils-2.19.51.0.14-37.fc12.x86_64
Installing m4-1.4.13-4.fc12.x86_64
Installing boost-system-1.39.0-9.fc12.x86_64
Installing boost-filesystem-1.39.0-9.fc12.x86_64
Installing gpm-libs-1.20.6-9.fc12.x86_64
Installing libical-0.43-5.fc12.x86_64
Installing libevent-1.4.12-1.fc12.x86_64
Installing libraw1394-2.0.5-2.fc12.x86_64
Installing libXvMC-1.0.4-8.fc12.x86_64
Installing libXScrnSaver-1.2.0-1.fc12.x86_64
Installing libXres-1.0.4-1.fc12.x86_64
Installing giflib-4.1.6-3.fc12.x86_64
Installing libxkbfile-1.0.6-1.1.fc12.x86_64
Installing libgssglue-0.1-8.fc12.x86_64
Installing less-436-6.fc12.x86_64
Installing gzip-1.3.12-15.fc12.x86_64
Installing pilot-link-0.12.4-4.fc12.x86_64
Installing libatasmart-0.17-2.fc12.x86_64
Installing mpfr-2.4.1-5.fc12.x86_64
Installing xz-4.999.9-0.2.beta.20091007git.fc12.x86_64
Installing flac-1.2.1-6.fc12.x86_64
Installing psmisc-22.6-13.fc12.x86_64
Installing setools-libs-3.3.6-4.fc12.x86_64
Installing upstart-0.3.11-5.fc12.x86_64
Installing plymouth-libs-0.8.0-0.2009.29.09.19.3.fc12.x86_64
Installing cpio-2.10-5.fc12.x86_64
Installing make-3.81-18.fc12.x86_64
Installing diffutils-2.8.1-25.fc12.x86_64
Installing boost-thread-1.39.0-9.fc12.x86_64
Installing boost-date-time-1.39.0-9.fc12.x86_64
Installing libfontenc-1.0.5-2.fc12.x86_64
Installing libXfont-1.4.1-1.fc12.x86_64
Installing cracklib-2.8.13-6.x86_64
Installing procps-3.2.8-3.fc12.x86_64
Installing pcsc-lite-libs-1.5.2-5.fc12.x86_64
Installing hesiod-3.1.0-16.x86_64
Installing libXdmcp-1.0.3-1.fc12.x86_64
Installing libpcap-1.0.0-4.20090922gite154e2.fc12.x86_64
Installing slang-2.2.1-1.fc12.x86_64
Installing newt-0.52.11-1.fc12.x86_64
Installing libtasn1-2.3-1.fc12.x86_64
Installing gnutls-2.8.6-2.fc12.x86_64
Installing pth-2.0.7-9.x86_64
Installing openjpeg-libs-1.3-6.fc12.x86_64
Installing libffi-3.0.5-3.fc12.x86_64
Installing boost-wave-1.39.0-9.fc12.x86_64
Installing xz-lzma-compat-4.999.9-0.2.beta.20091007git.fc12.x86_64
Installing libtirpc-0.2.1-2.fc12.x86_64
Installing xorg-x11-xkb-utils-7.4-6.fc12.x86_64
Installing libavc1394-0.5.3-9.fc12.x86_64
Installing libiec61883-1.2.0-3.fc12.x86_64
Installing libXaw-1.0.6-4.fc12.x86_64
Installing libXxf86dga-1.1.1-1.fc12.x86_64
Installing libdmx-1.1.0-1.fc12.x86_64
Installing libmng-1.0.10-4.fc12.x86_64
Installing file-5.03-14.fc12.x86_64
Installing rsync-3.0.7-3.fc12.x86_64
Installing vim-minimal-7.3.029-1.fc12.x86_64
Installing acl-2.2.49-3.fc12.x86_64
Installing tar-1.22-13.fc12.x86_64
Installing pinentry-0.8.0-2.fc12.x86_64
Installing elfutils-libs-0.148-1.fc12.x86_64
Installing elfutils-0.148-1.fc12.x86_64
Installing lockdev-1.0.1-19.fc12.x86_64
Installing libgphoto2-2.4.7-2.fc12.x86_64
Installing libutempter-1.1.5-4.fc12.x86_64
Installing net-tools-1.60-100.fc12.x86_64
Installing patch-2.6.1-4.fc12.x86_64
Installing checkpolicy-2.0.19-3.fc12.x86_64
Installing openobex-1.4-4.fc12.x86_64
Installing libksba-1.0.6-3.fc12.x86_64
Installing jasper-libs-1.900.1-14.fc12.x86_64
Installing boost-iostreams-1.39.0-9.fc12.x86_64
Installing exempi-2.1.1-1.fc12.x86_64
Installing wxBase-2.8.11-1.fc12.x86_64
Installing libss-1.41.9-8.fc12.x86_64
Installing e2fsprogs-1.41.9-8.fc12.x86_64
Installing aspell-0.60.6-7.fc12.x86_64
Installing libgomp-4.4.4-10.fc12.x86_64
Installing boost-program-options-1.39.0-9.fc12.x86_64
Installing boost-test-1.39.0-9.fc12.x86_64
Installing boost-math-1.39.0-9.fc12.x86_64
Installing boost-python-1.39.0-9.fc12.x86_64
Installing boost-serialization-1.39.0-9.fc12.x86_64
Installing boost-signals-1.39.0-9.fc12.x86_64
Installing boost-graph-1.39.0-9.fc12.x86_64
Installing libicu-4.2.1-7.fc12.x86_64
Installing boost-regex-1.39.0-9.fc12.x86_64
Installing procmail-3.22-25.fc12.x86_64
Installing zip-2.31-8.fc12.x86_64
Installing m17n-lib-1.5.5-1.fc12.x86_64
Installing fuse-libs-2.8.5-2.fc12.x86_64
Installing anthy-9100h-12.fc12.x86_64
Installing sysvinit-tools-2.87-4.dsf.fc12.x86_64
Installing libedit-2.11-4.20080712cvs.fc12.x86_64
Installing libdaemon-0.14-1.fc12.x86_64
Installing libusb1-1.0.6-1.fc12.x86_64
Installing liboil-0.3.16-4.fc12.x86_64
Installing libv4l-0.6.4-1.fc12.x86_64
Installing avahi-autoipd-0.6.25-7.fc12.x86_64
Installing libotf-0.9.11-1.fc12.x86_64
Installing libfreebob-1.0.11-6.fc12.x86_64
Installing xorg-x11-font-utils-7.2-11.fc12.x86_64
Installing setools-console-3.3.6-4.fc12.x86_64
Installing tmpwatch-2.9.17-1.fc12.x86_64
Installing cpp-4.4.4-10.fc12.x86_64
Installing gpm-1.20.6-9.fc12.x86_64
Installing oprofile-0.9.6-5.fc12.x86_64
Installing iptables-ipv6-1.4.5-1.fc12.x86_64
Installing libshout-2.2.2-5.fc12.x86_64
Installing Xaw3d-1.5E-15.fc12.x86_64
Installing xorg-x11-xauth-1.0.2-7.fc12.x86_64
Installing libXevie-1.0.2-7.fc12.x86_64
Installing xsel-1.2.0-6.fc12.x86_64
Installing gnuplot-common-4.2.6-1.fc12.x86_64
Installing xcb-util-0.3.6-1.fc12.x86_64
Installing startup-notification-0.10-2.fc12.x86_64
Installing radeontool-1.5-6.fc12.x86_64
Installing MAKEDEV-3.24-4.x86_64
Installing iw-0.9.19-1.fc12.x86_64
Installing rmt-0.4-0.4.b42.fc12.x86_64
Installing libisofs-0.6.38-1.fc12.x86_64
Installing ntpdate-4.2.4p8-1.fc12.x86_64
Installing ppl-0.10.2-10.fc12.x86_64
Installing cloog-ppl-0.15.7-1.fc12.x86_64
Installing iputils-20071127-13.fc12.x86_64
Installing libselinux-utils-2.0.90-5.fc12.x86_64
Installing tcp_wrappers-7.6-56.fc12.x86_64
Installing cyrus-sasl-plain-2.1.23-9.fc12.x86_64
Installing xfsprogs-3.0.3-3.fc12.x86_64
Installing db4-utils-4.7.25-13.fc12.x86_64
Installing djvulibre-libs-3.5.21-3.fc12.x86_64
Installing libopenraw-0.0.5-4.fc12.x86_64
Installing tokyocabinet-1.4.33-3.fc12.x86_64
Installing indent-2.2.11-1.fc12.x86_64
Installing libcdio-0.81-3.fc12.x86_64
Installing mtools-4.0.11-1.fc12.x86_64
Installing db4-cxx-4.7.25-13.fc12.x86_64
Installing libconfig-1.3.2-1.fc12.x86_64
Installing ntfsprogs-2.0.0-13.fc12.x86_64
Installing gettext-libs-0.17-16.fc12.x86_64
Installing taglib-1.6.3-1.fc12.x86_64
Installing unzip-5.52-12.fc12.x86_64
Installing urlview-0.9-7.fc12.x86_64
Installing pnm2ppa-1.04-18.fc12.x86_64
Installing psutils-1.17-33.fc12.x86_64
Installing vim-common-7.3.029-1.fc12.x86_64
Installing cdparanoia-libs-10.2-5.fc12.x86_64
Installing portreserve-0.0.4-3.fc12.x86_64
Installing dosfstools-3.0.9-2.fc12.x86_64
Installing eject-2.1.5-18.fc12.x86_64
Installing ncurses-5.7-3.20090207.fc12.x86_64
Installing coreutils-7.6-11.fc12.x86_64
Installing fontconfig-2.8.0-1.fc12.x86_64
Installing cairo-1.8.8-3.fc12.x86_64
Installing openssl-1.0.0b-1.fc12.1.x86_64
Installing pam-1.1.1-6.fc12.x86_64
Installing openldap-2.4.19-6.fc12.x86_64
Installing util-linux-ng-2.16.2-9.fc12.x86_64
Installing alsa-lib-1.0.23-1.fc12.x86_64
Installing module-init-tools-3.9-4.fc12.x86_64
Installing libXft-2.1.13-4.fc12.x86_64
Installing samba-winbind-clients-3.4.9-60.fc12.x86_64
Installing cairomm-1.8.0-2.fc12.x86_64
Installing logrotate-3.7.8-5.fc12.x86_64
Installing ppp-2.4.5-9.fc12.x86_64
Installing libarchive-2.7.1-2.fc12.x86_64
Installing rsyslog-4.4.2-1.fc12.x86_64
Installing libsmbclient-3.4.9-60.fc12.x86_64
Installing ptlib-2.6.7-1.fc12.x86_64
Installing rarian-0.8.1-5.fc12.x86_64
Installing rarian-compat-0.8.1-5.fc12.x86_64
Installing nfs-utils-lib-1.1.4-8.fc12.x86_64
Installing libssh2-1.2.4-1.fc12.x86_64
Installing gd-2.0.35-9.fc12.x86_64
Installing poppler-0.12.4-5.fc12.x86_64
Installing rpcbind-0.2.0-4.fc12.x86_64
Installing genisoimage-1.1.10-1.fc12.x86_64
Installing dvd+rw-tools-7.1-4.fc12.x86_64
Installing nfs-utils-1.2.1-6.fc12.x86_64
Installing poppler-utils-0.12.4-5.fc12.x86_64
Installing opal-3.6.8-1.fc12.x86_64
Installing dirmngr-1.0.3-3.fc12.x86_64
Installing qt3-3.3.8b-28.fc12.x86_64
Installing jack-audio-connection-kit-0.118.0-1.fc12.x86_64
Installing libsndfile-1.0.20-3.fc12.x86_64
Installing libsamplerate-0.1.7-2.fc12.x86_64
Installing apr-util-ldap-1.3.10-1.fc12.x86_64
Installing wget-1.12-2.fc12.x86_64
Installing ntp-4.2.4p8-1.fc12.x86_64
Installing bind-libs-9.6.2-5.P2.fc12.x86_64
Installing pkcs11-helper-1.07-4.fc12.x86_64
Installing httpd-tools-2.2.15-1.fc12.2.x86_64
Installing cyrus-sasl-md5-2.1.23-9.fc12.x86_64
Installing audit-2.0.4-1.fc12.x86_64
Installing groff-1.18.1.4-22.fc12.x86_64
Installing nscd-2.11.2-3.x86_64
Installing wodim-1.1.10-1.fc12.x86_64
Installing coreutils-libs-7.6-11.fc12.x86_64
Installing Canna-libs-3.7p3-28.fc12.x86_64
Installing libgfortran-4.4.4-10.fc12.x86_64
Installing libiptcdata-1.0.4-2.fc12.x86_64
Installing libchewing-0.3.2-28.fc12.x86_64
Installing libhangul-0.0.11-1.fc12.x86_64
Installing ethtool-6-7.20090323git.fc12.x86_64
Installing mingetty-1.08-5.fc12.x86_64
Installing linux-atm-libs-2.5.0-10.x86_64
Installing iproute-2.6.29-5.0.20091009gitdaf49fd6.fc12.x86_64
Installing vpnc-0.5.3-4.fc12.x86_64
Installing pptp-1.7.2-8.fc12.x86_64
Installing netpbm-10.47.13-1.fc12.x86_64
Installing lzo-2.03-3.fc12.x86_64
Installing libdwarf-0.20100629-1.fc12.x86_64
Installing hdparm-9.16-3.fc12.x86_64
Installing c2070-0.99-6.fc12.x86_64
Installing pbm2l7k-990321-7.fc12.x86_64
Installing lx-20030328-5.fc12.x86_64
Installing min12xxw-0.0.9-5.fc12.x86_64
Installing pbm2l2030-1.4-5.fc12.x86_64
Installing cjet-0.8.9-9.fc12.x86_64
Installing c2050-0.3b-3.fc12.x86_64
Installing libburn-0.7.0-1.fc12.x86_64
Installing libaio-0.3.107-9.fc12.x86_64
Installing device-mapper-multipath-libs-0.4.9-6.fc12.x86_64
Installing sgpio-1.2.0.10-4.fc12.x86_64
Installing dash-0.5.5.1-3.fc12.x86_64
Installing libvisual-0.4.0-9.fc12.x86_64
Installing libdv-1.0.0-8.fc12.x86_64
Installing wavpack-4.60-1.fc12.x86_64
Installing dmidecode-2.10-1.39.fc12.x86_64
Installing libnfnetlink-1.0.0-1.fc12.x86_64
Installing libnetfilter_conntrack-0.9.0-1.fc12.x86_64
Installing ustr-1.0.4-9.fc12.x86_64
Installing libsemanage-2.0.45-1.fc12.x86_64
Installing pakchois-0.4-3.x86_64
Installing libthai-0.1.12-2.fc12.x86_64
Installing compat-readline5-5.2-17.fc12.x86_64
Installing ruby-libs-1.8.6.399-6.fc12.x86_64
Installing libx86-1.1-9.fc12.x86_64
Installing sg3_utils-libs-1.27-2.fc12.x86_64
Installing libmcpp-2.7.2-4.fc12.x86_64
Installing mcpp-2.7.2-4.fc12.x86_64
Installing xorg-x11-server-utils-7.4-13.fc12.x86_64
Installing nss-softokn-freebl-3.12.8-1.fc12.i686
Installing xorg-x11-proto-devel-7.4-35.fc12.noarch
Installing hwdata-0.225-3.fc12.noarch
Installing m17n-contrib-1.1.10-3.fc12.noarch
Installing zlib-devel-1.2.3-23.fc12.x86_64
Installing hicolor-icon-theme-0.11-1.fc12.noarch
Installing fedora-logos-12.0.3-2.fc12.noarch
Installing freetype-devel-2.3.11-7.fc12.x86_64
Installing sgml-common-0.6.3-31.fc12.noarch
Installing libpciaccess-0.10.9-1.fc12.x86_64
Installing docbook-dtds-1.0-48.fc12.noarch
Installing fontconfig-devel-2.8.0-1.fc12.x86_64
Installing libpng-devel-1.2.44-1.fc12.x86_64
Installing jpackage-utils-1.7.5-3.8.fc12.noarch
Installing nspr-devel-4.8.6-1.fc12.x86_64
Installing libart_lgpl-devel-2.3.20-5.fc12.x86_64
Installing libjpeg-devel-6b-46.fc12.x86_64
Installing popt-devel-1.13-6.fc12.x86_64
Installing pciutils-3.1.7-1.fc12.x86_64
Installing nss-util-devel-3.12.8-1.fc12.x86_64
Installing libICE-devel-1.0.6-1.fc12.x86_64
Installing libSM-devel-1.1.0-7.fc12.x86_64
Installing libXau-devel-1.0.5-1.fc12.x86_64
Installing urw-fonts-2.4-9.fc12.noarch
Installing sound-theme-freedesktop-0.7-2.fc12.noarch
Installing libsigc++20-devel-2.2.4.2-1.fc12.x86_64
Installing sqlite-devel-3.6.20-1.fc12.x86_64
Installing gnome-doc-utils-stylesheets-0.18.0-1.fc12.noarch
Installing vbetool-1.2.2-1.fc12.x86_64
Installing opensp-1.5.2-12.fc12.x86_64
Installing openjade-1.3.2-35.fc12.x86_64
Installing libxcb-devel-1.5-1.fc12.x86_64
Installing nss-softokn-devel-3.12.8-1.fc12.x86_64
Installing jline-0.9.94-0.6.fc12.noarch
Installing rhino-1.7-0.7.r2.fc12.noarch
Installing docbook-style-xsl-1.75.2-6.fc12.noarch
Installing libXdmcp-devel-1.0.3-1.fc12.x86_64
Installing libX11-devel-1.3-1.fc12.x86_64
Installing libXt-devel-1.0.7-1.fc12.x86_64
Installing libXpm-devel-3.5.8-2.fc12.x86_64
Installing libXext-devel-1.1-2.fc12.x86_64
Installing libXrender-devel-0.9.5-1.fc12.x86_64
Installing libXfixes-devel-4.0.4-1.fc12.x86_64
Installing libXrandr-devel-1.3.0-5.fc12.x86_64
Installing libXmu-devel-1.0.5-1.fc12.x86_64
Installing libXi-devel-1.3-2.fc12.x86_64
Installing startup-notification-devel-0.10-2.fc12.x86_64
Installing libXdamage-devel-1.1.2-1.fc12.x86_64
Installing libXcomposite-devel-0.4.1-2.fc12.x86_64
Installing libXcursor-devel-1.1.10-1.fc12.x86_64
Installing libXft-devel-2.1.13-4.fc12.x86_64
Installing libXxf86vm-devel-1.1.0-1.fc12.x86_64
Installing libXinerama-devel-1.1-1.fc12.x86_64
Installing libXv-devel-1.0.5-1.fc12.x86_64
Installing ghostscript-fonts-5.50-23.fc12.noarch
Installing pygobject2-codegen-2.20.0-1.fc12.x86_64
Installing boost-1.39.0-9.fc12.x86_64
Installing xorg-x11-server-common-1.7.6-4.fc12.x86_64
Installing libtasn1-devel-2.3-1.fc12.x86_64
Installing slang-devel-2.2.1-1.fc12.x86_64
Installing libfontenc-devel-1.0.5-2.fc12.x86_64
Installing libical-devel-0.43-5.fc12.x86_64
Installing pixman-devel-0.16.6-1.fc12.x86_64
Installing cairo-devel-1.8.8-3.fc12.x86_64
Installing keyutils-libs-devel-1.2-6.fc12.x86_64
Installing kernel-devel-2.6.32.26-175.fc12.x86_64
Installing libattr-devel-2.4.44-1.fc12.x86_64
Installing xz-devel-4.999.9-0.2.beta.20091007git.fc12.x86_64
Installing elfutils-libelf-devel-0.148-1.fc12.x86_64
Installing libidn-devel-1.9-5.x86_64
Installing libsilc-1.1.10-1.fc12.x86_64
Installing polkit-desktop-policy-0.95-2.fc12.noarch
Installing libsepol-devel-2.0.41-3.fc12.x86_64
Installing libselinux-devel-2.0.90-5.fc12.x86_64
Installing libgpg-error-devel-1.6-4.x86_64
Installing libgcrypt-devel-1.4.4-8.fc12.x86_64
Installing gnutls-devel-2.8.6-2.fc12.x86_64
Installing libuuid-devel-2.16.2-9.fc12.x86_64
Installing ibus-pinyin-db-android-1.3.9-1.fc12.noarch
Installing bzip2-devel-1.0.6-1.fc12.x86_64
Installing expat-devel-2.0.1-8.2.fc12.x86_64
Installing libcom_err-devel-1.41.9-8.fc12.x86_64
Installing krb5-devel-1.7.1-14.fc12.x86_64
Installing libstdc++-devel-4.4.4-10.fc12.x86_64
Installing ncurses-devel-5.7-3.20090207.fc12.x86_64
Installing readline-devel-6.0-3.fc12.x86_64
Installing pilot-link-devel-0.12.4-4.fc12.x86_64
Installing crontabs-1.10-31.fc12.noarch
Installing glibc-headers-2.11.2-3.x86_64
Installing glibc-devel-2.11.2-3.x86_64
Installing gcc-4.4.4-10.fc12.x86_64
Installing pygtk2-codegen-2.16.0-1.fc12.x86_64
Installing perl-Pod-Escapes-1.04-96.fc12.x86_64
Installing gcc-c++-4.4.4-10.fc12.x86_64
Installing gcc-gfortran-4.4.4-10.fc12.x86_64
Installing usbutils-0.86-2.fc12.x86_64
Installing iptstate-2.2.2-4.fc12.x86_64
Installing nss_ldap-264-9.fc12.x86_64
Installing bind-utils-9.6.2-5.P2.fc12.x86_64
Installing oprofile-gui-0.9.6-5.fc12.x86_64
Installing prelink-0.4.3-2.fc12.x86_64
Installing sudo-1.7.4p4-3.fc12.x86_64
Installing openldap-clients-2.4.19-6.fc12.x86_64
Installing at-3.1.10-40.fc12.x86_64
Installing pam_ccreds-10-1.fc12.x86_64
Installing pam_krb5-2.3.7-3.fc12.x86_64
Installing pam_passwdqc-1.0.5-4.fc12.x86_64
Installing screen-4.0.3-15.fc12.x86_64
Installing stunnel-4.33-1.fc12.x86_64
Installing tcpdump-4.0.0-3.20090921gitdf3cb4.fc12.x86_64
Installing fetchmail-6.3.17-1.fc12.x86_64
Installing psacct-6.3.2-59.fc12.x86_64
Installing krb5-workstation-1.7.1-14.fc12.x86_64
Installing ccache-2.4-16.fc12.x86_64
Installing zsh-4.3.10-4.fc12.x86_64
Installing tigervnc-1.0.1-3.fc12.x86_64
Installing dump-0.4-0.4.b42.fc12.x86_64
Installing xorg-x11-utils-7.4-7.fc12.x86_64
Installing lftp-4.0.9-1.fc12.x86_64
Installing ntsysv-1.3.44-1.x86_64
Installing nss_db-2.2-47.fc12.x86_64
Installing xrestop-0.4-7.fc12.x86_64
Installing flex-2.5.35-7.fc12.x86_64
Installing bison-2.4.1-4.fc12.x86_64
Installing efibootmgr-0.5.4-7.fc12.x86_64
Installing mlocate-0.22.2-2.fc12.x86_64
Installing attr-2.4.44-1.fc12.x86_64
Installing ltrace-0.5-14.45svn.fc12.x86_64
Installing jwhois-4.0-19.fc12.x86_64
Installing lsof-4.82-1.fc12.x86_64
Installing bc-1.06.95-1.fc12.x86_64
Installing ftp-0.17-51.fc12.x86_64
Installing units-1.87-5.fc12.x86_64
Installing acpid-1.0.10-2.fc12.x86_64
Installing cpuspeed-1.5-13.fc12.x86_64
Installing ed-1.1-3.fc12.x86_64
Installing nano-2.0.9-7.fc12.x86_64
Installing time-1.7-37.fc12.x86_64
Installing texinfo-4.13a-9.fc12.x86_64
Installing swig-1.3.40-1.fc12.x86_64
Installing doxygen-1.7.1-1.fc12.x86_64
Installing zisofs-tools-1.0.8-5.fc12.x86_64
Installing mcelog-0.9pre1-0.1.fc12.x86_64
Installing cscope-15.7a-1.fc12.x86_64
Installing traceroute-2.0.15-1.fc12.x86_64
Installing vconfig-1.9-8.fc12.x86_64
Installing pam_smb-1.1.7-11.fc12.x86_64
Installing ntfs-3g-2010.10.2-1.fc12.x86_64
Installing rdist-6.1.5-48.fc12.x86_64
Installing dos2unix-3.1-36.fc12.x86_64
Installing finger-0.17-41.fc12.x86_64
Installing rsh-0.17-58.fc12.x86_64
Installing telnet-0.17-45.fc12.x86_64
Installing rdate-1.4-14.fc12.x86_64
Installing symlinks-1.4-2.fc12.x86_64
Installing unix2dos-2.2-34.fc12.x86_64
Installing mtr-0.75-5.fc12.x86_64
Installing tree-1.5.3-1.fc12.x86_64
Installing talk-0.17-33.2.4.x86_64
Installing setserial-2.17-24.fc12.x86_64
Installing strace-4.5.20-1.fc12.x86_64
Installing diffstat-1.51-1.fc12.x86_64
Installing rcs-5.7-35.fc12.x86_64
Installing ctags-5.8-1.fc12.x86_64
Installing byacc-1.9.20070509-6.fc12.x86_64
Installing b43-fwcutter-012-2.fc12.x86_64
Installing compat-libstdc++-296-2.96-143.i686
Installing openssl-devel-1.0.0b-1.fc12.1.x86_64
Installing libacl-devel-2.2.49-3.fc12.x86_64
Installing libXfont-devel-1.4.1-1.fc12.x86_64
Installing newt-devel-0.52.11-1.fc12.x86_64
Installing boost-devel-1.39.0-9.fc12.x86_64
Installing libXvMC-devel-1.0.4-8.fc12.x86_64
Installing libXtst-devel-1.0.99.2-3.fc12.x86_64
Installing libXaw-devel-1.0.6-4.fc12.x86_64
Installing Xaw3d-devel-1.5E-15.fc12.x86_64
Installing libXres-devel-1.0.4-1.fc12.x86_64
Installing libXxf86dga-devel-1.1.1-1.fc12.x86_64
Installing libXevie-devel-1.0.2-7.fc12.x86_64
Installing libXScrnSaver-devel-1.2.0-1.fc12.x86_64
Installing libXxf86misc-devel-1.0.2-1.fc12.x86_64
Installing libdmx-devel-1.1.0-1.fc12.x86_64
Installing gd-devel-2.0.35-9.fc12.x86_64
Installing libxkbfile-devel-1.0.6-1.1.fc12.x86_64
Installing pciutils-devel-3.1.7-1.fc12.x86_64
Installing libmng-devel-1.0.10-4.fc12.x86_64
Installing grub-0.97-62.fc12.x86_64
Installing binutils-devel-2.19.51.0.14-37.fc12.x86_64
Installing m17n-contrib-maithili-1.1.10-3.fc12.noarch
Installing m17n-contrib-marathi-1.1.10-3.fc12.noarch
Installing m17n-contrib-urdu-1.1.10-3.fc12.noarch
Installing perf-2.6.32.26-175.fc12.noarch
Installing netpbm-devel-10.47.13-1.fc12.x86_64
Installing gnome-user-docs-2.28.0-1.fc12.noarch
Installing pam-devel-1.1.1-6.fc12.x86_64
Installing bitmap-fonts-0.3-9.fc12.noarch
Installing fpaste-0.3.4-1.fc12.noarch
Installing db4-devel-4.7.25-13.fc12.x86_64
Installing gpm-devel-1.20.6-9.fc12.x86_64
Installing aspell-en-6.0-11.fc12.x86_64
Installing lockdev-devel-1.0.1-19.fc12.x86_64
Installing hesiod-devel-3.1.0-16.x86_64
Installing pcsc-lite-devel-1.5.2-5.fc12.x86_64
Installing giflib-devel-4.1.6-3.fc12.x86_64
Installing gdbm-devel-1.8.0-33.fc12.x86_64
Installing hunspell-en-0.20100322-1.fc12.noarch
Installing libtiff-devel-3.9.4-1.fc12.x86_64
Installing libcap-devel-2.16-5.fc12.x86_64
Installing gmp-devel-4.3.1-5.fc12.x86_64
Installing gnome-common-2.28.0-1.fc12.noarch
Installing xorg-x11-xtrans-devel-1.2.2-4.fc12.noarch
Installing jomolhari-fonts-0.003-8.fc12.noarch
Installing dejavu-serif-fonts-2.31-1.fc12.noarch
Installing lohit-assamese-fonts-2.4.3-2.fc12.noarch
Installing lohit-bengali-fonts-2.4.3-3.fc12.noarch
Installing lklug-fonts-0.6-1.20090803cvs.fc12.noarch
Installing kacst-book-fonts-2.0-5.fc12.noarch
Installing dejavu-sans-mono-fonts-2.31-1.fc12.noarch
Installing kacst-digital-fonts-2.0-5.fc12.noarch
Installing liberation-serif-fonts-1.05.1.20090721-2.fc12.noarch
Installing kacst-pen-fonts-2.0-5.fc12.noarch
Installing liberation-sans-fonts-1.05.1.20090721-2.fc12.noarch
Installing kacst-decorative-fonts-2.0-5.fc12.noarch
Installing abyssinica-fonts-1.0-5.fc12.noarch
Installing kacst-letter-fonts-2.0-5.fc12.noarch
Installing lohit-kannada-fonts-2.4.4-2.fc12.noarch
Installing khmeros-base-fonts-5.0-7.fc12.noarch
Installing paktype-tehreer-fonts-2.0-5.fc12.noarch
Installing kacst-titlel-fonts-2.0-5.fc12.noarch
Installing liberation-mono-fonts-1.05.1.20090721-2.fc12.noarch
Installing kacst-naskh-fonts-2.0-5.fc12.noarch
Installing vlgothic-fonts-20100126-1.fc12.noarch
Installing kacst-art-fonts-2.0-5.fc12.noarch
Installing kacst-poster-fonts-2.0-5.fc12.noarch
Installing lohit-hindi-fonts-2.4.3-3.fc12.noarch
Installing lohit-marathi-fonts-2.4.3-2.fc12.noarch
Installing lohit-gujarati-fonts-2.4.4-1.fc12.noarch
Installing paktype-naqsh-fonts-2.0-5.fc12.noarch
Installing thai-scalable-waree-fonts-0.4.12-2.fc12.noarch
Installing smc-meera-fonts-04.2-2.fc12.noarch
Installing kacst-office-fonts-2.0-5.fc12.noarch
Installing kacst-farsi-fonts-2.0-5.fc12.noarch
Installing kacst-one-fonts-2.0-5.fc12.noarch
Installing kacst-qurn-fonts-2.0-5.fc12.noarch
Installing lohit-telugu-fonts-2.4.5-1.fc12.noarch
Installing lohit-punjabi-fonts-2.4.4-1.fc12.noarch
Installing dejavu-sans-fonts-2.31-1.fc12.noarch
Installing un-core-dotum-fonts-1.0.2-0.15.080608.fc12.noarch
Installing lohit-tamil-fonts-2.4.5-1.fc12.noarch
Installing stix-fonts-0.9-13.fc12.noarch
Installing kacst-title-fonts-2.0-5.fc12.noarch
Installing lohit-maithili-fonts-2.4.3-2.fc12.noarch
Installing kacst-screen-fonts-2.0-5.fc12.noarch
Installing lohit-oriya-fonts-2.4.3-2.fc12.noarch
Installing vlgothic-p-fonts-20100126-1.fc12.noarch
Installing glib2-2.22.5-1.fc12.x86_64
Installing pango-1.26.2-1.fc12.x86_64
Installing dbus-libs-1.2.16-9.fc12.x86_64
Installing atk-1.28.0-1.fc12.x86_64
Installing python-2.6.2-8.fc12.x86_64
Installing dbus-glib-0.86-3.fc12.x86_64
Installing dbus-1.2.16-9.fc12.x86_64
Installing initscripts-9.02.2-1.x86_64
Installing python-libs-2.6.2-8.fc12.x86_64
Installing nss-3.12.8-2.fc12.x86_64
Installing desktop-file-utils-0.15-8.fc12.x86_64
Installing udev-145-21.fc12.x86_64
Installing libcurl-7.19.7-13.fc12.x86_64
Installing avahi-0.6.25-7.fc12.x86_64
Installing hal-libs-0.5.13-9.fc12.x86_64
Installing device-mapper-libs-1.02.53-4.fc12.x86_64
Installing pulseaudio-libs-0.9.21-6.fc12.x86_64
Installing telepathy-glib-0.9.0-1.fc12.x86_64
Installing dbus-python-0.83.0-6.fc12.x86_64
Installing libgudev1-145-21.fc12.x86_64
Installing NetworkManager-glib-0.8.1-9.git20100831.fc12.x86_64
Installing avahi-glib-0.6.25-7.fc12.x86_64
Installing shared-mime-info-0.70-3.fc12.x86_64
Installing glibmm24-2.22.1-1.fc12.x86_64
Installing cups-libs-1.4.4-11.fc12.x86_64
Installing gtk2-2.18.9-3.fc12.x86_64
Installing libglade2-2.6.4-3.fc12.x86_64
Installing libgnomecanvas-2.26.0-2.fc12.x86_64
Installing unique-1.1.6-1.fc12.x86_64
Installing libwnck-2.28.0-1.fc12.x86_64
Installing nautilus-extensions-2.28.4-2.fc12.x86_64
Installing rpm-libs-4.7.2-2.fc12.x86_64
Installing ibus-libs-1.3.6-2.fc12.x86_64
Installing libxml2-python-2.7.6-2.fc12.x86_64
Installing libxklavier-4.0-7.fc12.x86_64
Installing enchant-1.6.0-1.fc12.x86_64
Installing device-mapper-event-libs-1.02.53-4.fc12.x86_64
Installing dbus-x11-1.2.16-9.fc12.x86_64
Installing libIDL-0.8.13-2.fc12.x86_64
Installing ORBit2-2.14.17-3.fc12.x86_64
Installing libbonobo-2.24.2-2.fc12.x86_64
Installing device-mapper-1.02.53-4.fc12.x86_64
Installing xmlrpc-c-client-1.16.6-3.1582.fc12.x86_64
Installing newt-python-0.52.11-1.fc12.x86_64
Installing libgtop2-2.28.0-1.fc12.x86_64
Installing libuser-0.56.13-1.fc12.x86_64
Installing gobject-introspection-0.6.5-1.fc12.x86_64
Installing pygobject2-2.20.0-1.fc12.x86_64
Installing fipscheck-lib-1.2.0-4.fc12.x86_64
Installing gamin-0.1.10-5.fc12.x86_64
Installing openssh-5.3p1-19.fc12.x86_64
Installing deltarpm-3.5-0.4.20090913git.fc12.x86_64
Installing libgcj-4.4.4-10.fc12.x86_64
Installing gnome-bluetooth-libs-2.28.6-2.fc12.x86_64
Installing ghostscript-8.71-16.fc12.x86_64
Installing pangomm-2.26.0-1.fc12.x86_64
Installing gtkmm24-2.18.2-1.fc12.x86_64
Installing yum-metadata-parser-1.1.2-14.fc12.x86_64
Installing httpd-2.2.15-1.fc12.2.x86_64
Installing samba-common-3.4.9-60.fc12.x86_64
Installing pycairo-1.8.6-2.fc12.x86_64
Installing pygtk2-2.16.0-1.fc12.x86_64
Installing pygtk2-libglade-2.16.0-1.fc12.x86_64
Installing libselinux-python-2.0.90-5.fc12.x86_64
Installing dbus-cxx-0.7.0-1.fc12.x86_64
Installing openssh-clients-5.3p1-19.fc12.x86_64
Installing libuser-python-0.56.13-1.fc12.x86_64
Installing device-mapper-event-1.02.53-4.fc12.x86_64
Installing poppler-glib-0.12.4-5.fc12.x86_64
Installing gtksourceview2-2.8.2-1.fc12.x86_64
Installing obex-data-server-0.4.3-4.fc12.x86_64
Installing libgxim-0.3.3-3.fc12.x86_64
Installing imsettings-libs-0.108.1-1.fc12.x86_64
Installing avahi-gobject-0.6.25-7.fc12.x86_64
Installing pulseaudio-libs-glib2-0.9.21-6.fc12.x86_64
Installing festival-speechtools-libs-1.2.96-16.fc12.x86_64
Installing parted-1.9.0-17.2.fc12.x86_64
Installing kpartx-0.4.9-6.fc12.x86_64
Installing dmraid-1.0.0.rc16-4.fc12.x86_64
Installing curl-7.19.7-13.fc12.x86_64
Installing rpm-4.7.2-2.fc12.x86_64
Installing rpm-python-4.7.2-2.fc12.x86_64
Installing policycoreutils-2.0.82-5.fc12.x86_64
Installing transmission-common-1.93-1.fc12.x86_64
Installing mdadm-3.0.3-2.fc12.x86_64
Installing nss_compat_ossl-0.9.6-1.fc12.x86_64
Installing python-ethtool-0.5-1.fc12.x86_64
Installing setools-libs-python-3.3.6-4.fc12.x86_64
Installing pyOpenSSL-0.9-1.fc12.x86_64
Installing kbd-1.15-9.fc12.x86_64
Installing cyrus-sasl-2.1.23-9.fc12.x86_64
Installing ConsoleKit-libs-0.4.1-3.fc12.x86_64
Installing audit-libs-python-2.0.4-1.fc12.x86_64
Installing libbeagle-0.3.9-5.fc12.x86_64
Installing sendmail-8.14.4-3.fc12.x86_64
Installing cronie-1.4.3-4.fc12.x86_64
Installing cronie-anacron-1.4.3-4.fc12.x86_64
Installing cyrus-sasl-devel-2.1.23-9.fc12.x86_64
Installing elinks-0.12-0.20.pre5.fc12.x86_64
Installing transmission-cli-1.93-1.fc12.x86_64
Installing nash-6.0.93-1.fc12.x86_64
Installing festival-lib-1.96-16.fc12.x86_64
Installing pygtksourceview-2.8.0-1.fc12.x86_64
Installing dmraid-events-1.0.0.rc16-4.fc12.x86_64
Installing lvm2-libs-2.02.72-4.fc12.x86_64
Installing lvm2-2.02.72-4.fc12.x86_64
Installing dbus-cxx-glibmm-0.7.0-1.fc12.x86_64
Installing libspectre-0.2.3-1.fc12.x86_64
Installing evince-libs-2.28.2-2.fc12.x86_64
Installing cups-1.4.4-11.fc12.x86_64
Installing ptouch-driver-1.3-2.fc12.x86_64
Installing python-deltarpm-3.5-0.4.20090913git.fc12.x86_64
Installing gamin-python-0.1.10-5.fc12.x86_64
Installing passwd-0.77-1.fc12.x86_64
Installing usermode-1.104-1.fc12.x86_64
Installing usermode-gtk-1.104-1.fc12.x86_64
Installing setuptool-1.19.9-1.fc12.x86_64
Installing authconfig-6.0.0-2.fc12.x86_64
Installing pyorbit-2.24.0-4.fc12.x86_64
Installing gtkspell-2.0.16-1.fc12.x86_64
Installing libxslt-python-1.1.26-1.fc12.x86_64
Installing gnome-python2-libwnck-2.28.0-2.fc12.x86_64
Installing iok-1.3.10-1.fc12.x86_64
Installing gtk2-engines-2.18.4-4.fc12.x86_64
Installing vte-0.22.5-1.fc12.x86_64
Installing gnome-utils-libs-2.28.3-1.fc12.x86_64
Installing wxGTK-2.8.11-1.fc12.x86_64
Installing libopenraw-gnome-0.0.5-4.fc12.x86_64
Installing kasumi-2.5-1.fc12.x86_64
Installing pinentry-gtk-0.8.0-2.fc12.x86_64
Installing gtk-vnc-0.3.10-3.fc12.x86_64
Installing avahi-ui-0.6.25-7.fc12.x86_64
Installing gir-repository-0.6.5-3.fc12.x86_64
Installing system-config-printer-libs-1.1.19-3.fc12.x86_64
Installing ModemManager-0.4-5.git20100720.fc12.x86_64
Installing telepathy-idle-0.1.5-1.fc12.x86_64
Installing java-1.6.0-openjdk-1.6.0.0-43.1.8.3.fc12.x86_64
Installing pulseaudio-utils-0.9.21-6.fc12.x86_64
Installing cryptsetup-luks-libs-1.1.3-1.fc12.x86_64
Installing cryptsetup-luks-1.1.3-1.fc12.x86_64
Installing mod_dnssd-0.6-2.fc11.x86_64
Installing gnupg2-2.0.13-2.fc12.x86_64
Installing gpgme-1.1.8-2.fc12.x86_64
Installing pygpgme-0.1-17.20090824bzr68.fc12.x86_64
Installing python-pycurl-7.19.0-7.fc12.x86_64
Installing openvpn-2.1.1-2.fc12.x86_64
Installing crda-1.1.1_2009.11.25-2.fc12.x86_64
Installing wireless-tools-29-5.1.fc12.x86_64
Installing python-iwlib-0.1-1.fc12.x86_64
Installing nss-tools-3.12.8-2.fc12.x86_64
Installing mailx-12.5-1.fc12.x86_64
Installing gdb-7.0.1-50.fc12.x86_64
Installing python-crypto-2.0.1-20.x86_64
Installing libsemanage-python-2.0.45-1.fc12.x86_64
Installing policycoreutils-python-2.0.82-5.fc12.x86_64
Installing python-simplejson-2.0.9-3.fc12.x86_64
Installing dhclient-4.1.1-18.P1.fc12.x86_64
Installing dnsmasq-2.52-1.fc12.x86_64
Installing gypsy-0.8-1.fc12.x86_64
Installing ypbind-1.20.4-24.fc12.x86_64
Installing eggdbus-0.5-2.x86_64
Installing wpa_supplicant-0.6.8-9.fc12.x86_64
Installing pyxf86config-0.3.37-7.fc12.x86_64
Installing cracklib-python-2.8.13-6.x86_64
Installing obexd-0.19-2.fc12.x86_64
Installing dbus-c++-0.5.0-0.10.20090203git13281b3.fc12.x86_64
Installing plymouth-plugin-label-0.8.0-0.2009.29.09.19.3.fc12.x86_64
Installing plymouth-plugin-two-step-0.8.0-0.2009.29.09.19.3.fc12.x86_64
Installing grubby-7.0.9-1.fc12.x86_64
Installing gstreamer-tools-0.10.29-1.fc12.x86_64
Installing gstreamer-0.10.29-1.fc12.x86_64
Installing libcanberra-0.22-1.fc12.x86_64
Installing gstreamer-plugins-base-0.10.29-1.fc12.x86_64
Installing libcroco-0.6.2-3.fc12.x86_64
Installing loudmouth-1.4.3-6.fc12.x86_64
Installing meanwhile-1.1.0-2.fc12.x86_64
Installing gmime-2.4.11-1.fc12.x86_64
Installing totem-pl-parser-2.28.3-1.fc12.x86_64
Installing nss-sysinit-3.12.8-2.fc12.x86_64
Installing fipscheck-1.2.0-4.fc12.x86_64
Installing libxml2-devel-2.7.6-2.fc12.x86_64
Installing gnome-python2-2.28.0-1.fc12.x86_64
Installing gnome-icon-theme-2.28.0-1.fc12.noarch
Installing gnome-python2-canvas-2.28.0-1.fc12.x86_64
Installing dbus-devel-1.2.16-9.fc12.x86_64
Installing redhat-menus-12.0.1-1.fc12.noarch
Installing python-slip-0.2.13-1.fc12.noarch
Installing gnome-menus-2.28.0-3.fc12.x86_64
Installing xdg-utils-1.0.2-20.20100709.fc12.noarch
Installing gnome-python2-desktop-2.28.0-2.fc12.x86_64
Installing gnome-themes-2.28.1-3.fc12.noarch
Installing python-urlgrabber-3.9.1-4.2.fc12.noarch
Installing plymouth-scripts-0.8.0-0.2009.29.09.19.3.fc12.x86_64
Installing system-config-users-1.2.99-1.fc12.noarch
Installing system-config-date-1.9.59-1.fc12.noarch
Installing htmlview-4.0.0-6.fc12.noarch
Installing gnome-python2-extras-2.25.3-22.fc12.x86_64
Installing system-config-network-tui-1.6.1-1.fc12.noarch
Installing selinux-policy-3.6.32-127.fc12.noarch
Installing nss-devel-3.12.8-2.fc12.x86_64
Installing system-config-firewall-base-1.2.21-1.fc12.noarch
Installing python-bugzilla-0.5.1-3.fc12.noarch
Installing libao-0.8.8-7.fc12.x86_64
Installing cdrdao-1.2.3-0.rc2.4.x86_64
Installing vorbis-tools-1.2.0-8.fc12.x86_64
Installing icedax-1.1.10-1.fc12.x86_64
Installing system-config-firewall-tui-1.2.21-1.fc12.noarch
Installing plymouth-theme-charge-0.8.0-0.2009.29.09.19.3.fc12.x86_64
Installing fedora-icon-theme-1.0.0-6.fc12.noarch
Installing python-slip-gtk-0.2.13-1.fc12.noarch
Installing dbus-cxx-devel-0.7.0-1.fc12.x86_64
Installing libxslt-devel-1.1.26-1.fc12.x86_64
Installing authconfig-gtk-6.0.0-2.fc12.x86_64
Installing system-config-nfs-1.3.49-1.fc12.noarch
Installing python-paste-1.7.4-2.fc12.noarch
Installing papyon-0.4.5-1.fc12.noarch
Installing python-telepathy-0.15.17-1.fc12.noarch
Installing telepathy-butterfly-0.5.9-1.fc12.noarch
Installing python-devel-2.6.2-8.fc12.x86_64
Installing pycairo-devel-1.8.6-2.fc12.x86_64
Installing python-iniparse-0.4-1.fc12.noarch
Installing yum-3.2.28-5.fc12.noarch
Installing yum-utils-1.1.26-1.fc12.noarch
Installing python-meh-0.7-1.fc12.noarch
Installing createrepo-0.9.8-4.fc12.noarch
Installing anaconda-yum-plugins-1.0-5.fc12.noarch
Installing preupgrade-1.1.8-1.fc12.1.noarch
Installing pyxdg-0.17-1.fc12.noarch
Installing python-decorator-3.0.1-3.fc12.noarch
Installing perl-version-0.82-1.fc12.x86_64
Installing m17n-contrib-sinhala-1.1.10-3.fc12.noarch
Installing m17n-db-telugu-1.5.5-1.fc12.noarch
Installing m17n-db-tamil-1.5.5-1.fc12.noarch
Installing m17n-db-punjabi-1.5.5-1.fc12.noarch
Installing m17n-db-oriya-1.5.5-1.fc12.noarch
Installing m17n-db-malayalam-1.5.5-1.fc12.noarch
Installing m17n-db-kannada-1.5.5-1.fc12.noarch
Installing m17n-db-hindi-1.5.5-1.fc12.noarch
Installing m17n-db-gujarati-1.5.5-1.fc12.noarch
Installing m17n-db-bengali-1.5.5-1.fc12.noarch
Installing m17n-db-assamese-1.5.5-1.fc12.noarch
Installing m17n-contrib-gujarati-1.1.10-3.fc12.noarch
Installing m17n-contrib-malayalam-1.1.10-3.fc12.noarch
Installing m17n-contrib-tamil-1.1.10-3.fc12.noarch
Installing m17n-db-sinhala-1.5.5-1.fc12.noarch
Installing m17n-contrib-hindi-1.1.10-3.fc12.noarch
Installing m17n-contrib-assamese-1.1.10-3.fc12.noarch
Installing m17n-contrib-kannada-1.1.10-3.fc12.noarch
Installing m17n-contrib-oriya-1.1.10-3.fc12.noarch
Installing m17n-contrib-telugu-1.1.10-3.fc12.noarch
Installing m17n-contrib-punjabi-1.1.10-3.fc12.noarch
Installing m17n-contrib-bengali-1.1.10-3.fc12.noarch
Installing rpm-devel-4.7.2-2.fc12.x86_64
Installing pinfo-0.6.9-11.fc12.x86_64
Installing yp-tools-2.9-9.fc12.x86_64
Installing smartmontools-5.39.1-3.fc12.x86_64
Installing java-1.6.0-openjdk-plugin-1.6.0.0-43.1.8.3.fc12.x86_64
Installing gnuplot-4.2.6-1.fc12.x86_64
Installing evince-djvu-2.28.2-2.fc12.x86_64
Installing slrn-0.9.9p1-3.fc12.x86_64
Installing man-1.6f-25.fc12.x86_64
Installing device-mapper-multipath-0.4.9-6.fc12.x86_64
Installing dbus-cxx-tools-0.7.0-1.fc12.x86_64
Installing openssh-server-5.3p1-19.fc12.x86_64
Installing openssh-askpass-5.3p1-19.fc12.x86_64
Installing nspluginwrapper-1.3.0-10.fc12.x86_64
Installing jigdo-0.7.3-9.fc12.x86_64
Installing gtk2-immodule-xim-2.18.9-3.fc12.x86_64
Installing gnupg-1.4.10-1.fc12.x86_64
Installing pam_pkcs11-0.5.3-29.x86_64
Installing python-ldap-2.3.10-1.fc12.x86_64
Installing quota-3.17-9.fc12.x86_64
Installing rng-utils-2.0-4.fc12.x86_64
Installing readahead-1.5.4-1.fc12.x86_64
Installing microcode_ctl-1.17-2.fc12.x86_64
Installing ipsec-tools-0.7.3-4.fc12.x86_64
Installing nmap-5.21-4.fc12.x86_64
Installing nc-1.84-21.fc12.x86_64
Installing irqbalance-0.55-25.fc12.x86_64
Installing irda-utils-0.9.18-10.fc12.x86_64
Installing xdelta-1.1.4-7.fc12.x86_64
Installing system-config-language-1.3.5-1.fc12.noarch
Installing yum-presto-0.6.2-1.fc12.noarch
Installing plymouth-system-theme-0.8.0-0.2009.29.09.19.3.fc12.x86_64
Installing selinux-policy-targeted-3.6.32-127.fc12.noarch
Installing fedora-release-notes-12.0.2-1.fc12.noarch
Installing system-config-httpd-1.5.1-1.fc12.noarch
Installing bittorrent-4.4.0-13.fc12.noarch
Installing system-config-boot-0.4.1-1.fc12.x86_64
Installing printer-filters-1.1-4.fc12.noarch
Installing openldap-devel-2.4.19-6.fc12.x86_64
Installing sos-2.2-0.fc12.noarch
Installing iwl6000-firmware-9.221.4.1-1.fc12.noarch
Installing b43-openfwwf-5.2-5.fc12.noarch
Installing polkit-0.95-2.fc12.x86_64
Installing GConf2-2.28.0-4.fc12.2.x86_64
Installing gnome-keyring-2.28.2-2.fc12.x86_64
Installing gnome-vfs2-2.24.2-4.fc12.x86_64
Installing libcanberra-gtk2-0.22-1.fc12.x86_64
Installing libdrm-2.4.18-2.fc12.x86_64
Installing at-spi-1.28.1-1.fc12.x86_64
Installing notification-daemon-0.4.1-0.20090923.4.fc12.x86_64
Installing libnotify-0.4.5-4.fc12.x86_64
Installing NetworkManager-0.8.1-9.git20100831.fc12.x86_64
Installing ConsoleKit-0.4.1-3.fc12.x86_64
Installing libgnomekbd-2.28.2-1.fc12.x86_64
Installing abrt-libs-1.1.13-1.fc12.x86_64
Installing abrt-1.1.13-1.fc12.x86_64
Installing notify-python-0.1.1-8.fc12.x86_64
Installing gnome-python2-gnomekeyring-2.28.0-2.fc12.x86_64
Installing plymouth-0.8.0-0.2009.29.09.19.3.fc12.x86_64
Installing pcsc-lite-1.5.2-5.fc12.x86_64
Installing zenity-2.28.0-1.fc12.x86_64
Installing metacity-2.28.0-14.fc12.x86_64
Installing gnome-python2-gnomevfs-2.28.0-1.fc12.x86_64
Installing telepathy-mission-control-5.4.3-1.fc12.x86_64
Installing gnome-keyring-pam-2.28.2-2.fc12.x86_64
Installing brasero-libs-2.28.3-1.fc12.x86_64
Installing gconfmm26-2.28.0-1.fc12.x86_64
Installing polkit-gnome-0.95-0.git20090913.6.fc12.x86_64
Installing festival-1.96-16.fc12.x86_64
Installing gnome-speech-0.4.25-3.fc12.x86_64
Installing bluez-4.58-1.fc12.x86_64
Installing ifd-egate-0.05-22.x86_64
Installing pm-utils-1.2.5-7.fc12.x86_64
Installing DeviceKit-power-014-2.fc12.x86_64
Installing brasero-2.28.3-1.fc12.x86_64
Installing abrt-gui-1.1.13-1.fc12.x86_64
Installing ccid-1.3.9-2.fc12.x86_64
Installing coolkey-1.1.0-11.fc12.x86_64
Installing plymouth-utils-0.8.0-0.2009.29.09.19.3.fc12.x86_64
Installing abrt-addon-python-1.1.13-1.fc12.x86_64
Installing abrt-plugin-runapp-1.1.13-1.fc12.x86_64
Installing abrt-plugin-logger-1.1.13-1.fc12.x86_64
Installing abrt-addon-ccpp-1.1.13-1.fc12.x86_64
Installing abrt-addon-kerneloops-1.1.13-1.fc12.x86_64
Installing abrt-plugin-bugzilla-1.1.13-1.fc12.x86_64
Installing ConsoleKit-x11-0.4.1-3.fc12.x86_64
Installing xorg-x11-xinit-1.0.9-18.fc12.x86_64
Installing imsettings-0.108.1-1.fc12.x86_64
Installing xdg-user-dirs-0.12-1.fc12.x86_64
Installing libfprint-0.1.0-14.pre2.fc12.x86_64
Installing fprintd-0.1-16.git04fd09cfa.fc12.x86_64
Installing fprintd-pam-0.1-16.git04fd09cfa.fc12.x86_64
Installing transmission-gtk-1.93-1.fc12.x86_64
Installing notification-daemon-engine-slider-0.2.0-2.fc12.x86_64
Installing gnome-mag-0.15.9-1.fc12.x86_64
Installing mesa-dri-drivers-7.7-4.fc12.x86_64
Installing mesa-libGL-7.7-4.fc12.x86_64
Installing clutter-1.0.6-1.fc12.x86_64
Installing clutter-gtk-0.10.2-1.fc12.x86_64
Installing mesa-libGLU-7.7-4.fc12.x86_64
Installing glx-utils-7.7-4.fc12.x86_64
Installing compiz-0.8.2-24.fc12.x86_64
Installing gnome-media-2.28.5-1.fc12.x86_64
Installing gtkhtml2-2.11.1-6.fc12.x86_64
Installing gnome-python2-gtkhtml2-2.25.3-22.fc12.x86_64
Installing gucharmap-2.28.2-1.fc12.x86_64
Installing gtkhtml3-3.28.3-1.fc12.x86_64
Installing gnome-media-libs-2.28.5-1.fc12.x86_64
Installing GConf2-gtk-2.28.0-4.fc12.2.x86_64
Installing gnome-python2-gconf-2.28.0-1.fc12.x86_64
Installing libgsf-1.14.15-4.fc12.x86_64
Installing librsvg2-2.26.0-3.fc12.x86_64
Installing DeviceKit-disks-009-3.fc12.x86_64
Installing gnome-disk-utility-libs-2.28.1-1.fc12.x86_64
Installing gnome-disk-utility-ui-libs-2.28.1-1.fc12.x86_64
Installing rtkit-0.4-1.fc12.x86_64
Installing libproxy-bin-0.2.3-12.fc12.x86_64
Installing python-slip-dbus-0.2.13-1.fc12.noarch
Installing system-config-services-0.99.46-1.fc12.noarch
Installing fedora-gnome-theme-12.3-2.fc12.noarch
Installing libgnome-2.28.0-1.fc12.x86_64
Installing libbonoboui-2.24.2-2.fc12.x86_64
Installing libgnomeui-2.24.1-3.fc12.x86_64
Installing gnome-panel-libs-2.28.0-16.fc12.x86_64
Installing gnome-python2-gnome-2.28.0-1.fc12.x86_64
Installing gnome-desktop-2.28.2-6.fc12.x86_64
Installing gnome-python2-bonobo-2.28.0-1.fc12.x86_64
Installing xulrunner-1.9.1.15-1.fc12.x86_64
Installing yelp-2.28.1-1.fc12.x86_64
Installing gnome-settings-daemon-2.28.2-2.fc12.x86_64
Installing gnome-pilot-2.0.17-6.fc12.x86_64
Installing gnome-python2-libegg-2.25.3-22.fc12.x86_64
Installing gnome-python2-applet-2.28.0-2.fc12.x86_64
Installing libgail-gnome-1.20.1-4.fc12.x86_64
Installing libpanelappletmm-2.26.0-2.fc12.x86_64
Installing im-chooser-1.3.2-1.fc12.x86_64
Installing firstboot-1.110-1.fc12.x86_64
Installing dracut-005-5.fc12.noarch
Installing at-spi-python-1.28.1-1.fc12.x86_64
Installing libdrm-devel-2.4.18-2.fc12.x86_64
Installing mesa-libGL-devel-7.7-4.fc12.x86_64
Installing mesa-libGLU-devel-7.7-4.fc12.x86_64
Installing report-plugin-scp-0.14-1.fc12.x86_64
Installing report-config-scp-0.14-1.fc12.x86_64
Installing festvox-slt-arctic-hts-0.20061229-16.fc12.noarch
Installing perl-Module-Pluggable-3.90-96.fc12.x86_64
Installing system-config-keyboard-1.3.1-1.fc12.x86_64
Installing gnote-0.6.4-1.fc12.x86_64
Installing eog-2.28.2-2.fc12.x86_64
Installing mousetweaks-2.28.2-1.fc12.x86_64
Installing vinagre-2.28.1-2.fc12.x86_64
Installing gnome-utils-2.28.3-1.fc12.x86_64
Installing dasher-4.10.1-2.fc12.x86_64
Installing gthumb-2.10.12-2.fc12.x86_64
Installing krb5-auth-dialog-0.13-2.fc12.x86_64
Installing gnome-disk-utility-2.28.1-1.fc12.x86_64
Installing gnome-system-monitor-2.28.0-3.fc12.x86_64
Installing xdg-user-dirs-gtk-0.8-4.fc12.x86_64
Installing brasero-nautilus-2.28.3-1.fc12.x86_64
Installing gok-2.28.1-1.fc12.x86_64
Installing gedit-2.28.3-1.fc12.x86_64
Installing NetworkManager-pptp-0.8.0-1.git20100411.fc12.x86_64
Installing NetworkManager-gnome-0.8.1-9.git20100831.fc12.x86_64
Installing NetworkManager-openvpn-0.8.1-0.1.git20100609.fc12.x86_64
Installing NetworkManager-vpnc-0.8.0-1.git20100411.fc12.x86_64
Installing gnome-user-share-2.28.2-2.fc12.x86_64
Installing evince-2.28.2-2.fc12.x86_64
Installing gnome-terminal-2.28.2-1.fc12.x86_64
Installing gcalctool-5.28.2-1.fc12.x86_64
Installing file-roller-2.28.2-3.fc12.x86_64
Installing cups-pk-helper-0.0.4-12.fc12.x86_64
Installing system-config-date-docs-1.0.8-1.fc12.noarch
Installing system-config-users-docs-1.0.7-1.fc12.noarch
Installing system-config-services-docs-1.1.7-1.fc12.noarch
Installing system-config-nfs-docs-1.0.7-1.fc12.noarch
Installing firefox-3.5.15-1.fc12.x86_64
Installing system-config-lvm-1.1.13-1.fc12.noarch
Installing system-config-network-1.6.1-1.fc12.noarch
Installing policycoreutils-gui-2.0.82-5.fc12.x86_64
Installing system-config-firewall-1.2.21-1.fc12.noarch
Installing transmission-1.93-1.fc12.x86_64
Installing abrt-desktop-1.1.13-1.fc12.x86_64
Installing coolkey-devel-1.1.0-11.fc12.x86_64
Installing system-config-printer-1.1.19-3.fc12.x86_64
Installing kernel-2.6.32.26-175.fc12.x86_64
Installing pulseaudio-0.9.21-6.fc12.x86_64
Installing pulseaudio-module-bluetooth-0.9.21-6.fc12.x86_64
Installing fuse-2.8.5-2.fc12.x86_64
Installing systemtap-runtime-1.3-3.fc12.x86_64
Installing pulseaudio-module-gconf-0.9.21-6.fc12.x86_64
Installing pulseaudio-module-x11-0.9.21-6.fc12.x86_64
Installing pcmciautils-015-5.fc12.x86_64
Installing sysprof-1.1.6-1.fc12.x86_64
Installing hal-0.5.13-9.fc12.x86_64
Installing ibus-1.3.6-2.fc12.x86_64
Installing libproxy-0.2.3-12.fc12.x86_64
Installing libsoup-2.28.2-1.fc12.x86_64
Installing gssdp-0.7.1-1.fc12.x86_64
Installing gvfs-1.4.3-7.fc12.x86_64
Installing gupnp-0.13.2-1.fc12.x86_64
Installing libgweather-2.28.0-2.fc12.x86_64
Installing evolution-data-server-2.28.3-2.fc12.x86_64
Installing control-center-2.28.1-18.fc12.x86_64
Installing gnome-session-2.28.0-2.fc12.x86_64
Installing gstreamer-plugins-good-0.10.23-1.fc12.x86_64
Installing libchamplain-0.4.5-1.fc12.x86_64
Installing geoclue-0.12.0-3.fc12.x86_64
Installing webkitgtk-1.2.5-1.fc12.x86_64
Installing neon-0.29.3-1.fc12.x86_64
Installing perl-libs-5.10.0-96.fc12.x86_64
Installing perl-5.10.0-96.fc12.x86_64
Installing glib2-devel-2.22.5-1.fc12.x86_64
Installing dbus-glib-devel-0.86-3.fc12.x86_64
Installing perl-Params-Validate-0.95-1.fc12.x86_64
Installing devhelp-2.28.1-2.fc12.x86_64
Installing libchamplain-gtk-0.4.5-1.fc12.x86_64
Installing gupnp-igd-0.1.3-3.fc12.x86_64
Installing xorg-x11-drv-vesa-2.3.0-1.fc12.x86_64
Installing setroubleshoot-server-2.2.88-1.fc12.x86_64
Installing libnice-0.0.9-2.fc12.x86_64
Installing farsight2-0.0.16-1.fc12.x86_64
Installing telepathy-farsight-0.0.12-1.fc12.x86_64
Installing empathy-libs-2.28.2-2.fc12.x86_64
Installing libpurple-2.7.5-2.fc12.x86_64
Installing telepathy-haze-0.3.1-4.fc12.x86_64
Installing glade3-libgladeui-3.6.7-2.fc12.x86_64
Installing gobject-introspection-devel-0.6.5-1.fc12.x86_64
Installing cvs-1.11.23-9.fc12.x86_64
Installing gettext-0.17-16.fc12.x86_64
Installing gettext-devel-0.17-16.fc12.x86_64
Installing samba-client-3.4.9-60.fc12.x86_64
Installing perl-suidperl-5.10.0-96.fc12.x86_64
Installing perl-File-RsyncP-0.68-6.fc12.x86_64
Installing emacs-common-23.1-24.fc12.x86_64
Installing samba-3.4.9-60.fc12.x86_64
Installing hunspell-devel-1.2.8-14.fc12.x86_64
Installing perl-List-MoreUtils-0.22-9.fc12.x86_64
Installing subversion-libs-1.6.13-1.fc12.1.x86_64
Installing desktop-effects-0.8.6-1.fc12.x86_64
Installing evolution-2.28.3-1.fc12.x86_64
Installing gvfs-obexftp-1.4.3-7.fc12.x86_64
Installing gnome-bluetooth-2.28.6-2.fc12.x86_64
Installing telepathy-salut-0.3.10-1.fc12.x86_64
Installing telepathy-gabble-0.8.13-1.fc12.x86_64
Installing openconnect-2.26-1.fc12.x86_64
Installing system-setup-keyboard-0.7-3.fc12.x86_64
Installing PackageKit-yum-0.5.7-2.fc12.x86_64
Installing ibus-gtk-1.3.6-2.fc12.x86_64
Installing gnome-screensaver-2.28.3-1.fc12.x86_64
Installing pango-devel-1.26.2-1.fc12.x86_64
Installing perl-devel-5.10.0-96.fc12.x86_64
Installing autoconf-2.63-5.fc12.noarch
Installing automake-1.11.1-1.fc12.noarch
Installing perl-URI-1.54-1.fc12.noarch
Installing perl-Compress-Raw-Zlib-2.027-1.fc12.x86_64
Installing libIDL-devel-0.8.13-2.fc12.x86_64
Installing alsa-lib-devel-1.0.23-1.fc12.x86_64
Installing perl-Error-0.17015-3.fc12.noarch
Installing perl-IO-Compress-Base-2.015-96.fc12.x86_64
Installing setroubleshoot-plugins-2.1.52-1.fc12.noarch
Installing git-1.7.2.3-1.fc12.x86_64
Installing subversion-1.6.13-1.fc12.1.x86_64
Installing perl-IO-Compress-Zlib-2.015-96.fc12.x86_64
Installing perl-Compress-Zlib-2.008-96.fc12.x86_64
Installing perl-Git-1.7.2.3-1.fc12.noarch
Installing perl-Archive-Zip-1.30-1.fc12.noarch
Installing libogg-devel-1.1.4-2.fc12.x86_64
Installing gnome-doc-utils-0.18.0-1.fc12.noarch
Installing perl-ExtUtils-MakeMaker-6.36-96.fc12.x86_64
Installing system-config-samba-1.2.89-1.fc12.noarch
Installing pygobject2-devel-2.20.0-1.fc12.x86_64
Installing java-1.5.0-gcj-1.5.0.0-29.fc12.x86_64
Installing sinjdoc-0.5-9.fc12.x86_64
Installing perl-Time-modules-2006.0814-5.fc12.noarch
Installing perl-ExtUtils-ParseXS-2.18-96.fc12.x86_64
Installing docbook-style-dsssl-1.79-8.fc12.noarch
Installing perl-SGMLSpm-1.03ii-20.fc12.noarch
Installing docbook-utils-0.6.14-21.fc12.noarch
Installing gtk-doc-1.11-5.fc12.noarch
Installing ORBit2-devel-2.14.17-3.fc12.x86_64
Installing GConf2-devel-2.28.0-4.fc12.2.x86_64
Installing libbonobo-devel-2.24.2-2.fc12.x86_64
Installing libsoup-devel-2.28.2-1.fc12.x86_64
Installing atk-devel-1.28.0-1.fc12.x86_64
Installing gtk2-devel-2.18.9-3.fc12.x86_64
Installing libglade2-devel-2.6.4-3.fc12.x86_64
Installing libgnomecanvas-devel-2.26.0-2.fc12.x86_64
Installing libgweather-devel-2.28.0-2.fc12.x86_64
Installing gnome-keyring-devel-2.28.2-2.fc12.x86_64
Installing libnotify-devel-0.4.5-4.fc12.x86_64
Installing gssdp-devel-0.7.1-1.fc12.x86_64
Installing perl-Pod-Simple-3.07-96.fc12.x86_64
Installing perl-Test-Harness-3.16-96.fc12.x86_64
Installing perl-HTML-Tagset-3.20-3.fc12.noarch
Installing perl-HTML-Parser-3.64-1.fc12.x86_64
Installing perl-libwww-perl-5.834-1.fc12.noarch
Installing perl-XML-Parser-2.36-6.fc12.x86_64
Installing glibmm24-devel-2.22.1-1.fc12.x86_64
Installing perl-Class-Singleton-1.4-5.fc12.noarch
Installing perl-DateTime-0.4501-3.fc12.x86_64
Installing perl-DateTime-Format-W3CDTF-0.04-7.fc12.noarch
Installing perl-DateTime-Format-Mail-0.3001-5.fc12.noarch
Installing perl-XML-RSS-1.45-1.fc12.noarch
Installing gnome-session-xsession-2.28.0-2.fc12.x86_64
Installing gnome-panel-2.28.0-16.fc12.x86_64
Installing hal-devel-0.5.13-9.fc12.x86_64
Installing gnome-vfs2-devel-2.24.2-4.fc12.x86_64
Installing libgnome-devel-2.28.0-1.fc12.x86_64
Installing libbonoboui-devel-2.24.2-2.fc12.x86_64
Installing libgnomeui-devel-2.24.1-3.fc12.x86_64
Installing smolt-1.4.2-1.fc12.noarch
Installing report-plugin-localsave-0.14-1.fc12.x86_64
Installing report-config-localsave-0.14-1.fc12.x86_64
Installing libproxy-python-0.2.3-12.fc12.x86_64
Installing hal-info-20090716-3.fc12.noarch
Installing fedora-screensaver-theme-1.0.0-5.fc12.noarch
Installing xulrunner-devel-1.9.1.15-1.fc12.x86_64
Installing gnome-panel-devel-2.28.0-16.fc12.x86_64
Installing gnome-applets-2.28.0-2.fc12.x86_64
Installing NetworkManager-openconnect-0.8.0-1.git20100411.fc12.x86_64
Installing empathy-2.28.2-2.fc12.x86_64
Installing compiz-gnome-0.8.2-24.fc12.x86_64
Installing emacs-23.1-24.fc12.x86_64
Installing glade3-3.6.7-2.fc12.x86_64
Installing nautilus-sendto-2.28.2-2.fc12.x86_64
Installing numactl-2.0.3-7.fc12.x86_64
Installing rpm-build-4.7.2-2.fc12.x86_64
Installing valgrind-3.5.0-14.fc12.x86_64
Installing patchutils-0.3.1-3.fc12.x86_64
Installing systemtap-1.3-3.fc12.x86_64
Installing vim-enhanced-7.3.029-1.fc12.x86_64
Installing mutt-1.5.20-1.20090827hg605559.fc12.x86_64
Installing bonnie++-1.03e-3.fc12.x86_64
Installing cadaver-0.23.2-6.x86_64
Installing cheese-2.28.1-2.fc12.x86_64
Installing ekiga-3.2.7-1.fc12.x86_64
Installing nautilus-2.28.4-2.fc12.x86_64
Installing gvfs-fuse-1.4.3-7.fc12.x86_64
Installing gvfs-smb-1.4.3-7.fc12.x86_64
Installing gvfs-gphoto2-1.4.3-7.fc12.x86_64
Installing gvfs-archive-1.4.3-7.fc12.x86_64
Installing vino-2.28.1-1.fc12.x86_64
Installing seahorse-2.28.1-2.fc12.x86_64
Installing ibus-pinyin-1.3.9-1.fc12.x86_64
Installing ibus-m17n-1.3.0-3.fc12.x86_64
Installing ibus-chewing-1.3.7.20100910-1.fc12.x86_64
Installing ibus-hangul-1.3.0.20100329-3.fc12.x86_64
Installing ibus-rawcode-1.2.99.20100208-2.fc12.x86_64
Installing ibus-anthy-1.2.1-1.fc12.x86_64
Installing gnome-power-manager-2.28.2-2.fc12.x86_64
Installing smolt-firstboot-1.4.2-1.fc12.noarch
Installing gnome-pilot-devel-2.0.17-6.fc12.x86_64
Installing gnome-desktop-devel-2.28.2-6.fc12.x86_64
Installing evolution-data-server-devel-2.28.3-2.fc12.x86_64
Installing BackupPC-3.1.0-13.fc12.noarch
Installing dbus-cxx-glibmm-devel-0.7.0-1.fc12.x86_64
Installing intltool-0.41.0-1.fc12.noarch
Installing gupnp-devel-0.13.2-1.fc12.x86_64
Installing at-spi-devel-1.28.1-1.fc12.x86_64
Installing dbus-cxx-doc-0.7.0-1.fc12.noarch
Installing gtk2-devel-docs-2.18.9-3.fc12.x86_64
Installing libgtop2-devel-2.28.0-1.fc12.x86_64
Installing pygtk2-devel-2.16.0-1.fc12.x86_64
Installing system-config-samba-docs-1.0.7-1.fc12.noarch
Installing libvorbis-devel-1.2.3-4.fc12.x86_64
Installing SDL-devel-1.2.13-12.fc12.x86_64
Installing libcurl-devel-7.19.7-13.fc12.x86_64
Installing libtool-2.2.6-18.fc12.1.x86_64
Installing automake17-1.7.9-13.fc12.1.noarch
Installing evolution-help-2.28.3-1.fc12.noarch
Installing geoclue-devel-0.12.0-3.fc12.x86_64
Installing gypsy-devel-0.8-1.fc12.x86_64
Installing libuser-devel-0.56.13-1.fc12.x86_64
Installing redhat-rpm-config-9.0.3-18.fc12.noarch
Installing automake15-1.5-29.fc12.1.noarch
Installing automake16-1.6.3-18.fc12.1.noarch
Installing automake14-1.4p6-20.fc12.noarch
Installing orca-2.28.3-1.fc12.x86_64
Installing report-0.14-1.fc12.x86_64
Installing xorg-x11-drv-evdev-2.3.3-1.fc12.x86_64
Installing report-gtk-0.14-1.fc12.x86_64
Installing report-plugin-bugzilla-0.14-1.fc12.x86_64
Installing report-config-bugzilla-redhat-com-0.14-1.fc12.x86_64
Installing PackageKit-yum-plugin-0.5.7-2.fc12.x86_64
Installing setroubleshoot-2.2.88-1.fc12.x86_64
Installing xorg-x11-server-Xorg-1.7.6-4.fc12.x86_64
Installing PackageKit-glib-0.5.7-2.fc12.x86_64
Installing PackageKit-0.5.7-2.fc12.x86_64
Installing gdm-2.28.2-3.fc12.x86_64
Installing xorg-x11-drv-void-1.3.0-2.fc12.x86_64
Installing PackageKit-gtk-module-0.5.7-2.fc12.x86_64
Installing PackageKit-device-rebind-0.5.7-2.fc12.x86_64
Installing xorg-x11-drv-r128-6.8.1-2.fc12.x86_64
Installing xorg-x11-drv-synaptics-1.2.2-1.fc12.x86_64
Installing xorg-x11-drv-voodoo-1.2.3-1.fc12.x86_64
Installing xorg-x11-drv-intel-2.9.1-1.fc12.x86_64
Installing xorg-x11-drv-openchrome-0.2.904-1.fc12.x86_64
Installing xorg-x11-drv-mga-1.4.11-1.fc12.x86_64
Installing xorg-x11-drv-acecad-1.4.0-1.fc12.x86_64
Installing xorg-x11-drv-tdfx-1.4.3-1.fc12.x86_64
Installing xorg-x11-drv-cirrus-1.3.2-1.fc12.x86_64
Installing xorg-x11-drv-sis-0.10.2-1.fc12.x86_64
Installing xorg-x11-drv-siliconmotion-1.7.3-1.fc12.x86_64
Installing xorg-x11-drv-sisusb-0.9.3-1.fc12.x86_64
Installing xorg-x11-drv-apm-1.2.2-1.fc12.x86_64
Installing xorg-x11-drv-trident-1.3.3-1.fc12.x86_64
Installing xorg-x11-drv-dummy-0.3.3-1.fc12.x86_64
Installing xorg-x11-drv-nv-2.1.15-2.fc12.x86_64
Installing xorg-x11-drv-v4l-0.2.0-3.fc12.1.x86_64
Installing xorg-x11-drv-s3virge-1.10.4-1.fc12.x86_64
Installing xorg-x11-drv-glint-1.2.4-1.fc12.x86_64
Installing xorg-x11-drv-mutouch-1.2.1-4.fc12.x86_64
Installing xorg-x11-drv-penmount-1.4.0-4.fc12.x86_64
Installing xorg-x11-drv-hyperpen-1.3.0-3.fc12.x86_64
Installing xorg-x11-drv-elographics-1.2.3-4.fc12.x86_64
Installing xorg-x11-drv-wacom-0.10.6-2.fc12.x86_64
Installing xorg-x11-drv-nouveau-0.0.15-21.20091105gite1c2efd.fc12.x86_64
Installing xorg-x11-drv-rendition-4.2.2-4.fc12.x86_64
Installing xorg-x11-drv-vmware-10.16.7-2.fc12.x86_64
Installing xorg-x11-drv-fbdev-0.4.1-1.fc12.x86_64
Installing xorg-x11-drv-ati-6.13.0-0.21.20100219gite68d3a389.fc12.x86_64
Installing xorg-x11-drv-ast-0.89.9-1.fc12.x86_64
Installing xorg-x11-drv-i128-1.3.3-1.fc12.x86_64
Installing xorg-x11-drv-vmmouse-12.6.5-2.fc12.x86_64
Installing xorg-x11-drv-mouse-1.5.0-1.fc12.x86_64
Installing xorg-x11-drv-aiptek-1.3.0-1.fc12.x86_64
Installing xorg-x11-drv-mach64-6.8.2-1.fc12.x86_64
Installing xorg-x11-drv-i740-1.3.2-1.fc12.x86_64
Installing xorg-x11-drv-fpit-1.3.0-4.fc12.x86_64
Installing xorg-x11-drv-keyboard-1.4.0-2.fc12.x86_64
Installing xorg-x11-drv-savage-2.3.1-1.fc12.x86_64
Installing gnome-packagekit-2.28.3-1.fc12.x86_64
Installing gdm-plugin-fingerprint-2.28.2-3.fc12.x86_64
Installing gdm-user-switch-applet-2.28.2-3.fc12.x86_64
Installing xorg-x11-drivers-7.3-13.fc12.x86_64
Installing plymouth-gdm-hooks-0.8.0-0.2009.29.09.19.3.fc12.x86_64
Installing pulseaudio-gdm-hooks-0.9.21-6.fc12.x86_64
*** FINISHED INSTALLING PACKAGES ***