In file included from viasend.c:29:
nfr.h: In function 'nfr_try_to_release_rndv_start':
nfr.h:350: warning: left-hand operand of comma expression has no effect
nfr.h:351: warning: left-hand operand of comma expression has no effect
nfr.h:351: warning: value computed is not used
nfr.h:351: warning: value computed is not used
nfr.h:351: warning: value computed is not used
nfr.h:351: warning: value computed is not used
nfr.h:350: warning: value computed is not used
In file included from viasend.c:29:
nfr.h:353: warning: left-hand operand of comma expression has no effect
nfr.h:353: warning: left-hand operand of comma expression has no effect
nfr.h:353: warning: statement with no effect
nfr.h:357: warning: left-hand operand of comma expression has no effect
nfr.h:357: warning: statement with no effect
nfr.h:360: warning: left-hand operand of comma expression has no effect
nfr.h:360: warning: statement with no effect
In file included from viasend.c:29:
nfr.h: In function 'nfr_add_to_list':
nfr.h:407: warning: left-hand operand of comma expression has no effect
nfr.h:408: warning: left-hand operand of comma expression has no effect
nfr.h:408: warning: value computed is not used
nfr.h:408: warning: value computed is not used
nfr.h:408: warning: value computed is not used
nfr.h:407: warning: value computed is not used
In file included from viasend.c:29:
nfr.h:410: warning: left-hand operand of comma expression has no effect
nfr.h:411: warning: left-hand operand of comma expression has no effect
nfr.h:410: warning: statement with no effect
nfr.h: In function 'nfr_release_acked':
nfr.h:423: warning: left-hand operand of comma expression has no effect
nfr.h:424: warning: left-hand operand of comma expression has no effect
nfr.h:424: warning: left-hand operand of comma expression has no effect
nfr.h:423: warning: statement with no effect
In file included from viasend.c:29:
nfr.h:448: warning: left-hand operand of comma expression has no effect
nfr.h:449: warning: left-hand operand of comma expression has no effect
nfr.h:449: warning: value computed is not used
nfr.h:449: warning: value computed is not used
nfr.h:449: warning: value computed is not used
nfr.h:448: warning: value computed is not used
