TopoMatch.cpp: In function 'int TopoQalifyNodesMatching(IBNode*, IBNode*)':
TopoMatch.cpp:279: warning: suggest explicit braces to avoid ambiguous 'else'
TopoMatch.cpp: In function 'int TopoMatchSpecNodesByAdjacentNode(IBFabric*)':
TopoMatch.cpp:679: warning: no return statement in function returning non-void
TopoMatch.cpp: In function 'int TopoReportMatchedNodesUnMatchingLinks(IBNode*, IBNode*, std::stringstream&)':
TopoMatch.cpp:907: warning: unused variable 'p_actRemSPort'
TopoMatch.cpp: In function 'IBNode* TopoCopyNodeToMergedFabric(IBFabric*, IBNode*)':
TopoMatch.cpp:1382: warning: suggest explicit braces to avoid ambiguous 'else'
TopoMatch.cpp: In function 'int TopoMatchSwitches(IBFabric*, IBFabric*, std::list<IBNode*, std::allocator<IBNode*> >&, std::list<IBNode*, std::allocator<IBNode*> >&, std::stringstream&)':
TopoMatch.cpp:1899: warning: comparison between signed and unsigned integer expressions
TopoMatch.cpp:1986: warning: comparison between signed and unsigned integer expressions
TopoMatch.cpp: In function 'int TopoMatchFabricsFromEdge(IBFabric*, IBFabric*, char**)':
TopoMatch.cpp:2170: warning: unused variable 'nCAMiss'
TopoMatch.cpp:2176: warning: unused variable 'numLeafSwMiss'
TopoMatch.cpp:2208: warning: label 'Exit' defined but not used
TopoMatch.cpp: In function 'int AnalyzeMatchingCAGroups(IBFabric*, IBFabric*, std::list<IBNode*, std::allocator<IBNode*> >&, std::list<IBNode*, std::allocator<IBNode*> >&, std::stringstream&)':
TopoMatch.cpp:1650: warning: 'p_dNode' may be used uninitialized in this function
TopoMatch.cpp: In function 'int TopoMatchFabrics(IBFabric*, IBFabric*, const char*, int, uint64_t, char**)':
TopoMatch.cpp:1246: warning: 'p_sPort' may be used uninitialized in this function
TopoMatch.cpp: At global scope:
TopoMatch.cpp:1730: warning: 'int CheckMatchingCAPortsToMatchingSwPortNums(IBFabric*, IBFabric*, std::list<IBNode*, std::allocator<IBNode*> >&, std::stringstream&)' defined but not used
