netstat.c: In function 'tcp_do_one':
netstat.c:748: warning: dereferencing pointer 'localaddr.105' does break strict-aliasing rules
netstat.c:748: note: initialized from here
netstat.c:749: warning: dereferencing pointer 'remaddr.107' does break strict-aliasing rules
netstat.c:749: note: initialized from here
netstat.c:756: warning: dereferencing pointer 'localaddr.105' does break strict-aliasing rules
netstat.c:756: note: initialized from here
netstat.c:758: warning: dereferencing pointer 'localaddr.105' does break strict-aliasing rules
netstat.c:758: note: initialized from here
netstat.c: In function 'udp_do_one':
netstat.c:975: warning: dereferencing pointer 'localaddr.170' does break strict-aliasing rules
netstat.c:975: note: initialized from here
netstat.c:976: warning: dereferencing pointer 'remaddr.172' does break strict-aliasing rules
netstat.c:976: note: initialized from here
netstat.c:987: warning: dereferencing pointer 'localaddr.170' does break strict-aliasing rules
netstat.c:987: note: initialized from here
netstat.c:989: warning: dereferencing pointer 'localaddr.170' does break strict-aliasing rules
netstat.c:989: note: initialized from here
netstat.c:1018: warning: dereferencing pointer 'remaddr.174' does break strict-aliasing rules
netstat.c:1018: note: initialized from here
netstat.c:1018: warning: dereferencing pointer 'remaddr.174' does break strict-aliasing rules
netstat.c:1018: note: initialized from here
cc1: warning: dereferencing pointer 'pretmp.582' does break strict-aliasing rules
cc1: note: initialized from here
netstat.c: In function 'raw_do_one':
netstat.c:1114: warning: dereferencing pointer 'localaddr.207' does break strict-aliasing rules
netstat.c:1114: note: initialized from here
netstat.c:1115: warning: dereferencing pointer 'remaddr.209' does break strict-aliasing rules
netstat.c:1115: note: initialized from here
netstat.c:1137: warning: dereferencing pointer 'remaddr.211' does break strict-aliasing rules
netstat.c:1137: note: initialized from here
netstat.c:1137: warning: dereferencing pointer 'remaddr.211' does break strict-aliasing rules
netstat.c:1137: note: initialized from here
cc1: warning: dereferencing pointer 'pretmp.656' does break strict-aliasing rules
cc1: note: initialized from here
netstat.c: In function 'igmp_do_one':
netstat.c:597: warning: dereferencing pointer 'mcastaddr.67' does break strict-aliasing rules
netstat.c:597: note: initialized from here
netstat.c:599: warning: dereferencing pointer 'mcastaddr.67' does break strict-aliasing rules
netstat.c:599: note: initialized from here
netstat.c:629: warning: dereferencing pointer 'mcastaddr.67' does break strict-aliasing rules
netstat.c:629: note: initialized from here
netstat.c:635: warning: dereferencing pointer 'mcastaddr.67' does break strict-aliasing rules
netstat.c:635: note: initialized from here
netstat.c:637: warning: dereferencing pointer 'mcastaddr.67' does break strict-aliasing rules
netstat.c:637: note: initialized from here
netstat.c: In function 'main':
netstat.c:871: warning: dereferencing pointer 'localaddr.131' does break strict-aliasing rules
netstat.c:871: note: initialized from here
netstat.c:872: warning: dereferencing pointer 'remaddr.133' does break strict-aliasing rules
netstat.c:872: note: initialized from here
netstat.c:882: warning: dereferencing pointer 'localaddr.131' does break strict-aliasing rules
netstat.c:882: note: initialized from here
netstat.c:884: warning: dereferencing pointer 'localaddr.131' does break strict-aliasing rules
netstat.c:884: note: initialized from here
