runtime/data_type_support/orte_dt_print_fns.c: In function 'orte_dt_quick_print':
runtime/data_type_support/orte_dt_print_fns.c:50: warning: ignoring return value of 'asprintf', declared with attribute warn_unused_result
runtime/data_type_support/orte_dt_print_fns.c:58: warning: ignoring return value of 'asprintf', declared with attribute warn_unused_result
runtime/data_type_support/orte_dt_print_fns.c:64: warning: ignoring return value of 'asprintf', declared with attribute warn_unused_result
runtime/data_type_support/orte_dt_print_fns.c:70: warning: ignoring return value of 'asprintf', declared with attribute warn_unused_result
runtime/data_type_support/orte_dt_print_fns.c:76: warning: ignoring return value of 'asprintf', declared with attribute warn_unused_result
runtime/data_type_support/orte_dt_print_fns.c:82: warning: ignoring return value of 'asprintf', declared with attribute warn_unused_result
runtime/data_type_support/orte_dt_print_fns.c:88: warning: ignoring return value of 'asprintf', declared with attribute warn_unused_result
runtime/data_type_support/orte_dt_print_fns.c:94: warning: ignoring return value of 'asprintf', declared with attribute warn_unused_result
runtime/data_type_support/orte_dt_print_fns.c:100: warning: ignoring return value of 'asprintf', declared with attribute warn_unused_result
runtime/data_type_support/orte_dt_print_fns.c: In function 'orte_dt_std_print':
runtime/data_type_support/orte_dt_print_fns.c:128: warning: ignoring return value of 'asprintf', declared with attribute warn_unused_result
runtime/data_type_support/orte_dt_print_fns.c: In function 'orte_dt_print_name':
runtime/data_type_support/orte_dt_print_fns.c:184: warning: ignoring return value of 'asprintf', declared with attribute warn_unused_result
runtime/data_type_support/orte_dt_print_fns.c:187: warning: ignoring return value of 'asprintf', declared with attribute warn_unused_result
runtime/data_type_support/orte_dt_print_fns.c: In function 'orte_dt_print_job':
runtime/data_type_support/orte_dt_print_fns.c:210: warning: ignoring return value of 'asprintf', declared with attribute warn_unused_result
runtime/data_type_support/orte_dt_print_fns.c:212: warning: ignoring return value of 'asprintf', declared with attribute warn_unused_result
runtime/data_type_support/orte_dt_print_fns.c:215: warning: ignoring return value of 'asprintf', declared with attribute warn_unused_result
runtime/data_type_support/orte_dt_print_fns.c:220: warning: ignoring return value of 'asprintf', declared with attribute warn_unused_result
runtime/data_type_support/orte_dt_print_fns.c:225: warning: ignoring return value of 'asprintf', declared with attribute warn_unused_result
runtime/data_type_support/orte_dt_print_fns.c:236: warning: ignoring return value of 'asprintf', declared with attribute warn_unused_result
runtime/data_type_support/orte_dt_print_fns.c:241: warning: ignoring return value of 'asprintf', declared with attribute warn_unused_result
runtime/data_type_support/orte_dt_print_fns.c:246: warning: ignoring return value of 'asprintf', declared with attribute warn_unused_result
runtime/data_type_support/orte_dt_print_fns.c:256: warning: ignoring return value of 'asprintf', declared with attribute warn_unused_result
runtime/data_type_support/orte_dt_print_fns.c:263: warning: ignoring return value of 'asprintf', declared with attribute warn_unused_result
runtime/data_type_support/orte_dt_print_fns.c: In function 'orte_dt_print_node':
runtime/data_type_support/orte_dt_print_fns.c:290: warning: ignoring return value of 'asprintf', declared with attribute warn_unused_result
runtime/data_type_support/orte_dt_print_fns.c:292: warning: ignoring return value of 'asprintf', declared with attribute warn_unused_result
runtime/data_type_support/orte_dt_print_fns.c:297: warning: ignoring return value of 'asprintf', declared with attribute warn_unused_result
runtime/data_type_support/orte_dt_print_fns.c:303: warning: ignoring return value of 'asprintf', declared with attribute warn_unused_result
runtime/data_type_support/orte_dt_print_fns.c:317: warning: ignoring return value of 'asprintf', declared with attribute warn_unused_result
runtime/data_type_support/orte_dt_print_fns.c:323: warning: ignoring return value of 'asprintf', declared with attribute warn_unused_result
runtime/data_type_support/orte_dt_print_fns.c:332: warning: ignoring return value of 'asprintf', declared with attribute warn_unused_result
runtime/data_type_support/orte_dt_print_fns.c:338: warning: ignoring return value of 'asprintf', declared with attribute warn_unused_result
runtime/data_type_support/orte_dt_print_fns.c:346: warning: ignoring return value of 'asprintf', declared with attribute warn_unused_result
runtime/data_type_support/orte_dt_print_fns.c:353: warning: ignoring return value of 'asprintf', declared with attribute warn_unused_result
runtime/data_type_support/orte_dt_print_fns.c:359: warning: ignoring return value of 'asprintf', declared with attribute warn_unused_result
runtime/data_type_support/orte_dt_print_fns.c:365: warning: ignoring return value of 'asprintf', declared with attribute warn_unused_result
runtime/data_type_support/orte_dt_print_fns.c:368: warning: ignoring return value of 'asprintf', declared with attribute warn_unused_result
runtime/data_type_support/orte_dt_print_fns.c:374: warning: ignoring return value of 'asprintf', declared with attribute warn_unused_result
runtime/data_type_support/orte_dt_print_fns.c:379: warning: ignoring return value of 'asprintf', declared with attribute warn_unused_result
runtime/data_type_support/orte_dt_print_fns.c:384: warning: ignoring return value of 'asprintf', declared with attribute warn_unused_result
runtime/data_type_support/orte_dt_print_fns.c:389: warning: ignoring return value of 'asprintf', declared with attribute warn_unused_result
runtime/data_type_support/orte_dt_print_fns.c:395: warning: ignoring return value of 'asprintf', declared with attribute warn_unused_result
runtime/data_type_support/orte_dt_print_fns.c:404: warning: ignoring return value of 'asprintf', declared with attribute warn_unused_result
runtime/data_type_support/orte_dt_print_fns.c: In function 'orte_dt_print_proc':
runtime/data_type_support/orte_dt_print_fns.c:454: warning: ignoring return value of 'asprintf', declared with attribute warn_unused_result
runtime/data_type_support/orte_dt_print_fns.c:456: warning: ignoring return value of 'asprintf', declared with attribute warn_unused_result
runtime/data_type_support/orte_dt_print_fns.c:464: warning: ignoring return value of 'asprintf', declared with attribute warn_unused_result
runtime/data_type_support/orte_dt_print_fns.c:466: warning: ignoring return value of 'asprintf', declared with attribute warn_unused_result
runtime/data_type_support/orte_dt_print_fns.c:471: warning: ignoring return value of 'asprintf', declared with attribute warn_unused_result
runtime/data_type_support/orte_dt_print_fns.c:474: warning: ignoring return value of 'asprintf', declared with attribute warn_unused_result
runtime/data_type_support/orte_dt_print_fns.c:484: warning: ignoring return value of 'asprintf', declared with attribute warn_unused_result
runtime/data_type_support/orte_dt_print_fns.c:493: warning: ignoring return value of 'asprintf', declared with attribute warn_unused_result
runtime/data_type_support/orte_dt_print_fns.c:495: warning: ignoring return value of 'asprintf', declared with attribute warn_unused_result
runtime/data_type_support/orte_dt_print_fns.c:500: warning: ignoring return value of 'asprintf', declared with attribute warn_unused_result
runtime/data_type_support/orte_dt_print_fns.c: In function 'orte_dt_print_app_context':
runtime/data_type_support/orte_dt_print_fns.c:525: warning: ignoring return value of 'asprintf', declared with attribute warn_unused_result
runtime/data_type_support/orte_dt_print_fns.c:527: warning: ignoring return value of 'asprintf', declared with attribute warn_unused_result
runtime/data_type_support/orte_dt_print_fns.c:530: warning: ignoring return value of 'asprintf', declared with attribute warn_unused_result
runtime/data_type_support/orte_dt_print_fns.c:536: warning: ignoring return value of 'asprintf', declared with attribute warn_unused_result
runtime/data_type_support/orte_dt_print_fns.c:543: warning: ignoring return value of 'asprintf', declared with attribute warn_unused_result
runtime/data_type_support/orte_dt_print_fns.c:548: warning: ignoring return value of 'asprintf', declared with attribute warn_unused_result
runtime/data_type_support/orte_dt_print_fns.c:556: warning: ignoring return value of 'asprintf', declared with attribute warn_unused_result
runtime/data_type_support/orte_dt_print_fns.c: In function 'orte_dt_print_map':
runtime/data_type_support/orte_dt_print_fns.c:584: warning: ignoring return value of 'asprintf', declared with attribute warn_unused_result
runtime/data_type_support/orte_dt_print_fns.c:586: warning: ignoring return value of 'asprintf', declared with attribute warn_unused_result
runtime/data_type_support/orte_dt_print_fns.c:591: warning: ignoring return value of 'asprintf', declared with attribute warn_unused_result
runtime/data_type_support/orte_dt_print_fns.c:599: warning: ignoring return value of 'asprintf', declared with attribute warn_unused_result
runtime/data_type_support/orte_dt_print_fns.c:610: warning: ignoring return value of 'asprintf', declared with attribute warn_unused_result
runtime/data_type_support/orte_dt_print_fns.c:615: warning: ignoring return value of 'asprintf', declared with attribute warn_unused_result
runtime/data_type_support/orte_dt_print_fns.c:619: warning: ignoring return value of 'asprintf', declared with attribute warn_unused_result
runtime/data_type_support/orte_dt_print_fns.c:627: warning: ignoring return value of 'asprintf', declared with attribute warn_unused_result
runtime/data_type_support/orte_dt_print_fns.c:630: warning: ignoring return value of 'asprintf', declared with attribute warn_unused_result
runtime/data_type_support/orte_dt_print_fns.c:636: warning: ignoring return value of 'asprintf', declared with attribute warn_unused_result
runtime/data_type_support/orte_dt_print_fns.c:639: warning: ignoring return value of 'asprintf', declared with attribute warn_unused_result
runtime/data_type_support/orte_dt_print_fns.c:647: warning: ignoring return value of 'asprintf', declared with attribute warn_unused_result
runtime/data_type_support/orte_dt_print_fns.c:659: warning: ignoring return value of 'asprintf', declared with attribute warn_unused_result
runtime/data_type_support/orte_dt_print_fns.c:668: warning: ignoring return value of 'asprintf', declared with attribute warn_unused_result
