FatTree.cpp: In member function 'int FatTreeNode::numChildren()':
FatTree.cpp:121: warning: comparison between signed and unsigned integer expressions
FatTree.cpp: In member function 'int FatTreeNode::numParents()':
FatTree.cpp:131: warning: comparison between signed and unsigned integer expressions
FatTree.cpp: In member function 'int FatTreeNode::numChildGroups()':
FatTree.cpp:141: warning: comparison between signed and unsigned integer expressions
FatTree.cpp: In member function 'int FatTreeNode::numParentGroups()':
FatTree.cpp:150: warning: comparison between signed and unsigned integer expressions
FatTree.cpp: In member function 'bool FatTreeNode::goingDown(int)':
FatTree.cpp:161: warning: comparison between signed and unsigned integer expressions
FatTree.cpp: In member function 'vec_byte FatTree::getFreeTupple(vec_byte, unsigned int)':
FatTree.cpp:318: warning: unused variable 'rank'
FatTree.cpp: In member function 'int FatTree::extractCoefficients()':
FatTree.cpp:429: warning: comparison between signed and unsigned integer expressions
FatTree.cpp:444: warning: comparison between signed and unsigned integer expressions
FatTree.cpp: In constructor 'FatTree::FatTree(IBFabric*)':
FatTree.cpp:655: warning: comparison between signed and unsigned integer expressions
FatTree.cpp: In member function 'int FatTree::assignLftUpWards(FatTreeNode*, uint16_t, int, int)':
FatTree.cpp:704: warning: comparison between signed and unsigned integer expressions
FatTree.cpp:691: warning: unused variable 'p_port'
FatTree.cpp: In member function 'int FatTree::assignLftDownWards(FatTreeNode*, uint16_t, int, int, int)':
FatTree.cpp:831: warning: comparison between signed and unsigned integer expressions
FatTree.cpp:872: warning: comparison between signed and unsigned integer expressions
FatTree.cpp:874: warning: unused variable 'p_remPort'
FatTree.cpp: In member function 'int FatTree::route()':
FatTree.cpp:933: warning: comparison between signed and unsigned integer expressions
FatTree.cpp: In member function 'int FatTree::forceLftUpWards(FatTreeNode*, uint16_t, vec_int)':
FatTree.cpp:1022: warning: comparison between signed and unsigned integer expressions
FatTree.cpp:1027: warning: comparison between signed and unsigned integer expressions
FatTree.cpp: In member function 'int FatTree::permRoute(std::vector<std::basic_string<char, std::char_traits<char>, std::allocator<char> >, std::allocator<std::basic_string<char, std::char_traits<char>, std::allocator<char> > > >, std::vector<std::basic_string<char, std::char_traits<char>, std::allocator<char> >, std::allocator<std::basic_string<char, std::char_traits<char>, std::allocator<char> > > >)':
FatTree.cpp:1058: warning: comparison between signed and unsigned integer expressions
FatTree.cpp:1065: warning: comparison between signed and unsigned integer expressions
FatTree.cpp:1091: warning: comparison between signed and unsigned integer expressions
FatTree.cpp:1132: warning: comparison between signed and unsigned integer expressions
FatTree.cpp:1135: warning: unused variable 'portNum'
FatTree.cpp:1129: warning: unused variable 'p_node'
