LinkCover.cpp: In function 'void dumpPortTargetLidTable(IBNode*, map_pnode_p_sint&)':
LinkCover.cpp:86: warning: comparison between signed and unsigned integer expressions
LinkCover.cpp:89: warning: comparison between signed and unsigned integer expressions
LinkCover.cpp:91: warning: comparison between signed and unsigned integer expressions
LinkCover.cpp: In function 'int cleanupFdbForwardPortLidTables(IBFabric*, map_pnode_p_sint&, map_pnode_p_sint&, map_pnode_p_sint&)':
LinkCover.cpp:248: warning: unused variable 'p_node'
LinkCover.cpp:274: warning: no return statement in function returning non-void
LinkCover.cpp: In function 'int initFdbForwardPortLidTables(IBFabric*, map_pnode_p_sint&, map_pnode_p_sint&, map_pnode_p_sint&)':
LinkCover.cpp:442: warning: unused variable 'p_srcPort'
LinkCover.cpp:442: warning: unused variable 'p_dstPort'
LinkCover.cpp:444: warning: unused variable 'hops'
LinkCover.cpp: In function 'int getFabricSwitchesByRank(IBFabric*, map_pnode_int&, list_pnode&)':
LinkCover.cpp:524: warning: comparison between signed and unsigned integer expressions
LinkCover.cpp: In function 'int cleanUpNodeMarkings(map_pnode_p_sint&)':
LinkCover.cpp:541: warning: comparison between signed and unsigned integer expressions
LinkCover.cpp:546: warning: no return statement in function returning non-void
LinkCover.cpp: In function 'int getLidsThroughPort(IBNode*, int, std::list<short int, std::allocator<short int> >&)':
LinkCover.cpp:557: warning: comparison between signed and unsigned integer expressions
LinkCover.cpp: In function 'int orderDLidsBySumOfFwdAndBwdHops(IBNode*, std::list<short int, std::allocator<short int> >&, short int*)':
LinkCover.cpp:595: warning: comparison between signed and unsigned integer expressions
LinkCover.cpp:609: warning: comparison between signed and unsigned integer expressions
LinkCover.cpp: In function 'int isBwdPathUnused(IBNode*, short int, map_pnode_p_sint&, map_pnode_p_sint&, map_pnode_p_sint&, short int&)':
LinkCover.cpp:694: warning: comparison between signed and unsigned integer expressions
LinkCover.cpp: In function 'int markPathUsedAndCovered(IBFabric*, short int, short int, map_pnode_p_sint&, map_pnode_p_sint&)':
LinkCover.cpp:807: warning: comparison between signed and unsigned integer expressions
LinkCover.cpp:808: warning: comparison between signed and unsigned integer expressions
LinkCover.cpp:750: warning: unused variable 'p_remPort'
LinkCover.cpp: In function 'int LinkCoverageAnalysis(IBFabric*, list_pnode)':
LinkCover.cpp:946: warning: comparison between signed and unsigned integer expressions
LinkCover.cpp:943: warning: unused variable 'portUsed'
LinkCover.cpp:1001: warning: comparison between signed and unsigned integer expressions
