SubnMgt.cpp: In function 'int SubnMgtVerifyAllRoutes(IBFabric*)':
SubnMgt.cpp:1186: warning: unused variable 'maxDepth'
SubnMgt.cpp: In function 'list_pnode SubnMgtFindRootNodesByMinHop(IBFabric*)':
SubnMgt.cpp:1400: warning: comparison between signed and unsigned integer expressions
SubnMgt.cpp: In function 'int SubnMgtUpDnBFSFromPort(unsigned int, IBFabric*, map_pnode_int&)':
SubnMgt.cpp:1669: warning: unused variable 'rpn'
SubnMgt.cpp:1651: warning: unused variable 'p_zero_port'
SubnMgt.cpp: In function 'int SubnMgtCalcUpDnMinHopTbls(IBFabric*, map_pnode_int&)':
SubnMgt.cpp:1742: warning: unused variable 'p_node'
SubnMgt.cpp: In function 'int SubnReportNonUpDownMulticastGroupCa2CaPaths(IBFabric*, map_pnode_int&, uint16_t)':
SubnMgt.cpp:2163: warning: unused variable 'anyError'
SubnMgt.cpp: In function 'int getLowestUtilzedPortFromTo(IBNode*, IBNode*)':
SubnMgt.cpp:2321: warning: comparison between signed and unsigned integer expressions
SubnMgt.cpp: In function 'int getLowestUtilzedPortToLid(IBNode*, unsigned int)':
SubnMgt.cpp:2351: warning: comparison between signed and unsigned integer expressions
SubnMgt.cpp: In function 'int SubnReportCA2CAPathsThroughSWPort(IBPort*)':
SubnMgt.cpp:2684: warning: suggest explicit braces to avoid ambiguous 'else'
SubnMgt.cpp: In function 'int SubnMgtFatTreeFwd(IBNode*, uint16_t)':
SubnMgt.cpp:2335: warning: 'minUtil' may be used uninitialized in this function
SubnMgt.cpp:2335: note: 'minUtil' was declared here
SubnMgt.cpp: In function 'int SubnMgtCalcMinHopTables(IBFabric*)':
SubnMgt.cpp:320: warning: 'worstHopLid' may be used uninitialized in this function
SubnMgt.cpp: In function 'int SubnReportNonUpDownCa2CaPaths(IBFabric*, map_pnode_int&)':
SubnMgt.cpp:1486: warning: 'p_prevNode' may be used uninitialized in this function
