ibdm_wrap.cpp: In function 'int _wrap_new_IBFabric(void*, Tcl_Interp*, int, Tcl_Obj* const*)':
ibdm_wrap.cpp:715: warning: deprecated conversion from string constant to 'char*'
ibdm_wrap.cpp: In function 'int _wrap_ibdmFindSymmetricalTreeRoots(void*, Tcl_Interp*, int, Tcl_Obj* const*)':
ibdm_wrap.cpp:2020: warning: deprecated conversion from string constant to 'char*'
ibdm_wrap.cpp: In function 'int _wrap_ibdmFindRootNodesByMinHop(void*, Tcl_Interp*, int, Tcl_Obj* const*)':
ibdm_wrap.cpp:2130: warning: deprecated conversion from string constant to 'char*'
ibdm_wrap.cpp: In function 'int _wrap_ibdmTraceDRPathRoute(void*, Tcl_Interp*, int, Tcl_Obj* const*)':
ibdm_wrap.cpp:2968: warning: deprecated conversion from string constant to 'char*'
ibdm_wrap.cpp: In function 'int _wrap_ibdmTraceRouteByLFT(void*, Tcl_Interp*, int, Tcl_Obj* const*)':
ibdm_wrap.cpp:3205: warning: deprecated conversion from string constant to 'char*'
ibdm_wrap.cpp: In function 'int _wrap_IBPort_p_remotePort_set(void*, Tcl_Interp*, int, Tcl_Obj* const*)':
ibdm_wrap.cpp:4568: warning: deprecated conversion from string constant to 'char*'
ibdm_wrap.cpp: In function 'int _wrap_IBPort_p_remotePort_get(void*, Tcl_Interp*, int, Tcl_Obj* const*)':
ibdm_wrap.cpp:4665: warning: deprecated conversion from string constant to 'char*'
ibdm_wrap.cpp: In function 'int _wrap_IBPort_p_sysPort_set(void*, Tcl_Interp*, int, Tcl_Obj* const*)':
ibdm_wrap.cpp:4832: warning: deprecated conversion from string constant to 'char*'
ibdm_wrap.cpp: In function 'int _wrap_IBPort_p_sysPort_get(void*, Tcl_Interp*, int, Tcl_Obj* const*)':
ibdm_wrap.cpp:4929: warning: deprecated conversion from string constant to 'char*'
ibdm_wrap.cpp: In function 'int _wrap_IBPort_p_node_set(void*, Tcl_Interp*, int, Tcl_Obj* const*)':
ibdm_wrap.cpp:5096: warning: deprecated conversion from string constant to 'char*'
ibdm_wrap.cpp: In function 'int _wrap_IBPort_p_node_get(void*, Tcl_Interp*, int, Tcl_Obj* const*)':
ibdm_wrap.cpp:5193: warning: deprecated conversion from string constant to 'char*'
ibdm_wrap.cpp: In function 'int _wrap_new_IBPort(void*, Tcl_Interp*, int, Tcl_Obj* const*)':
ibdm_wrap.cpp:6266: warning: deprecated conversion from string constant to 'char*'
ibdm_wrap.cpp: In function 'int TclIBPortMethodCmd(void*, Tcl_Interp*, int, Tcl_Obj* const*)':
ibdm_wrap.cpp:6857: warning: deprecated conversion from string constant to 'char*'
ibdm_wrap.cpp:6934: warning: deprecated conversion from string constant to 'char*'
ibdm_wrap.cpp: In function 'int TclIBPortCmd(void*, Tcl_Interp*, int, Tcl_Obj* const*)':
ibdm_wrap.cpp:7073: warning: deprecated conversion from string constant to 'char*'
ibdm_wrap.cpp:7080: warning: deprecated conversion from string constant to 'char*'
ibdm_wrap.cpp: In function 'int _wrap_IBNode_p_system_get(void*, Tcl_Interp*, int, Tcl_Obj* const*)':
ibdm_wrap.cpp:8607: warning: deprecated conversion from string constant to 'char*'
ibdm_wrap.cpp: In function 'int _wrap_IBNode_p_fabric_get(void*, Tcl_Interp*, int, Tcl_Obj* const*)':
ibdm_wrap.cpp:8704: warning: deprecated conversion from string constant to 'char*'
ibdm_wrap.cpp: In function 'int _wrap_IBNode_Ports_get(void*, Tcl_Interp*, int, Tcl_Obj* const*)':
ibdm_wrap.cpp:8900: warning: deprecated conversion from string constant to 'char*'
ibdm_wrap.cpp: In function 'int _wrap_new_IBNode(void*, Tcl_Interp*, int, Tcl_Obj* const*)':
ibdm_wrap.cpp:9491: warning: deprecated conversion from string constant to 'char*'
ibdm_wrap.cpp: In function 'int _wrap_IBNode_makePort(void*, Tcl_Interp*, int, Tcl_Obj* const*)':
ibdm_wrap.cpp:9684: warning: deprecated conversion from string constant to 'char*'
ibdm_wrap.cpp: In function 'int _wrap_IBNode_getPort(void*, Tcl_Interp*, int, Tcl_Obj* const*)':
ibdm_wrap.cpp:9785: warning: deprecated conversion from string constant to 'char*'
ibdm_wrap.cpp: In function 'int _wrap_IBNode_getFirstMinHopPort(void*, Tcl_Interp*, int, Tcl_Obj* const*)':
ibdm_wrap.cpp:10223: warning: deprecated conversion from string constant to 'char*'
ibdm_wrap.cpp: In function 'int TclIBNodeMethodCmd(void*, Tcl_Interp*, int, Tcl_Obj* const*)':
ibdm_wrap.cpp:10540: warning: deprecated conversion from string constant to 'char*'
ibdm_wrap.cpp:10635: warning: deprecated conversion from string constant to 'char*'
ibdm_wrap.cpp: In function 'int TclIBNodeCmd(void*, Tcl_Interp*, int, Tcl_Obj* const*)':
ibdm_wrap.cpp:10809: warning: deprecated conversion from string constant to 'char*'
ibdm_wrap.cpp:10816: warning: deprecated conversion from string constant to 'char*'
ibdm_wrap.cpp: In function 'int _wrap_IBSysPort_p_remoteSysPort_set(void*, Tcl_Interp*, int, Tcl_Obj* const*)':
ibdm_wrap.cpp:11210: warning: deprecated conversion from string constant to 'char*'
ibdm_wrap.cpp: In function 'int _wrap_IBSysPort_p_remoteSysPort_get(void*, Tcl_Interp*, int, Tcl_Obj* const*)':
ibdm_wrap.cpp:11307: warning: deprecated conversion from string constant to 'char*'
ibdm_wrap.cpp: In function 'int _wrap_IBSysPort_p_system_set(void*, Tcl_Interp*, int, Tcl_Obj* const*)':
ibdm_wrap.cpp:11474: warning: deprecated conversion from string constant to 'char*'
ibdm_wrap.cpp: In function 'int _wrap_IBSysPort_p_system_get(void*, Tcl_Interp*, int, Tcl_Obj* const*)':
ibdm_wrap.cpp:11571: warning: deprecated conversion from string constant to 'char*'
ibdm_wrap.cpp: In function 'int _wrap_IBSysPort_p_nodePort_set(void*, Tcl_Interp*, int, Tcl_Obj* const*)':
ibdm_wrap.cpp:11738: warning: deprecated conversion from string constant to 'char*'
ibdm_wrap.cpp: In function 'int _wrap_IBSysPort_p_nodePort_get(void*, Tcl_Interp*, int, Tcl_Obj* const*)':
ibdm_wrap.cpp:11835: warning: deprecated conversion from string constant to 'char*'
ibdm_wrap.cpp: In function 'int _wrap_new_IBSysPort(void*, Tcl_Interp*, int, Tcl_Obj* const*)':
ibdm_wrap.cpp:11939: warning: deprecated conversion from string constant to 'char*'
ibdm_wrap.cpp: In function 'int TclIBSysPortMethodCmd(void*, Tcl_Interp*, int, Tcl_Obj* const*)':
ibdm_wrap.cpp:12331: warning: deprecated conversion from string constant to 'char*'
ibdm_wrap.cpp:12386: warning: deprecated conversion from string constant to 'char*'
ibdm_wrap.cpp: In function 'int TclIBSysPortCmd(void*, Tcl_Interp*, int, Tcl_Obj* const*)':
ibdm_wrap.cpp:12497: warning: deprecated conversion from string constant to 'char*'
ibdm_wrap.cpp:12504: warning: deprecated conversion from string constant to 'char*'
ibdm_wrap.cpp: In function 'int _wrap_IBSystem_p_fabric_set(void*, Tcl_Interp*, int, Tcl_Obj* const*)':
ibdm_wrap.cpp:13101: warning: deprecated conversion from string constant to 'char*'
ibdm_wrap.cpp: In function 'int _wrap_IBSystem_p_fabric_get(void*, Tcl_Interp*, int, Tcl_Obj* const*)':
ibdm_wrap.cpp:13198: warning: deprecated conversion from string constant to 'char*'
ibdm_wrap.cpp: In function 'int _wrap_IBSystem_NodeByName_get(void*, Tcl_Interp*, int, Tcl_Obj* const*)':
ibdm_wrap.cpp:13300: warning: deprecated conversion from string constant to 'char*'
ibdm_wrap.cpp: In function 'int _wrap_IBSystem_PortByName_get(void*, Tcl_Interp*, int, Tcl_Obj* const*)':
ibdm_wrap.cpp:13411: warning: deprecated conversion from string constant to 'char*'
ibdm_wrap.cpp: In function 'int _wrap_new_IBSystem(void*, Tcl_Interp*, int, Tcl_Obj* const*)':
ibdm_wrap.cpp:13531: warning: deprecated conversion from string constant to 'char*'
ibdm_wrap.cpp: In function 'int _wrap_IBSystem_makeSysPort(void*, Tcl_Interp*, int, Tcl_Obj* const*)':
ibdm_wrap.cpp:13925: warning: deprecated conversion from string constant to 'char*'
ibdm_wrap.cpp: In function 'int _wrap_IBSystem_getSysPortNodePortByName(void*, Tcl_Interp*, int, Tcl_Obj* const*)':
ibdm_wrap.cpp:14029: warning: deprecated conversion from string constant to 'char*'
ibdm_wrap.cpp: In function 'int _wrap_IBSystem_getSysPort(void*, Tcl_Interp*, int, Tcl_Obj* const*)':
ibdm_wrap.cpp:14133: warning: deprecated conversion from string constant to 'char*'
ibdm_wrap.cpp: In function 'int TclIBSystemMethodCmd(void*, Tcl_Interp*, int, Tcl_Obj* const*)':
ibdm_wrap.cpp:14161: warning: deprecated conversion from string constant to 'char*'
ibdm_wrap.cpp:14222: warning: deprecated conversion from string constant to 'char*'
ibdm_wrap.cpp: In function 'int TclIBSystemCmd(void*, Tcl_Interp*, int, Tcl_Obj* const*)':
ibdm_wrap.cpp:14340: warning: deprecated conversion from string constant to 'char*'
ibdm_wrap.cpp:14347: warning: deprecated conversion from string constant to 'char*'
ibdm_wrap.cpp: In function 'int _wrap_IBFabric_NodeByName_get(void*, Tcl_Interp*, int, Tcl_Obj* const*)':
ibdm_wrap.cpp:14473: warning: deprecated conversion from string constant to 'char*'
ibdm_wrap.cpp: In function 'int _wrap_IBFabric_SystemByName_get(void*, Tcl_Interp*, int, Tcl_Obj* const*)':
ibdm_wrap.cpp:14584: warning: deprecated conversion from string constant to 'char*'
ibdm_wrap.cpp: In function 'int _wrap_IBFabric_PortByLid_get(void*, Tcl_Interp*, int, Tcl_Obj* const*)':
ibdm_wrap.cpp:14695: warning: deprecated conversion from string constant to 'char*'
ibdm_wrap.cpp: In function 'int _wrap_IBFabric_NodeByGuid_get(void*, Tcl_Interp*, int, Tcl_Obj* const*)':
ibdm_wrap.cpp:14805: warning: deprecated conversion from string constant to 'char*'
ibdm_wrap.cpp: In function 'int _wrap_IBFabric_SystemByGuid_get(void*, Tcl_Interp*, int, Tcl_Obj* const*)':
ibdm_wrap.cpp:14917: warning: deprecated conversion from string constant to 'char*'
ibdm_wrap.cpp: In function 'int _wrap_IBFabric_PortByGuid_get(void*, Tcl_Interp*, int, Tcl_Obj* const*)':
ibdm_wrap.cpp:15029: warning: deprecated conversion from string constant to 'char*'
ibdm_wrap.cpp: In function 'int _wrap_IBFabric_makeNode(void*, Tcl_Interp*, int, Tcl_Obj* const*)':
ibdm_wrap.cpp:15796: warning: deprecated conversion from string constant to 'char*'
ibdm_wrap.cpp: In function 'int _wrap_IBFabric_getNode(void*, Tcl_Interp*, int, Tcl_Obj* const*)':
ibdm_wrap.cpp:15900: warning: deprecated conversion from string constant to 'char*'
ibdm_wrap.cpp: In function 'int _wrap_IBFabric_getNodesByType(void*, Tcl_Interp*, int, Tcl_Obj* const*)':
ibdm_wrap.cpp:16006: warning: deprecated conversion from string constant to 'char*'
ibdm_wrap.cpp: In function 'int _wrap_IBFabric_makeGenericSystem(void*, Tcl_Interp*, int, Tcl_Obj* const*)':
ibdm_wrap.cpp:16119: warning: deprecated conversion from string constant to 'char*'
ibdm_wrap.cpp: In function 'int _wrap_IBFabric_makeSystem(void*, Tcl_Interp*, int, Tcl_Obj* const*)':
ibdm_wrap.cpp:16230: warning: deprecated conversion from string constant to 'char*'
ibdm_wrap.cpp: In function 'int _wrap_IBFabric_getSystem(void*, Tcl_Interp*, int, Tcl_Obj* const*)':
ibdm_wrap.cpp:16334: warning: deprecated conversion from string constant to 'char*'
ibdm_wrap.cpp: In function 'int _wrap_IBFabric_getSystemByGuid(void*, Tcl_Interp*, int, Tcl_Obj* const*)':
ibdm_wrap.cpp:16437: warning: deprecated conversion from string constant to 'char*'
ibdm_wrap.cpp: In function 'int _wrap_IBFabric_getNodeByGuid(void*, Tcl_Interp*, int, Tcl_Obj* const*)':
ibdm_wrap.cpp:16540: warning: deprecated conversion from string constant to 'char*'
ibdm_wrap.cpp: In function 'int _wrap_IBFabric_getPortByGuid(void*, Tcl_Interp*, int, Tcl_Obj* const*)':
ibdm_wrap.cpp:16643: warning: deprecated conversion from string constant to 'char*'
ibdm_wrap.cpp: In function 'int _wrap_IBFabric_getPortByLid(void*, Tcl_Interp*, int, Tcl_Obj* const*)':
ibdm_wrap.cpp:17984: warning: deprecated conversion from string constant to 'char*'
ibdm_wrap.cpp: In function 'int TclIBFabricMethodCmd(void*, Tcl_Interp*, int, Tcl_Obj* const*)':
ibdm_wrap.cpp:18299: warning: deprecated conversion from string constant to 'char*'
ibdm_wrap.cpp:18404: warning: deprecated conversion from string constant to 'char*'
ibdm_wrap.cpp: In function 'int TclIBFabricCmd(void*, Tcl_Interp*, int, Tcl_Obj* const*)':
ibdm_wrap.cpp:18550: warning: deprecated conversion from string constant to 'char*'
ibdm_wrap.cpp:18557: warning: deprecated conversion from string constant to 'char*'
ibdm_wrap.cpp: In function 'int Ibdm_Init(Tcl_Interp*)':
ibdm_wrap.cpp:18781: warning: deprecated conversion from string constant to 'char*'
ibdm_wrap.cpp:18781: warning: deprecated conversion from string constant to 'char*'
ibdm_wrap.cpp:18782: warning: deprecated conversion from string constant to 'char*'
ibdm_wrap.cpp:18782: warning: deprecated conversion from string constant to 'char*'
ibdm_wrap.cpp:18783: warning: deprecated conversion from string constant to 'char*'
ibdm_wrap.cpp:18783: warning: deprecated conversion from string constant to 'char*'
ibdm_wrap.cpp:18784: warning: deprecated conversion from string constant to 'char*'
ibdm_wrap.cpp:18784: warning: deprecated conversion from string constant to 'char*'
ibdm_wrap.cpp:18785: warning: deprecated conversion from string constant to 'char*'
ibdm_wrap.cpp:18785: warning: deprecated conversion from string constant to 'char*'
ibdm_wrap.cpp:18786: warning: deprecated conversion from string constant to 'char*'
ibdm_wrap.cpp:18786: warning: deprecated conversion from string constant to 'char*'
ibdm_wrap.cpp:18787: warning: deprecated conversion from string constant to 'char*'
ibdm_wrap.cpp:18787: warning: deprecated conversion from string constant to 'char*'
ibdm_wrap.cpp:18788: warning: deprecated conversion from string constant to 'char*'
ibdm_wrap.cpp:18788: warning: deprecated conversion from string constant to 'char*'
ibdm_wrap.cpp:18789: warning: deprecated conversion from string constant to 'char*'
ibdm_wrap.cpp:18789: warning: deprecated conversion from string constant to 'char*'
ibdm_wrap.cpp:18790: warning: deprecated conversion from string constant to 'char*'
ibdm_wrap.cpp:18790: warning: deprecated conversion from string constant to 'char*'
ibdm_wrap.cpp:18791: warning: deprecated conversion from string constant to 'char*'
ibdm_wrap.cpp:18791: warning: deprecated conversion from string constant to 'char*'
ibdm_wrap.cpp:18792: warning: deprecated conversion from string constant to 'char*'
ibdm_wrap.cpp:18792: warning: deprecated conversion from string constant to 'char*'
ibdm_wrap.cpp:18793: warning: deprecated conversion from string constant to 'char*'
ibdm_wrap.cpp:18793: warning: deprecated conversion from string constant to 'char*'
ibdm_wrap.cpp:18794: warning: deprecated conversion from string constant to 'char*'
ibdm_wrap.cpp:18794: warning: deprecated conversion from string constant to 'char*'
ibdm_wrap.cpp:18795: warning: deprecated conversion from string constant to 'char*'
ibdm_wrap.cpp:18795: warning: deprecated conversion from string constant to 'char*'
ibdm_wrap.cpp:18796: warning: deprecated conversion from string constant to 'char*'
ibdm_wrap.cpp:18796: warning: deprecated conversion from string constant to 'char*'
ibdm_wrap.cpp:18797: warning: deprecated conversion from string constant to 'char*'
ibdm_wrap.cpp:18797: warning: deprecated conversion from string constant to 'char*'
ibdm_wrap.cpp:18798: warning: deprecated conversion from string constant to 'char*'
ibdm_wrap.cpp:18798: warning: deprecated conversion from string constant to 'char*'
ibdm_wrap.cpp:18799: warning: deprecated conversion from string constant to 'char*'
ibdm_wrap.cpp:18799: warning: deprecated conversion from string constant to 'char*'
ibdm_wrap.cpp:18800: warning: deprecated conversion from string constant to 'char*'
ibdm_wrap.cpp:18800: warning: deprecated conversion from string constant to 'char*'
ibdm_wrap.cpp:18801: warning: deprecated conversion from string constant to 'char*'
ibdm_wrap.cpp:18801: warning: deprecated conversion from string constant to 'char*'
ibdm_wrap.cpp:18802: warning: deprecated conversion from string constant to 'char*'
ibdm_wrap.cpp:18802: warning: deprecated conversion from string constant to 'char*'
